[2022-05-20 17:28:30,348] [plex_meta_manager.py:437]  [INFO]     |====================================================================================================|
[2022-05-20 17:28:30,348] [plex_meta_manager.py:437]  [INFO]     |                                    Netflix Collection in Movies                                    |
[2022-05-20 17:28:30,348] [plex_meta_manager.py:437]  [INFO]     |====================================================================================================|
[2022-05-20 17:28:30,348] [plex_meta_manager.py:438]  [INFO]     |                                                                                                    |
[2022-05-20 17:28:30,349] [plex_meta_manager.py:443]  [INFO]     |================================== Validating Netflix Attributes ===================================|
[2022-05-20 17:28:30,349] [builder.py:365]            [DEBUG]    |                                                                                                    |
[2022-05-20 17:28:30,349] [builder.py:366]            [DEBUG]    | Validating Method: schedule                                                                        |
[2022-05-20 17:28:30,349] [builder.py:370]            [DEBUG]    | Value: daily                                                                                       |
[2022-05-20 17:28:30,349] [builder.py:423]            [DEBUG]    |                                                                                                    |
[2022-05-20 17:28:30,349] [builder.py:424]            [DEBUG]    | Validating Method: sync_mode                                                                       |
[2022-05-20 17:28:30,350] [builder.py:428]            [DEBUG]    | Value: sync                                                                                        |
[2022-05-20 17:28:30,350] [builder.py:570]            [DEBUG]    |                                                                                                    |
[2022-05-20 17:28:30,350] [builder.py:571]            [DEBUG]    | Validating Method: collection_order                                                                |
[2022-05-20 17:28:30,350] [builder.py:572]            [DEBUG]    | Value: release                                                                                     |
[2022-05-20 17:28:30,350] [builder.py:588]            [DEBUG]    |                                                                                                    |
[2022-05-20 17:28:30,350] [builder.py:592]            [DEBUG]    | Validating Method: imdb_list                                                                       |
[2022-05-20 17:28:30,350] [builder.py:593]            [DEBUG]    | Value: https://www.imdb.com/list/ls084069524                                                       |
[2022-05-20 17:28:32,218] [builder.py:588]            [DEBUG]    |                                                                                                    |
[2022-05-20 17:28:32,221] [builder.py:592]            [DEBUG]    | Validating Method: collection_mode                                                                 |
[2022-05-20 17:28:32,221] [builder.py:593]            [DEBUG]    | Value: default                                                                                     |
[2022-05-20 17:28:32,221] [builder.py:588]            [DEBUG]    |                                                                                                    |
[2022-05-20 17:28:32,222] [builder.py:592]            [DEBUG]    | Validating Method: sort_title                                                                      |
[2022-05-20 17:28:32,222] [builder.py:593]            [DEBUG]    | Value: *601                                                                                        |
[2022-05-20 17:28:32,262] [plex.py:721]               [DEBUG]    |                                                                                                    |
[2022-05-20 17:28:32,262] [plex.py:724]               [DEBUG]    | Looking for: Netflix                                                                               |
[2022-05-20 17:28:32,263] [builder.py:749]            [INFO]     |                                                                                                    |
[2022-05-20 17:28:32,263] [builder.py:750]            [INFO]     | Validation Successful                                                                              |
[2022-05-20 17:28:32,272] [plex_meta_manager.py:447]  [INFO]     |                                                                                                    |
[2022-05-20 17:28:32,272] [plex_meta_manager.py:449]  [INFO]     |==================================== Running Netflix Collection ====================================|
[2022-05-20 17:28:32,273] [plex_meta_manager.py:461]  [INFO]     |                                                                                                    |
[2022-05-20 17:28:32,273] [plex_meta_manager.py:462]  [INFO]     | Sync Mode: sync                                                                                    |
[2022-05-20 17:28:32,273] [plex_meta_manager.py:472]  [DEBUG]    |                                                                                                    |
[2022-05-20 17:28:32,274] [plex_meta_manager.py:473]  [DEBUG]    | Builder: imdb_list: {'url': 'https://www.imdb.com/list/ls084069524', 'limit': 0}                   |
[2022-05-20 17:28:32,274] [plex_meta_manager.py:474]  [INFO]     |                                                                                                    |
[2022-05-20 17:28:32,274] [imdb.py:176]               [INFO]     | Processing IMDb List: https://www.imdb.com/list/ls084069524                                        |
[2022-05-20 17:28:37,711] [imdb.py:127]               [DEBUG]    | 36 IMDb IDs Found: ['tt4382552', 'tt5151716', 'tt2106651', 'tt6412452', 'tt2737304', 'tt9495224', 'tt8169446', 'tt1618434', 'tt9419834', 'tt9398640', 'tt4687108', 'tt9243946', 'tt4332232', 'tt8526872', 'tt1302006', 'tt7653254', 'tt8106534', 'tt8629748', 'tt8936646', 'tt7556122', 'tt7550000', 'tt10682266', 'tt11161474', 'tt10451914', 'tt9203694', 'tt7979580', 'tt7991608', 'tt2990140', 'tt11057644', 'tt11286314', 'tt9100054', 'tt14079374', 'tt8228288', 'tt14592064', 'tt11755740', 'tt14992922'] |
[2022-05-20 17:28:37,711] [builder.py:1424]           [DEBUG]    |                                                                                                    |
[2022-05-20 17:28:37,711] [builder.py:1425]           [DEBUG]    | 36 IDs Found: [('tt4382552', 'imdb'), ('tt5151716', 'imdb'), ('tt2106651', 'imdb'), ('tt6412452', 'imdb'), ('tt2737304', 'imdb'), ('tt9495224', 'imdb'), ('tt8169446', 'imdb'), ('tt1618434', 'imdb'), ('tt9419834', 'imdb'), ('tt9398640', 'imdb'), ('tt4687108', 'imdb'), ('tt9243946', 'imdb'), ('tt4332232', 'imdb'), ('tt8526872', 'imdb'), ('tt1302006', 'imdb'), ('tt7653254', 'imdb'), ('tt8106534', 'imdb'), ('tt8629748', 'imdb'), ('tt8936646', 'imdb'), ('tt7556122', 'imdb'), ('tt7550000', 'imdb'), ('tt10682266', 'imdb'), ('tt11161474', 'imdb'), ('tt10451914', 'imdb'), ('tt9203694', 'imdb'), ('tt7979580', 'imdb'), ('tt7991608', 'imdb'), ('tt2990140', 'imdb'), ('tt11057644', 'imdb'), ('tt11286314', 'imdb'), ('tt9100054', 'imdb'), ('tt14079374', 'imdb'), ('tt8228288', 'imdb'), ('tt14592064', 'imdb'), ('tt11755740', 'imdb'), ('tt14992922', 'imdb')] |
[2022-05-20 17:28:37,712] [builder.py:1426]           [DEBUG]    |                                                                                                    |
[2022-05-20 17:28:40,938] [builder.py:1892]           [INFO]     |                                                                                                    |
[2022-05-20 17:28:40,941] [builder.py:1893]           [INFO]     |=================================== Adding to Netflix Collection ===================================|
[2022-05-20 17:28:40,941] [builder.py:1894]           [INFO]     |                                                                                                    |
[2022-05-20 17:28:40,942] [builder.py:1908]           [INFO]     |  1/34 | Netflix Collection | + | Hot Girls Wanted (2015)                                           |
[2022-05-20 17:28:43,358] [builder.py:1908]           [INFO]     |  2/34 | Netflix Collection | + | Tony Robbins: I Am Not Your Guru (2016)                           |
[2022-05-20 17:28:45,870] [builder.py:1908]           [INFO]     |  3/34 | Netflix Collection | + | Spectral (2016)                                                   |
[2022-05-20 17:28:48,834] [builder.py:1908]           [INFO]     |  4/34 | Netflix Collection | + | The Ballad of Buster Scruggs (2018)                               |
[2022-05-20 17:28:51,669] [builder.py:1908]           [INFO]     |  5/34 | Netflix Collection | + | Bird Box (2018)                                                   |
[2022-05-20 17:28:54,291] [builder.py:1908]           [INFO]     |  6/34 | Netflix Collection | + | Black Mirror: Bandersnatch (2018)                                 |
[2022-05-20 17:28:57,498] [builder.py:1908]           [INFO]     |  7/34 | Netflix Collection | + | Wine Country (2019)                                               |
[2022-05-20 17:29:00,481] [builder.py:1908]           [INFO]     |  8/34 | Netflix Collection | + | Murder Mystery (2019)                                             |
[2022-05-20 17:29:03,213] [builder.py:1908]           [INFO]     |  9/34 | Netflix Collection | + | Secret Obsession (2019)                                           |
[2022-05-20 17:29:06,005] [builder.py:1908]           [INFO]     | 10/34 | Netflix Collection | + | Between Two Ferns: The Movie (2019)                               |
[2022-05-20 17:29:08,439] [builder.py:1908]           [INFO]     | 11/34 | Netflix Collection | + | In the Tall Grass (2019)                                          |
[2022-05-20 17:29:11,315] [builder.py:1908]           [INFO]     | 12/34 | Netflix Collection | + | El Camino: A Breaking Bad Movie (2019)                            |
[2022-05-20 17:29:13,866] [builder.py:1908]           [INFO]     | 13/34 | Netflix Collection | + | Fractured (2019)                                                  |
[2022-05-20 17:29:16,679] [builder.py:1908]           [INFO]     | 14/34 | Netflix Collection | + | Dolemite Is My Name (2019)                                        |
[2022-05-20 17:29:19,664] [builder.py:1908]           [INFO]     | 15/34 | Netflix Collection | + | The Irishman (2019)                                               |
[2022-05-20 17:29:22,311] [builder.py:1908]           [INFO]     | 16/34 | Netflix Collection | + | Marriage Story (2019)                                             |
[2022-05-20 17:29:25,308] [builder.py:1908]           [INFO]     | 17/34 | Netflix Collection | + | 6 Underground (2019)                                              |
[2022-05-20 17:29:28,029] [builder.py:1908]           [INFO]     | 18/34 | Netflix Collection | + | Spenser Confidential (2020)                                       |
[2022-05-20 17:29:30,824] [builder.py:1908]           [INFO]     | 19/34 | Netflix Collection | + | Extraction (2020)                                                 |
[2022-05-20 17:29:33,448] [builder.py:1908]           [INFO]     | 20/34 | Netflix Collection | + | The Old Guard (2020)                                              |
[2022-05-20 17:29:35,743] [builder.py:1908]           [INFO]     | 21/34 | Netflix Collection | + | Project Power (2020)                                              |
[2022-05-20 17:29:38,038] [builder.py:1908]           [INFO]     | 22/34 | Netflix Collection | + | Hubie Halloween (2020)                                            |
[2022-05-20 17:29:40,567] [builder.py:1908]           [INFO]     | 23/34 | Netflix Collection | + | Pieces of a Woman (2020)                                          |
[2022-05-20 17:29:42,959] [builder.py:1908]           [INFO]     | 24/34 | Netflix Collection | + | Outside the Wire (2021)                                           |
[2022-05-20 17:29:45,232] [builder.py:1908]           [INFO]     | 25/34 | Netflix Collection | + | Stowaway (2021)                                                   |
[2022-05-20 17:29:47,898] [builder.py:1908]           [INFO]     | 26/34 | Netflix Collection | + | The Mitchells vs the Machines (2021)                              |
[2022-05-20 17:29:50,534] [builder.py:1908]           [INFO]     | 27/34 | Netflix Collection | + | Red Notice (2021)                                                 |
[2022-05-20 17:29:53,465] [builder.py:1908]           [INFO]     | 28/34 | Netflix Collection | + | Don't Look Up (2021)                                              |
[2022-05-20 17:29:56,617] [builder.py:1908]           [INFO]     | 29/34 | Netflix Collection | + | The Lost Daughter (2021)                                          |
[2022-05-20 17:29:59,578] [builder.py:1908]           [INFO]     | 30/34 | Netflix Collection | + | 14 Peaks: Nothing Is Impossible (2021)                            |
[2022-05-20 17:30:01,886] [builder.py:1908]           [INFO]     | 31/34 | Netflix Collection | + | The Platform (2019)                                               |
[2022-05-20 17:30:04,425] [builder.py:1908]           [INFO]     | 32/34 | Netflix Collection | + | Home Team (2022)                                                  |
[2022-05-20 17:30:07,000] [builder.py:1908]           [INFO]     | 33/34 | Netflix Collection | + | Texas Chainsaw Massacre (2022)                                    |
[2022-05-20 17:30:09,943] [builder.py:1908]           [INFO]     | 34/34 | Netflix Collection | + | The Tinder Swindler (2022)                                        |
[2022-05-20 17:30:13,381] [builder.py:1933]           [INFO]     |                                                                                                    |
[2022-05-20 17:30:13,382] [builder.py:1934]           [INFO]     | 34 Movies Processed                                                                                |
[2022-05-20 17:30:13,382] [builder.py:2171]           [INFO]     |                                                                                                    |
[2022-05-20 17:30:13,382] [builder.py:2172]           [INFO]     |=============================== Missing Movies from Library: Movies ================================|
[2022-05-20 17:30:13,382] [builder.py:2173]           [INFO]     |                                                                                                    |
[2022-05-20 17:30:13,503] [builder.py:2185]           [INFO]     | Netflix Collection | ? | The Christmas Chronicles (2018) (TMDb: 527435)                            |
[2022-05-20 17:30:13,619] [builder.py:2185]           [INFO]     | Netflix Collection | ? | The Christmas Chronicles: Part Two (2020) (TMDb: 654028)                  |
[2022-05-20 17:30:13,620] [builder.py:2189]           [INFO]     |                                                                                                    |
[2022-05-20 17:30:13,620] [builder.py:2190]           [INFO]     | 2 Movies Missing                                                                                   |
[2022-05-20 17:30:13,703] [builder.py:2410]           [INFO]     |                                                                                                    |
[2022-05-20 17:30:13,703] [builder.py:2411]           [INFO]     |============================== Updating Details of Netflix Collection ==============================|
[2022-05-20 17:30:13,704] [builder.py:2412]           [INFO]     |                                                                                                    |
[2022-05-20 17:30:13,704] [builder.py:2473]           [INFO]     | Collection Metadata Edits                                                                          |
                                                                 | Sort Title | *601
                                                                 | 
[2022-05-20 17:30:14,079] [builder.py:2477]           [INFO]     | Details: have been updated
[2022-05-20 17:30:14,080] [builder.py:2480]           [INFO]     | 
[2022-05-20 17:30:14,080] [builder.py:2568]           [INFO]     | No poster collection detail or asset folder found
[2022-05-20 17:30:14,080] [builder.py:2601]           [INFO]     | No background collection detail or asset folder found
[2022-05-20 17:30:16,155] [plex_meta_manager.py:576]  [INFO]     | 
[2022-05-20 17:30:16,155] [plex_meta_manager.py:577]  [INFO]     |====================================================================================================|
[2022-05-20 17:30:16,156] [plex_meta_manager.py:577]  [INFO]     |                                    Finished Netflix Collection                                     |
[2022-05-20 17:30:16,156] [plex_meta_manager.py:577]  [INFO]     |                                    Collection Run Time: 0:01:45                                    |
[2022-05-20 17:30:16,156] [plex_meta_manager.py:577]  [INFO]     |====================================================================================================|
