[2022-05-26 02:14:06,136] [plex_meta_manager.py:437]  [INFO]     |====================================================================================================|
[2022-05-26 02:14:06,137] [plex_meta_manager.py:437]  [INFO]     |                                The Dark Knight Collection in Movies                                |
[2022-05-26 02:14:06,137] [plex_meta_manager.py:437]  [INFO]     |====================================================================================================|
[2022-05-26 02:14:06,137] [plex_meta_manager.py:438]  [INFO]     |                                                                                                    |
[2022-05-26 02:14:06,137] [plex_meta_manager.py:443]  [INFO]     |============================== Validating The Dark Knight Attributes ===============================|
[2022-05-26 02:14:06,138] [builder.py:241]            [DEBUG]    |                                                                                                    |
[2022-05-26 02:14:06,138] [builder.py:242]            [DEBUG]    | Validating Method: template                                                                        |
[2022-05-26 02:14:06,138] [meta.py:109]               [DEBUG]    | Value: ordereddict([('name', 'Franchise'), ('poster', 'https://theposterdb.com/api/assets/44451')]) |
[2022-05-26 02:14:06,139] [builder.py:359]            [DEBUG]    |                                                                                                    |
[2022-05-26 02:14:06,139] [builder.py:360]            [DEBUG]    | Validating Method: delete_not_scheduled                                                            |
[2022-05-26 02:14:06,139] [builder.py:361]            [DEBUG]    | Value: True                                                                                        |
[2022-05-26 02:14:06,140] [builder.py:402]            [DEBUG]    |                                                                                                    |
[2022-05-26 02:14:06,140] [builder.py:403]            [DEBUG]    | Validating Method: run_again                                                                       |
[2022-05-26 02:14:06,140] [builder.py:404]            [DEBUG]    | Value: True                                                                                        |
[2022-05-26 02:14:06,140] [builder.py:423]            [DEBUG]    |                                                                                                    |
[2022-05-26 02:14:06,141] [builder.py:424]            [DEBUG]    | Validating Method: sync_mode                                                                       |
[2022-05-26 02:14:06,141] [builder.py:428]            [DEBUG]    | Value: sync                                                                                        |
[2022-05-26 02:14:06,141] [builder.py:570]            [DEBUG]    |                                                                                                    |
[2022-05-26 02:14:06,142] [builder.py:571]            [DEBUG]    | Validating Method: collection_order                                                                |
[2022-05-26 02:14:06,142] [builder.py:572]            [DEBUG]    | Value: release                                                                                     |
[2022-05-26 02:14:06,142] [builder.py:588]            [DEBUG]    |                                                                                                    |
[2022-05-26 02:14:06,142] [builder.py:592]            [DEBUG]    | Validating Method: sort_title                                                                      |
[2022-05-26 02:14:06,142] [builder.py:593]            [DEBUG]    | Value: +++++BatmanDarkKnight                                                                       |
[2022-05-26 02:14:06,143] [builder.py:588]            [DEBUG]    |                                                                                                    |
[2022-05-26 02:14:06,143] [builder.py:592]            [DEBUG]    | Validating Method: imdb_list                                                                       |
[2022-05-26 02:14:06,143] [builder.py:593]            [DEBUG]    | Value: ['https://www.imdb.com/list/ls047442692/']                                                  |
[2022-05-26 02:14:07,194] [builder.py:588]            [DEBUG]    |                                                                                                    |
[2022-05-26 02:14:07,195] [builder.py:592]            [DEBUG]    | Validating Method: summary                                                                         |
[2022-05-26 02:14:07,195] [builder.py:593]            [DEBUG]    | Value: Batman is a superhero appearing in American comic books published by DC Comics.             |
[2022-05-26 02:14:07,195] [builder.py:588]            [DEBUG]    |                                                                                                    |
[2022-05-26 02:14:07,196] [builder.py:592]            [DEBUG]    | Validating Method: url_poster                                                                      |
[2022-05-26 02:14:07,196] [builder.py:593]            [DEBUG]    | Value: https://theposterdb.com/api/assets/44451                                                    |
[2022-05-26 02:14:07,196] [builder.py:588]            [DEBUG]    |                                                                                                    |
[2022-05-26 02:14:07,197] [builder.py:592]            [DEBUG]    | Validating Method: visible_home                                                                    |
[2022-05-26 02:14:07,197] [builder.py:593]            [DEBUG]    | Value: True                                                                                        |
[2022-05-26 02:14:07,197] [builder.py:588]            [DEBUG]    |                                                                                                    |
[2022-05-26 02:14:07,198] [builder.py:592]            [DEBUG]    | Validating Method: visible_shared                                                                  |
[2022-05-26 02:14:07,198] [builder.py:593]            [DEBUG]    | Value: True                                                                                        |
[2022-05-26 02:14:09,087] [builder.py:749]            [INFO]     |                                                                                                    |
[2022-05-26 02:14:09,088] [builder.py:750]            [INFO]     | Validation Successful                                                                              |
[2022-05-26 02:14:09,089] [plex_meta_manager.py:447]  [INFO]     |                                                                                                    |
[2022-05-26 02:14:09,089] [plex_meta_manager.py:449]  [INFO]     |================================ Running The Dark Knight Collection ================================|
[2022-05-26 02:14:09,089] [plex_meta_manager.py:461]  [INFO]     |                                                                                                    |
[2022-05-26 02:14:09,090] [plex_meta_manager.py:462]  [INFO]     | Sync Mode: sync                                                                                    |
[2022-05-26 02:14:09,090] [plex_meta_manager.py:472]  [DEBUG]    |                                                                                                    |
[2022-05-26 02:14:09,090] [plex_meta_manager.py:473]  [DEBUG]    | Builder: imdb_list: {'url': 'https://www.imdb.com/list/ls047442692/', 'limit': 0}                  |
[2022-05-26 02:14:09,091] [plex_meta_manager.py:474]  [INFO]     |                                                                                                    |
[2022-05-26 02:14:09,091] [imdb.py:176]               [INFO]     | Processing IMDb List: https://www.imdb.com/list/ls047442692/                                       |
[2022-05-26 02:14:12,751] [imdb.py:127]               [DEBUG]    | 3 IMDb IDs Found: ['tt0372784', 'tt0468569', 'tt1345836']                                          |
[2022-05-26 02:14:12,752] [builder.py:1424]           [DEBUG]    |                                                                                                    |
[2022-05-26 02:14:12,752] [builder.py:1425]           [DEBUG]    | 3 IDs Found: [('tt0372784', 'imdb'), ('tt0468569', 'imdb'), ('tt1345836', 'imdb')]                 |
[2022-05-26 02:14:12,753] [builder.py:1426]           [DEBUG]    |                                                                                                    |
[2022-05-26 02:14:13,143] [builder.py:1892]           [INFO]     |                                                                                                    |
[2022-05-26 02:14:13,144] [builder.py:1893]           [INFO]     |=============================== Adding to The Dark Knight Collection ===============================|
[2022-05-26 02:14:13,144] [builder.py:1894]           [INFO]     |                                                                                                    |
[2022-05-26 02:14:13,145] [builder.py:1908]           [INFO]     | 1/3 | The Dark Knight Collection | = | Batman Begins (2005)                                        |
[2022-05-26 02:14:13,145] [builder.py:1908]           [INFO]     | 2/3 | The Dark Knight Collection | = | The Dark Knight (2008)                                      |
[2022-05-26 02:14:13,145] [builder.py:1908]           [INFO]     | 3/3 | The Dark Knight Collection | = | The Dark Knight Rises (2012)                                |
[2022-05-26 02:14:13,145] [builder.py:1933]           [INFO]     |                                                                                                    |
[2022-05-26 02:14:13,146] [builder.py:1934]           [INFO]     | 3 Movies Processed                                                                                 |
[2022-05-26 02:14:13,186] [builder.py:2410]           [INFO]     |                                                                                                    |
[2022-05-26 02:14:13,187] [builder.py:2411]           [INFO]     |========================== Updating Details of The Dark Knight Collection ==========================|
[2022-05-26 02:14:13,187] [builder.py:2412]           [INFO]     |                                                                                                    |
[2022-05-26 02:14:13,187] [builder.py:2418]           [INFO]     | Detail: summary will update Collection Summary                                                     |
[2022-05-26 02:14:13,188] [builder.py:2473]           [INFO]     | Collection Metadata Edits                                                                          |
                                                                 | 
[2022-05-26 02:14:13,629] [builder.py:2477]           [INFO]     | Details: have been updated
[2022-05-26 02:14:13,630] [builder.py:2480]           [INFO]     | 
[2022-05-26 02:14:13,666] [builder.py:2532]           [DEBUG]    | 1 posters found:
[2022-05-26 02:14:13,666] [builder.py:2534]           [DEBUG]    | Method: url_poster Poster: https://theposterdb.com/api/assets/44451
[2022-05-26 02:14:13,667] [builder.py:2601]           [INFO]     | No background collection detail or asset folder found
[2022-05-26 02:14:17,564] [library.py:141]            [INFO]     | Detail: url_poster updated poster to [URL] https://theposterdb.com/api/assets/44451
[2022-05-26 02:14:19,402] [plex_meta_manager.py:576]  [INFO]     | 
[2022-05-26 02:14:19,402] [plex_meta_manager.py:577]  [INFO]     |====================================================================================================|
[2022-05-26 02:14:19,402] [plex_meta_manager.py:577]  [INFO]     |                                Finished The Dark Knight Collection                                 |
[2022-05-26 02:14:19,403] [plex_meta_manager.py:577]  [INFO]     |                                    Collection Run Time: 0:00:13                                    |
[2022-05-26 02:14:19,406] [plex_meta_manager.py:577]  [INFO]     |====================================================================================================|
