[2022-05-21 09:07:39,147] [plex_meta_manager.py:437]  [INFO]     |====================================================================================================|
[2022-05-21 09:07:39,148] [plex_meta_manager.py:437]  [INFO]     |                                   Popular Collection in TV Shows                                   |
[2022-05-21 09:07:39,148] [plex_meta_manager.py:437]  [INFO]     |====================================================================================================|
[2022-05-21 09:07:39,148] [plex_meta_manager.py:438]  [INFO]     |                                                                                                    |
[2022-05-21 09:07:39,149] [plex_meta_manager.py:443]  [INFO]     |================================== Validating Popular Attributes ===================================|
[2022-05-21 09:07:39,149] [builder.py:241]            [DEBUG]    |                                                                                                    |
[2022-05-21 09:07:39,149] [builder.py:242]            [DEBUG]    | Validating Method: template                                                                        |
[2022-05-21 09:07:39,149] [meta.py:109]               [DEBUG]    | Value: ordereddict([('name', 'Chart'), ('num', 3)])                                                |
[2022-05-21 09:07:39,150] [builder.py:423]            [DEBUG]    |                                                                                                    |
[2022-05-21 09:07:39,150] [builder.py:424]            [DEBUG]    | Validating Method: sync_mode                                                                       |
[2022-05-21 09:07:39,150] [builder.py:428]            [DEBUG]    | Value: sync                                                                                        |
[2022-05-21 09:07:39,151] [builder.py:497]            [DEBUG]    |                                                                                                    |
[2022-05-21 09:07:39,151] [builder.py:498]            [DEBUG]    | Validating Method: smart_label                                                                     |
[2022-05-21 09:07:39,151] [builder.py:503]            [DEBUG]    | Value: random                                                                                      |
[2022-05-21 09:07:39,236] [builder.py:588]            [DEBUG]    |                                                                                                    |
[2022-05-21 09:07:39,236] [builder.py:592]            [DEBUG]    | Validating Method: tmdb_popular                                                                    |
[2022-05-21 09:07:39,236] [builder.py:593]            [DEBUG]    | Value: 40                                                                                          |
[2022-05-21 09:07:39,237] [builder.py:588]            [DEBUG]    |                                                                                                    |
[2022-05-21 09:07:39,237] [builder.py:592]            [DEBUG]    | Validating Method: imdb_list                                                                       |
[2022-05-21 09:07:39,237] [builder.py:593]            [DEBUG]    | Value: ordereddict([('url', 'https://www.imdb.com/search/title/?title_type=tv_series,tv_miniseries'), ('limit', 40)]) |
[2022-05-21 09:07:40,029] [builder.py:588]            [DEBUG]    |                                                                                                    |
[2022-05-21 09:07:40,032] [builder.py:592]            [DEBUG]    | Validating Method: summary                                                                         |
[2022-05-21 09:07:40,032] [builder.py:593]            [DEBUG]    | Value: Popular Shows across the internet                                                           |
[2022-05-21 09:07:40,033] [builder.py:588]            [DEBUG]    |                                                                                                    |
[2022-05-21 09:07:40,033] [builder.py:592]            [DEBUG]    | Validating Method: sort_title                                                                      |
[2022-05-21 09:07:40,033] [builder.py:593]            [DEBUG]    | Value: +1_3Popular                                                                                 |
[2022-05-21 09:07:40,594] [builder.py:749]            [INFO]     |                                                                                                    |
[2022-05-21 09:07:40,594] [builder.py:750]            [INFO]     | Validation Successful                                                                              |
[2022-05-21 09:07:40,594] [plex_meta_manager.py:447]  [INFO]     |                                                                                                    |
[2022-05-21 09:07:40,595] [plex_meta_manager.py:449]  [INFO]     |==================================== Running Popular Collection ====================================|
[2022-05-21 09:07:40,595] [plex_meta_manager.py:455]  [INFO]     |                                                                                                    |
[2022-05-21 09:07:40,595] [plex_meta_manager.py:456]  [INFO]     | Smart Show Label                                                                                   |
                                                                 | Sort By: random
                                                                 | Filter:
                                                                 |   Match all of the following:
                                                                 |     Label is Popular
[2022-05-21 09:07:40,596] [plex_meta_manager.py:461]  [INFO]     | 
[2022-05-21 09:07:40,596] [plex_meta_manager.py:462]  [INFO]     | Sync Mode: sync
[2022-05-21 09:07:40,596] [plex_meta_manager.py:472]  [DEBUG]    | 
[2022-05-21 09:07:40,596] [plex_meta_manager.py:473]  [DEBUG]    | Builder: tmdb_popular: 40
[2022-05-21 09:07:40,596] [plex_meta_manager.py:474]  [INFO]     | 
[2022-05-21 09:07:40,962] [tmdb.py:310]               [INFO]     | Processing TMDb Popular: 40 Shows
[2022-05-21 09:07:40,962] [builder.py:1424]           [DEBUG]    | 
[2022-05-21 09:07:40,962] [builder.py:1425]           [DEBUG]    | 40 IDs Found: [(52814, 'tmdb_show'), (11250, 'tmdb_show'), (92749, 'tmdb_show'), (81772, 'tmdb_show'), (115646, 'tmdb_show'), (158415, 'tmdb_show'), (157171, 'tmdb_show'), (157936, 'tmdb_show'), (128010, 'tmdb_show'), (49608, 'tmdb_show'), (1416, 'tmdb_show'), (60574, 'tmdb_show'), (120089, 'tmdb_show'), (385, 'tmdb_show'), (154911, 'tmdb_show'), (200961, 'tmdb_show'), (103516, 'tmdb_show'), (1900, 'tmdb_show'), (2221, 'tmdb_show'), (158916, 'tmdb_show'), (63174, 'tmdb_show'), (115810, 'tmdb_show'), (119903, 'tmdb_show'), (116479, 'tmdb_show'), (122152, 'tmdb_show'), (122151, 'tmdb_show'), (71712, 'tmdb_show'), (44953, 'tmdb_show'), (1402, 'tmdb_show'), (139009, 'tmdb_show'), (154571, 'tmdb_show'), (154521, 'tmdb_show'), (123349, 'tmdb_show'), (1655, 'tmdb_show'), (196749, 'tmdb_show'), (60735, 'tmdb_show'), (99966, 'tmdb_show'), (456, 'tmdb_show'), (199925, 'tmdb_show'), (1399, 'tmdb_show')]
[2022-05-21 09:07:40,963] [builder.py:1426]           [DEBUG]    | 
[2022-05-21 09:07:41,086] [builder.py:1500]           [WARNING]  | Convert Error: No TVDb ID Found for TMDb ID: 157171
[2022-05-21 09:07:41,095] [builder.py:1500]           [WARNING]  | Convert Error: No TVDb ID Found for TMDb ID: 49608
[2022-05-21 09:07:41,215] [builder.py:1500]           [WARNING]  | Convert Error: No TVDb ID Found for TMDb ID: 200961
[2022-05-21 09:07:41,347] [builder.py:1500]           [WARNING]  | Convert Error: No TVDb ID Found for TMDb ID: 119903
[2022-05-21 09:07:41,354] [builder.py:1500]           [WARNING]  | Convert Error: No TVDb ID Found for TMDb ID: 122152
[2022-05-21 09:07:41,360] [builder.py:1500]           [WARNING]  | Convert Error: No TVDb ID Found for TMDb ID: 122151
[2022-05-21 09:07:41,886] [plex_meta_manager.py:472]  [DEBUG]    | 
[2022-05-21 09:07:41,886] [plex_meta_manager.py:473]  [DEBUG]    | Builder: imdb_list: {'url': 'https://www.imdb.com/search/title/?title_type=tv_series,tv_miniseries', 'limit': 40}
[2022-05-21 09:07:41,886] [plex_meta_manager.py:474]  [INFO]     | 
[2022-05-21 09:07:41,887] [imdb.py:176]               [INFO]     | Processing IMDb List: 40 Items at https://www.imdb.com/search/title/?title_type=tv_series,tv_miniseries
[2022-05-21 09:07:47,085] [imdb.py:127]               [DEBUG]    | 40 IMDb IDs Found: ['tt11324406', 'tt3032476', 'tt5071412', 'tt13729648', 'tt10234724', 'tt10203880', 'tt12327578', 'tt11198330', 'tt11685912', 'tt2934286', 'tt14168162', 'tt8633062', 'tt1998372', 'tt11280740', 'tt5555260', 'tt13111040', 'tt0944947', 'tt0903747', 'tt4574334', 'tt10638036', 'tt13457822', 'tt12304420', 'tt10244600', 'tt14192504', 'tt8466564', 'tt5348176', 'tt7569576', 'tt3006802', 'tt0475784', 'tt8806524', 'tt8740790', 'tt1520211', 'tt2442560', 'tt13833978', 'tt12748084', 'tt3609352', 'tt0413573', 'tt4179452', 'tt4236770', 'tt2953250']
[2022-05-21 09:07:47,086] [builder.py:1424]           [DEBUG]    | 
[2022-05-21 09:07:47,086] [builder.py:1425]           [DEBUG]    | 40 IDs Found: [('tt11324406', 'imdb'), ('tt3032476', 'imdb'), ('tt5071412', 'imdb'), ('tt13729648', 'imdb'), ('tt10234724', 'imdb'), ('tt10203880', 'imdb'), ('tt12327578', 'imdb'), ('tt11198330', 'imdb'), ('tt11685912', 'imdb'), ('tt2934286', 'imdb'), ('tt14168162', 'imdb'), ('tt8633062', 'imdb'), ('tt1998372', 'imdb'), ('tt11280740', 'imdb'), ('tt5555260', 'imdb'), ('tt13111040', 'imdb'), ('tt0944947', 'imdb'), ('tt0903747', 'imdb'), ('tt4574334', 'imdb'), ('tt10638036', 'imdb'), ('tt13457822', 'imdb'), ('tt12304420', 'imdb'), ('tt10244600', 'imdb'), ('tt14192504', 'imdb'), ('tt8466564', 'imdb'), ('tt5348176', 'imdb'), ('tt7569576', 'imdb'), ('tt3006802', 'imdb'), ('tt0475784', 'imdb'), ('tt8806524', 'imdb'), ('tt8740790', 'imdb'), ('tt1520211', 'imdb'), ('tt2442560', 'imdb'), ('tt13833978', 'imdb'), ('tt12748084', 'imdb'), ('tt3609352', 'imdb'), ('tt0413573', 'imdb'), ('tt4179452', 'imdb'), ('tt4236770', 'imdb'), ('tt2953250', 'imdb')]
[2022-05-21 09:07:47,086] [builder.py:1426]           [DEBUG]    | 
[2022-05-21 09:07:49,051] [builder.py:1892]           [INFO]     | 
[2022-05-21 09:07:49,054] [builder.py:1893]           [INFO]     |=================================== Adding to Popular Collection ===================================|
[2022-05-21 09:07:49,054] [builder.py:1894]           [INFO]     |                                                                                                    |
[2022-05-21 09:07:49,312] [builder.py:1908]           [INFO]     |  1/44 | Popular Collection | = | Halo                                                              |
[2022-05-21 09:07:49,313] [builder.py:1908]           [INFO]     |  2/44 | Popular Collection | = | Moon Knight                                                       |
[2022-05-21 09:07:49,314] [builder.py:1908]           [INFO]     |  3/44 | Popular Collection | = | Grey's Anatomy                                                    |
[2022-05-21 09:07:49,315] [builder.py:1908]           [INFO]     |  4/44 | Popular Collection | = | Peaky Blinders                                                    |
[2022-05-21 09:07:49,315] [builder.py:1908]           [INFO]     |  5/44 | Popular Collection | = | Star Trek: Strange New Worlds                                     |
[2022-05-21 09:07:49,316] [builder.py:1908]           [INFO]     |  6/44 | Popular Collection | = | Lucifer                                                           |
[2022-05-21 09:07:49,317] [builder.py:1908]           [INFO]     |  7/44 | Popular Collection | = | The Good Doctor                                                   |
[2022-05-21 09:07:49,317] [builder.py:1908]           [INFO]     |  8/44 | Popular Collection | = | The Walking Dead                                                  |
[2022-05-21 09:07:49,318] [builder.py:1908]           [INFO]     |  9/44 | Popular Collection | = | The Kardashians                                                   |
[2022-05-21 09:07:49,318] [builder.py:1908]           [INFO]     | 10/44 | Popular Collection | = | The Sound of Magic                                                |
[2022-05-21 09:07:49,319] [builder.py:1908]           [INFO]     | 11/44 | Popular Collection | = | The Quest (2022)                                                  |
[2022-05-21 09:07:49,320] [builder.py:1908]           [INFO]     | 12/44 | Popular Collection | = | The Flash (2014)                                                  |
[2022-05-21 09:07:49,320] [builder.py:1908]           [INFO]     | 13/44 | Popular Collection | = | All of Us Are Dead                                                |
[2022-05-21 09:07:49,321] [builder.py:1908]           [INFO]     | 14/44 | Popular Collection | = | The Simpsons                                                      |
[2022-05-21 09:07:49,321] [builder.py:1908]           [INFO]     | 15/44 | Popular Collection | = | Game of Thrones                                                   |
[2022-05-21 09:07:49,322] [builder.py:1908]           [INFO]     | 16/44 | Popular Collection | = | The Staircase (2022)                                              |
[2022-05-21 09:07:49,322] [builder.py:1908]           [INFO]     | 17/44 | Popular Collection | = | Better Call Saul                                                  |
[2022-05-21 09:07:49,323] [builder.py:1908]           [INFO]     | 18/44 | Popular Collection | = | Ozark                                                             |
[2022-05-21 09:07:49,323] [builder.py:1908]           [INFO]     | 19/44 | Popular Collection | = | Candy                                                             |
[2022-05-21 09:07:49,324] [builder.py:1908]           [INFO]     | 20/44 | Popular Collection | = | The Pentaverate                                                   |
[2022-05-21 09:07:49,324] [builder.py:1908]           [INFO]     | 21/44 | Popular Collection | = | Outer Range                                                       |
[2022-05-21 09:07:49,325] [builder.py:1908]           [INFO]     | 22/44 | Popular Collection | = | Bosch: Legacy                                                     |
[2022-05-21 09:07:49,326] [builder.py:1908]           [INFO]     | 23/44 | Popular Collection | = | The Wilds                                                         |
[2022-05-21 09:07:49,326] [builder.py:1908]           [INFO]     | 24/44 | Popular Collection | = | Under the Banner of Heaven                                        |
[2022-05-21 09:07:49,327] [builder.py:1908]           [INFO]     | 25/44 | Popular Collection | = | Severance                                                         |
[2022-05-21 09:07:49,328] [builder.py:1908]           [INFO]     | 26/44 | Popular Collection | = | This Is Us                                                        |
[2022-05-21 09:07:49,328] [builder.py:1908]           [INFO]     | 27/44 | Popular Collection | = | The Offer                                                         |
[2022-05-21 09:07:49,329] [builder.py:1908]           [INFO]     | 28/44 | Popular Collection | = | Breaking Bad                                                      |
[2022-05-21 09:07:49,329] [builder.py:1908]           [INFO]     | 29/44 | Popular Collection | = | Stranger Things                                                   |
[2022-05-21 09:07:49,330] [builder.py:1908]           [INFO]     | 30/44 | Popular Collection | = | Heartstopper                                                      |
[2022-05-21 09:07:49,331] [builder.py:1908]           [INFO]     | 31/44 | Popular Collection | = | Winning Time: The Rise of the Lakers Dynasty                      |
[2022-05-21 09:07:49,331] [builder.py:1908]           [INFO]     | 32/44 | Popular Collection | = | We Own This City                                                  |
[2022-05-21 09:07:49,332] [builder.py:1908]           [INFO]     | 33/44 | Popular Collection | = | Barry                                                             |
[2022-05-21 09:07:49,332] [builder.py:1908]           [INFO]     | 34/44 | Popular Collection | = | The Flight Attendant                                              |
[2022-05-21 09:07:49,333] [builder.py:1908]           [INFO]     | 35/44 | Popular Collection | = | Outlander                                                         |
[2022-05-21 09:07:49,333] [builder.py:1908]           [INFO]     | 36/44 | Popular Collection | = | Westworld                                                         |
[2022-05-21 09:07:49,334] [builder.py:1908]           [INFO]     | 37/44 | Popular Collection | = | Star Trek: Picard                                                 |
[2022-05-21 09:07:49,335] [builder.py:1908]           [INFO]     | 38/44 | Popular Collection | = | Bridgerton                                                        |
[2022-05-21 09:07:49,335] [builder.py:1908]           [INFO]     | 39/44 | Popular Collection | = | The Lincoln Lawyer                                                |
[2022-05-21 09:07:49,336] [builder.py:1908]           [INFO]     | 40/44 | Popular Collection | = | Anatomy of a Scandal                                              |
[2022-05-21 09:07:49,336] [builder.py:1908]           [INFO]     | 41/44 | Popular Collection | = | Grace and Frankie                                                 |
[2022-05-21 09:07:49,337] [builder.py:1908]           [INFO]     | 42/44 | Popular Collection | = | The Last Kingdom                                                  |
[2022-05-21 09:07:49,338] [builder.py:1908]           [INFO]     | 43/44 | Popular Collection | = | Yellowstone (2018)                                                |
[2022-05-21 09:07:49,338] [builder.py:1908]           [INFO]     | 44/44 | Popular Collection | = | Shining Girls                                                     |
[2022-05-21 09:07:49,339] [builder.py:1933]           [INFO]     |                                                                                                    |
[2022-05-21 09:07:49,339] [builder.py:1934]           [INFO]     | 44 Shows Processed                                                                                 |
[2022-05-21 09:07:49,340] [builder.py:2213]           [INFO]     |                                                                                                    |
[2022-05-21 09:07:49,341] [builder.py:2214]           [INFO]     |=============================== Missing Shows from Library: Popular ================================|
[2022-05-21 09:07:49,341] [builder.py:2215]           [INFO]     |                                                                                                    |
[2022-05-21 09:07:49,985] [builder.py:2221]           [ERROR]    | TVDb Error: Could not find a TVDb Series using TVDb Series ID: 11250                               |
[2022-05-21 09:07:50,493] [builder.py:2221]           [ERROR]    | TVDb Error: Could not find a TVDb Series using TVDb Series ID: 81772                               |
[2022-05-21 09:07:51,059] [builder.py:2221]           [ERROR]    | TVDb Error: Could not find a TVDb Series using TVDb Series ID: 115646                              |
[2022-05-21 09:07:51,542] [builder.py:2221]           [ERROR]    | TVDb Error: Could not find a TVDb Series using TVDb Series ID: 158415                              |
[2022-05-21 09:07:52,009] [builder.py:2221]           [ERROR]    | TVDb Error: Could not find a TVDb Series using TVDb Series ID: 157936                              |
[2022-05-21 09:07:52,492] [builder.py:2221]           [ERROR]    | TVDb Error: Could not find a TVDb Series using TVDb Series ID: 128010                              |
[2022-05-21 09:07:52,960] [builder.py:2221]           [ERROR]    | TVDb Error: Could not find a TVDb Series using TVDb Series ID: 120089                              |
[2022-05-21 09:07:53,427] [builder.py:2221]           [ERROR]    | TVDb Error: Could not find a TVDb Series using TVDb Series ID: 385                                 |
[2022-05-21 09:07:54,249] [builder.py:2226]           [INFO]     | Popular Collection | ? | Karabudjan (TVDb: 154911)                                                 |
[2022-05-21 09:07:54,716] [builder.py:2221]           [ERROR]    | TVDb Error: Could not find a TVDb Series using TVDb Series ID: 1900                                |
[2022-05-21 09:07:55,182] [builder.py:2221]           [ERROR]    | TVDb Error: Could not find a TVDb Series using TVDb Series ID: 2221                                |
[2022-05-21 09:07:55,653] [builder.py:2221]           [ERROR]    | TVDb Error: Could not find a TVDb Series using TVDb Series ID: 158916                              |
[2022-05-21 09:07:56,127] [builder.py:2221]           [ERROR]    | TVDb Error: Could not find a TVDb Series using TVDb Series ID: 115810                              |
[2022-05-21 09:07:56,692] [builder.py:2221]           [ERROR]    | TVDb Error: Could not find a TVDb Series using TVDb Series ID: 116479                              |
[2022-05-21 09:07:57,166] [builder.py:2221]           [ERROR]    | TVDb Error: Could not find a TVDb Series using TVDb Series ID: 44953                               |
[2022-05-21 09:07:57,642] [builder.py:2221]           [ERROR]    | TVDb Error: Could not find a TVDb Series using TVDb Series ID: 139009                              |
[2022-05-21 09:07:58,205] [builder.py:2221]           [ERROR]    | TVDb Error: Could not find a TVDb Series using TVDb Series ID: 154571                              |
[2022-05-21 09:07:58,678] [builder.py:2221]           [ERROR]    | TVDb Error: Could not find a TVDb Series using TVDb Series ID: 1655                                |
[2022-05-21 09:07:59,159] [builder.py:2221]           [ERROR]    | TVDb Error: Could not find a TVDb Series using TVDb Series ID: 199925                              |
[2022-05-21 09:08:00,250] [builder.py:2226]           [INFO]     | Popular Collection | ? | House of the Dragon (TVDb: 371572)                                        |
[2022-05-21 09:08:01,080] [builder.py:2226]           [INFO]     | Popular Collection | ? | Welcome to Eden (TVDb: 393110)                                            |
[2022-05-21 09:08:01,892] [builder.py:2226]           [INFO]     | Popular Collection | ? | Clark (TVDb: 394447)                                                      |
[2022-05-21 09:08:03,356] [builder.py:2226]           [INFO]     | Popular Collection | ? | Obi-Wan Kenobi (TVDb: 393199)                                             |
[2022-05-21 09:08:03,357] [builder.py:2230]           [INFO]     |                                                                                                    |
[2022-05-21 09:08:03,358] [builder.py:2231]           [INFO]     | 5 Shows Missing                                                                                    |
[2022-05-21 09:08:03,483] [builder.py:2410]           [INFO]     |                                                                                                    |
[2022-05-21 09:08:03,484] [builder.py:2411]           [INFO]     |============================== Updating Details of Popular Collection ==============================|
[2022-05-21 09:08:03,484] [builder.py:2412]           [INFO]     |                                                                                                    |
[2022-05-21 09:08:03,484] [builder.py:2418]           [INFO]     | Detail: summary will update Collection Summary                                                     |
[2022-05-21 09:08:03,485] [builder.py:2473]           [INFO]     | Collection Metadata Edits                                                                          |
                                                                 | 
[2022-05-21 09:08:04,196] [builder.py:2477]           [INFO]     | Details: have been updated
[2022-05-21 09:08:04,197] [builder.py:2480]           [INFO]     | 
[2022-05-21 09:08:04,197] [builder.py:2568]           [INFO]     | No poster collection detail or asset folder found
[2022-05-21 09:08:04,197] [builder.py:2601]           [INFO]     | No background collection detail or asset folder found
[2022-05-21 09:08:04,426] [plex_meta_manager.py:576]  [INFO]     | 
[2022-05-21 09:08:04,427] [plex_meta_manager.py:577]  [INFO]     |====================================================================================================|
[2022-05-21 09:08:04,428] [plex_meta_manager.py:577]  [INFO]     |                                    Finished Popular Collection                                     |
[2022-05-21 09:08:04,428] [plex_meta_manager.py:577]  [INFO]     |                                    Collection Run Time: 0:00:25                                    |
[2022-05-21 09:08:04,429] [plex_meta_manager.py:577]  [INFO]     |====================================================================================================|
