[2022-05-20 17:34:25,833] [plex_meta_manager.py:437]  [INFO]     |====================================================================================================|
[2022-05-20 17:34:25,833] [plex_meta_manager.py:437]  [INFO]     |                                    HBO Max Collection in Movies                                    |
[2022-05-20 17:34:25,834] [plex_meta_manager.py:437]  [INFO]     |====================================================================================================|
[2022-05-20 17:34:25,834] [plex_meta_manager.py:438]  [INFO]     |                                                                                                    |
[2022-05-20 17:34:25,835] [plex_meta_manager.py:443]  [INFO]     |================================== Validating HBO Max Attributes ===================================|
[2022-05-20 17:34:25,835] [builder.py:365]            [DEBUG]    |                                                                                                    |
[2022-05-20 17:34:25,835] [builder.py:366]            [DEBUG]    | Validating Method: schedule                                                                        |
[2022-05-20 17:34:25,836] [builder.py:370]            [DEBUG]    | Value: daily                                                                                       |
[2022-05-20 17:34:25,836] [builder.py:423]            [DEBUG]    |                                                                                                    |
[2022-05-20 17:34:25,836] [builder.py:424]            [DEBUG]    | Validating Method: sync_mode                                                                       |
[2022-05-20 17:34:25,837] [builder.py:428]            [DEBUG]    | Value: sync                                                                                        |
[2022-05-20 17:34:25,837] [builder.py:570]            [DEBUG]    |                                                                                                    |
[2022-05-20 17:34:25,837] [builder.py:571]            [DEBUG]    | Validating Method: collection_order                                                                |
[2022-05-20 17:34:25,838] [builder.py:572]            [DEBUG]    | Value: release                                                                                     |
[2022-05-20 17:34:25,838] [builder.py:588]            [DEBUG]    |                                                                                                    |
[2022-05-20 17:34:25,838] [builder.py:592]            [DEBUG]    | Validating Method: imdb_list                                                                       |
[2022-05-20 17:34:25,849] [builder.py:593]            [DEBUG]    | Value: https://www.imdb.com/list/ls084378296                                                       |
[2022-05-20 17:34:27,453] [builder.py:588]            [DEBUG]    |                                                                                                    |
[2022-05-20 17:34:27,455] [builder.py:592]            [DEBUG]    | Validating Method: collection_mode                                                                 |
[2022-05-20 17:34:27,455] [builder.py:593]            [DEBUG]    | Value: default                                                                                     |
[2022-05-20 17:34:27,455] [builder.py:588]            [DEBUG]    |                                                                                                    |
[2022-05-20 17:34:27,455] [builder.py:592]            [DEBUG]    | Validating Method: sort_title                                                                      |
[2022-05-20 17:34:27,456] [builder.py:593]            [DEBUG]    | Value: *605                                                                                        |
[2022-05-20 17:34:27,494] [plex.py:721]               [DEBUG]    |                                                                                                    |
[2022-05-20 17:34:27,495] [plex.py:724]               [DEBUG]    | Looking for: HBO Max                                                                               |
[2022-05-20 17:34:27,495] [builder.py:749]            [INFO]     |                                                                                                    |
[2022-05-20 17:34:27,495] [builder.py:750]            [INFO]     | Validation Successful                                                                              |
[2022-05-20 17:34:27,499] [plex_meta_manager.py:447]  [INFO]     |                                                                                                    |
[2022-05-20 17:34:27,500] [plex_meta_manager.py:449]  [INFO]     |==================================== Running HBO Max Collection ====================================|
[2022-05-20 17:34:27,500] [plex_meta_manager.py:461]  [INFO]     |                                                                                                    |
[2022-05-20 17:34:27,500] [plex_meta_manager.py:462]  [INFO]     | Sync Mode: sync                                                                                    |
[2022-05-20 17:34:27,500] [plex_meta_manager.py:472]  [DEBUG]    |                                                                                                    |
[2022-05-20 17:34:27,500] [plex_meta_manager.py:473]  [DEBUG]    | Builder: imdb_list: {'url': 'https://www.imdb.com/list/ls084378296', 'limit': 0}                   |
[2022-05-20 17:34:27,501] [plex_meta_manager.py:474]  [INFO]     |                                                                                                    |
[2022-05-20 17:34:27,501] [imdb.py:176]               [INFO]     | Processing IMDb List: https://www.imdb.com/list/ls084378296                                        |
[2022-05-20 17:34:31,916] [imdb.py:127]               [DEBUG]    | 18 IMDb IDs Found: ['tt9059704', 'tt10556022', 'tt9048840', 'tt0805647', 'tt7178640', 'tt10808832', 'tt13061914', 'tt11394650', 'tt12759084', 'tt11015214', 'tt12929230', 'tt12919740', 'tt12943032', 'tt11459860', 'tt12736220', 'tt12970262', 'tt12441478', 'tt12361974'] |
[2022-05-20 17:34:31,917] [builder.py:1424]           [DEBUG]    |                                                                                                    |
[2022-05-20 17:34:31,917] [builder.py:1425]           [DEBUG]    | 18 IDs Found: [('tt9059704', 'imdb'), ('tt10556022', 'imdb'), ('tt9048840', 'imdb'), ('tt0805647', 'imdb'), ('tt7178640', 'imdb'), ('tt10808832', 'imdb'), ('tt13061914', 'imdb'), ('tt11394650', 'imdb'), ('tt12759084', 'imdb'), ('tt11015214', 'imdb'), ('tt12929230', 'imdb'), ('tt12919740', 'imdb'), ('tt12943032', 'imdb'), ('tt11459860', 'imdb'), ('tt12736220', 'imdb'), ('tt12970262', 'imdb'), ('tt12441478', 'imdb'), ('tt12361974', 'imdb')] |
[2022-05-20 17:34:31,917] [builder.py:1426]           [DEBUG]    |                                                                                                    |
[2022-05-20 17:34:33,343] [builder.py:1892]           [INFO]     |                                                                                                    |
[2022-05-20 17:34:33,344] [builder.py:1893]           [INFO]     |=================================== Adding to HBO Max Collection ===================================|
[2022-05-20 17:34:33,345] [builder.py:1894]           [INFO]     |                                                                                                    |
[2022-05-20 17:34:33,345] [builder.py:1908]           [INFO]     |  1/12 | HBO Max Collection | + | An American Pickle (2020)                                         |
[2022-05-20 17:34:36,287] [builder.py:1908]           [INFO]     |  2/12 | HBO Max Collection | + | Unpregnant (2020)                                                 |
[2022-05-20 17:34:38,937] [builder.py:1908]           [INFO]     |  3/12 | HBO Max Collection | + | Charm City Kings (2020)                                           |
[2022-05-20 17:34:41,424] [builder.py:1908]           [INFO]     |  4/12 | HBO Max Collection | + | The Witches (2020)                                                |
[2022-05-20 17:34:44,082] [builder.py:1908]           [INFO]     |  5/12 | HBO Max Collection | + | Superintelligence (2020)                                          |
[2022-05-20 17:34:46,505] [builder.py:1908]           [INFO]     |  6/12 | HBO Max Collection | + | Let Them All Talk (2020)                                          |
[2022-05-20 17:34:48,850] [builder.py:1908]           [INFO]     |  7/12 | HBO Max Collection | + | Locked Down (2021)                                                |
[2022-05-20 17:34:51,447] [builder.py:1908]           [INFO]     |  8/12 | HBO Max Collection | + | Class Action Park (2020)                                          |
[2022-05-20 17:34:53,693] [builder.py:1908]           [INFO]     |  9/12 | HBO Max Collection | + | Rose Matafeo: Horndog (2020)                                      |
[2022-05-20 17:34:55,821] [builder.py:1908]           [INFO]     | 10/12 | HBO Max Collection | + | Chelsea Handler: Evolution (2020)                                 |
[2022-05-20 17:34:58,061] [builder.py:1908]           [INFO]     | 11/12 | HBO Max Collection | + | Earwig and the Witch (2020)                                       |
[2022-05-20 17:35:00,219] [builder.py:1908]           [INFO]     | 12/12 | HBO Max Collection | + | Zack Snyder's Justice League (2021)                               |
[2022-05-20 17:35:01,570] [builder.py:1933]           [INFO]     |                                                                                                    |
[2022-05-20 17:35:01,570] [builder.py:1934]           [INFO]     | 12 Movies Processed                                                                                |
[2022-05-20 17:35:01,571] [builder.py:2171]           [INFO]     |                                                                                                    |
[2022-05-20 17:35:01,571] [builder.py:2172]           [INFO]     |=============================== Missing Movies from Library: Movies ================================|
[2022-05-20 17:35:01,571] [builder.py:2173]           [INFO]     |                                                                                                    |
[2022-05-20 17:35:01,932] [builder.py:2185]           [INFO]     | HBO Max Collection | ? | On the Record (2020) (TMDb: 653612)                                       |
[2022-05-20 17:35:02,220] [builder.py:2185]           [INFO]     | HBO Max Collection | ? | On the Trail: Inside the 2020 Primaries (2020) (TMDb: 728921)             |
[2022-05-20 17:35:02,492] [builder.py:2185]           [INFO]     | HBO Max Collection | ? | Beth Stelling: Girl Daddy (2020) (TMDb: 734919)                           |
[2022-05-20 17:35:02,775] [builder.py:2185]           [INFO]     | HBO Max Collection | ? | James Veitch: Straight to VHS (2020) (TMDb: 734401)                       |
[2022-05-20 17:35:03,061] [builder.py:2185]           [INFO]     | HBO Max Collection | ? | HA Festival: The Art of Comedy (2020) (TMDb: 736056)                      |
[2022-05-20 17:35:03,341] [builder.py:2185]           [INFO]     | HBO Max Collection | ? | Colin Quinn & Friends: A Parking Lot Comedy Show (2020) (TMDb: 763005)    |
[2022-05-20 17:35:03,342] [builder.py:2189]           [INFO]     |                                                                                                    |
[2022-05-20 17:35:03,342] [builder.py:2190]           [INFO]     | 6 Movies Missing                                                                                   |
[2022-05-20 17:35:03,452] [builder.py:2410]           [INFO]     |                                                                                                    |
[2022-05-20 17:35:03,452] [builder.py:2411]           [INFO]     |============================== Updating Details of HBO Max Collection ==============================|
[2022-05-20 17:35:03,453] [builder.py:2412]           [INFO]     |                                                                                                    |
[2022-05-20 17:35:03,453] [builder.py:2473]           [INFO]     | Collection Metadata Edits                                                                          |
                                                                 | Sort Title | *605
                                                                 | 
[2022-05-20 17:35:03,875] [builder.py:2477]           [INFO]     | Details: have been updated
[2022-05-20 17:35:03,875] [builder.py:2480]           [INFO]     | 
[2022-05-20 17:35:03,875] [builder.py:2568]           [INFO]     | No poster collection detail or asset folder found
[2022-05-20 17:35:03,876] [builder.py:2601]           [INFO]     | No background collection detail or asset folder found
[2022-05-20 17:35:05,701] [plex_meta_manager.py:576]  [INFO]     | 
[2022-05-20 17:35:05,701] [plex_meta_manager.py:577]  [INFO]     |====================================================================================================|
[2022-05-20 17:35:05,701] [plex_meta_manager.py:577]  [INFO]     |                                    Finished HBO Max Collection                                     |
[2022-05-20 17:35:05,702] [plex_meta_manager.py:577]  [INFO]     |                                    Collection Run Time: 0:00:39                                    |
[2022-05-20 17:35:05,702] [plex_meta_manager.py:577]  [INFO]     |====================================================================================================|
