[2022-05-20 17:11:42,289] [plex_meta_manager.py:437]  [INFO]     |====================================================================================================|
[2022-05-20 17:11:42,290] [plex_meta_manager.py:437]  [INFO]     |                            Trending Now (Unplayed) Collection in Movies                            |
[2022-05-20 17:11:42,290] [plex_meta_manager.py:437]  [INFO]     |====================================================================================================|
[2022-05-20 17:11:42,290] [plex_meta_manager.py:438]  [INFO]     |                                                                                                    |
[2022-05-20 17:11:42,290] [plex_meta_manager.py:443]  [INFO]     |========================== Validating Trending Now (Unplayed) Attributes ===========================|
[2022-05-20 17:11:42,291] [builder.py:365]            [DEBUG]    |                                                                                                    |
[2022-05-20 17:11:42,291] [builder.py:366]            [DEBUG]    | Validating Method: schedule                                                                        |
[2022-05-20 17:11:42,291] [builder.py:370]            [DEBUG]    | Value: daily                                                                                       |
[2022-05-20 17:11:42,292] [builder.py:423]            [DEBUG]    |                                                                                                    |
[2022-05-20 17:11:42,292] [builder.py:424]            [DEBUG]    | Validating Method: sync_mode                                                                       |
[2022-05-20 17:11:42,292] [builder.py:428]            [DEBUG]    | Value: sync                                                                                        |
[2022-05-20 17:11:42,292] [builder.py:497]            [DEBUG]    |                                                                                                    |
[2022-05-20 17:11:42,293] [builder.py:498]            [DEBUG]    | Validating Method: smart_label                                                                     |
[2022-05-20 17:11:42,293] [builder.py:503]            [DEBUG]    | Value: ordereddict([('sort_by', 'release.desc'), ('all', ordereddict([('label', '<<smart_label>>'), ('unplayed', True)]))]) |
[2022-05-20 17:11:42,788] [builder.py:588]            [DEBUG]    |                                                                                                    |
[2022-05-20 17:11:42,789] [builder.py:592]            [DEBUG]    | Validating Method: trakt_chart                                                                     |
[2022-05-20 17:11:42,789] [builder.py:593]            [DEBUG]    | Value: ordereddict([('chart', 'trending'), ('limit', 100)])                                        |
[2022-05-20 17:11:42,790] [plex_meta_manager.py:566]  [DEBUG]    | Traceback (most recent call last):                                                                 |
                                                                 |   File "//plex_meta_manager.py", line 445, in run_collection
                                                                 |     builder = CollectionBuilder(config, metadata, mapping_name, collection_attrs, library=library)
                                                                 |   File "/modules/builder.py", line 602, in __init__
                                                                 |     raise Failed(f"{self.Type} Error: {method_final} requires Trakt to be configured")
                                                                 | modules.util.Failed: Collection Error: trakt_chart requires Trakt to be configured
                                                                 | 
[2022-05-20 17:11:42,791] [plex_meta_manager.py:567]  [ERROR]    | Collection Error: trakt_chart requires Trakt to be configured
[2022-05-20 17:11:42,792] [plex_meta_manager.py:576]  [INFO]     | 
[2022-05-20 17:11:42,792] [plex_meta_manager.py:577]  [INFO]     |====================================================================================================|
[2022-05-20 17:11:42,792] [plex_meta_manager.py:577]  [INFO]     |                            Finished Trending Now (Unplayed) Collection                             |
[2022-05-20 17:11:42,792] [plex_meta_manager.py:577]  [INFO]     |                                    Collection Run Time: 0:00:00                                    |
[2022-05-20 17:11:42,793] [plex_meta_manager.py:577]  [INFO]     |====================================================================================================|
