[2022-05-21 16:46:46,575] [plex_meta_manager.py:613]  [INFO]     |====================================================================================================|
[2022-05-21 16:46:46,575] [plex_meta_manager.py:613]  [INFO]     |                                 Marvel Cinematic Universe Playlist                                 |
[2022-05-21 16:46:46,576] [plex_meta_manager.py:613]  [INFO]     |====================================================================================================|
[2022-05-21 16:46:46,576] [plex_meta_manager.py:614]  [INFO]     |                                                                                                    |
[2022-05-21 16:46:46,576] [plex_meta_manager.py:619]  [INFO]     |========================= Validating Marvel Cinematic Universe Attributes ==========================|
[2022-05-21 16:46:46,576] [builder.py:251]            [DEBUG]    |                                                                                                    |
[2022-05-21 16:46:46,577] [builder.py:252]            [DEBUG]    | Validating Method: libraries                                                                       |
[2022-05-21 16:46:46,577] [builder.py:256]            [DEBUG]    | Value: Movies, TV Shows                                                                            |
[2022-05-21 16:46:46,577] [builder.py:337]            [DEBUG]    |                                                                                                    |
[2022-05-21 16:46:46,577] [builder.py:338]            [DEBUG]    | Validating Method: sync_to_users                                                                   |
[2022-05-21 16:46:46,577] [builder.py:340]            [DEBUG]    | Value: all                                                                                         |
[2022-05-21 16:46:46,975] [builder.py:423]            [DEBUG]    |                                                                                                    |
[2022-05-21 16:46:46,976] [builder.py:424]            [DEBUG]    | Validating Method: sync_mode                                                                       |
[2022-05-21 16:46:46,976] [builder.py:428]            [DEBUG]    | Value: sync                                                                                        |
[2022-05-21 16:46:46,977] [builder.py:588]            [DEBUG]    |                                                                                                    |
[2022-05-21 16:46:46,977] [builder.py:592]            [DEBUG]    | Validating Method: trakt_list                                                                      |
[2022-05-21 16:46:46,977] [builder.py:593]            [DEBUG]    | Value: https://trakt.tv/users/donxy/lists/marvel-cinematic-universe?sort=rank,asc                  |
[2022-05-21 16:46:46,979] [plex_meta_manager.py:730]  [DEBUG]    | Traceback (most recent call last):                                                                 |
                                                                 |   File "//plex_meta_manager.py", line 621, in run_playlists
                                                                 |     builder = CollectionBuilder(config, playlist_file, mapping_name, playlist_attrs)
                                                                 |   File "/modules/builder.py", line 602, in __init__
                                                                 |     raise Failed(f"{self.Type} Error: {method_final} requires Trakt to be configured")
                                                                 | modules.util.Failed: Playlist Error: trakt_list requires Trakt to be configured
                                                                 | 
[2022-05-21 16:46:46,980] [plex_meta_manager.py:731]  [ERROR]    | Playlist Error: trakt_list requires Trakt to be configured
[2022-05-21 16:46:46,981] [plex_meta_manager.py:740]  [INFO]     | 
[2022-05-21 16:46:46,981] [plex_meta_manager.py:741]  [INFO]     |====================================================================================================|
[2022-05-21 16:46:46,981] [plex_meta_manager.py:741]  [INFO]     |                            Finished Marvel Cinematic Universe Playlist                             |
[2022-05-21 16:46:46,981] [plex_meta_manager.py:741]  [INFO]     |                                     Playlist Run Time: 0:00:00                                     |
[2022-05-21 16:46:46,982] [plex_meta_manager.py:741]  [INFO]     |====================================================================================================|
