[2022-05-26 02:14:54,142] [plex_meta_manager.py:437]  [INFO]     |====================================================================================================|
[2022-05-26 02:14:54,143] [plex_meta_manager.py:437]  [INFO]     |                        Planet of the apes (Originial) Collection in Movies                         |
[2022-05-26 02:14:54,143] [plex_meta_manager.py:437]  [INFO]     |====================================================================================================|
[2022-05-26 02:14:54,143] [plex_meta_manager.py:438]  [INFO]     |                                                                                                    |
[2022-05-26 02:14:54,143] [plex_meta_manager.py:443]  [INFO]     |======================= Validating Planet of the apes (Originial) Attributes =======================|
[2022-05-26 02:14:54,144] [builder.py:241]            [DEBUG]    |                                                                                                    |
[2022-05-26 02:14:54,144] [builder.py:242]            [DEBUG]    | Validating Method: template                                                                        |
[2022-05-26 02:14:54,144] [meta.py:109]               [DEBUG]    | Value: ordereddict([('name', 'Franchise'), ('poster', 'https://theposterdb.com/api/assets/21715')]) |
[2022-05-26 02:14:54,145] [builder.py:359]            [DEBUG]    |                                                                                                    |
[2022-05-26 02:14:54,145] [builder.py:360]            [DEBUG]    | Validating Method: delete_not_scheduled                                                            |
[2022-05-26 02:14:54,145] [builder.py:361]            [DEBUG]    | Value: True                                                                                        |
[2022-05-26 02:14:54,146] [builder.py:402]            [DEBUG]    |                                                                                                    |
[2022-05-26 02:14:54,146] [builder.py:403]            [DEBUG]    | Validating Method: run_again                                                                       |
[2022-05-26 02:14:54,146] [builder.py:404]            [DEBUG]    | Value: True                                                                                        |
[2022-05-26 02:14:54,146] [builder.py:423]            [DEBUG]    |                                                                                                    |
[2022-05-26 02:14:54,146] [builder.py:424]            [DEBUG]    | Validating Method: sync_mode                                                                       |
[2022-05-26 02:14:54,147] [builder.py:428]            [DEBUG]    | Value: sync                                                                                        |
[2022-05-26 02:14:54,147] [builder.py:570]            [DEBUG]    |                                                                                                    |
[2022-05-26 02:14:54,147] [builder.py:571]            [DEBUG]    | Validating Method: collection_order                                                                |
[2022-05-26 02:14:54,147] [builder.py:572]            [DEBUG]    | Value: release                                                                                     |
[2022-05-26 02:14:54,147] [builder.py:588]            [DEBUG]    |                                                                                                    |
[2022-05-26 02:14:54,148] [builder.py:592]            [DEBUG]    | Validating Method: sort_title                                                                      |
[2022-05-26 02:14:54,148] [builder.py:593]            [DEBUG]    | Value: +++++PlanetOfTheApesOld                                                                     |
[2022-05-26 02:14:54,148] [builder.py:588]            [DEBUG]    |                                                                                                    |
[2022-05-26 02:14:54,148] [builder.py:592]            [DEBUG]    | Validating Method: trakt_list                                                                      |
[2022-05-26 02:14:54,149] [builder.py:593]            [DEBUG]    | Value: ['https://trakt.tv/users/franco45/lists/planet-of-the-apes?sort=rank,asc']                  |
[2022-05-26 02:14:54,269] [builder.py:588]            [DEBUG]    |                                                                                                    |
[2022-05-26 02:14:54,269] [builder.py:592]            [DEBUG]    | Validating Method: summary                                                                         |
[2022-05-26 02:14:54,269] [builder.py:593]            [DEBUG]    | Value: The original 5 classic films collection.                                                    |
[2022-05-26 02:14:54,270] [builder.py:588]            [DEBUG]    |                                                                                                    |
[2022-05-26 02:14:54,270] [builder.py:592]            [DEBUG]    | Validating Method: url_poster                                                                      |
[2022-05-26 02:14:54,270] [builder.py:593]            [DEBUG]    | Value: https://theposterdb.com/api/assets/21715                                                    |
[2022-05-26 02:14:54,270] [builder.py:588]            [DEBUG]    |                                                                                                    |
[2022-05-26 02:14:54,271] [builder.py:592]            [DEBUG]    | Validating Method: visible_home                                                                    |
[2022-05-26 02:14:54,271] [builder.py:593]            [DEBUG]    | Value: True                                                                                        |
[2022-05-26 02:14:54,271] [builder.py:588]            [DEBUG]    |                                                                                                    |
[2022-05-26 02:14:54,271] [builder.py:592]            [DEBUG]    | Validating Method: visible_shared                                                                  |
[2022-05-26 02:14:54,272] [builder.py:593]            [DEBUG]    | Value: True                                                                                        |
[2022-05-26 02:14:56,242] [builder.py:749]            [INFO]     |                                                                                                    |
[2022-05-26 02:14:56,243] [builder.py:750]            [INFO]     | Validation Successful                                                                              |
[2022-05-26 02:14:56,243] [plex_meta_manager.py:447]  [INFO]     |                                                                                                    |
[2022-05-26 02:14:56,244] [plex_meta_manager.py:449]  [INFO]     |======================== Running Planet of the apes (Originial) Collection =========================|
[2022-05-26 02:14:56,244] [plex_meta_manager.py:461]  [INFO]     |                                                                                                    |
[2022-05-26 02:14:56,244] [plex_meta_manager.py:462]  [INFO]     | Sync Mode: sync                                                                                    |
[2022-05-26 02:14:56,244] [plex_meta_manager.py:472]  [DEBUG]    |                                                                                                    |
[2022-05-26 02:14:56,245] [plex_meta_manager.py:473]  [DEBUG]    | Builder: trakt_list: https://trakt.tv/users/franco45/lists/planet-of-the-apes?sort=rank,asc        |
[2022-05-26 02:14:56,245] [plex_meta_manager.py:474]  [INFO]     |                                                                                                    |
[2022-05-26 02:14:56,245] [trakt.py:393]              [INFO]     | Processing Trakt List: https://trakt.tv/users/franco45/lists/planet-of-the-apes?sort=rank,asc      |
[2022-05-26 02:14:56,353] [builder.py:1424]           [DEBUG]    |                                                                                                    |
[2022-05-26 02:14:56,353] [builder.py:1425]           [DEBUG]    | 5 IDs Found: [(871, 'tmdb'), (1685, 'tmdb'), (372284, 'tmdb'), (1688, 'tmdb'), (1687, 'tmdb')]     |
[2022-05-26 02:14:56,353] [builder.py:1426]           [DEBUG]    |                                                                                                    |
[2022-05-26 02:14:56,714] [builder.py:1892]           [INFO]     |                                                                                                    |
[2022-05-26 02:14:56,715] [builder.py:1893]           [INFO]     |======================= Adding to Planet of the apes (Originial) Collection ========================|
[2022-05-26 02:14:56,715] [builder.py:1894]           [INFO]     |                                                                                                    |
[2022-05-26 02:14:56,715] [builder.py:1908]           [INFO]     | 1/4 | Planet of the apes (Originial) Collection | = | Planet of the Apes (1968)                    |
[2022-05-26 02:14:56,716] [builder.py:1908]           [INFO]     | 2/4 | Planet of the apes (Originial) Collection | = | Beneath the Planet of the Apes (1970)        |
[2022-05-26 02:14:56,716] [builder.py:1908]           [INFO]     | 3/4 | Planet of the apes (Originial) Collection | = | Conquest of the Planet of the Apes (1972)    |
[2022-05-26 02:14:56,716] [builder.py:1908]           [INFO]     | 4/4 | Planet of the apes (Originial) Collection | = | Escape from the Planet of the Apes (1971)    |
[2022-05-26 02:14:56,716] [builder.py:1933]           [INFO]     |                                                                                                    |
[2022-05-26 02:14:56,717] [builder.py:1934]           [INFO]     | 4 Movies Processed                                                                                 |
[2022-05-26 02:14:56,717] [builder.py:2171]           [INFO]     |                                                                                                    |
[2022-05-26 02:14:56,717] [builder.py:2172]           [INFO]     |=============================== Missing Movies from Library: Movies ================================|
[2022-05-26 02:14:56,717] [builder.py:2173]           [INFO]     |                                                                                                    |
[2022-05-26 02:14:56,940] [builder.py:2185]           [INFO]     | Planet of the apes (Originial) Collection | ? | Back to the Planet of the Apes (1980) (TMDb: 372284) |
[2022-05-26 02:14:56,941] [builder.py:2189]           [INFO]     |                                                                                                    |
[2022-05-26 02:14:56,941] [builder.py:2190]           [INFO]     | 1 Movie Missing                                                                                    |
[2022-05-26 02:14:57,054] [builder.py:2410]           [INFO]     |                                                                                                    |
[2022-05-26 02:14:57,054] [builder.py:2411]           [INFO]     |================== Updating Details of Planet of the apes (Originial) Collection ===================|
[2022-05-26 02:14:57,054] [builder.py:2412]           [INFO]     |                                                                                                    |
[2022-05-26 02:14:57,054] [builder.py:2418]           [INFO]     | Detail: summary will update Collection Summary                                                     |
[2022-05-26 02:14:57,055] [builder.py:2473]           [INFO]     | Collection Metadata Edits                                                                          |
                                                                 | 
[2022-05-26 02:14:57,573] [builder.py:2477]           [INFO]     | Details: have been updated
[2022-05-26 02:14:57,573] [builder.py:2480]           [INFO]     | 
[2022-05-26 02:14:57,610] [builder.py:2532]           [DEBUG]    | 1 posters found:
[2022-05-26 02:14:57,610] [builder.py:2534]           [DEBUG]    | Method: url_poster Poster: https://theposterdb.com/api/assets/21715
[2022-05-26 02:14:57,610] [builder.py:2601]           [INFO]     | No background collection detail or asset folder found
[2022-05-26 02:14:58,463] [library.py:141]            [INFO]     | Detail: url_poster updated poster to [URL] https://theposterdb.com/api/assets/21715
[2022-05-26 02:15:00,223] [plex_meta_manager.py:576]  [INFO]     | 
[2022-05-26 02:15:00,223] [plex_meta_manager.py:577]  [INFO]     |====================================================================================================|
[2022-05-26 02:15:00,224] [plex_meta_manager.py:577]  [INFO]     |                         Finished Planet of the apes (Originial) Collection                         |
[2022-05-26 02:15:00,224] [plex_meta_manager.py:577]  [INFO]     |                                    Collection Run Time: 0:00:06                                    |
[2022-05-26 02:15:00,224] [plex_meta_manager.py:577]  [INFO]     |====================================================================================================|
