[2022-05-20 17:10:20,992] [plex_meta_manager.py:437]  [INFO]     |====================================================================================================|
[2022-05-20 17:10:20,992] [plex_meta_manager.py:437]  [INFO]     |                             TMDb Weekly Trending Collection in Movies                              |
[2022-05-20 17:10:20,992] [plex_meta_manager.py:437]  [INFO]     |====================================================================================================|
[2022-05-20 17:10:20,992] [plex_meta_manager.py:438]  [INFO]     |                                                                                                    |
[2022-05-20 17:10:20,993] [plex_meta_manager.py:443]  [INFO]     |============================ Validating TMDb Weekly Trending Attributes ============================|
[2022-05-20 17:10:20,993] [builder.py:365]            [DEBUG]    |                                                                                                    |
[2022-05-20 17:10:20,993] [builder.py:366]            [DEBUG]    | Validating Method: schedule                                                                        |
[2022-05-20 17:10:20,993] [builder.py:370]            [DEBUG]    | Value: daily                                                                                       |
[2022-05-20 17:10:20,993] [builder.py:423]            [DEBUG]    |                                                                                                    |
[2022-05-20 17:10:20,993] [builder.py:424]            [DEBUG]    | Validating Method: sync_mode                                                                       |
[2022-05-20 17:10:20,994] [builder.py:428]            [DEBUG]    | Value: sync                                                                                        |
[2022-05-20 17:10:20,994] [builder.py:570]            [DEBUG]    |                                                                                                    |
[2022-05-20 17:10:20,994] [builder.py:571]            [DEBUG]    | Validating Method: collection_order                                                                |
[2022-05-20 17:10:20,994] [builder.py:572]            [DEBUG]    | Value: custom                                                                                      |
[2022-05-20 17:10:20,994] [builder.py:588]            [DEBUG]    |                                                                                                    |
[2022-05-20 17:10:20,994] [builder.py:592]            [DEBUG]    | Validating Method: tmdb_trending_weekly                                                            |
[2022-05-20 17:10:20,995] [builder.py:593]            [DEBUG]    | Value: 30                                                                                          |
[2022-05-20 17:10:20,995] [builder.py:588]            [DEBUG]    |                                                                                                    |
[2022-05-20 17:10:20,995] [builder.py:592]            [DEBUG]    | Validating Method: collection_mode                                                                 |
[2022-05-20 17:10:20,995] [builder.py:593]            [DEBUG]    | Value: default                                                                                     |
[2022-05-20 17:10:20,995] [builder.py:588]            [DEBUG]    |                                                                                                    |
[2022-05-20 17:10:20,995] [builder.py:592]            [DEBUG]    | Validating Method: sort_title                                                                      |
[2022-05-20 17:10:20,995] [builder.py:593]            [DEBUG]    | Value: *103                                                                                        |
[2022-05-20 17:10:21,032] [plex.py:721]               [DEBUG]    |                                                                                                    |
[2022-05-20 17:10:21,032] [plex.py:724]               [DEBUG]    | Looking for: TMDb Weekly Trending                                                                  |
[2022-05-20 17:10:21,032] [builder.py:749]            [INFO]     |                                                                                                    |
[2022-05-20 17:10:21,032] [builder.py:750]            [INFO]     | Validation Successful                                                                              |
[2022-05-20 17:10:21,037] [plex_meta_manager.py:447]  [INFO]     |                                                                                                    |
[2022-05-20 17:10:21,037] [plex_meta_manager.py:449]  [INFO]     |============================= Running TMDb Weekly Trending Collection ==============================|
[2022-05-20 17:10:21,038] [plex_meta_manager.py:461]  [INFO]     |                                                                                                    |
[2022-05-20 17:10:21,038] [plex_meta_manager.py:462]  [INFO]     | Sync Mode: sync                                                                                    |
[2022-05-20 17:10:21,038] [plex_meta_manager.py:472]  [DEBUG]    |                                                                                                    |
[2022-05-20 17:10:21,038] [plex_meta_manager.py:473]  [DEBUG]    | Builder: tmdb_trending_weekly: 30                                                                  |
[2022-05-20 17:10:21,038] [plex_meta_manager.py:474]  [INFO]     |                                                                                                    |
[2022-05-20 17:10:21,258] [tmdb.py:310]               [INFO]     | Processing TMDb Trending Weekly: 30 Movies                                                         |
[2022-05-20 17:10:21,258] [builder.py:1424]           [DEBUG]    |                                                                                                    |
[2022-05-20 17:10:21,258] [builder.py:1425]           [DEBUG]    | 30 IDs Found: [(526896, 'tmdb'), (639933, 'tmdb'), (453395, 'tmdb'), (414906, 'tmdb'), (752623, 'tmdb'), (675353, 'tmdb'), (335787, 'tmdb'), (545611, 'tmdb'), (338953, 'tmdb'), (634649, 'tmdb'), (629542, 'tmdb'), (532710, 'tmdb'), (829557, 'tmdb'), (661231, 'tmdb'), (800937, 'tmdb'), (763285, 'tmdb'), (818397, 'tmdb'), (406759, 'tmdb'), (785985, 'tmdb'), (756187, 'tmdb'), (361743, 'tmdb'), (420821, 'tmdb'), (508947, 'tmdb'), (923597, 'tmdb'), (284052, 'tmdb'), (505026, 'tmdb'), (934761, 'tmdb'), (299534, 'tmdb'), (962697, 'tmdb'), (664413, 'tmdb')] |
[2022-05-20 17:10:21,259] [builder.py:1426]           [DEBUG]    |                                                                                                    |
[2022-05-20 17:10:22,981] [builder.py:1892]           [INFO]     |                                                                                                    |
[2022-05-20 17:10:22,982] [builder.py:1893]           [INFO]     |============================ Adding to TMDb Weekly Trending Collection =============================|
[2022-05-20 17:10:22,982] [builder.py:1894]           [INFO]     |                                                                                                    |
[2022-05-20 17:10:22,982] [builder.py:1908]           [INFO]     |  1/22 | TMDb Weekly Trending Collection | + | Morbius (2022)                                       |
[2022-05-20 17:10:24,327] [builder.py:1908]           [INFO]     |  2/22 | TMDb Weekly Trending Collection | + | The Northman (2022)                                  |
[2022-05-20 17:10:25,742] [builder.py:1908]           [INFO]     |  3/22 | TMDb Weekly Trending Collection | + | The Batman (2022)                                    |
[2022-05-20 17:10:26,978] [builder.py:1908]           [INFO]     |  4/22 | TMDb Weekly Trending Collection | + | The Lost City (2022)                                 |
[2022-05-20 17:10:28,269] [builder.py:1908]           [INFO]     |  5/22 | TMDb Weekly Trending Collection | + | Uncharted (2022)                                     |
[2022-05-20 17:10:29,459] [builder.py:1908]           [INFO]     |  6/22 | TMDb Weekly Trending Collection | + | Everything Everywhere All at Once (2022)             |
[2022-05-20 17:10:30,708] [builder.py:1908]           [INFO]     |  7/22 | TMDb Weekly Trending Collection | + | Fantastic Beasts: The Secrets of Dumbledore (2022)   |
[2022-05-20 17:10:31,930] [builder.py:1908]           [INFO]     |  8/22 | TMDb Weekly Trending Collection | + | Spider-Man: No Way Home (2021)                       |
[2022-05-20 17:10:33,115] [builder.py:1908]           [INFO]     |  9/22 | TMDb Weekly Trending Collection | + | Firestarter (2022)                                   |
[2022-05-20 17:10:35,530] [builder.py:1908]           [INFO]     | 10/22 | TMDb Weekly Trending Collection | + | 365 Days: This Day (2022)                            |
[2022-05-20 17:10:36,924] [builder.py:1908]           [INFO]     | 11/22 | TMDb Weekly Trending Collection | + | Operation Mincemeat (2021)                           |
[2022-05-20 17:10:39,061] [builder.py:1908]           [INFO]     | 12/22 | TMDb Weekly Trending Collection | + | Senior Year (2022)                                   |
[2022-05-20 17:10:41,003] [builder.py:1908]           [INFO]     | 13/22 | TMDb Weekly Trending Collection | + | Ambulance (2022)                                     |
[2022-05-20 17:10:42,189] [builder.py:1908]           [INFO]     | 14/22 | TMDb Weekly Trending Collection | + | Memory (2022)                                        |
[2022-05-20 17:10:44,596] [builder.py:1908]           [INFO]     | 15/22 | TMDb Weekly Trending Collection | + | Moonfall (2022)                                      |
[2022-05-20 17:10:45,830] [builder.py:1908]           [INFO]     | 16/22 | TMDb Weekly Trending Collection | + | Chip 'n' Dale: Rescue Rangers (2022)                 |
[2022-05-20 17:10:48,079] [builder.py:1908]           [INFO]     | 17/22 | TMDb Weekly Trending Collection | + | Eraser: Reborn (2022)                                |
[2022-05-20 17:10:50,307] [builder.py:1908]           [INFO]     | 18/22 | TMDb Weekly Trending Collection | + | Doctor Strange (2016)                                |
[2022-05-20 17:10:51,673] [builder.py:1908]           [INFO]     | 19/22 | TMDb Weekly Trending Collection | + | Death on the Nile (2022)                             |
[2022-05-20 17:10:54,373] [builder.py:1908]           [INFO]     | 20/22 | TMDb Weekly Trending Collection | + | Avengers: Endgame (2019)                             |
[2022-05-20 17:10:55,676] [builder.py:1908]           [INFO]     | 21/22 | TMDb Weekly Trending Collection | + | Our Father (2022)                                    |
[2022-05-20 17:10:58,045] [builder.py:1908]           [INFO]     | 22/22 | TMDb Weekly Trending Collection | + | 365 Days (2020)                                      |
[2022-05-20 17:11:00,654] [builder.py:1933]           [INFO]     |                                                                                                    |
[2022-05-20 17:11:00,654] [builder.py:1934]           [INFO]     | 22 Movies Processed                                                                                |
[2022-05-20 17:11:00,655] [builder.py:2171]           [INFO]     |                                                                                                    |
[2022-05-20 17:11:00,655] [builder.py:2172]           [INFO]     |=============================== Missing Movies from Library: Movies ================================|
[2022-05-20 17:11:00,656] [builder.py:2173]           [INFO]     |                                                                                                    |
[2022-05-20 17:11:00,661] [builder.py:2185]           [INFO]     | TMDb Weekly Trending Collection | ? | Doctor Strange in the Multiverse of Madness (2022) (TMDb: 453395) |
[2022-05-20 17:11:00,666] [builder.py:2185]           [INFO]     | TMDb Weekly Trending Collection | ? | Sonic the Hedgehog 2 (2022) (TMDb: 675353)                   |
[2022-05-20 17:11:00,671] [builder.py:2185]           [INFO]     | TMDb Weekly Trending Collection | ? | The Bad Guys (2022) (TMDb: 629542)                           |
[2022-05-20 17:11:00,681] [builder.py:2185]           [INFO]     | TMDb Weekly Trending Collection | ? | The Takedown (2022) (TMDb: 785985)                           |
[2022-05-20 17:11:01,044] [builder.py:2185]           [INFO]     | TMDb Weekly Trending Collection | ? | Sneakerella (2022) (TMDb: 756187)                            |
[2022-05-20 17:11:01,157] [builder.py:2185]           [INFO]     | TMDb Weekly Trending Collection | ? | Top Gun: Maverick (2022) (TMDb: 361743)                      |
[2022-05-20 17:11:01,163] [builder.py:2185]           [INFO]     | TMDb Weekly Trending Collection | ? | Turning Red (2022) (TMDb: 508947)                            |
[2022-05-20 17:11:01,536] [builder.py:2185]           [INFO]     | TMDb Weekly Trending Collection | ? | A Perfect Pairing (2022) (TMDb: 934761)                      |
[2022-05-20 17:11:01,537] [builder.py:2189]           [INFO]     |                                                                                                    |
[2022-05-20 17:11:01,537] [builder.py:2190]           [INFO]     | 8 Movies Missing                                                                                   |
[2022-05-20 17:11:01,602] [builder.py:2410]           [INFO]     |                                                                                                    |
[2022-05-20 17:11:01,603] [builder.py:2411]           [INFO]     |======================= Updating Details of TMDb Weekly Trending Collection ========================|
[2022-05-20 17:11:01,603] [builder.py:2412]           [INFO]     |                                                                                                    |
[2022-05-20 17:11:01,604] [builder.py:2473]           [INFO]     | Collection Metadata Edits                                                                          |
                                                                 | Sort Title | *103
                                                                 | 
[2022-05-20 17:11:01,968] [builder.py:2477]           [INFO]     | Details: have been updated
[2022-05-20 17:11:01,969] [builder.py:2480]           [INFO]     | 
[2022-05-20 17:11:03,490] [builder.py:2492]           [INFO]     | Collection Order | custom
[2022-05-20 17:11:03,491] [builder.py:2568]           [INFO]     | No poster collection detail or asset folder found
[2022-05-20 17:11:03,491] [builder.py:2601]           [INFO]     | No background collection detail or asset folder found
[2022-05-20 17:11:04,127] [builder.py:2612]           [INFO]     | 
[2022-05-20 17:11:04,128] [builder.py:2613]           [INFO]     |============================= Sorting TMDb Weekly Trending Collection ==============================|
[2022-05-20 17:11:04,128] [builder.py:2614]           [INFO]     |                                                                                                    |
[2022-05-20 17:11:04,128] [builder.py:2630]           [INFO]     | Moving Morbius (2022) to the beginning                                                             |
[2022-05-20 17:11:04,677] [builder.py:2630]           [INFO]     | Moving The Northman (2022) after Morbius (2022)                                                    |
[2022-05-20 17:11:05,120] [builder.py:2630]           [INFO]     | Moving The Batman (2022) after The Northman (2022)                                                 |
[2022-05-20 17:11:05,539] [builder.py:2630]           [INFO]     | Moving The Lost City (2022) after The Batman (2022)                                                |
[2022-05-20 17:11:05,966] [builder.py:2630]           [INFO]     | Moving Uncharted (2022) after The Lost City (2022)                                                 |
[2022-05-20 17:11:06,461] [builder.py:2630]           [INFO]     | Moving Everything Everywhere All at Once (2022) after Uncharted (2022)                             |
[2022-05-20 17:11:07,085] [builder.py:2630]           [INFO]     | Moving Fantastic Beasts: The Secrets of Dumbledore (2022) after Everything Everywhere All at Once (2022) |
[2022-05-20 17:11:07,727] [builder.py:2630]           [INFO]     | Moving Spider-Man: No Way Home (2021) after Fantastic Beasts: The Secrets of Dumbledore (2022)     |
[2022-05-20 17:11:08,276] [builder.py:2630]           [INFO]     | Moving Firestarter (2022) after Spider-Man: No Way Home (2021)                                     |
[2022-05-20 17:11:08,791] [builder.py:2630]           [INFO]     | Moving Operation Mincemeat (2021) after 365 Days: This Day (2022)                                  |
[2022-05-20 17:11:09,368] [builder.py:2630]           [INFO]     | Moving Senior Year (2022) after Operation Mincemeat (2021)                                         |
[2022-05-20 17:11:10,104] [builder.py:2630]           [INFO]     | Moving Ambulance (2022) after Senior Year (2022)                                                   |
[2022-05-20 17:11:10,670] [builder.py:2630]           [INFO]     | Moving Memory (2022) after Ambulance (2022)                                                        |
[2022-05-20 17:11:11,324] [builder.py:2630]           [INFO]     | Moving Moonfall (2022) after Memory (2022)                                                         |
[2022-05-20 17:11:11,882] [builder.py:2630]           [INFO]     | Moving Chip 'n' Dale: Rescue Rangers (2022) after Moonfall (2022)                                  |
[2022-05-20 17:11:12,540] [builder.py:2630]           [INFO]     | Moving Eraser: Reborn (2022) after Chip 'n' Dale: Rescue Rangers (2022)                            |
[2022-05-20 17:11:13,106] [builder.py:2630]           [INFO]     | Moving Doctor Strange (2016) after Eraser: Reborn (2022)                                           |
[2022-05-20 17:11:13,620] [builder.py:2630]           [INFO]     | Moving Death on the Nile (2022) after Doctor Strange (2016)                                        |
[2022-05-20 17:11:14,099] [builder.py:2630]           [INFO]     | Moving Avengers: Endgame (2019) after Death on the Nile (2022)                                     |
[2022-05-20 17:11:14,677] [builder.py:2630]           [INFO]     | Moving Our Father (2022) after Avengers: Endgame (2019)                                            |
[2022-05-20 17:11:15,251] [builder.py:2630]           [INFO]     | Moving 365 Days (2020) after Our Father (2022)                                                     |
[2022-05-20 17:11:16,037] [plex_meta_manager.py:576]  [INFO]     |                                                                                                    |
[2022-05-20 17:11:16,037] [plex_meta_manager.py:577]  [INFO]     |====================================================================================================|
[2022-05-20 17:11:16,038] [plex_meta_manager.py:577]  [INFO]     |                              Finished TMDb Weekly Trending Collection                              |
[2022-05-20 17:11:16,038] [plex_meta_manager.py:577]  [INFO]     |                                    Collection Run Time: 0:00:55                                    |
[2022-05-20 17:11:16,038] [plex_meta_manager.py:577]  [INFO]     |====================================================================================================|
