[2022-05-20 17:33:10,221] [plex_meta_manager.py:437]  [INFO]     |====================================================================================================|
[2022-05-20 17:33:10,221] [plex_meta_manager.py:437]  [INFO]     |                                     Hulu Collection in Movies                                      |
[2022-05-20 17:33:10,221] [plex_meta_manager.py:437]  [INFO]     |====================================================================================================|
[2022-05-20 17:33:10,221] [plex_meta_manager.py:438]  [INFO]     |                                                                                                    |
[2022-05-20 17:33:10,221] [plex_meta_manager.py:443]  [INFO]     |==================================== Validating Hulu Attributes ====================================|
[2022-05-20 17:33:10,221] [builder.py:365]            [DEBUG]    |                                                                                                    |
[2022-05-20 17:33:10,222] [builder.py:366]            [DEBUG]    | Validating Method: schedule                                                                        |
[2022-05-20 17:33:10,222] [builder.py:370]            [DEBUG]    | Value: daily                                                                                       |
[2022-05-20 17:33:10,222] [builder.py:423]            [DEBUG]    |                                                                                                    |
[2022-05-20 17:33:10,222] [builder.py:424]            [DEBUG]    | Validating Method: sync_mode                                                                       |
[2022-05-20 17:33:10,222] [builder.py:428]            [DEBUG]    | Value: sync                                                                                        |
[2022-05-20 17:33:10,222] [builder.py:570]            [DEBUG]    |                                                                                                    |
[2022-05-20 17:33:10,222] [builder.py:571]            [DEBUG]    | Validating Method: collection_order                                                                |
[2022-05-20 17:33:10,223] [builder.py:572]            [DEBUG]    | Value: release                                                                                     |
[2022-05-20 17:33:10,223] [builder.py:588]            [DEBUG]    |                                                                                                    |
[2022-05-20 17:33:10,223] [builder.py:592]            [DEBUG]    | Validating Method: imdb_list                                                                       |
[2022-05-20 17:33:10,223] [builder.py:593]            [DEBUG]    | Value: https://www.imdb.com/list/ls084378943                                                       |
[2022-05-20 17:33:12,329] [builder.py:588]            [DEBUG]    |                                                                                                    |
[2022-05-20 17:33:12,333] [builder.py:592]            [DEBUG]    | Validating Method: collection_mode                                                                 |
[2022-05-20 17:33:12,333] [builder.py:593]            [DEBUG]    | Value: default                                                                                     |
[2022-05-20 17:33:12,333] [builder.py:588]            [DEBUG]    |                                                                                                    |
[2022-05-20 17:33:12,333] [builder.py:592]            [DEBUG]    | Validating Method: sort_title                                                                      |
[2022-05-20 17:33:12,334] [builder.py:593]            [DEBUG]    | Value: *604                                                                                        |
[2022-05-20 17:33:12,372] [plex.py:721]               [DEBUG]    |                                                                                                    |
[2022-05-20 17:33:12,372] [plex.py:724]               [DEBUG]    | Looking for: Hulu                                                                                  |
[2022-05-20 17:33:12,372] [builder.py:749]            [INFO]     |                                                                                                    |
[2022-05-20 17:33:12,372] [builder.py:750]            [INFO]     | Validation Successful                                                                              |
[2022-05-20 17:33:12,378] [plex_meta_manager.py:447]  [INFO]     |                                                                                                    |
[2022-05-20 17:33:12,378] [plex_meta_manager.py:449]  [INFO]     |===================================== Running Hulu Collection ======================================|
[2022-05-20 17:33:12,378] [plex_meta_manager.py:461]  [INFO]     |                                                                                                    |
[2022-05-20 17:33:12,379] [plex_meta_manager.py:462]  [INFO]     | Sync Mode: sync                                                                                    |
[2022-05-20 17:33:12,379] [plex_meta_manager.py:472]  [DEBUG]    |                                                                                                    |
[2022-05-20 17:33:12,379] [plex_meta_manager.py:473]  [DEBUG]    | Builder: imdb_list: {'url': 'https://www.imdb.com/list/ls084378943', 'limit': 0}                   |
[2022-05-20 17:33:12,379] [plex_meta_manager.py:474]  [INFO]     |                                                                                                    |
[2022-05-20 17:33:12,379] [imdb.py:176]               [INFO]     | Processing IMDb List: https://www.imdb.com/list/ls084378943                                        |
[2022-05-20 17:33:17,421] [imdb.py:127]               [DEBUG]    | 32 IMDb IDs Found: ['tt7390588', 'tt5913798', 'tt3824648', 'tt9484998', 'tt10994688', 'tt11242218', 'tt4798836', 'tt8633478', 'tt8522006', 'tt11268742', 'tt8521718', 'tt7638348', 'tt6067832', 'tt6110504', 'tt6794450', 'tt7544820', 'tt7179102', 'tt5852632', 'tt7259104', 'tt8226078', 'tt7476236', 'tt7689908', 'tt7843600', 'tt9353586', 'tt9358084', 'tt8499102', 'tt9358228', 'tt11197082', 'tt11426644', 'tt10394738', 'tt13473640', 'tt11916302'] |
[2022-05-20 17:33:17,421] [builder.py:1424]           [DEBUG]    |                                                                                                    |
[2022-05-20 17:33:17,421] [builder.py:1425]           [DEBUG]    | 32 IDs Found: [('tt7390588', 'imdb'), ('tt5913798', 'imdb'), ('tt3824648', 'imdb'), ('tt9484998', 'imdb'), ('tt10994688', 'imdb'), ('tt11242218', 'imdb'), ('tt4798836', 'imdb'), ('tt8633478', 'imdb'), ('tt8522006', 'imdb'), ('tt11268742', 'imdb'), ('tt8521718', 'imdb'), ('tt7638348', 'imdb'), ('tt6067832', 'imdb'), ('tt6110504', 'imdb'), ('tt6794450', 'imdb'), ('tt7544820', 'imdb'), ('tt7179102', 'imdb'), ('tt5852632', 'imdb'), ('tt7259104', 'imdb'), ('tt8226078', 'imdb'), ('tt7476236', 'imdb'), ('tt7689908', 'imdb'), ('tt7843600', 'imdb'), ('tt9353586', 'imdb'), ('tt9358084', 'imdb'), ('tt8499102', 'imdb'), ('tt9358228', 'imdb'), ('tt11197082', 'imdb'), ('tt11426644', 'imdb'), ('tt10394738', 'imdb'), ('tt13473640', 'imdb'), ('tt11916302', 'imdb')] |
[2022-05-20 17:33:17,422] [builder.py:1426]           [DEBUG]    |                                                                                                    |
[2022-05-20 17:33:19,949] [builder.py:1892]           [INFO]     |                                                                                                    |
[2022-05-20 17:33:19,953] [builder.py:1893]           [INFO]     |==================================== Adding to Hulu Collection =====================================|
[2022-05-20 17:33:19,953] [builder.py:1894]           [INFO]     |                                                                                                    |
[2022-05-20 17:33:19,953] [builder.py:1908]           [INFO]     |  1/25 | Hulu Collection | + | Little Monsters (2019)                                               |
[2022-05-20 17:33:22,394] [builder.py:1908]           [INFO]     |  2/25 | Hulu Collection | + | Big Time Adolescence (2019)                                          |
[2022-05-20 17:33:25,019] [builder.py:1908]           [INFO]     |  3/25 | Hulu Collection | + | Palm Springs (2020)                                                  |
[2022-05-20 17:33:27,618] [builder.py:1908]           [INFO]     |  4/25 | Hulu Collection | + | The Binge (2020)                                                     |
[2022-05-20 17:33:30,034] [builder.py:1908]           [INFO]     |  5/25 | Hulu Collection | + | Books of Blood (2020)                                                |
[2022-05-20 17:33:32,502] [builder.py:1908]           [INFO]     |  6/25 | Hulu Collection | + | Bad Hair (2020)                                                      |
[2022-05-20 17:33:35,098] [builder.py:1908]           [INFO]     |  7/25 | Hulu Collection | + | Run (2020)                                                           |
[2022-05-20 17:33:37,688] [builder.py:1908]           [INFO]     |  8/25 | Hulu Collection | + | Happiest Season (2020)                                               |
[2022-05-20 17:33:40,366] [builder.py:1908]           [INFO]     |  9/25 | Hulu Collection | + | The Ultimate Playlist of Noise (2021)                                |
[2022-05-20 17:33:42,808] [builder.py:1908]           [INFO]     | 10/25 | Hulu Collection | + | The United States vs. Billie Holiday (2021)                          |
[2022-05-20 17:33:45,668] [builder.py:1908]           [INFO]     | 11/25 | Hulu Collection | + | Boss Level (2020)                                                    |
[2022-05-20 17:33:48,314] [builder.py:1908]           [INFO]     | 12/25 | Hulu Collection | + | Batman & Bill (2017)                                                 |
[2022-05-20 17:33:50,437] [builder.py:1908]           [INFO]     | 13/25 | Hulu Collection | + | Too Funny to Fail: The Life & Death of The Dana Carvey Show (2017)   |
[2022-05-20 17:33:52,621] [builder.py:1908]           [INFO]     | 14/25 | Hulu Collection | + | Ballet Now (2018)                                                    |
[2022-05-20 17:33:54,948] [builder.py:1908]           [INFO]     | 15/25 | Hulu Collection | + | Minding the Gap (2018)                                               |
[2022-05-20 17:33:57,432] [builder.py:1908]           [INFO]     | 16/25 | Hulu Collection | + | Fyre Fraud (2019)                                                    |
[2022-05-20 17:33:59,786] [builder.py:1908]           [INFO]     | 17/25 | Hulu Collection | + | Ask Dr. Ruth (2019)                                                  |
[2022-05-20 17:34:02,053] [builder.py:1908]           [INFO]     | 18/25 | Hulu Collection | + | The Amazing Johnathan Documentary (2019)                             |
[2022-05-20 17:34:04,593] [builder.py:1908]           [INFO]     | 19/25 | Hulu Collection | + | Jawline (2019)                                                       |
[2022-05-20 17:34:06,988] [builder.py:1908]           [INFO]     | 20/25 | Hulu Collection | + | Untouchable (2019)                                                   |
[2022-05-20 17:34:09,584] [builder.py:1908]           [INFO]     | 21/25 | Hulu Collection | + | Margaret Atwood: A Word after a Word after a Word is Power (2019)    |
[2022-05-20 17:34:11,884] [builder.py:1908]           [INFO]     | 22/25 | Hulu Collection | + | We Are Freestyle Love Supreme (2020)                                 |
[2022-05-20 17:34:14,202] [builder.py:1908]           [INFO]     | 23/25 | Hulu Collection | + | I Am Greta (2020)                                                    |
[2022-05-20 17:34:16,555] [builder.py:1908]           [INFO]     | 24/25 | Hulu Collection | + | 69: The Saga of Danny Hernandez (2020)                               |
[2022-05-20 17:34:19,012] [builder.py:1908]           [INFO]     | 25/25 | Hulu Collection | + | Derek DelGaudio's In & Of Itself (2020)                              |
[2022-05-20 17:34:21,181] [builder.py:1933]           [INFO]     |                                                                                                    |
[2022-05-20 17:34:21,182] [builder.py:1934]           [INFO]     | 25 Movies Processed                                                                                |
[2022-05-20 17:34:21,182] [builder.py:2171]           [INFO]     |                                                                                                    |
[2022-05-20 17:34:21,182] [builder.py:2172]           [INFO]     |=============================== Missing Movies from Library: Movies ================================|
[2022-05-20 17:34:21,182] [builder.py:2173]           [INFO]     |                                                                                                    |
[2022-05-20 17:34:21,657] [builder.py:2185]           [INFO]     | Hulu Collection | ? | Wounds (2019) (TMDb: 505423)                                                 |
[2022-05-20 17:34:21,980] [builder.py:2185]           [INFO]     | Hulu Collection | ? | Becoming Bond (2017) (TMDb: 438493)                                          |
[2022-05-20 17:34:22,303] [builder.py:2185]           [INFO]     | Hulu Collection | ? | Dumb: The Story of Big Brother Magazine (2017) (TMDb: 453053)                |
[2022-05-20 17:34:22,577] [builder.py:2185]           [INFO]     | Hulu Collection | ? | Obey Giant (2017) (TMDb: 486482)                                             |
[2022-05-20 17:34:22,708] [builder.py:2185]           [INFO]     | Hulu Collection | ? | March of the Penguins 2: The Next Step (2017) (TMDb: 405931)                 |
[2022-05-20 17:34:22,975] [builder.py:2185]           [INFO]     | Hulu Collection | ? | Tiny Shoulders: Rethinking Barbie (2018) (TMDb: 520454)                      |
[2022-05-20 17:34:23,265] [builder.py:2185]           [INFO]     | Hulu Collection | ? | Crime + Punishment (2018) (TMDb: 489983)                                     |
[2022-05-20 17:34:23,266] [builder.py:2189]           [INFO]     |                                                                                                    |
[2022-05-20 17:34:23,266] [builder.py:2190]           [INFO]     | 7 Movies Missing                                                                                   |
[2022-05-20 17:34:23,403] [builder.py:2410]           [INFO]     |                                                                                                    |
[2022-05-20 17:34:23,403] [builder.py:2411]           [INFO]     |=============================== Updating Details of Hulu Collection ================================|
[2022-05-20 17:34:23,404] [builder.py:2412]           [INFO]     |                                                                                                    |
[2022-05-20 17:34:23,404] [builder.py:2473]           [INFO]     | Collection Metadata Edits                                                                          |
                                                                 | Sort Title | *604
                                                                 | 
[2022-05-20 17:34:23,764] [builder.py:2477]           [INFO]     | Details: have been updated
[2022-05-20 17:34:23,764] [builder.py:2480]           [INFO]     | 
[2022-05-20 17:34:23,765] [builder.py:2568]           [INFO]     | No poster collection detail or asset folder found
[2022-05-20 17:34:23,765] [builder.py:2601]           [INFO]     | No background collection detail or asset folder found
[2022-05-20 17:34:25,831] [plex_meta_manager.py:576]  [INFO]     | 
[2022-05-20 17:34:25,831] [plex_meta_manager.py:577]  [INFO]     |====================================================================================================|
[2022-05-20 17:34:25,831] [plex_meta_manager.py:577]  [INFO]     |                                      Finished Hulu Collection                                      |
[2022-05-20 17:34:25,832] [plex_meta_manager.py:577]  [INFO]     |                                    Collection Run Time: 0:01:15                                    |
[2022-05-20 17:34:25,832] [plex_meta_manager.py:577]  [INFO]     |====================================================================================================|
