[2022-05-20 17:11:16,047] [plex_meta_manager.py:437]  [INFO]     |====================================================================================================|
[2022-05-20 17:11:16,047] [plex_meta_manager.py:437]  [INFO]     |                          Animated Kids Most Popular Collection in Movies                           |
[2022-05-20 17:11:16,047] [plex_meta_manager.py:437]  [INFO]     |====================================================================================================|
[2022-05-20 17:11:16,047] [plex_meta_manager.py:438]  [INFO]     |                                                                                                    |
[2022-05-20 17:11:16,048] [plex_meta_manager.py:443]  [INFO]     |========================= Validating Animated Kids Most Popular Attributes =========================|
[2022-05-20 17:11:16,048] [builder.py:365]            [DEBUG]    |                                                                                                    |
[2022-05-20 17:11:16,048] [builder.py:366]            [DEBUG]    | Validating Method: schedule                                                                        |
[2022-05-20 17:11:16,048] [builder.py:370]            [DEBUG]    | Value: daily                                                                                       |
[2022-05-20 17:11:16,053] [builder.py:423]            [DEBUG]    |                                                                                                    |
[2022-05-20 17:11:16,053] [builder.py:424]            [DEBUG]    | Validating Method: sync_mode                                                                       |
[2022-05-20 17:11:16,053] [builder.py:428]            [DEBUG]    | Value: sync                                                                                        |
[2022-05-20 17:11:16,053] [builder.py:570]            [DEBUG]    |                                                                                                    |
[2022-05-20 17:11:16,053] [builder.py:571]            [DEBUG]    | Validating Method: collection_order                                                                |
[2022-05-20 17:11:16,053] [builder.py:572]            [DEBUG]    | Value: custom                                                                                      |
[2022-05-20 17:11:16,054] [builder.py:588]            [DEBUG]    |                                                                                                    |
[2022-05-20 17:11:16,054] [builder.py:592]            [DEBUG]    | Validating Method: tmdb_discover                                                                   |
[2022-05-20 17:11:16,054] [builder.py:593]            [DEBUG]    | Value: ordereddict([('limit', 30), ('with_genres', 16), ('certification_country', 'US'), ('certification', 'G|PG'), ('sort_by', 'popularity.desc')]) |
[2022-05-20 17:11:16,054] [builder.py:588]            [DEBUG]    |                                                                                                    |
[2022-05-20 17:11:16,055] [builder.py:592]            [DEBUG]    | Validating Method: collection_mode                                                                 |
[2022-05-20 17:11:16,055] [builder.py:593]            [DEBUG]    | Value: default                                                                                     |
[2022-05-20 17:11:16,055] [builder.py:588]            [DEBUG]    |                                                                                                    |
[2022-05-20 17:11:16,055] [builder.py:592]            [DEBUG]    | Validating Method: summary                                                                         |
[2022-05-20 17:11:16,055] [builder.py:593]            [DEBUG]    | Value: A collection of the most popular Animated Kids movies from TMDb                             |
[2022-05-20 17:11:16,056] [builder.py:588]            [DEBUG]    |                                                                                                    |
[2022-05-20 17:11:16,056] [builder.py:592]            [DEBUG]    | Validating Method: sort_title                                                                      |
[2022-05-20 17:11:16,056] [builder.py:593]            [DEBUG]    | Value: *150                                                                                        |
[2022-05-20 17:11:16,094] [plex.py:721]               [DEBUG]    |                                                                                                    |
[2022-05-20 17:11:16,094] [plex.py:724]               [DEBUG]    | Looking for: Animated Kids Most Popular                                                            |
[2022-05-20 17:11:16,095] [builder.py:749]            [INFO]     |                                                                                                    |
[2022-05-20 17:11:16,095] [builder.py:750]            [INFO]     | Validation Successful                                                                              |
[2022-05-20 17:11:16,099] [plex_meta_manager.py:447]  [INFO]     |                                                                                                    |
[2022-05-20 17:11:16,100] [plex_meta_manager.py:449]  [INFO]     |========================== Running Animated Kids Most Popular Collection ===========================|
[2022-05-20 17:11:16,100] [plex_meta_manager.py:461]  [INFO]     |                                                                                                    |
[2022-05-20 17:11:16,100] [plex_meta_manager.py:462]  [INFO]     | Sync Mode: sync                                                                                    |
[2022-05-20 17:11:16,101] [plex_meta_manager.py:472]  [DEBUG]    |                                                                                                    |
[2022-05-20 17:11:16,101] [plex_meta_manager.py:473]  [DEBUG]    | Builder: tmdb_discover: {'limit': 30, 'with_genres': 16, 'certification_country': 'US', 'certification': 'G|PG', 'sort_by': 'popularity.desc'} |
[2022-05-20 17:11:16,101] [plex_meta_manager.py:474]  [INFO]     |                                                                                                    |
[2022-05-20 17:11:16,357] [tmdb.py:291]               [INFO]     | Processing TMDb Discover: 30 Movies                                                                |
[2022-05-20 17:11:16,358] [tmdb.py:293]               [INFO]     |            with_genres: 16                                                                         |
[2022-05-20 17:11:16,358] [tmdb.py:293]               [INFO]     |            certification_country: US                                                               |
[2022-05-20 17:11:16,358] [tmdb.py:293]               [INFO]     |            certification: G|PG                                                                     |
[2022-05-20 17:11:16,358] [tmdb.py:293]               [INFO]     |            sort_by: popularity.desc                                                                |
[2022-05-20 17:11:16,359] [builder.py:1424]           [DEBUG]    |                                                                                                    |
[2022-05-20 17:11:16,359] [builder.py:1425]           [DEBUG]    | 30 IDs Found: [(629542, 'tmdb'), (508947, 'tmdb'), (568124, 'tmdb'), (585083, 'tmdb'), (774825, 'tmdb'), (438695, 'tmdb'), (459151, 'tmdb'), (877183, 'tmdb'), (675445, 'tmdb'), (508943, 'tmdb'), (482321, 'tmdb'), (774741, 'tmdb'), (379686, 'tmdb'), (876716, 'tmdb'), (639721, 'tmdb'), (527774, 'tmdb'), (529203, 'tmdb'), (770254, 'tmdb'), (14836, 'tmdb'), (862, 'tmdb'), (939336, 'tmdb'), (896221, 'tmdb'), (354912, 'tmdb'), (585, 'tmdb'), (400160, 'tmdb'), (587807, 'tmdb'), (573164, 'tmdb'), (808, 'tmdb'), (508442, 'tmdb'), (846214, 'tmdb')] |
[2022-05-20 17:11:16,359] [builder.py:1426]           [DEBUG]    |                                                                                                    |
[2022-05-20 17:11:16,850] [builder.py:1892]           [INFO]     |                                                                                                    |
[2022-05-20 17:11:16,850] [builder.py:1893]           [INFO]     |========================= Adding to Animated Kids Most Popular Collection ==========================|
[2022-05-20 17:11:16,851] [builder.py:1894]           [INFO]     |                                                                                                    |
[2022-05-20 17:11:16,851] [builder.py:1908]           [INFO]     | 1/6 | Animated Kids Most Popular Collection | + | The Simpsons in Plusaversary (2021)              |
[2022-05-20 17:11:19,116] [builder.py:1908]           [INFO]     | 2/6 | Animated Kids Most Popular Collection | + | Ron's Gone Wrong (2021)                          |
[2022-05-20 17:11:21,432] [builder.py:1908]           [INFO]     | 3/6 | Animated Kids Most Popular Collection | + | Space Jam: A New Legacy (2021)                   |
[2022-05-20 17:11:23,847] [builder.py:1908]           [INFO]     | 4/6 | Animated Kids Most Popular Collection | + | Tom & Jerry: The Movie (2021)                    |
[2022-05-20 17:11:26,375] [builder.py:1908]           [INFO]     | 5/6 | Animated Kids Most Popular Collection | + | Soul (2020)                                      |
[2022-05-20 17:11:29,052] [builder.py:1908]           [INFO]     | 6/6 | Animated Kids Most Popular Collection | + | The Good, the Bart, and the Loki (2021)          |
[2022-05-20 17:11:31,360] [builder.py:1933]           [INFO]     |                                                                                                    |
[2022-05-20 17:11:31,361] [builder.py:1934]           [INFO]     | 6 Movies Processed                                                                                 |
[2022-05-20 17:11:31,361] [builder.py:2171]           [INFO]     |                                                                                                    |
[2022-05-20 17:11:31,362] [builder.py:2172]           [INFO]     |=============================== Missing Movies from Library: Movies ================================|
[2022-05-20 17:11:31,362] [builder.py:2173]           [INFO]     |                                                                                                    |
[2022-05-20 17:11:31,376] [builder.py:2185]           [INFO]     | Animated Kids Most Popular Collection | ? | The Bad Guys (2022) (TMDb: 629542)                     |
[2022-05-20 17:11:31,380] [builder.py:2185]           [INFO]     | Animated Kids Most Popular Collection | ? | Turning Red (2022) (TMDb: 508947)                      |
[2022-05-20 17:11:31,385] [builder.py:2185]           [INFO]     | Animated Kids Most Popular Collection | ? | Encanto (2021) (TMDb: 568124)                          |
[2022-05-20 17:11:31,390] [builder.py:2185]           [INFO]     | Animated Kids Most Popular Collection | ? | Hotel Transylvania: Transformania (2022) (TMDb: 585083) |
[2022-05-20 17:11:31,400] [builder.py:2185]           [INFO]     | Animated Kids Most Popular Collection | ? | The Ice Age Adventures of Buck Wild (2022) (TMDb: 774825) |
[2022-05-20 17:11:31,512] [builder.py:2185]           [INFO]     | Animated Kids Most Popular Collection | ? | Sing 2 (2021) (TMDb: 438695)                           |
[2022-05-20 17:11:31,974] [builder.py:2185]           [INFO]     | Animated Kids Most Popular Collection | ? | The Boss Baby: Family Business (2021) (TMDb: 459151)   |
[2022-05-20 17:11:32,115] [builder.py:2185]           [INFO]     | Animated Kids Most Popular Collection | ? | PAW Patrol: The Movie (2021) (TMDb: 675445)            |
[2022-05-20 17:11:32,744] [builder.py:2185]           [INFO]     | Animated Kids Most Popular Collection | ? | Luca (2021) (TMDb: 508943)                             |
[2022-05-20 17:11:32,866] [builder.py:2185]           [INFO]     | Animated Kids Most Popular Collection | ? | Diary of a Wimpy Kid (2021) (TMDb: 774741)             |
[2022-05-20 17:11:33,274] [builder.py:2185]           [INFO]     | Animated Kids Most Popular Collection | ? | Ciao Alberto (2021) (TMDb: 876716)                     |
[2022-05-20 17:11:33,395] [builder.py:2185]           [INFO]     | Animated Kids Most Popular Collection | ? | The Addams Family 2 (2021) (TMDb: 639721)              |
[2022-05-20 17:11:33,932] [builder.py:2185]           [INFO]     | Animated Kids Most Popular Collection | ? | Raya and the Last Dragon (2021) (TMDb: 527774)         |
[2022-05-20 17:11:34,078] [builder.py:2185]           [INFO]     | Animated Kids Most Popular Collection | ? | The Croods: A New Age (2020) (TMDb: 529203)            |
[2022-05-20 17:11:34,684] [builder.py:2185]           [INFO]     | Animated Kids Most Popular Collection | ? | Back to the Outback (2021) (TMDb: 770254)              |
[2022-05-20 17:11:35,250] [builder.py:2185]           [INFO]     | Animated Kids Most Popular Collection | ? | Coraline (2009) (TMDb: 14836)                          |
[2022-05-20 17:11:35,258] [builder.py:2185]           [INFO]     | Animated Kids Most Popular Collection | ? | Toy Story (1995) (TMDb: 862)                           |
[2022-05-20 17:11:35,671] [builder.py:2185]           [INFO]     | Animated Kids Most Popular Collection | ? | The Wonderful Winter of Mickey Mouse (2022) (TMDb: 939336) |
[2022-05-20 17:11:36,013] [builder.py:2185]           [INFO]     | Animated Kids Most Popular Collection | ? | Trolls Holiday in Harmony (2021) (TMDb: 896221)        |
[2022-05-20 17:11:36,018] [builder.py:2185]           [INFO]     | Animated Kids Most Popular Collection | ? | Coco (2017) (TMDb: 354912)                             |
[2022-05-20 17:11:36,024] [builder.py:2185]           [INFO]     | Animated Kids Most Popular Collection | ? | Monsters, Inc. (2001) (TMDb: 585)                      |
[2022-05-20 17:11:36,138] [builder.py:2185]           [INFO]     | Animated Kids Most Popular Collection | ? | The SpongeBob Movie: Sponge on the Run (2020) (TMDb: 400160) |
[2022-05-20 17:11:36,939] [builder.py:2185]           [INFO]     | Animated Kids Most Popular Collection | ? | An Egg Rescue (2021) (TMDb: 573164)                    |
[2022-05-20 17:11:37,041] [builder.py:2185]           [INFO]     | Animated Kids Most Popular Collection | ? | Shrek (2001) (TMDb: 808)                               |
[2022-05-20 17:11:37,042] [builder.py:2189]           [INFO]     |                                                                                                    |
[2022-05-20 17:11:37,042] [builder.py:2190]           [INFO]     | 24 Movies Missing                                                                                  |
[2022-05-20 17:11:37,107] [builder.py:2410]           [INFO]     |                                                                                                    |
[2022-05-20 17:11:37,108] [builder.py:2411]           [INFO]     |==================== Updating Details of Animated Kids Most Popular Collection =====================|
[2022-05-20 17:11:37,108] [builder.py:2412]           [INFO]     |                                                                                                    |
[2022-05-20 17:11:37,108] [builder.py:2418]           [INFO]     | Detail: summary will update Collection Summary                                                     |
[2022-05-20 17:11:37,109] [builder.py:2473]           [INFO]     | Collection Metadata Edits                                                                          |
                                                                 | Summary | A collection of the most popular Animated Kids movies from TMDb
                                                                 | Sort Title | *150
                                                                 | 
[2022-05-20 17:11:37,475] [builder.py:2477]           [INFO]     | Details: have been updated
[2022-05-20 17:11:37,475] [builder.py:2480]           [INFO]     | 
[2022-05-20 17:11:39,104] [builder.py:2492]           [INFO]     | Collection Order | custom
[2022-05-20 17:11:39,105] [builder.py:2568]           [INFO]     | No poster collection detail or asset folder found
[2022-05-20 17:11:39,105] [builder.py:2601]           [INFO]     | No background collection detail or asset folder found
[2022-05-20 17:11:39,652] [builder.py:2612]           [INFO]     | 
[2022-05-20 17:11:39,652] [builder.py:2613]           [INFO]     |========================== Sorting Animated Kids Most Popular Collection ===========================|
[2022-05-20 17:11:39,653] [builder.py:2614]           [INFO]     |                                                                                                    |
[2022-05-20 17:11:39,653] [builder.py:2630]           [INFO]     | Moving The Simpsons in Plusaversary (2021) to the beginning                                        |
[2022-05-20 17:11:40,138] [builder.py:2630]           [INFO]     | Moving Space Jam: A New Legacy (2021) after Ron's Gone Wrong (2021)                                |
[2022-05-20 17:11:40,617] [builder.py:2630]           [INFO]     | Moving Tom & Jerry: The Movie (2021) after Space Jam: A New Legacy (2021)                          |
[2022-05-20 17:11:41,038] [builder.py:2630]           [INFO]     | Moving Soul (2020) after Tom & Jerry: The Movie (2021)                                             |
[2022-05-20 17:11:41,516] [builder.py:2630]           [INFO]     | Moving The Good, the Bart, and the Loki (2021) after Soul (2020)                                   |
[2022-05-20 17:11:42,287] [plex_meta_manager.py:576]  [INFO]     |                                                                                                    |
[2022-05-20 17:11:42,287] [plex_meta_manager.py:577]  [INFO]     |====================================================================================================|
[2022-05-20 17:11:42,288] [plex_meta_manager.py:577]  [INFO]     |                           Finished Animated Kids Most Popular Collection                           |
[2022-05-20 17:11:42,288] [plex_meta_manager.py:577]  [INFO]     |                                    Collection Run Time: 0:00:26                                    |
[2022-05-20 17:11:42,288] [plex_meta_manager.py:577]  [INFO]     |====================================================================================================|
