[2022-05-26 02:15:49,585] [plex_meta_manager.py:437]  [INFO]     |====================================================================================================|
[2022-05-26 02:15:49,585] [plex_meta_manager.py:437]  [INFO]     |                                   Halloween Collection in Movies                                   |
[2022-05-26 02:15:49,586] [plex_meta_manager.py:437]  [INFO]     |====================================================================================================|
[2022-05-26 02:15:49,586] [plex_meta_manager.py:438]  [INFO]     |                                                                                                    |
[2022-05-26 02:15:49,586] [plex_meta_manager.py:443]  [INFO]     |================================= Validating Halloween Attributes ==================================|
[2022-05-26 02:15:49,586] [builder.py:241]            [DEBUG]    |                                                                                                    |
[2022-05-26 02:15:49,586] [builder.py:242]            [DEBUG]    | Validating Method: template                                                                        |
[2022-05-26 02:15:49,587] [meta.py:109]               [DEBUG]    | Value: ordereddict([('name', 'Holiday'), ('poster', 'https://theposterdb.com/api/assets/111218')]) |
[2022-05-26 02:15:49,587] [builder.py:359]            [DEBUG]    |                                                                                                    |
[2022-05-26 02:15:49,587] [builder.py:360]            [DEBUG]    | Validating Method: delete_not_scheduled                                                            |
[2022-05-26 02:15:49,588] [builder.py:361]            [DEBUG]    | Value: True                                                                                        |
[2022-05-26 02:15:49,588] [builder.py:365]            [DEBUG]    |                                                                                                    |
[2022-05-26 02:15:49,588] [builder.py:366]            [DEBUG]    | Validating Method: schedule                                                                        |
[2022-05-26 02:15:49,588] [builder.py:370]            [DEBUG]    | Value: range(10/01-10/31)                                                                          |
[2022-05-26 02:15:49,627] [plex.py:721]               [DEBUG]    |                                                                                                    |
[2022-05-26 02:15:49,627] [plex.py:724]               [DEBUG]    | Looking for: Halloween                                                                             |
[2022-05-26 02:15:49,627] [plex_meta_manager.py:562]  [INFO]     |                                                                                                    |
                                                                 | Scheduled between October 1st and October 31st
                                                                 | 
                                                                 | Collection Halloween not scheduled to run and could not be found to delete
[2022-05-26 02:15:49,628] [plex_meta_manager.py:576]  [INFO]     | 
[2022-05-26 02:15:49,628] [plex_meta_manager.py:577]  [INFO]     |====================================================================================================|
[2022-05-26 02:15:49,629] [plex_meta_manager.py:577]  [INFO]     |                                   Finished Halloween Collection                                    |
[2022-05-26 02:15:49,629] [plex_meta_manager.py:577]  [INFO]     |                                    Collection Run Time: 0:00:00                                    |
[2022-05-26 02:15:49,629] [plex_meta_manager.py:577]  [INFO]     |====================================================================================================|
