[2022-05-26 02:15:49,811] [plex_meta_manager.py:437]  [INFO]     |====================================================================================================|
[2022-05-26 02:15:49,811] [plex_meta_manager.py:437]  [INFO]     |                                 Easter Movies Collection in Movies                                 |
[2022-05-26 02:15:49,811] [plex_meta_manager.py:437]  [INFO]     |====================================================================================================|
[2022-05-26 02:15:49,812] [plex_meta_manager.py:438]  [INFO]     |                                                                                                    |
[2022-05-26 02:15:49,812] [plex_meta_manager.py:443]  [INFO]     |=============================== Validating Easter Movies Attributes ================================|
[2022-05-26 02:15:49,812] [builder.py:241]            [DEBUG]    |                                                                                                    |
[2022-05-26 02:15:49,812] [builder.py:242]            [DEBUG]    | Validating Method: template                                                                        |
[2022-05-26 02:15:49,813] [meta.py:109]               [DEBUG]    | Value: ordereddict([('name', 'Holiday'), ('holiday', 'Easter'), ('poster', 'https://theposterdb.com/api/assets/60970')]) |
[2022-05-26 02:15:49,813] [builder.py:359]            [DEBUG]    |                                                                                                    |
[2022-05-26 02:15:49,814] [builder.py:360]            [DEBUG]    | Validating Method: delete_not_scheduled                                                            |
[2022-05-26 02:15:49,814] [builder.py:361]            [DEBUG]    | Value: True                                                                                        |
[2022-05-26 02:15:49,814] [builder.py:365]            [DEBUG]    |                                                                                                    |
[2022-05-26 02:15:49,814] [builder.py:366]            [DEBUG]    | Validating Method: schedule                                                                        |
[2022-05-26 02:15:49,815] [builder.py:370]            [DEBUG]    | Value: range(3/22-4/25)                                                                            |
[2022-05-26 02:15:49,858] [plex.py:721]               [DEBUG]    |                                                                                                    |
[2022-05-26 02:15:49,858] [plex.py:724]               [DEBUG]    | Looking for: Easter Movies                                                                         |
[2022-05-26 02:15:49,859] [plex_meta_manager.py:562]  [INFO]     |                                                                                                    |
                                                                 | Scheduled between March 22nd and April 25th
                                                                 | 
                                                                 | Collection Easter Movies not scheduled to run and could not be found to delete
[2022-05-26 02:15:49,859] [plex_meta_manager.py:576]  [INFO]     | 
[2022-05-26 02:15:49,860] [plex_meta_manager.py:577]  [INFO]     |====================================================================================================|
[2022-05-26 02:15:49,860] [plex_meta_manager.py:577]  [INFO]     |                                 Finished Easter Movies Collection                                  |
[2022-05-26 02:15:49,860] [plex_meta_manager.py:577]  [INFO]     |                                    Collection Run Time: 0:00:00                                    |
[2022-05-26 02:15:49,860] [plex_meta_manager.py:577]  [INFO]     |====================================================================================================|
