[2022-05-26 02:13:24,055] [plex_meta_manager.py:437]  [INFO]     |====================================================================================================|
[2022-05-26 02:13:24,056] [plex_meta_manager.py:437]  [INFO]     |                               Lord of the Rings Collection in Movies                               |
[2022-05-26 02:13:24,056] [plex_meta_manager.py:437]  [INFO]     |====================================================================================================|
[2022-05-26 02:13:24,056] [plex_meta_manager.py:438]  [INFO]     |                                                                                                    |
[2022-05-26 02:13:24,057] [plex_meta_manager.py:443]  [INFO]     |============================= Validating Lord of the Rings Attributes ==============================|
[2022-05-26 02:13:24,057] [builder.py:241]            [DEBUG]    |                                                                                                    |
[2022-05-26 02:13:24,057] [builder.py:242]            [DEBUG]    | Validating Method: template                                                                        |
[2022-05-26 02:13:24,057] [meta.py:109]               [DEBUG]    | Value: ordereddict([('name', 'Franchise'), ('poster', 'https://theposterdb.com/api/assets/115119')]) |
[2022-05-26 02:13:24,058] [builder.py:359]            [DEBUG]    |                                                                                                    |
[2022-05-26 02:13:24,058] [builder.py:360]            [DEBUG]    | Validating Method: delete_not_scheduled                                                            |
[2022-05-26 02:13:24,059] [builder.py:361]            [DEBUG]    | Value: True                                                                                        |
[2022-05-26 02:13:24,059] [builder.py:402]            [DEBUG]    |                                                                                                    |
[2022-05-26 02:13:24,059] [builder.py:403]            [DEBUG]    | Validating Method: run_again                                                                       |
[2022-05-26 02:13:24,059] [builder.py:404]            [DEBUG]    | Value: True                                                                                        |
[2022-05-26 02:13:24,060] [builder.py:423]            [DEBUG]    |                                                                                                    |
[2022-05-26 02:13:24,060] [builder.py:424]            [DEBUG]    | Validating Method: sync_mode                                                                       |
[2022-05-26 02:13:24,060] [builder.py:428]            [DEBUG]    | Value: sync                                                                                        |
[2022-05-26 02:13:24,060] [builder.py:570]            [DEBUG]    |                                                                                                    |
[2022-05-26 02:13:24,061] [builder.py:571]            [DEBUG]    | Validating Method: collection_order                                                                |
[2022-05-26 02:13:24,061] [builder.py:572]            [DEBUG]    | Value: release                                                                                     |
[2022-05-26 02:13:24,061] [builder.py:588]            [DEBUG]    |                                                                                                    |
[2022-05-26 02:13:24,061] [builder.py:592]            [DEBUG]    | Validating Method: sort_title                                                                      |
[2022-05-26 02:13:24,061] [builder.py:593]            [DEBUG]    | Value: +++++Lord                                                                                   |
[2022-05-26 02:13:24,062] [builder.py:588]            [DEBUG]    |                                                                                                    |
[2022-05-26 02:13:24,062] [builder.py:592]            [DEBUG]    | Validating Method: imdb_list                                                                       |
[2022-05-26 02:13:24,062] [builder.py:593]            [DEBUG]    | Value: ['https://www.imdb.com/list/ls055713151/?sort=release_date,asc&st_dt=&mode=detail&page=1']  |
[2022-05-26 02:13:25,233] [builder.py:588]            [DEBUG]    |                                                                                                    |
[2022-05-26 02:13:25,234] [builder.py:592]            [DEBUG]    | Validating Method: summary                                                                         |
[2022-05-26 02:13:25,235] [builder.py:593]            [DEBUG]    | Value: The Lord of the Rings is an epic high-fantasy novel by English author and scholar J. R. R. Tolkien. Set in Middle-earth, intended to be Earth at some distant time in the past, the story began as a sequel to Tolkien's 1937 children's book The Hobbit, but eventually developed into a much larger work. |
[2022-05-26 02:13:25,235] [builder.py:588]            [DEBUG]    |                                                                                                    |
[2022-05-26 02:13:25,235] [builder.py:592]            [DEBUG]    | Validating Method: url_poster                                                                      |
[2022-05-26 02:13:25,236] [builder.py:593]            [DEBUG]    | Value: https://theposterdb.com/api/assets/115119                                                   |
[2022-05-26 02:13:25,236] [builder.py:588]            [DEBUG]    |                                                                                                    |
[2022-05-26 02:13:25,236] [builder.py:592]            [DEBUG]    | Validating Method: visible_home                                                                    |
[2022-05-26 02:13:25,237] [builder.py:593]            [DEBUG]    | Value: True                                                                                        |
[2022-05-26 02:13:25,237] [builder.py:588]            [DEBUG]    |                                                                                                    |
[2022-05-26 02:13:25,237] [builder.py:592]            [DEBUG]    | Validating Method: visible_shared                                                                  |
[2022-05-26 02:13:25,238] [builder.py:593]            [DEBUG]    | Value: True                                                                                        |
[2022-05-26 02:13:27,317] [builder.py:749]            [INFO]     |                                                                                                    |
[2022-05-26 02:13:27,317] [builder.py:750]            [INFO]     | Validation Successful                                                                              |
[2022-05-26 02:13:27,318] [plex_meta_manager.py:447]  [INFO]     |                                                                                                    |
[2022-05-26 02:13:27,318] [plex_meta_manager.py:449]  [INFO]     |=============================== Running Lord of the Rings Collection ===============================|
[2022-05-26 02:13:27,318] [plex_meta_manager.py:461]  [INFO]     |                                                                                                    |
[2022-05-26 02:13:27,319] [plex_meta_manager.py:462]  [INFO]     | Sync Mode: sync                                                                                    |
[2022-05-26 02:13:27,319] [plex_meta_manager.py:472]  [DEBUG]    |                                                                                                    |
[2022-05-26 02:13:27,319] [plex_meta_manager.py:473]  [DEBUG]    | Builder: imdb_list: {'url': 'https://www.imdb.com/list/ls055713151/?sort=release_date,asc&st_dt=&mode=detail&page=1', 'limit': 0} |
[2022-05-26 02:13:27,319] [plex_meta_manager.py:474]  [INFO]     |                                                                                                    |
[2022-05-26 02:13:27,320] [imdb.py:176]               [INFO]     | Processing IMDb List: https://www.imdb.com/list/ls055713151/?sort=release_date,asc&st_dt=&mode=detail&page=1 |
[2022-05-26 02:13:31,040] [imdb.py:127]               [DEBUG]    | 6 IMDb IDs Found: ['tt0120737', 'tt0167261', 'tt0167260', 'tt0903624', 'tt1170358', 'tt2310332']   |
[2022-05-26 02:13:31,041] [builder.py:1424]           [DEBUG]    |                                                                                                    |
[2022-05-26 02:13:31,041] [builder.py:1425]           [DEBUG]    | 6 IDs Found: [('tt0120737', 'imdb'), ('tt0167261', 'imdb'), ('tt0167260', 'imdb'), ('tt0903624', 'imdb'), ('tt1170358', 'imdb'), ('tt2310332', 'imdb')] |
[2022-05-26 02:13:31,042] [builder.py:1426]           [DEBUG]    |                                                                                                    |
[2022-05-26 02:13:31,724] [builder.py:1892]           [INFO]     |                                                                                                    |
[2022-05-26 02:13:31,725] [builder.py:1893]           [INFO]     |============================== Adding to Lord of the Rings Collection ==============================|
[2022-05-26 02:13:31,725] [builder.py:1894]           [INFO]     |                                                                                                    |
[2022-05-26 02:13:31,725] [builder.py:1908]           [INFO]     | 1/6 | Lord of the Rings Collection | = | The Lord of the Rings: The Fellowship of the Ring (2001)  |
[2022-05-26 02:13:31,726] [builder.py:1908]           [INFO]     | 2/6 | Lord of the Rings Collection | = | The Lord of the Rings: The Two Towers (2002)              |
[2022-05-26 02:13:31,726] [builder.py:1908]           [INFO]     | 3/6 | Lord of the Rings Collection | = | The Lord of the Rings: The Return of the King (2003)      |
[2022-05-26 02:13:31,726] [builder.py:1908]           [INFO]     | 4/6 | Lord of the Rings Collection | = | The Hobbit: An Unexpected Journey (2012)                  |
[2022-05-26 02:13:31,727] [builder.py:1908]           [INFO]     | 5/6 | Lord of the Rings Collection | = | The Hobbit: The Desolation of Smaug (2013)                |
[2022-05-26 02:13:31,727] [builder.py:1908]           [INFO]     | 6/6 | Lord of the Rings Collection | = | The Hobbit: The Battle of the Five Armies (2014)          |
[2022-05-26 02:13:31,727] [builder.py:1933]           [INFO]     |                                                                                                    |
[2022-05-26 02:13:31,728] [builder.py:1934]           [INFO]     | 6 Movies Processed                                                                                 |
[2022-05-26 02:13:31,769] [builder.py:2410]           [INFO]     |                                                                                                    |
[2022-05-26 02:13:31,770] [builder.py:2411]           [INFO]     |========================= Updating Details of Lord of the Rings Collection =========================|
[2022-05-26 02:13:31,770] [builder.py:2412]           [INFO]     |                                                                                                    |
[2022-05-26 02:13:31,771] [builder.py:2418]           [INFO]     | Detail: summary will update Collection Summary                                                     |
[2022-05-26 02:13:31,771] [builder.py:2473]           [INFO]     | Collection Metadata Edits                                                                          |
                                                                 | 
[2022-05-26 02:13:32,126] [builder.py:2477]           [INFO]     | Details: have been updated
[2022-05-26 02:13:32,126] [builder.py:2480]           [INFO]     | 
[2022-05-26 02:13:32,166] [builder.py:2532]           [DEBUG]    | 1 posters found:
[2022-05-26 02:13:32,166] [builder.py:2534]           [DEBUG]    | Method: url_poster Poster: https://theposterdb.com/api/assets/115119
[2022-05-26 02:13:32,166] [builder.py:2601]           [INFO]     | No background collection detail or asset folder found
[2022-05-26 02:13:33,608] [library.py:141]            [INFO]     | Detail: url_poster updated poster to [URL] https://theposterdb.com/api/assets/115119
[2022-05-26 02:13:35,406] [plex_meta_manager.py:576]  [INFO]     | 
[2022-05-26 02:13:35,406] [plex_meta_manager.py:577]  [INFO]     |====================================================================================================|
[2022-05-26 02:13:35,407] [plex_meta_manager.py:577]  [INFO]     |                               Finished Lord of the Rings Collection                                |
[2022-05-26 02:13:35,407] [plex_meta_manager.py:577]  [INFO]     |                                    Collection Run Time: 0:00:11                                    |
[2022-05-26 02:13:35,408] [plex_meta_manager.py:577]  [INFO]     |====================================================================================================|
