[2022-05-26 02:13:07,712] [plex_meta_manager.py:437]  [INFO]     |====================================================================================================|
[2022-05-26 02:13:07,712] [plex_meta_manager.py:437]  [INFO]     |                                    Marvel Collection in Movies                                     |
[2022-05-26 02:13:07,712] [plex_meta_manager.py:437]  [INFO]     |====================================================================================================|
[2022-05-26 02:13:07,712] [plex_meta_manager.py:438]  [INFO]     |                                                                                                    |
[2022-05-26 02:13:07,713] [plex_meta_manager.py:443]  [INFO]     |=================================== Validating Marvel Attributes ===================================|
[2022-05-26 02:13:07,713] [builder.py:241]            [DEBUG]    |                                                                                                    |
[2022-05-26 02:13:07,713] [builder.py:242]            [DEBUG]    | Validating Method: template                                                                        |
[2022-05-26 02:13:07,713] [meta.py:109]               [DEBUG]    | Value: ordereddict([('name', 'Franchise'), ('poster', 'https://theposterdb.com/api/assets/164107')]) |
[2022-05-26 02:13:07,714] [builder.py:359]            [DEBUG]    |                                                                                                    |
[2022-05-26 02:13:07,714] [builder.py:360]            [DEBUG]    | Validating Method: delete_not_scheduled                                                            |
[2022-05-26 02:13:07,714] [builder.py:361]            [DEBUG]    | Value: True                                                                                        |
[2022-05-26 02:13:07,715] [builder.py:402]            [DEBUG]    |                                                                                                    |
[2022-05-26 02:13:07,715] [builder.py:403]            [DEBUG]    | Validating Method: run_again                                                                       |
[2022-05-26 02:13:07,715] [builder.py:404]            [DEBUG]    | Value: True                                                                                        |
[2022-05-26 02:13:07,715] [builder.py:423]            [DEBUG]    |                                                                                                    |
[2022-05-26 02:13:07,715] [builder.py:424]            [DEBUG]    | Validating Method: sync_mode                                                                       |
[2022-05-26 02:13:07,716] [builder.py:428]            [DEBUG]    | Value: sync                                                                                        |
[2022-05-26 02:13:07,716] [builder.py:570]            [DEBUG]    |                                                                                                    |
[2022-05-26 02:13:07,716] [builder.py:571]            [DEBUG]    | Validating Method: collection_order                                                                |
[2022-05-26 02:13:07,716] [builder.py:572]            [DEBUG]    | Value: release                                                                                     |
[2022-05-26 02:13:07,717] [builder.py:588]            [DEBUG]    |                                                                                                    |
[2022-05-26 02:13:07,717] [builder.py:592]            [DEBUG]    | Validating Method: sort_title                                                                      |
[2022-05-26 02:13:07,717] [builder.py:593]            [DEBUG]    | Value: +++++Marvel                                                                                 |
[2022-05-26 02:13:07,717] [builder.py:588]            [DEBUG]    |                                                                                                    |
[2022-05-26 02:13:07,718] [builder.py:592]            [DEBUG]    | Validating Method: trakt_list                                                                      |
[2022-05-26 02:13:07,718] [builder.py:593]            [DEBUG]    | Value: ['https://trakt.tv/users/isis-jansen/lists/marvel?sort=rank,desc']                          |
[2022-05-26 02:13:07,847] [builder.py:588]            [DEBUG]    |                                                                                                    |
[2022-05-26 02:13:07,847] [builder.py:592]            [DEBUG]    | Validating Method: summary                                                                         |
[2022-05-26 02:13:07,848] [builder.py:593]            [DEBUG]    | Value: Marvel Comics is the brand name and primary imprint of Marvel Worldwide Inc., formerly Marvel Publishing, Inc. and Marvel Comics Group, a publisher of American comic books and related media. In 2009, The Walt Disney Company acquired Marvel Entertainment, Marvel Worldwide's parent company. |
[2022-05-26 02:13:07,848] [builder.py:588]            [DEBUG]    |                                                                                                    |
[2022-05-26 02:13:07,848] [builder.py:592]            [DEBUG]    | Validating Method: url_poster                                                                      |
[2022-05-26 02:13:07,848] [builder.py:593]            [DEBUG]    | Value: https://theposterdb.com/api/assets/164107                                                   |
[2022-05-26 02:13:07,849] [builder.py:588]            [DEBUG]    |                                                                                                    |
[2022-05-26 02:13:07,849] [builder.py:592]            [DEBUG]    | Validating Method: visible_home                                                                    |
[2022-05-26 02:13:07,849] [builder.py:593]            [DEBUG]    | Value: True                                                                                        |
[2022-05-26 02:13:07,850] [builder.py:588]            [DEBUG]    |                                                                                                    |
[2022-05-26 02:13:07,850] [builder.py:592]            [DEBUG]    | Validating Method: visible_shared                                                                  |
[2022-05-26 02:13:07,850] [builder.py:593]            [DEBUG]    | Value: True                                                                                        |
[2022-05-26 02:13:10,143] [builder.py:749]            [INFO]     |                                                                                                    |
[2022-05-26 02:13:10,144] [builder.py:750]            [INFO]     | Validation Successful                                                                              |
[2022-05-26 02:13:10,144] [plex_meta_manager.py:447]  [INFO]     |                                                                                                    |
[2022-05-26 02:13:10,145] [plex_meta_manager.py:449]  [INFO]     |==================================== Running Marvel Collection =====================================|
[2022-05-26 02:13:10,145] [plex_meta_manager.py:461]  [INFO]     |                                                                                                    |
[2022-05-26 02:13:10,145] [plex_meta_manager.py:462]  [INFO]     | Sync Mode: sync                                                                                    |
[2022-05-26 02:13:10,145] [plex_meta_manager.py:472]  [DEBUG]    |                                                                                                    |
[2022-05-26 02:13:10,146] [plex_meta_manager.py:473]  [DEBUG]    | Builder: trakt_list: https://trakt.tv/users/isis-jansen/lists/marvel?sort=rank,desc                |
[2022-05-26 02:13:10,146] [plex_meta_manager.py:474]  [INFO]     |                                                                                                    |
[2022-05-26 02:13:10,146] [trakt.py:393]              [INFO]     | Processing Trakt List: https://trakt.tv/users/isis-jansen/lists/marvel?sort=rank,desc              |
[2022-05-26 02:13:10,254] [builder.py:1424]           [DEBUG]    |                                                                                                    |
[2022-05-26 02:13:10,255] [builder.py:1425]           [DEBUG]    | 102 IDs Found: [(609681, 'tmdb'), (526896, 'tmdb'), (580489, 'tmdb'), (566525, 'tmdb'), (448375, 'tmdb'), (448387, 'tmdb'), (474840, 'tmdb'), (448361, 'tmdb'), (441829, 'tmdb'), (524434, 'tmdb'), (524885, 'tmdb'), (487469, 'tmdb'), (508256, 'tmdb'), (425908, 'tmdb'), (497698, 'tmdb'), (340102, 'tmdb'), (508944, 'tmdb'), (36657, 'tmdb'), (320288, 'tmdb'), (9480, 'tmdb'), (36658, 'tmdb'), (1927, 'tmdb'), (7220, 'tmdb'), (558, 'tmdb'), (9947, 'tmdb'), (36668, 'tmdb'), (559, 'tmdb'), (13056, 'tmdb'), (2080, 'tmdb'), (49538, 'tmdb'), (76170, 'tmdb'), (474227, 'tmdb'), (1726, 'tmdb'), (413279, 'tmdb'), (505642, 'tmdb'), (453395, 'tmdb'), (447365, 'tmdb'), (271110, 'tmdb'), (383498, 'tmdb'), (335983, 'tmdb'), (363088, 'tmdb'), (299534, 'tmdb'), (299536, 'tmdb'), (281662, 'tvdb'), (263365, 'tvdb'), (317953, 'tvdb'), (331980, 'tvdb'), (328552, 'tvdb'), (332027, 'tvdb'), (304219, 'tvdb'), (281485, 'tvdb'), (341455, 'tvdb'), (320558, 'tvdb'), (284190, 'tvdb'), (362392, 'tvdb'), (326490, 'tvdb'), (429617, 'tmdb'), (263115, 'tmdb'), (246655, 'tmdb'), (127585, 'tmdb'), (557, 'tmdb'), (1979, 'tmdb'), (9738, 'tmdb'), (299537, 'tmdb'), (102382, 'tmdb'), (324857, 'tmdb'), (1930, 'tmdb'), (293660, 'tmdb'), (166424, 'tmdb'), (76535, 'tmdb'), (253980, 'tmdb'), (76122, 'tmdb'), (211387, 'tmdb'), (284052, 'tmdb'), (315635, 'tmdb'), (102899, 'tmdb'), (99861, 'tmdb'), (76338, 'tmdb'), (10195, 'tmdb'), (1724, 'tmdb'), (68721, 'tmdb'), (10138, 'tmdb'), (100402, 'tmdb'), (1771, 'tmdb'), (119569, 'tmdb'), (284053, 'tmdb'), (283995, 'tmdb'), (24428, 'tmdb'), (118340, 'tmdb'), (284054, 'tmdb'), (367146, 'tvdb'), (393205, 'tvdb'), (393201, 'tvdb'), (616037, 'tmdb'), (339114, 'tmdb'), (368612, 'tvdb'), (362496, 'tvdb'), (362472, 'tvdb'), (367147, 'tvdb'), (448383, 'tmdb'), (368611, 'tvdb'), (368613, 'tvdb')] |
[2022-05-26 02:13:10,255] [builder.py:1426]           [DEBUG]    |                                                                                                    |
[2022-05-26 02:13:15,989] [builder.py:1892]           [INFO]     |                                                                                                    |
[2022-05-26 02:13:15,990] [builder.py:1893]           [INFO]     |=================================== Adding to Marvel Collection ====================================|
[2022-05-26 02:13:15,990] [builder.py:1894]           [INFO]     |                                                                                                    |
[2022-05-26 02:13:15,991] [builder.py:1908]           [INFO]     |  1/57 | Marvel Collection | = | Morbius (2022)                                                     |
[2022-05-26 02:13:15,991] [builder.py:1908]           [INFO]     |  2/57 | Marvel Collection | = | Venom: Let There Be Carnage (2021)                                 |
[2022-05-26 02:13:15,992] [builder.py:1908]           [INFO]     |  3/57 | Marvel Collection | = | Shang-Chi and the Legend of the Ten Rings (2021)                   |
[2022-05-26 02:13:15,993] [builder.py:1908]           [INFO]     |  4/57 | Marvel Collection | = | Eternals (2021)                                                    |
[2022-05-26 02:13:15,993] [builder.py:1908]           [INFO]     |  5/57 | Marvel Collection | = | Black Widow (2021)                                                 |
[2022-05-26 02:13:15,994] [builder.py:1908]           [INFO]     |  6/57 | Marvel Collection | = | The New Mutants (2020)                                             |
[2022-05-26 02:13:15,994] [builder.py:1908]           [INFO]     |  7/57 | Marvel Collection | = | X-Men (2000)                                                       |
[2022-05-26 02:13:15,995] [builder.py:1908]           [INFO]     |  8/57 | Marvel Collection | = | X-Men: Dark Phoenix (2019)                                         |
[2022-05-26 02:13:15,995] [builder.py:1908]           [INFO]     |  9/57 | Marvel Collection | = | Daredevil (2003)                                                   |
[2022-05-26 02:13:15,995] [builder.py:1908]           [INFO]     | 10/57 | Marvel Collection | = | X2: X-Men United (2003)                                            |
[2022-05-26 02:13:15,996] [builder.py:1908]           [INFO]     | 11/57 | Marvel Collection | = | Hulk (2003)                                                        |
[2022-05-26 02:13:15,996] [builder.py:1908]           [INFO]     | 12/57 | Marvel Collection | = | The Punisher (2004)                                                |
[2022-05-26 02:13:15,996] [builder.py:1908]           [INFO]     | 13/57 | Marvel Collection | = | Spider-Man 2 (2004)                                                |
[2022-05-26 02:13:15,996] [builder.py:1908]           [INFO]     | 14/57 | Marvel Collection | = | Elektra (2005)                                                     |
[2022-05-26 02:13:15,997] [builder.py:1908]           [INFO]     | 15/57 | Marvel Collection | = | X-Men: The Last Stand (2006)                                       |
[2022-05-26 02:13:15,997] [builder.py:1908]           [INFO]     | 16/57 | Marvel Collection | = | Spider-Man 3 (2007)                                                |
[2022-05-26 02:13:15,997] [builder.py:1908]           [INFO]     | 17/57 | Marvel Collection | = | Punisher: War Zone (2008)                                          |
[2022-05-26 02:13:15,998] [builder.py:1908]           [INFO]     | 18/57 | Marvel Collection | = | X-Men Origins: Wolverine (2009)                                    |
[2022-05-26 02:13:15,998] [builder.py:1908]           [INFO]     | 19/57 | Marvel Collection | = | X-Men: First Class (2011)                                          |
[2022-05-26 02:13:15,998] [builder.py:1908]           [INFO]     | 20/57 | Marvel Collection | = | The Wolverine (2013)                                               |
[2022-05-26 02:13:15,999] [builder.py:1908]           [INFO]     | 21/57 | Marvel Collection | = | Iron Man (2008)                                                    |
[2022-05-26 02:13:15,999] [builder.py:1908]           [INFO]     | 22/57 | Marvel Collection | = | Captain America: Civil War (2016)                                  |
[2022-05-26 02:13:16,000] [builder.py:1908]           [INFO]     | 23/57 | Marvel Collection | = | Deadpool 2 (2018)                                                  |
[2022-05-26 02:13:16,000] [builder.py:1908]           [INFO]     | 24/57 | Marvel Collection | = | Venom (2018)                                                       |
[2022-05-26 02:13:16,001] [builder.py:1908]           [INFO]     | 25/57 | Marvel Collection | = | Ant-Man and the Wasp (2018)                                        |
[2022-05-26 02:13:16,002] [builder.py:1908]           [INFO]     | 26/57 | Marvel Collection | = | Avengers: Endgame (2019)                                           |
[2022-05-26 02:13:16,002] [builder.py:1908]           [INFO]     | 27/57 | Marvel Collection | = | Avengers: Infinity War (2018)                                      |
[2022-05-26 02:13:16,003] [builder.py:1908]           [INFO]     | 28/57 | Marvel Collection | = | Spider-Man: Far from Home (2019)                                   |
[2022-05-26 02:13:16,003] [builder.py:1908]           [INFO]     | 29/57 | Marvel Collection | = | Logan (2017)                                                       |
[2022-05-26 02:13:16,004] [builder.py:1908]           [INFO]     | 30/57 | Marvel Collection | = | X-Men: Apocalypse (2016)                                           |
[2022-05-26 02:13:16,004] [builder.py:1908]           [INFO]     | 31/57 | Marvel Collection | = | X-Men: Days of Future Past (2014)                                  |
[2022-05-26 02:13:16,005] [builder.py:1908]           [INFO]     | 32/57 | Marvel Collection | = | Spider-Man (2002)                                                  |
[2022-05-26 02:13:16,005] [builder.py:1908]           [INFO]     | 33/57 | Marvel Collection | = | Fantastic 4: Rise of the Silver Surfer (2007)                      |
[2022-05-26 02:13:16,006] [builder.py:1908]           [INFO]     | 34/57 | Marvel Collection | = | Fantastic Four (2005)                                              |
[2022-05-26 02:13:16,006] [builder.py:1908]           [INFO]     | 35/57 | Marvel Collection | = | Captain Marvel (2019)                                              |
[2022-05-26 02:13:16,007] [builder.py:1908]           [INFO]     | 36/57 | Marvel Collection | = | The Amazing Spider-Man 2 (2014)                                    |
[2022-05-26 02:13:16,007] [builder.py:1908]           [INFO]     | 37/57 | Marvel Collection | = | Spider-Man: Into the Spider-Verse (2018)                           |
[2022-05-26 02:13:16,008] [builder.py:1908]           [INFO]     | 38/57 | Marvel Collection | = | The Amazing Spider-Man (2012)                                      |
[2022-05-26 02:13:16,008] [builder.py:1908]           [INFO]     | 39/57 | Marvel Collection | = | Deadpool (2016)                                                    |
[2022-05-26 02:13:16,009] [builder.py:1908]           [INFO]     | 40/57 | Marvel Collection | = | Fantastic Four (2015)                                              |
[2022-05-26 02:13:16,009] [builder.py:1908]           [INFO]     | 41/57 | Marvel Collection | = | Marvel One-Shot: Agent Carter (2013)                               |
[2022-05-26 02:13:16,010] [builder.py:1908]           [INFO]     | 42/57 | Marvel Collection | = | Doctor Strange (2016)                                              |
[2022-05-26 02:13:16,010] [builder.py:1908]           [INFO]     | 43/57 | Marvel Collection | = | Spider-Man: Homecoming (2017)                                      |
[2022-05-26 02:13:16,010] [builder.py:1908]           [INFO]     | 44/57 | Marvel Collection | = | Ant-Man (2015)                                                     |
[2022-05-26 02:13:16,011] [builder.py:1908]           [INFO]     | 45/57 | Marvel Collection | = | Avengers: Age of Ultron (2015)                                     |
[2022-05-26 02:13:16,012] [builder.py:1908]           [INFO]     | 46/57 | Marvel Collection | = | Thor: The Dark World (2013)                                        |
[2022-05-26 02:13:16,012] [builder.py:1908]           [INFO]     | 47/57 | Marvel Collection | = | Thor (2011)                                                        |
[2022-05-26 02:13:16,012] [builder.py:1908]           [INFO]     | 48/57 | Marvel Collection | = | The Incredible Hulk (2008)                                         |
[2022-05-26 02:13:16,013] [builder.py:1908]           [INFO]     | 49/57 | Marvel Collection | = | Iron Man 3 (2013)                                                  |
[2022-05-26 02:13:16,013] [builder.py:1908]           [INFO]     | 50/57 | Marvel Collection | = | Iron Man 2 (2010)                                                  |
[2022-05-26 02:13:16,014] [builder.py:1908]           [INFO]     | 51/57 | Marvel Collection | = | Captain America: The Winter Soldier (2014)                         |
[2022-05-26 02:13:16,014] [builder.py:1908]           [INFO]     | 52/57 | Marvel Collection | = | Captain America: The First Avenger (2011)                          |
[2022-05-26 02:13:16,015] [builder.py:1908]           [INFO]     | 53/57 | Marvel Collection | = | Thor: Ragnarok (2017)                                              |
[2022-05-26 02:13:16,015] [builder.py:1908]           [INFO]     | 54/57 | Marvel Collection | = | Guardians of the Galaxy Vol. 2 (2017)                              |
[2022-05-26 02:13:16,015] [builder.py:1908]           [INFO]     | 55/57 | Marvel Collection | = | The Avengers (2012)                                                |
[2022-05-26 02:13:16,016] [builder.py:1908]           [INFO]     | 56/57 | Marvel Collection | = | Guardians of the Galaxy (2014)                                     |
[2022-05-26 02:13:16,016] [builder.py:1908]           [INFO]     | 57/57 | Marvel Collection | = | Black Panther (2018)                                               |
[2022-05-26 02:13:16,017] [builder.py:1933]           [INFO]     |                                                                                                    |
[2022-05-26 02:13:16,017] [builder.py:1934]           [INFO]     | 57 Movies Processed                                                                                |
[2022-05-26 02:13:16,017] [builder.py:2171]           [INFO]     |                                                                                                    |
[2022-05-26 02:13:16,017] [builder.py:2172]           [INFO]     |=============================== Missing Movies from Library: Movies ================================|
[2022-05-26 02:13:16,018] [builder.py:2173]           [INFO]     |                                                                                                    |
[2022-05-26 02:13:16,033] [builder.py:2185]           [INFO]     | Marvel Collection | ? | The Marvels (2023) (TMDb: 609681)                                          |
[2022-05-26 02:13:16,238] [builder.py:2185]           [INFO]     | Marvel Collection | ? | Ant-Man: Let's Go to the Macroverse (2015) (TMDb: 448375)                  |
[2022-05-26 02:13:16,499] [builder.py:2185]           [INFO]     | Marvel Collection | ? | Doctor Strange: The Fabric of Reality (2017) (TMDb: 448387)                |
[2022-05-26 02:13:16,515] [builder.py:2179]           [ERROR]    | TMDb Error: No Movie found for TMDb ID 474840: (404 [Not Found]) Requested Item Not Found          |
[2022-05-26 02:13:16,698] [builder.py:2185]           [INFO]     | Marvel Collection | ? | Thor: Hammer Time (2011) (TMDb: 448361)                                    |
[2022-05-26 02:13:16,714] [builder.py:2185]           [INFO]     | Marvel Collection | ? | Team Thor: Part 2 (2017) (TMDb: 441829)                                    |
[2022-05-26 02:13:16,729] [builder.py:2179]           [ERROR]    | TMDb Error: No Movie found for TMDb ID 524885: (404 [Not Found]) Requested Item Not Found          |
[2022-05-26 02:13:16,744] [builder.py:2179]           [ERROR]    | TMDb Error: No Movie found for TMDb ID 487469: (404 [Not Found]) Requested Item Not Found          |
[2022-05-26 02:13:16,759] [builder.py:2179]           [ERROR]    | TMDb Error: No Movie found for TMDb ID 508256: (404 [Not Found]) Requested Item Not Found          |
[2022-05-26 02:13:16,774] [builder.py:2179]           [ERROR]    | TMDb Error: No Movie found for TMDb ID 425908: (404 [Not Found]) Requested Item Not Found          |
[2022-05-26 02:13:16,790] [builder.py:2179]           [ERROR]    | TMDb Error: No Movie found for TMDb ID 508944: (404 [Not Found]) Requested Item Not Found          |
[2022-05-26 02:13:17,070] [builder.py:2185]           [INFO]     | Marvel Collection | ? | Inhumans: The First Chapter (2017) (TMDb: 474227)                          |
[2022-05-26 02:13:17,086] [builder.py:2185]           [INFO]     | Marvel Collection | ? | Team Thor (2016) (TMDb: 413279)                                            |
[2022-05-26 02:13:17,103] [builder.py:2185]           [INFO]     | Marvel Collection | ? | Black Panther: Wakanda Forever (2022) (TMDb: 505642)                       |
[2022-05-26 02:13:17,120] [builder.py:2185]           [INFO]     | Marvel Collection | ? | Doctor Strange in the Multiverse of Madness (2022) (TMDb: 453395)          |
[2022-05-26 02:13:17,135] [builder.py:2185]           [INFO]     | Marvel Collection | ? | Guardians of the Galaxy Vol. 3 (2023) (TMDb: 447365)                       |
[2022-05-26 02:13:17,431] [builder.py:2185]           [INFO]     | Marvel Collection | ? | Marvel One-Shot: A Funny Thing Happened on the Way to Thor's Hammer (2011) (TMDb: 76535) |
[2022-05-26 02:13:17,717] [builder.py:2185]           [INFO]     | Marvel Collection | ? | Marvel One-Shot: All Hail the King (2014) (TMDb: 253980)                   |
[2022-05-26 02:13:17,984] [builder.py:2185]           [INFO]     | Marvel Collection | ? | Marvel One-Shot: The Consultant (2011) (TMDb: 76122)                       |
[2022-05-26 02:13:18,292] [builder.py:2185]           [INFO]     | Marvel Collection | ? | Marvel One-Shot: Item 47 (2012) (TMDb: 119569)                             |
[2022-05-26 02:13:18,311] [builder.py:2185]           [INFO]     | Marvel Collection | ? | Thor: Love and Thunder (2022) (TMDb: 616037)                               |
[2022-05-26 02:13:18,327] [builder.py:2179]           [ERROR]    | TMDb Error: No Movie found for TMDb ID 339114: (404 [Not Found]) Requested Item Not Found          |
[2022-05-26 02:13:18,529] [builder.py:2185]           [INFO]     | Marvel Collection | ? | Doctor Strange: The Score-Cerer Supreme (2017) (TMDb: 448383)              |
[2022-05-26 02:13:18,530] [builder.py:2189]           [INFO]     |                                                                                                    |
[2022-05-26 02:13:18,530] [builder.py:2190]           [INFO]     | 16 Movies Missing                                                                                  |
[2022-05-26 02:13:18,576] [builder.py:2410]           [INFO]     |                                                                                                    |
[2022-05-26 02:13:18,576] [builder.py:2411]           [INFO]     |============================== Updating Details of Marvel Collection ===============================|
[2022-05-26 02:13:18,577] [builder.py:2412]           [INFO]     |                                                                                                    |
[2022-05-26 02:13:18,577] [builder.py:2418]           [INFO]     | Detail: summary will update Collection Summary                                                     |
[2022-05-26 02:13:18,577] [builder.py:2473]           [INFO]     | Collection Metadata Edits                                                                          |
                                                                 | 
[2022-05-26 02:13:19,185] [builder.py:2477]           [INFO]     | Details: have been updated
[2022-05-26 02:13:19,185] [builder.py:2480]           [INFO]     | 
[2022-05-26 02:13:19,222] [builder.py:2532]           [DEBUG]    | 1 posters found:
[2022-05-26 02:13:19,223] [builder.py:2534]           [DEBUG]    | Method: url_poster Poster: https://theposterdb.com/api/assets/164107
[2022-05-26 02:13:19,223] [builder.py:2601]           [INFO]     | No background collection detail or asset folder found
[2022-05-26 02:13:21,093] [library.py:141]            [INFO]     | Detail: url_poster updated poster to [URL] https://theposterdb.com/api/assets/164107
[2022-05-26 02:13:24,052] [plex_meta_manager.py:576]  [INFO]     | 
[2022-05-26 02:13:24,053] [plex_meta_manager.py:577]  [INFO]     |====================================================================================================|
[2022-05-26 02:13:24,053] [plex_meta_manager.py:577]  [INFO]     |                                     Finished Marvel Collection                                     |
[2022-05-26 02:13:24,053] [plex_meta_manager.py:577]  [INFO]     |                                    Collection Run Time: 0:00:16                                    |
[2022-05-26 02:13:24,054] [plex_meta_manager.py:577]  [INFO]     |====================================================================================================|
