[2022-05-21 09:07:39,098] [plex_meta_manager.py:437]  [INFO]     |====================================================================================================|
[2022-05-21 09:07:39,099] [plex_meta_manager.py:437]  [INFO]     |                                  Trending Collection in TV Shows                                   |
[2022-05-21 09:07:39,099] [plex_meta_manager.py:437]  [INFO]     |====================================================================================================|
[2022-05-21 09:07:39,099] [plex_meta_manager.py:438]  [INFO]     |                                                                                                    |
[2022-05-21 09:07:39,099] [plex_meta_manager.py:443]  [INFO]     |================================== Validating Trending Attributes ==================================|
[2022-05-21 09:07:39,100] [builder.py:241]            [DEBUG]    |                                                                                                    |
[2022-05-21 09:07:39,100] [builder.py:242]            [DEBUG]    | Validating Method: template                                                                        |
[2022-05-21 09:07:39,100] [meta.py:109]               [DEBUG]    | Value: ordereddict([('name', 'Chart'), ('num', 2)])                                                |
[2022-05-21 09:07:39,101] [builder.py:423]            [DEBUG]    |                                                                                                    |
[2022-05-21 09:07:39,101] [builder.py:424]            [DEBUG]    | Validating Method: sync_mode                                                                       |
[2022-05-21 09:07:39,101] [builder.py:428]            [DEBUG]    | Value: sync                                                                                        |
[2022-05-21 09:07:39,101] [builder.py:497]            [DEBUG]    |                                                                                                    |
[2022-05-21 09:07:39,101] [builder.py:498]            [DEBUG]    | Validating Method: smart_label                                                                     |
[2022-05-21 09:07:39,102] [builder.py:503]            [DEBUG]    | Value: random                                                                                      |
[2022-05-21 09:07:39,143] [builder.py:588]            [DEBUG]    |                                                                                                    |
[2022-05-21 09:07:39,144] [builder.py:592]            [DEBUG]    | Validating Method: trakt_trending                                                                  |
[2022-05-21 09:07:39,144] [builder.py:593]            [DEBUG]    | Value: 10                                                                                          |
[2022-05-21 09:07:39,144] [plex_meta_manager.py:566]  [DEBUG]    | Traceback (most recent call last):                                                                 |
                                                                 |   File "//plex_meta_manager.py", line 445, in run_collection
                                                                 |     builder = CollectionBuilder(config, metadata, mapping_name, collection_attrs, library=library)
                                                                 |   File "/modules/builder.py", line 602, in __init__
                                                                 |     raise Failed(f"{self.Type} Error: {method_final} requires Trakt to be configured")
                                                                 | modules.util.Failed: Collection Error: trakt_trending requires Trakt to be configured
                                                                 | 
[2022-05-21 09:07:39,146] [plex_meta_manager.py:567]  [ERROR]    | Collection Error: trakt_trending requires Trakt to be configured
[2022-05-21 09:07:39,146] [plex_meta_manager.py:576]  [INFO]     | 
[2022-05-21 09:07:39,146] [plex_meta_manager.py:577]  [INFO]     |====================================================================================================|
[2022-05-21 09:07:39,146] [plex_meta_manager.py:577]  [INFO]     |                                    Finished Trending Collection                                    |
[2022-05-21 09:07:39,146] [plex_meta_manager.py:577]  [INFO]     |                                    Collection Run Time: 0:00:00                                    |
[2022-05-21 09:07:39,147] [plex_meta_manager.py:577]  [INFO]     |====================================================================================================|
