[2022-05-26 02:15:49,631] [plex_meta_manager.py:437]  [INFO]     |====================================================================================================|
[2022-05-26 02:15:49,631] [plex_meta_manager.py:437]  [INFO]     |                             New Year's Eve Movies Collection in Movies                             |
[2022-05-26 02:15:49,631] [plex_meta_manager.py:437]  [INFO]     |====================================================================================================|
[2022-05-26 02:15:49,631] [plex_meta_manager.py:438]  [INFO]     |                                                                                                    |
[2022-05-26 02:15:49,632] [plex_meta_manager.py:443]  [INFO]     |=========================== Validating New Year's Eve Movies Attributes ============================|
[2022-05-26 02:15:49,632] [builder.py:241]            [DEBUG]    |                                                                                                    |
[2022-05-26 02:15:49,632] [builder.py:242]            [DEBUG]    | Validating Method: template                                                                        |
[2022-05-26 02:15:49,632] [meta.py:109]               [DEBUG]    | Value: ordereddict([('name', 'Holiday'), ('holiday', "New Year's Eve")])                           |
[2022-05-26 02:15:49,633] [builder.py:359]            [DEBUG]    |                                                                                                    |
[2022-05-26 02:15:49,633] [builder.py:360]            [DEBUG]    | Validating Method: delete_not_scheduled                                                            |
[2022-05-26 02:15:49,634] [builder.py:361]            [DEBUG]    | Value: True                                                                                        |
[2022-05-26 02:15:49,634] [builder.py:365]            [DEBUG]    |                                                                                                    |
[2022-05-26 02:15:49,634] [builder.py:366]            [DEBUG]    | Validating Method: schedule                                                                        |
[2022-05-26 02:15:49,634] [builder.py:370]            [DEBUG]    | Value: range(12/26-01/05)                                                                          |
[2022-05-26 02:15:49,673] [plex.py:721]               [DEBUG]    |                                                                                                    |
[2022-05-26 02:15:49,673] [plex.py:724]               [DEBUG]    | Looking for: New Year's Eve Movies                                                                 |
[2022-05-26 02:15:49,673] [plex_meta_manager.py:562]  [INFO]     |                                                                                                    |
                                                                 | Scheduled between December 26th and January 5th
                                                                 | 
                                                                 | Collection New Year's Eve Movies not scheduled to run and could not be found to delete
[2022-05-26 02:15:49,674] [plex_meta_manager.py:576]  [INFO]     | 
[2022-05-26 02:15:49,674] [plex_meta_manager.py:577]  [INFO]     |====================================================================================================|
[2022-05-26 02:15:49,674] [plex_meta_manager.py:577]  [INFO]     |                             Finished New Year's Eve Movies Collection                              |
[2022-05-26 02:15:49,674] [plex_meta_manager.py:577]  [INFO]     |                                    Collection Run Time: 0:00:00                                    |
[2022-05-26 02:15:49,674] [plex_meta_manager.py:577]  [INFO]     |====================================================================================================|
