[2022-05-20 17:23:03,682] [plex_meta_manager.py:437]  [INFO]     |====================================================================================================|
[2022-05-20 17:23:03,682] [plex_meta_manager.py:437]  [INFO]     |                          DC Animated Movie Universe Collection in Movies                           |
[2022-05-20 17:23:03,682] [plex_meta_manager.py:437]  [INFO]     |====================================================================================================|
[2022-05-20 17:23:03,682] [plex_meta_manager.py:438]  [INFO]     |                                                                                                    |
[2022-05-20 17:23:03,683] [plex_meta_manager.py:443]  [INFO]     |========================= Validating DC Animated Movie Universe Attributes =========================|
[2022-05-20 17:23:03,683] [builder.py:365]            [DEBUG]    |                                                                                                    |
[2022-05-20 17:23:03,683] [builder.py:366]            [DEBUG]    | Validating Method: schedule                                                                        |
[2022-05-20 17:23:03,684] [builder.py:370]            [DEBUG]    | Value: weekly(friday)                                                                              |
[2022-05-20 17:23:03,684] [builder.py:423]            [DEBUG]    |                                                                                                    |
[2022-05-20 17:23:03,684] [builder.py:424]            [DEBUG]    | Validating Method: sync_mode                                                                       |
[2022-05-20 17:23:03,684] [builder.py:428]            [DEBUG]    | Value: sync                                                                                        |
[2022-05-20 17:23:03,685] [builder.py:570]            [DEBUG]    |                                                                                                    |
[2022-05-20 17:23:03,685] [builder.py:571]            [DEBUG]    | Validating Method: collection_order                                                                |
[2022-05-20 17:23:03,685] [builder.py:572]            [DEBUG]    | Value: release                                                                                     |
[2022-05-20 17:23:03,685] [builder.py:588]            [DEBUG]    |                                                                                                    |
[2022-05-20 17:23:03,686] [builder.py:592]            [DEBUG]    | Validating Method: imdb_list                                                                       |
[2022-05-20 17:23:03,686] [builder.py:593]            [DEBUG]    | Value: https://www.imdb.com/list/ls084121860                                                       |
[2022-05-20 17:23:04,958] [builder.py:588]            [DEBUG]    |                                                                                                    |
[2022-05-20 17:23:04,960] [builder.py:592]            [DEBUG]    | Validating Method: collection_mode                                                                 |
[2022-05-20 17:23:04,961] [builder.py:593]            [DEBUG]    | Value: default                                                                                     |
[2022-05-20 17:23:04,961] [builder.py:588]            [DEBUG]    |                                                                                                    |
[2022-05-20 17:23:04,961] [builder.py:592]            [DEBUG]    | Validating Method: sort_title                                                                      |
[2022-05-20 17:23:04,962] [builder.py:593]            [DEBUG]    | Value: *507                                                                                        |
[2022-05-20 17:23:05,001] [plex.py:721]               [DEBUG]    |                                                                                                    |
[2022-05-20 17:23:05,002] [plex.py:724]               [DEBUG]    | Looking for: DC Animated Movie Universe                                                            |
[2022-05-20 17:23:05,002] [builder.py:749]            [INFO]     |                                                                                                    |
[2022-05-20 17:23:05,003] [builder.py:750]            [INFO]     | Validation Successful                                                                              |
[2022-05-20 17:23:05,008] [plex_meta_manager.py:447]  [INFO]     |                                                                                                    |
[2022-05-20 17:23:05,009] [plex_meta_manager.py:449]  [INFO]     |========================== Running DC Animated Movie Universe Collection ===========================|
[2022-05-20 17:23:05,009] [plex_meta_manager.py:461]  [INFO]     |                                                                                                    |
[2022-05-20 17:23:05,010] [plex_meta_manager.py:462]  [INFO]     | Sync Mode: sync                                                                                    |
[2022-05-20 17:23:05,010] [plex_meta_manager.py:472]  [DEBUG]    |                                                                                                    |
[2022-05-20 17:23:05,010] [plex_meta_manager.py:473]  [DEBUG]    | Builder: imdb_list: {'url': 'https://www.imdb.com/list/ls084121860', 'limit': 0}                   |
[2022-05-20 17:23:05,011] [plex_meta_manager.py:474]  [INFO]     |                                                                                                    |
[2022-05-20 17:23:05,011] [imdb.py:176]               [INFO]     | Processing IMDb List: https://www.imdb.com/list/ls084121860                                        |
[2022-05-20 17:23:09,423] [imdb.py:127]               [DEBUG]    | 22 IMDb IDs Found: ['tt2820466', 'tt3060952', 'tt3139072', 'tt3878542', 'tt4324274', 'tt4870838', 'tt5091548', 'tt2494376', 'tt6315800', 'tt7167602', 'tt7167658', 'tt9177882', 'tt7167686', 'tt8752440', 'tt10548944', 'tt11043546', 'tt8752498', 'tt11079148', 'tt11079116', 'tt13804084', 'tt14324650', 'tt14402926'] |
[2022-05-20 17:23:09,424] [builder.py:1424]           [DEBUG]    |                                                                                                    |
[2022-05-20 17:23:09,424] [builder.py:1425]           [DEBUG]    | 22 IDs Found: [('tt2820466', 'imdb'), ('tt3060952', 'imdb'), ('tt3139072', 'imdb'), ('tt3878542', 'imdb'), ('tt4324274', 'imdb'), ('tt4870838', 'imdb'), ('tt5091548', 'imdb'), ('tt2494376', 'imdb'), ('tt6315800', 'imdb'), ('tt7167602', 'imdb'), ('tt7167658', 'imdb'), ('tt9177882', 'imdb'), ('tt7167686', 'imdb'), ('tt8752440', 'imdb'), ('tt10548944', 'imdb'), ('tt11043546', 'imdb'), ('tt8752498', 'imdb'), ('tt11079148', 'imdb'), ('tt11079116', 'imdb'), ('tt13804084', 'imdb'), ('tt14324650', 'imdb'), ('tt14402926', 'imdb')] |
[2022-05-20 17:23:09,425] [builder.py:1426]           [DEBUG]    |                                                                                                    |
[2022-05-20 17:23:10,966] [builder.py:1892]           [INFO]     |                                                                                                    |
[2022-05-20 17:23:10,968] [builder.py:1893]           [INFO]     |========================= Adding to DC Animated Movie Universe Collection ==========================|
[2022-05-20 17:23:10,968] [builder.py:1894]           [INFO]     |                                                                                                    |
[2022-05-20 17:23:10,969] [builder.py:1908]           [INFO]     |  1/22 | DC Animated Movie Universe Collection | + | Justice League: The Flashpoint Paradox (2013)  |
[2022-05-20 17:23:12,406] [builder.py:1908]           [INFO]     |  2/22 | DC Animated Movie Universe Collection | + | Justice League: War (2014)                     |
[2022-05-20 17:23:13,707] [builder.py:1908]           [INFO]     |  3/22 | DC Animated Movie Universe Collection | + | Son of Batman (2014)                           |
[2022-05-20 17:23:15,314] [builder.py:1908]           [INFO]     |  4/22 | DC Animated Movie Universe Collection | + | Justice League: Throne of Atlantis (2015)      |
[2022-05-20 17:23:16,840] [builder.py:1908]           [INFO]     |  5/22 | DC Animated Movie Universe Collection | + | Batman vs. Robin (2015)                        |
[2022-05-20 17:23:18,291] [builder.py:1908]           [INFO]     |  6/22 | DC Animated Movie Universe Collection | + | Batman: Bad Blood (2016)                       |
[2022-05-20 17:23:19,895] [builder.py:1908]           [INFO]     |  7/22 | DC Animated Movie Universe Collection | + | Justice League vs. Teen Titans (2016)          |
[2022-05-20 17:23:21,423] [builder.py:1908]           [INFO]     |  8/22 | DC Animated Movie Universe Collection | + | Justice League Dark (2017)                     |
[2022-05-20 17:23:22,963] [builder.py:1908]           [INFO]     |  9/22 | DC Animated Movie Universe Collection | + | Teen Titans: The Judas Contract (2017)         |
[2022-05-20 17:23:24,454] [builder.py:1908]           [INFO]     | 10/22 | DC Animated Movie Universe Collection | + | Suicide Squad: Hell to Pay (2018)              |
[2022-05-20 17:23:25,993] [builder.py:1908]           [INFO]     | 11/22 | DC Animated Movie Universe Collection | + | The Death of Superman (2018)                   |
[2022-05-20 17:23:27,576] [builder.py:1908]           [INFO]     | 12/22 | DC Animated Movie Universe Collection | + | Constantine: City of Demons - The Movie (2018) |
[2022-05-20 17:23:29,085] [builder.py:1908]           [INFO]     | 13/22 | DC Animated Movie Universe Collection | + | Reign of the Supermen (2019)                   |
[2022-05-20 17:23:30,737] [builder.py:1908]           [INFO]     | 14/22 | DC Animated Movie Universe Collection | + | Batman: Hush (2019)                            |
[2022-05-20 17:23:32,325] [builder.py:1908]           [INFO]     | 15/22 | DC Animated Movie Universe Collection | + | Teen Titans Go! Vs. Teen Titans (2019)         |
[2022-05-20 17:23:34,096] [builder.py:1908]           [INFO]     | 16/22 | DC Animated Movie Universe Collection | + | The Death and Return of Superman (2019)        |
[2022-05-20 17:23:35,766] [builder.py:1908]           [INFO]     | 17/22 | DC Animated Movie Universe Collection | + | Wonder Woman: Bloodlines (2019)                |
[2022-05-20 17:23:37,523] [builder.py:1908]           [INFO]     | 18/22 | DC Animated Movie Universe Collection | + | Justice League Dark: Apokolips War (2020)      |
[2022-05-20 17:23:39,303] [builder.py:1908]           [INFO]     | 19/22 | DC Animated Movie Universe Collection | + | Superman: Man of Tomorrow (2020)               |
[2022-05-20 17:23:41,083] [builder.py:1908]           [INFO]     | 20/22 | DC Animated Movie Universe Collection | + | Justice Society: World War II (2021)           |
[2022-05-20 17:23:42,801] [builder.py:1908]           [INFO]     | 21/22 | DC Animated Movie Universe Collection | + | Batman: The Long Halloween, Part One (2021)    |
[2022-05-20 17:23:45,040] [builder.py:1908]           [INFO]     | 22/22 | DC Animated Movie Universe Collection | + | Batman: The Long Halloween, Part Two (2021)    |
[2022-05-20 17:23:46,956] [builder.py:1933]           [INFO]     |                                                                                                    |
[2022-05-20 17:23:46,956] [builder.py:1934]           [INFO]     | 22 Movies Processed                                                                                |
[2022-05-20 17:23:47,000] [builder.py:2410]           [INFO]     |                                                                                                    |
[2022-05-20 17:23:47,000] [builder.py:2411]           [INFO]     |==================== Updating Details of DC Animated Movie Universe Collection =====================|
[2022-05-20 17:23:47,000] [builder.py:2412]           [INFO]     |                                                                                                    |
[2022-05-20 17:23:47,001] [builder.py:2473]           [INFO]     | Collection Metadata Edits                                                                          |
                                                                 | Sort Title | *507
                                                                 | 
[2022-05-20 17:23:47,528] [builder.py:2477]           [INFO]     | Details: have been updated
[2022-05-20 17:23:47,528] [builder.py:2480]           [INFO]     | 
[2022-05-20 17:23:47,528] [builder.py:2568]           [INFO]     | No poster collection detail or asset folder found
[2022-05-20 17:23:47,528] [builder.py:2601]           [INFO]     | No background collection detail or asset folder found
[2022-05-20 17:23:50,048] [plex_meta_manager.py:576]  [INFO]     | 
[2022-05-20 17:23:50,049] [plex_meta_manager.py:577]  [INFO]     |====================================================================================================|
[2022-05-20 17:23:50,049] [plex_meta_manager.py:577]  [INFO]     |                           Finished DC Animated Movie Universe Collection                           |
[2022-05-20 17:23:50,049] [plex_meta_manager.py:577]  [INFO]     |                                    Collection Run Time: 0:00:46                                    |
[2022-05-20 17:23:50,049] [plex_meta_manager.py:577]  [INFO]     |====================================================================================================|
