[2022-05-20 17:16:34,444] [plex_meta_manager.py:437]  [INFO]     |====================================================================================================|
[2022-05-20 17:16:34,444] [plex_meta_manager.py:437]  [INFO]     |                                      DC Collection in Movies                                       |
[2022-05-20 17:16:34,444] [plex_meta_manager.py:437]  [INFO]     |====================================================================================================|
[2022-05-20 17:16:34,445] [plex_meta_manager.py:438]  [INFO]     |                                                                                                    |
[2022-05-20 17:16:34,445] [plex_meta_manager.py:443]  [INFO]     |===================================== Validating DC Attributes =====================================|
[2022-05-20 17:16:34,445] [builder.py:365]            [DEBUG]    |                                                                                                    |
[2022-05-20 17:16:34,445] [builder.py:366]            [DEBUG]    | Validating Method: schedule                                                                        |
[2022-05-20 17:16:34,446] [builder.py:370]            [DEBUG]    | Value: weekly(friday)                                                                              |
[2022-05-20 17:16:34,446] [builder.py:423]            [DEBUG]    |                                                                                                    |
[2022-05-20 17:16:34,446] [builder.py:424]            [DEBUG]    | Validating Method: sync_mode                                                                       |
[2022-05-20 17:16:34,446] [builder.py:428]            [DEBUG]    | Value: sync                                                                                        |
[2022-05-20 17:16:34,446] [builder.py:570]            [DEBUG]    |                                                                                                    |
[2022-05-20 17:16:34,447] [builder.py:571]            [DEBUG]    | Validating Method: collection_order                                                                |
[2022-05-20 17:16:34,447] [builder.py:572]            [DEBUG]    | Value: release                                                                                     |
[2022-05-20 17:16:34,447] [builder.py:588]            [DEBUG]    |                                                                                                    |
[2022-05-20 17:16:34,447] [builder.py:592]            [DEBUG]    | Validating Method: imdb_list                                                                       |
[2022-05-20 17:16:34,447] [builder.py:593]            [DEBUG]    | Value: ['https://www.imdb.com/list/ls084123848', 'https://www.imdb.com/list/ls084122077']          |
[2022-05-20 17:16:39,790] [builder.py:588]            [DEBUG]    |                                                                                                    |
[2022-05-20 17:16:39,793] [builder.py:592]            [DEBUG]    | Validating Method: collection_mode                                                                 |
[2022-05-20 17:16:39,793] [builder.py:593]            [DEBUG]    | Value: default                                                                                     |
[2022-05-20 17:16:39,794] [builder.py:588]            [DEBUG]    |                                                                                                    |
[2022-05-20 17:16:39,794] [builder.py:592]            [DEBUG]    | Validating Method: sort_title                                                                      |
[2022-05-20 17:16:39,794] [builder.py:593]            [DEBUG]    | Value: *505                                                                                        |
[2022-05-20 17:16:39,794] [builder.py:588]            [DEBUG]    |                                                                                                    |
[2022-05-20 17:16:39,794] [builder.py:592]            [DEBUG]    | Validating Method: file_poster                                                                     |
[2022-05-20 17:16:39,795] [builder.py:593]            [DEBUG]    | Value: /config/assets/DC-2.png                                                                     |
[2022-05-20 17:16:39,795] [builder.py:785]            [ERROR]    | Collection Error: Poster Path Does Not Exist: /config/assets/DC-2.png                              |
[2022-05-20 17:16:39,836] [plex.py:721]               [DEBUG]    |                                                                                                    |
[2022-05-20 17:16:39,836] [plex.py:724]               [DEBUG]    | Looking for: DC                                                                                    |
[2022-05-20 17:16:39,836] [builder.py:749]            [INFO]     |                                                                                                    |
[2022-05-20 17:16:39,837] [builder.py:750]            [INFO]     | Validation Successful                                                                              |
[2022-05-20 17:16:39,841] [plex_meta_manager.py:447]  [INFO]     |                                                                                                    |
[2022-05-20 17:16:39,842] [plex_meta_manager.py:449]  [INFO]     |====================================== Running DC Collection =======================================|
[2022-05-20 17:16:39,842] [plex_meta_manager.py:461]  [INFO]     |                                                                                                    |
[2022-05-20 17:16:39,843] [plex_meta_manager.py:462]  [INFO]     | Sync Mode: sync                                                                                    |
[2022-05-20 17:16:39,843] [plex_meta_manager.py:472]  [DEBUG]    |                                                                                                    |
[2022-05-20 17:16:39,843] [plex_meta_manager.py:473]  [DEBUG]    | Builder: imdb_list: {'url': 'https://www.imdb.com/list/ls084123848', 'limit': 0}                   |
[2022-05-20 17:16:39,843] [plex_meta_manager.py:474]  [INFO]     |                                                                                                    |
[2022-05-20 17:16:39,844] [imdb.py:176]               [INFO]     | Processing IMDb List: https://www.imdb.com/list/ls084123848                                        |
[2022-05-20 17:16:47,657] [imdb.py:127]               [DEBUG]    | 87 IMDb IDs Found: ['tt0106364', 'tt0143127', 'tt0233298', 'tt0346578', 'tt0472219', 'tt0800226', 'tt0816671', 'tt0934706', 'tt0902272', 'tt1117563', 'tt1186373', 'tt1295071', 'tt1384590', 'tt1398941', 'tt1601188', 'tt1494772', 'tt1569923', 'tt1606600', 'tt1663633', 'tt1673430', 'tt1701223', 'tt1699114', 'tt1683043', 'tt1672723', 'tt1986806', 'tt2027128', 'tt2224455', 'tt2313197', 'tt2166834', 'tt2617456', 'tt2820466', 'tt3468260', 'tt3060952', 'tt3139072', 'tt3139086', 'tt3878542', 'tt4324274', 'tt4437640', 'tt4324302', 'tt4729754', 'tt4870838', 'tt5091548', 'tt4853102', 'tt5836262', 'tt5896146', 'tt5973626', 'tt2494376', 'tt6315800', 'tt6869644', 'tt6556890', 'tt6142314', 'tt7112166', 'tt7578566', 'tt13370102', 'tt7167630', 'tt7167602', 'tt7451284', 'tt7424200', 'tt7167658', 'tt8634256', 'tt9177882', 'tt7167686', 'tt8752474', 'tt9775360', 'tt8752440', 'tt10736082', 'tt10548944', 'tt11043546', 'tt8752498', 'tt11229556', 'tt11802028', 'tt10985510', 'tt12272414', 'tt11079148', 'tt12876132', 'tt11079116', 'tt12794046', 'tt12885852', 'tt13804084', 'tt14324650', 'tt14402926', 'tt5012504', 'tt15248702', 'tt0106364', 'tt0143127', 'tt0346578', 'tt0472219'] |
[2022-05-20 17:16:47,661] [builder.py:1424]           [DEBUG]    |                                                                                                    |
[2022-05-20 17:16:47,661] [builder.py:1425]           [DEBUG]    | 87 IDs Found: [('tt0106364', 'imdb'), ('tt0143127', 'imdb'), ('tt0233298', 'imdb'), ('tt0346578', 'imdb'), ('tt0472219', 'imdb'), ('tt0800226', 'imdb'), ('tt0816671', 'imdb'), ('tt0934706', 'imdb'), ('tt0902272', 'imdb'), ('tt1117563', 'imdb'), ('tt1186373', 'imdb'), ('tt1295071', 'imdb'), ('tt1384590', 'imdb'), ('tt1398941', 'imdb'), ('tt1601188', 'imdb'), ('tt1494772', 'imdb'), ('tt1569923', 'imdb'), ('tt1606600', 'imdb'), ('tt1663633', 'imdb'), ('tt1673430', 'imdb'), ('tt1701223', 'imdb'), ('tt1699114', 'imdb'), ('tt1683043', 'imdb'), ('tt1672723', 'imdb'), ('tt1986806', 'imdb'), ('tt2027128', 'imdb'), ('tt2224455', 'imdb'), ('tt2313197', 'imdb'), ('tt2166834', 'imdb'), ('tt2617456', 'imdb'), ('tt2820466', 'imdb'), ('tt3468260', 'imdb'), ('tt3060952', 'imdb'), ('tt3139072', 'imdb'), ('tt3139086', 'imdb'), ('tt3878542', 'imdb'), ('tt4324274', 'imdb'), ('tt4437640', 'imdb'), ('tt4324302', 'imdb'), ('tt4729754', 'imdb'), ('tt4870838', 'imdb'), ('tt5091548', 'imdb'), ('tt4853102', 'imdb'), ('tt5836262', 'imdb'), ('tt5896146', 'imdb'), ('tt5973626', 'imdb'), ('tt2494376', 'imdb'), ('tt6315800', 'imdb'), ('tt6869644', 'imdb'), ('tt6556890', 'imdb'), ('tt6142314', 'imdb'), ('tt7112166', 'imdb'), ('tt7578566', 'imdb'), ('tt13370102', 'imdb'), ('tt7167630', 'imdb'), ('tt7167602', 'imdb'), ('tt7451284', 'imdb'), ('tt7424200', 'imdb'), ('tt7167658', 'imdb'), ('tt8634256', 'imdb'), ('tt9177882', 'imdb'), ('tt7167686', 'imdb'), ('tt8752474', 'imdb'), ('tt9775360', 'imdb'), ('tt8752440', 'imdb'), ('tt10736082', 'imdb'), ('tt10548944', 'imdb'), ('tt11043546', 'imdb'), ('tt8752498', 'imdb'), ('tt11229556', 'imdb'), ('tt11802028', 'imdb'), ('tt10985510', 'imdb'), ('tt12272414', 'imdb'), ('tt11079148', 'imdb'), ('tt12876132', 'imdb'), ('tt11079116', 'imdb'), ('tt12794046', 'imdb'), ('tt12885852', 'imdb'), ('tt13804084', 'imdb'), ('tt14324650', 'imdb'), ('tt14402926', 'imdb'), ('tt5012504', 'imdb'), ('tt15248702', 'imdb'), ('tt0106364', 'imdb'), ('tt0143127', 'imdb'), ('tt0346578', 'imdb'), ('tt0472219', 'imdb')] |
[2022-05-20 17:16:47,662] [builder.py:1426]           [DEBUG]    |                                                                                                    |
[2022-05-20 17:16:54,235] [plex_meta_manager.py:472]  [DEBUG]    |                                                                                                    |
[2022-05-20 17:16:54,238] [plex_meta_manager.py:473]  [DEBUG]    | Builder: imdb_list: {'url': 'https://www.imdb.com/list/ls084122077', 'limit': 0}                   |
[2022-05-20 17:16:54,241] [plex_meta_manager.py:474]  [INFO]     |                                                                                                    |
[2022-05-20 17:16:54,242] [imdb.py:176]               [INFO]     | Processing IMDb List: https://www.imdb.com/list/ls084122077                                        |
[2022-05-20 17:16:59,300] [imdb.py:127]               [DEBUG]    | 25 IMDb IDs Found: ['tt0078346', 'tt0081573', 'tt0086393', 'tt0094074', 'tt0327554', 'tt0372784', 'tt0348150', 'tt0468569', 'tt0831887', 'tt0409459', 'tt1133985', 'tt1345836', 'tt0770828', 'tt2975590', 'tt1386697', 'tt0451279', 'tt0974015', 'tt1477834', 'tt0448115', 'tt7286456', 'tt7713068', 'tt7126948', 'tt0399146', 'tt12361974', 'tt1877830'] |
[2022-05-20 17:16:59,301] [builder.py:1424]           [DEBUG]    |                                                                                                    |
[2022-05-20 17:16:59,301] [builder.py:1425]           [DEBUG]    | 25 IDs Found: [('tt0078346', 'imdb'), ('tt0081573', 'imdb'), ('tt0086393', 'imdb'), ('tt0094074', 'imdb'), ('tt0327554', 'imdb'), ('tt0372784', 'imdb'), ('tt0348150', 'imdb'), ('tt0468569', 'imdb'), ('tt0831887', 'imdb'), ('tt0409459', 'imdb'), ('tt1133985', 'imdb'), ('tt1345836', 'imdb'), ('tt0770828', 'imdb'), ('tt2975590', 'imdb'), ('tt1386697', 'imdb'), ('tt0451279', 'imdb'), ('tt0974015', 'imdb'), ('tt1477834', 'imdb'), ('tt0448115', 'imdb'), ('tt7286456', 'imdb'), ('tt7713068', 'imdb'), ('tt7126948', 'imdb'), ('tt0399146', 'imdb'), ('tt12361974', 'imdb'), ('tt1877830', 'imdb')] |
[2022-05-20 17:16:59,301] [builder.py:1426]           [DEBUG]    |                                                                                                    |
[2022-05-20 17:17:02,239] [builder.py:1892]           [INFO]     |                                                                                                    |
[2022-05-20 17:17:02,243] [builder.py:1893]           [INFO]     |===================================== Adding to DC Collection ======================================|
[2022-05-20 17:17:02,243] [builder.py:1894]           [INFO]     |                                                                                                    |
[2022-05-20 17:17:02,243] [builder.py:1908]           [INFO]     |  1/92 | DC Collection | + | Batman & Mr. Freeze: SubZero (1998)                                    |
[2022-05-20 17:17:04,675] [builder.py:1908]           [INFO]     |  2/92 | DC Collection | + | Batman Beyond: Return of the Joker (2000)                              |
[2022-05-20 17:17:07,075] [builder.py:1908]           [INFO]     |  3/92 | DC Collection | + | The Batman vs. Dracula (2005)                                          |
[2022-05-20 17:17:09,664] [builder.py:1908]           [INFO]     |  4/92 | DC Collection | + | Teen Titans: Trouble in Tokyo (2006)                                   |
[2022-05-20 17:17:12,781] [builder.py:1908]           [INFO]     |  5/92 | DC Collection | + | Superman: Doomsday (2007)                                              |
[2022-05-20 17:17:15,617] [builder.py:1908]           [INFO]     |  6/92 | DC Collection | + | Justice League: The New Frontier (2008)                                |
[2022-05-20 17:17:18,220] [builder.py:1908]           [INFO]     |  7/92 | DC Collection | + | Batman: Gotham Knight (2008)                                           |
[2022-05-20 17:17:21,137] [builder.py:1908]           [INFO]     |  8/92 | DC Collection | + | Wonder Woman (2009)                                                    |
[2022-05-20 17:17:23,675] [builder.py:1908]           [INFO]     |  9/92 | DC Collection | + | Tales of the Black Freighter (2009)                                    |
[2022-05-20 17:17:26,115] [builder.py:1908]           [INFO]     | 10/92 | DC Collection | + | Green Lantern: First Flight (2009)                                     |
[2022-05-20 17:17:28,335] [builder.py:1908]           [INFO]     | 11/92 | DC Collection | + | Superman/Batman: Public Enemies (2009)                                 |
[2022-05-20 17:17:30,760] [builder.py:1908]           [INFO]     | 12/92 | DC Collection | + | DC Showcase: The Spectre (2010)                                        |
[2022-05-20 17:17:33,233] [builder.py:1908]           [INFO]     | 13/92 | DC Collection | + | Justice League: Crisis on Two Earths (2010)                            |
[2022-05-20 17:17:35,473] [builder.py:1908]           [INFO]     | 14/92 | DC Collection | + | Batman: Under the Red Hood (2010)                                      |
[2022-05-20 17:17:38,006] [builder.py:1908]           [INFO]     | 15/92 | DC Collection | + | DC Showcase: Jonah Hex (2010)                                          |
[2022-05-20 17:17:40,252] [builder.py:1908]           [INFO]     | 16/92 | DC Collection | + | Green Arrow (2010)                                                     |
[2022-05-20 17:17:42,593] [builder.py:1908]           [INFO]     | 17/92 | DC Collection | + | Superman/Batman: Apocalypse (2010)                                     |
[2022-05-20 17:17:44,885] [builder.py:1908]           [INFO]     | 18/92 | DC Collection | + | Superman/Shazam!: The Return of Black Adam (2010)                      |
[2022-05-20 17:17:47,265] [builder.py:1908]           [INFO]     | 19/92 | DC Collection | + | Batman: Year One (2011)                                                |
[2022-05-20 17:17:49,936] [builder.py:1908]           [INFO]     | 20/92 | DC Collection | + | Catwoman (2011)                                                        |
[2022-05-20 17:17:52,317] [builder.py:1908]           [INFO]     | 21/92 | DC Collection | + | Justice League: Doom (2012)                                            |
[2022-05-20 17:17:54,796] [builder.py:1908]           [INFO]     | 22/92 | DC Collection | + | Superman vs. The Elite (2012)                                          |
[2022-05-20 17:17:57,070] [builder.py:1908]           [INFO]     | 23/92 | DC Collection | + | Batman: The Dark Knight Returns, Part 1 (2012)                         |
[2022-05-20 17:17:59,468] [builder.py:1908]           [INFO]     | 24/92 | DC Collection | + | Batman: The Dark Knight Returns, Part 2 (2013)                         |
[2022-05-20 17:18:02,086] [builder.py:1908]           [INFO]     | 25/92 | DC Collection | + | Superman: Unbound (2013)                                               |
[2022-05-20 17:18:04,350] [builder.py:1908]           [INFO]     | 26/92 | DC Collection | + | Justice League: The Flashpoint Paradox (2013)                          |
[2022-05-20 17:18:06,713] [builder.py:1908]           [INFO]     | 27/92 | DC Collection | + | Justice League: War (2014)                                             |
[2022-05-20 17:18:09,374] [builder.py:1908]           [INFO]     | 28/92 | DC Collection | + | Son of Batman (2014)                                                   |
[2022-05-20 17:18:12,454] [builder.py:1908]           [INFO]     | 29/92 | DC Collection | + | Batman: Assault on Arkham (2014)                                       |
[2022-05-20 17:18:15,738] [builder.py:1908]           [INFO]     | 30/92 | DC Collection | + | Justice League: Throne of Atlantis (2015)                              |
[2022-05-20 17:18:18,857] [builder.py:1908]           [INFO]     | 31/92 | DC Collection | + | Batman vs. Robin (2015)                                                |
[2022-05-20 17:18:21,545] [builder.py:1908]           [INFO]     | 32/92 | DC Collection | + | Justice League: Gods and Monsters (2015)                               |
[2022-05-20 17:18:24,996] [builder.py:1908]           [INFO]     | 33/92 | DC Collection | + | Batman: Bad Blood (2016)                                               |
[2022-05-20 17:18:28,080] [builder.py:1908]           [INFO]     | 34/92 | DC Collection | + | Justice League vs. Teen Titans (2016)                                  |
[2022-05-20 17:18:30,895] [builder.py:1908]           [INFO]     | 35/92 | DC Collection | + | Batman: The Killing Joke (2016)                                        |
[2022-05-20 17:18:33,618] [builder.py:1908]           [INFO]     | 36/92 | DC Collection | + | DC Super Hero Girls: Hero of the Year (2016)                           |
[2022-05-20 17:18:36,441] [builder.py:1908]           [INFO]     | 37/92 | DC Collection | + | Batman Unlimited: Mechs vs. Mutants (2016)                             |
[2022-05-20 17:18:38,930] [builder.py:1908]           [INFO]     | 38/92 | DC Collection | + | Justice League Dark (2017)                                             |
[2022-05-20 17:18:41,588] [builder.py:1908]           [INFO]     | 39/92 | DC Collection | + | Teen Titans: The Judas Contract (2017)                                 |
[2022-05-20 17:18:44,809] [builder.py:1908]           [INFO]     | 40/92 | DC Collection | + | DC Super Hero Girls: Intergalactic Games (2017)                        |
[2022-05-20 17:18:47,309] [builder.py:1908]           [INFO]     | 41/92 | DC Collection | + | Batman and Harley Quinn (2017)                                         |
[2022-05-20 17:18:49,820] [builder.py:1908]           [INFO]     | 42/92 | DC Collection | + | Scooby-Doo & Batman: The Brave and the Bold (2018)                     |
[2022-05-20 17:18:52,408] [builder.py:1908]           [INFO]     | 43/92 | DC Collection | + | Suicide Squad: Hell to Pay (2018)                                      |
[2022-05-20 17:18:54,843] [builder.py:1908]           [INFO]     | 44/92 | DC Collection | + | Batman Ninja (2018)                                                    |
[2022-05-20 17:18:57,159] [builder.py:1908]           [INFO]     | 45/92 | DC Collection | + | Teen Titans GO! To the Movies (2018)                                   |
[2022-05-20 17:18:58,379] [builder.py:1908]           [INFO]     | 46/92 | DC Collection | + | The Death of Superman (2018)                                           |
[2022-05-20 17:19:01,978] [builder.py:1908]           [INFO]     | 47/92 | DC Collection | + | DC Super Hero Girls: Legends of Atlantis (2018)                        |
[2022-05-20 17:19:04,474] [builder.py:1908]           [INFO]     | 48/92 | DC Collection | + | Constantine: City of Demons - The Movie (2018)                         |
[2022-05-20 17:19:07,065] [builder.py:1908]           [INFO]     | 49/92 | DC Collection | + | Reign of the Supermen (2019)                                           |
[2022-05-20 17:19:09,582] [builder.py:1908]           [INFO]     | 50/92 | DC Collection | + | Justice League vs the Fatal Five (2019)                                |
[2022-05-20 17:19:11,928] [builder.py:1908]           [INFO]     | 51/92 | DC Collection | + | Batman vs Teenage Mutant Ninja Turtles (2019)                          |
[2022-05-20 17:19:14,350] [builder.py:1908]           [INFO]     | 52/92 | DC Collection | + | Batman: Hush (2019)                                                    |
[2022-05-20 17:19:17,037] [builder.py:1908]           [INFO]     | 53/92 | DC Collection | + | DC Showcase: Sgt. Rock (2019)                                          |
[2022-05-20 17:19:19,497] [builder.py:1908]           [INFO]     | 54/92 | DC Collection | + | Teen Titans Go! Vs. Teen Titans (2019)                                 |
[2022-05-20 17:19:22,159] [builder.py:1908]           [INFO]     | 55/92 | DC Collection | + | The Death and Return of Superman (2019)                                |
[2022-05-20 17:19:25,117] [builder.py:1908]           [INFO]     | 56/92 | DC Collection | + | Wonder Woman: Bloodlines (2019)                                        |
[2022-05-20 17:19:27,635] [builder.py:1908]           [INFO]     | 57/92 | DC Collection | + | Superman: Red Son (2020)                                               |
[2022-05-20 17:19:30,279] [builder.py:1908]           [INFO]     | 58/92 | DC Collection | + | DC Showcase: Adam Strange (2020)                                       |
[2022-05-20 17:19:32,676] [builder.py:1908]           [INFO]     | 59/92 | DC Collection | + | Justice League Dark: Apokolips War (2020)                              |
[2022-05-20 17:19:35,142] [builder.py:1908]           [INFO]     | 60/92 | DC Collection | + | Deathstroke Knights & Dragons: The Movie (2020)                        |
[2022-05-20 17:19:37,610] [builder.py:1908]           [INFO]     | 61/92 | DC Collection | + | Superman: Man of Tomorrow (2020)                                       |
[2022-05-20 17:19:39,851] [builder.py:1908]           [INFO]     | 62/92 | DC Collection | + | Batman: Death in the Family (2020)                                     |
[2022-05-20 17:19:42,390] [builder.py:1908]           [INFO]     | 63/92 | DC Collection | + | Batman: Soul of the Dragon (2021)                                      |
[2022-05-20 17:19:44,881] [builder.py:1908]           [INFO]     | 64/92 | DC Collection | + | Justice Society: World War II (2021)                                   |
[2022-05-20 17:19:47,178] [builder.py:1908]           [INFO]     | 65/92 | DC Collection | + | Batman: The Long Halloween, Part One (2021)                            |
[2022-05-20 17:19:49,737] [builder.py:1908]           [INFO]     | 66/92 | DC Collection | + | Batman: The Long Halloween, Part Two (2021)                            |
[2022-05-20 17:19:52,060] [builder.py:1908]           [INFO]     | 67/92 | DC Collection | + | Injustice (2021)                                                       |
[2022-05-20 17:19:54,418] [builder.py:1908]           [INFO]     | 68/92 | DC Collection | + | Superman (1978)                                                        |
[2022-05-20 17:19:57,048] [builder.py:1908]           [INFO]     | 69/92 | DC Collection | + | Superman II (1980)                                                     |
[2022-05-20 17:19:59,563] [builder.py:1908]           [INFO]     | 70/92 | DC Collection | + | Superman III (1983)                                                    |
[2022-05-20 17:20:02,279] [builder.py:1908]           [INFO]     | 71/92 | DC Collection | + | Superman IV: The Quest for Peace (1987)                                |
[2022-05-20 17:20:05,094] [builder.py:1908]           [INFO]     | 72/92 | DC Collection | + | Catwoman (2004)                                                        |
[2022-05-20 17:20:07,603] [builder.py:1908]           [INFO]     | 73/92 | DC Collection | + | Batman Begins (2005)                                                   |
[2022-05-20 17:20:09,084] [builder.py:1908]           [INFO]     | 74/92 | DC Collection | + | Superman Returns (2006)                                                |
[2022-05-20 17:20:11,566] [builder.py:1908]           [INFO]     | 75/92 | DC Collection | + | The Dark Knight (2008)                                                 |
[2022-05-20 17:20:12,871] [builder.py:1908]           [INFO]     | 76/92 | DC Collection | + | The Spirit (2008)                                                      |
[2022-05-20 17:20:15,268] [builder.py:1908]           [INFO]     | 77/92 | DC Collection | + | Watchmen (2009)                                                        |
[2022-05-20 17:20:17,796] [builder.py:1908]           [INFO]     | 78/92 | DC Collection | + | Green Lantern (2011)                                                   |
[2022-05-20 17:20:20,166] [builder.py:1908]           [INFO]     | 79/92 | DC Collection | + | The Dark Knight Rises (2012)                                           |
[2022-05-20 17:20:21,637] [builder.py:1908]           [INFO]     | 80/92 | DC Collection | + | Man of Steel (2013)                                                    |
[2022-05-20 17:20:24,359] [builder.py:1908]           [INFO]     | 81/92 | DC Collection | + | Batman v Superman: Dawn of Justice (2016)                              |
[2022-05-20 17:20:27,011] [builder.py:1908]           [INFO]     | 82/92 | DC Collection | + | Suicide Squad (2016)                                                   |
[2022-05-20 17:20:29,609] [builder.py:1908]           [INFO]     | 83/92 | DC Collection | + | Wonder Woman (2017)                                                    |
[2022-05-20 17:20:32,191] [builder.py:1908]           [INFO]     | 84/92 | DC Collection | + | Justice League (2017)                                                  |
[2022-05-20 17:20:34,948] [builder.py:1908]           [INFO]     | 85/92 | DC Collection | + | Aquaman (2018)                                                         |
[2022-05-20 17:20:37,862] [builder.py:1908]           [INFO]     | 86/92 | DC Collection | + | Shazam! (2019)                                                         |
[2022-05-20 17:20:40,401] [builder.py:1908]           [INFO]     | 87/92 | DC Collection | + | Joker (2019)                                                           |
[2022-05-20 17:20:41,751] [builder.py:1908]           [INFO]     | 88/92 | DC Collection | + | Birds of Prey (2020)                                                   |
[2022-05-20 17:20:44,394] [builder.py:1908]           [INFO]     | 89/92 | DC Collection | + | Wonder Woman 1984 (2020)                                               |
[2022-05-20 17:20:47,225] [builder.py:1908]           [INFO]     | 90/92 | DC Collection | + | A History of Violence (2005)                                           |
[2022-05-20 17:20:49,945] [builder.py:1908]           [INFO]     | 91/92 | DC Collection | + | Zack Snyder's Justice League (2021)                                    |
[2022-05-20 17:20:52,330] [builder.py:1908]           [INFO]     | 92/92 | DC Collection | + | The Batman (2022)                                                      |
[2022-05-20 17:20:53,662] [builder.py:1933]           [INFO]     |                                                                                                    |
[2022-05-20 17:20:53,662] [builder.py:1934]           [INFO]     | 92 Movies Processed                                                                                |
[2022-05-20 17:20:53,662] [builder.py:2171]           [INFO]     |                                                                                                    |
[2022-05-20 17:20:53,663] [builder.py:2172]           [INFO]     |=============================== Missing Movies from Library: Movies ================================|
[2022-05-20 17:20:53,663] [builder.py:2173]           [INFO]     |                                                                                                    |
[2022-05-20 17:20:53,769] [builder.py:2185]           [INFO]     | DC Collection | ? | Batman: Mask of the Phantasm (1993) (TMDb: 14919)                              |
[2022-05-20 17:20:53,879] [builder.py:2185]           [INFO]     | DC Collection | ? | Batman: Mystery of the Batwoman (2003) (TMDb: 21683)                           |
[2022-05-20 17:20:54,252] [builder.py:2185]           [INFO]     | DC Collection | ? | Superman: Brainiac Attacks (2006) (TMDb: 19323)                                |
[2022-05-20 17:20:54,753] [builder.py:2185]           [INFO]     | DC Collection | ? | All Star Superman (2011) (TMDb: 56590)                                         |
[2022-05-20 17:20:55,536] [builder.py:2185]           [INFO]     | DC Collection | ? | Green Lantern: Emerald Knights (2011) (TMDb: 65291)                            |
[2022-05-20 17:20:55,981] [builder.py:2185]           [INFO]     | DC Collection | ? | JLA Adventures: Trapped in Time (2014) (TMDb: 251768)                          |
[2022-05-20 17:20:56,115] [builder.py:2185]           [INFO]     | DC Collection | ? | Batman Unlimited: Animal Instincts (2015) (TMDb: 327418)                       |
[2022-05-20 17:20:56,224] [builder.py:2185]           [INFO]     | DC Collection | ? | Batman Unlimited: Monster Mayhem (2015) (TMDb: 342917)                         |
[2022-05-20 17:20:56,354] [builder.py:2185]           [INFO]     | DC Collection | ? | Batman: Return of the Caped Crusaders (2016) (TMDb: 411736)                    |
[2022-05-20 17:20:56,471] [builder.py:2185]           [INFO]     | DC Collection | ? | Batman vs. Two-Face (2017) (TMDb: 464882)                                      |
[2022-05-20 17:20:56,598] [builder.py:2185]           [INFO]     | DC Collection | ? | DC Super Heroes vs. Eagle Talon (2017) (TMDb: 467172)                          |
[2022-05-20 17:20:57,045] [builder.py:2185]           [INFO]     | DC Collection | ? | Scooby-Doo Meets Batman (2002) (TMDb: 287757)                                  |
[2022-05-20 17:20:57,720] [builder.py:2185]           [INFO]     | DC Collection | ? | Batman: Gotham by Gaslight (2018) (TMDb: 471474)                               |
[2022-05-20 17:20:58,037] [builder.py:2185]           [INFO]     | DC Collection | ? | DC Showcase: Death (2019) (TMDb: 637663)                                       |
[2022-05-20 17:20:58,371] [builder.py:2185]           [INFO]     | DC Collection | ? | DC Showcase: The Phantom Stranger (2020) (TMDb: 618352)                        |
[2022-05-20 17:20:58,927] [builder.py:2185]           [INFO]     | DC Collection | ? | Catwoman: Hunted (2022) (TMDb: 862491)                                         |
[2022-05-20 17:20:58,928] [builder.py:2189]           [INFO]     |                                                                                                    |
[2022-05-20 17:20:58,928] [builder.py:2190]           [INFO]     | 16 Movies Missing                                                                                  |
[2022-05-20 17:20:59,009] [builder.py:2410]           [INFO]     |                                                                                                    |
[2022-05-20 17:20:59,010] [builder.py:2411]           [INFO]     |================================ Updating Details of DC Collection =================================|
[2022-05-20 17:20:59,010] [builder.py:2412]           [INFO]     |                                                                                                    |
[2022-05-20 17:20:59,010] [builder.py:2473]           [INFO]     | Collection Metadata Edits                                                                          |
                                                                 | Sort Title | *505
                                                                 | 
[2022-05-20 17:20:59,551] [builder.py:2477]           [INFO]     | Details: have been updated
[2022-05-20 17:20:59,551] [builder.py:2480]           [INFO]     | 
[2022-05-20 17:20:59,552] [builder.py:2568]           [INFO]     | No poster collection detail or asset folder found
[2022-05-20 17:20:59,552] [builder.py:2601]           [INFO]     | No background collection detail or asset folder found
[2022-05-20 17:21:01,932] [plex_meta_manager.py:576]  [INFO]     | 
[2022-05-20 17:21:01,932] [plex_meta_manager.py:577]  [INFO]     |====================================================================================================|
[2022-05-20 17:21:01,933] [plex_meta_manager.py:577]  [INFO]     |                                       Finished DC Collection                                       |
[2022-05-20 17:21:01,933] [plex_meta_manager.py:577]  [INFO]     |                                    Collection Run Time: 0:04:27                                    |
[2022-05-20 17:21:01,933] [plex_meta_manager.py:577]  [INFO]     |====================================================================================================|
