[2022-05-26 02:13:35,409] [plex_meta_manager.py:437]  [INFO]     |====================================================================================================|
[2022-05-26 02:13:35,410] [plex_meta_manager.py:437]  [INFO]     |                                    Bourne Collection in Movies                                     |
[2022-05-26 02:13:35,410] [plex_meta_manager.py:437]  [INFO]     |====================================================================================================|
[2022-05-26 02:13:35,411] [plex_meta_manager.py:438]  [INFO]     |                                                                                                    |
[2022-05-26 02:13:35,411] [plex_meta_manager.py:443]  [INFO]     |=================================== Validating Bourne Attributes ===================================|
[2022-05-26 02:13:35,411] [builder.py:241]            [DEBUG]    |                                                                                                    |
[2022-05-26 02:13:35,412] [builder.py:242]            [DEBUG]    | Validating Method: template                                                                        |
[2022-05-26 02:13:35,412] [meta.py:109]               [DEBUG]    | Value: ordereddict([('name', 'Franchise'), ('poster', 'https://theposterdb.com/api/assets/5420')]) |
[2022-05-26 02:13:35,413] [builder.py:359]            [DEBUG]    |                                                                                                    |
[2022-05-26 02:13:35,413] [builder.py:360]            [DEBUG]    | Validating Method: delete_not_scheduled                                                            |
[2022-05-26 02:13:35,414] [builder.py:361]            [DEBUG]    | Value: True                                                                                        |
[2022-05-26 02:13:35,414] [builder.py:402]            [DEBUG]    |                                                                                                    |
[2022-05-26 02:13:35,414] [builder.py:403]            [DEBUG]    | Validating Method: run_again                                                                       |
[2022-05-26 02:13:35,415] [builder.py:404]            [DEBUG]    | Value: True                                                                                        |
[2022-05-26 02:13:35,415] [builder.py:423]            [DEBUG]    |                                                                                                    |
[2022-05-26 02:13:35,415] [builder.py:424]            [DEBUG]    | Validating Method: sync_mode                                                                       |
[2022-05-26 02:13:35,416] [builder.py:428]            [DEBUG]    | Value: sync                                                                                        |
[2022-05-26 02:13:35,416] [builder.py:570]            [DEBUG]    |                                                                                                    |
[2022-05-26 02:13:35,416] [builder.py:571]            [DEBUG]    | Validating Method: collection_order                                                                |
[2022-05-26 02:13:35,417] [builder.py:572]            [DEBUG]    | Value: release                                                                                     |
[2022-05-26 02:13:35,417] [builder.py:588]            [DEBUG]    |                                                                                                    |
[2022-05-26 02:13:35,417] [builder.py:592]            [DEBUG]    | Validating Method: sort_title                                                                      |
[2022-05-26 02:13:35,418] [builder.py:593]            [DEBUG]    | Value: +++++Bourne                                                                                 |
[2022-05-26 02:13:35,418] [builder.py:588]            [DEBUG]    |                                                                                                    |
[2022-05-26 02:13:35,418] [builder.py:592]            [DEBUG]    | Validating Method: imdb_list                                                                       |
[2022-05-26 02:13:35,419] [builder.py:593]            [DEBUG]    | Value: ['https://www.imdb.com/list/ls026772377/']                                                  |
[2022-05-26 02:13:36,350] [builder.py:588]            [DEBUG]    |                                                                                                    |
[2022-05-26 02:13:36,351] [builder.py:592]            [DEBUG]    | Validating Method: summary                                                                         |
[2022-05-26 02:13:36,351] [builder.py:593]            [DEBUG]    | Value: The Bourne franchise consists of action-thriller installments based on the character Jason Bourne, created by author Robert Ludlum. The franchise includes five theatrical films, and a spin-off prequel television series. |
[2022-05-26 02:13:36,352] [builder.py:588]            [DEBUG]    |                                                                                                    |
[2022-05-26 02:13:36,352] [builder.py:592]            [DEBUG]    | Validating Method: url_poster                                                                      |
[2022-05-26 02:13:36,352] [builder.py:593]            [DEBUG]    | Value: https://theposterdb.com/api/assets/5420                                                     |
[2022-05-26 02:13:36,353] [builder.py:588]            [DEBUG]    |                                                                                                    |
[2022-05-26 02:13:36,353] [builder.py:592]            [DEBUG]    | Validating Method: visible_home                                                                    |
[2022-05-26 02:13:36,353] [builder.py:593]            [DEBUG]    | Value: True                                                                                        |
[2022-05-26 02:13:36,353] [builder.py:588]            [DEBUG]    |                                                                                                    |
[2022-05-26 02:13:36,354] [builder.py:592]            [DEBUG]    | Validating Method: visible_shared                                                                  |
[2022-05-26 02:13:36,354] [builder.py:593]            [DEBUG]    | Value: True                                                                                        |
[2022-05-26 02:13:38,573] [builder.py:749]            [INFO]     |                                                                                                    |
[2022-05-26 02:13:38,573] [builder.py:750]            [INFO]     | Validation Successful                                                                              |
[2022-05-26 02:13:38,574] [plex_meta_manager.py:447]  [INFO]     |                                                                                                    |
[2022-05-26 02:13:38,575] [plex_meta_manager.py:449]  [INFO]     |==================================== Running Bourne Collection =====================================|
[2022-05-26 02:13:38,575] [plex_meta_manager.py:461]  [INFO]     |                                                                                                    |
[2022-05-26 02:13:38,575] [plex_meta_manager.py:462]  [INFO]     | Sync Mode: sync                                                                                    |
[2022-05-26 02:13:38,575] [plex_meta_manager.py:472]  [DEBUG]    |                                                                                                    |
[2022-05-26 02:13:38,576] [plex_meta_manager.py:473]  [DEBUG]    | Builder: imdb_list: {'url': 'https://www.imdb.com/list/ls026772377/', 'limit': 0}                  |
[2022-05-26 02:13:38,576] [plex_meta_manager.py:474]  [INFO]     |                                                                                                    |
[2022-05-26 02:13:38,576] [imdb.py:176]               [INFO]     | Processing IMDb List: https://www.imdb.com/list/ls026772377/                                       |
[2022-05-26 02:13:42,238] [imdb.py:127]               [DEBUG]    | 5 IMDb IDs Found: ['tt0258463', 'tt0372183', 'tt0440963', 'tt1194173', 'tt4196776']                |
[2022-05-26 02:13:42,238] [builder.py:1424]           [DEBUG]    |                                                                                                    |
[2022-05-26 02:13:42,239] [builder.py:1425]           [DEBUG]    | 5 IDs Found: [('tt0258463', 'imdb'), ('tt0372183', 'imdb'), ('tt0440963', 'imdb'), ('tt1194173', 'imdb'), ('tt4196776', 'imdb')] |
[2022-05-26 02:13:42,239] [builder.py:1426]           [DEBUG]    |                                                                                                    |
[2022-05-26 02:13:42,694] [builder.py:1892]           [INFO]     |                                                                                                    |
[2022-05-26 02:13:42,695] [builder.py:1893]           [INFO]     |=================================== Adding to Bourne Collection ====================================|
[2022-05-26 02:13:42,695] [builder.py:1894]           [INFO]     |                                                                                                    |
[2022-05-26 02:13:42,696] [builder.py:1908]           [INFO]     | 1/5 | Bourne Collection | = | The Bourne Identity (2002)                                           |
[2022-05-26 02:13:42,696] [builder.py:1908]           [INFO]     | 2/5 | Bourne Collection | = | The Bourne Supremacy (2004)                                          |
[2022-05-26 02:13:42,696] [builder.py:1908]           [INFO]     | 3/5 | Bourne Collection | = | The Bourne Ultimatum (2007)                                          |
[2022-05-26 02:13:42,697] [builder.py:1908]           [INFO]     | 4/5 | Bourne Collection | = | The Bourne Legacy (2012)                                             |
[2022-05-26 02:13:42,697] [builder.py:1908]           [INFO]     | 5/5 | Bourne Collection | = | Jason Bourne (2016)                                                  |
[2022-05-26 02:13:42,697] [builder.py:1933]           [INFO]     |                                                                                                    |
[2022-05-26 02:13:42,697] [builder.py:1934]           [INFO]     | 5 Movies Processed                                                                                 |
[2022-05-26 02:13:42,736] [builder.py:2410]           [INFO]     |                                                                                                    |
[2022-05-26 02:13:42,736] [builder.py:2411]           [INFO]     |============================== Updating Details of Bourne Collection ===============================|
[2022-05-26 02:13:42,737] [builder.py:2412]           [INFO]     |                                                                                                    |
[2022-05-26 02:13:42,737] [builder.py:2418]           [INFO]     | Detail: summary will update Collection Summary                                                     |
[2022-05-26 02:13:42,737] [builder.py:2473]           [INFO]     | Collection Metadata Edits                                                                          |
                                                                 | 
[2022-05-26 02:13:43,206] [builder.py:2477]           [INFO]     | Details: have been updated
[2022-05-26 02:13:43,206] [builder.py:2480]           [INFO]     | 
[2022-05-26 02:13:43,242] [builder.py:2532]           [DEBUG]    | 1 posters found:
[2022-05-26 02:13:43,242] [builder.py:2534]           [DEBUG]    | Method: url_poster Poster: https://theposterdb.com/api/assets/5420
[2022-05-26 02:13:43,242] [builder.py:2601]           [INFO]     | No background collection detail or asset folder found
[2022-05-26 02:13:43,975] [library.py:141]            [INFO]     | Detail: url_poster updated poster to [URL] https://theposterdb.com/api/assets/5420
[2022-05-26 02:13:46,173] [plex_meta_manager.py:576]  [INFO]     | 
[2022-05-26 02:13:46,173] [plex_meta_manager.py:577]  [INFO]     |====================================================================================================|
[2022-05-26 02:13:46,174] [plex_meta_manager.py:577]  [INFO]     |                                     Finished Bourne Collection                                     |
[2022-05-26 02:13:46,174] [plex_meta_manager.py:577]  [INFO]     |                                    Collection Run Time: 0:00:10                                    |
[2022-05-26 02:13:46,174] [plex_meta_manager.py:577]  [INFO]     |====================================================================================================|
