[2022-05-26 02:08:41,042] [plex_meta_manager.py:437]  [INFO]     |====================================================================================================|
[2022-05-26 02:08:41,042] [plex_meta_manager.py:437]  [INFO]     |                                 Edgar Wright Collection in Movies                                  |
[2022-05-26 02:08:41,042] [plex_meta_manager.py:437]  [INFO]     |====================================================================================================|
[2022-05-26 02:08:41,042] [plex_meta_manager.py:438]  [INFO]     |                                                                                                    |
[2022-05-26 02:08:41,042] [plex_meta_manager.py:443]  [INFO]     |================================ Validating Edgar Wright Attributes ================================|
[2022-05-26 02:08:41,043] [builder.py:241]            [DEBUG]    |                                                                                                    |
[2022-05-26 02:08:41,043] [builder.py:242]            [DEBUG]    | Validating Method: template                                                                        |
[2022-05-26 02:08:41,043] [meta.py:109]               [DEBUG]    | Value: ordereddict([('name', 'Director'), ('person', 11090)])                                      |
[2022-05-26 02:08:41,043] [builder.py:459]            [DEBUG]    |                                                                                                    |
[2022-05-26 02:08:41,044] [builder.py:460]            [DEBUG]    | Validating Method: tmdb_person                                                                     |
[2022-05-26 02:08:41,044] [builder.py:464]            [DEBUG]    | Value: 11090                                                                                       |
[2022-05-26 02:08:41,058] [builder.py:1588]           [INFO]     |                                                                                                    |
[2022-05-26 02:08:41,058] [builder.py:1589]           [INFO]     | Validating Method: smart_filter                                                                    |
[2022-05-26 02:08:41,058] [builder.py:1595]           [DEBUG]    | Value: {'all': {'director': 'tmdb'}, 'sort_by': 'year.asc'}                                        |
[2022-05-26 02:08:54,089] [builder.py:588]            [DEBUG]    |                                                                                                    |
[2022-05-26 02:08:54,089] [builder.py:592]            [DEBUG]    | Validating Method: sort_title                                                                      |
[2022-05-26 02:08:54,089] [builder.py:593]            [DEBUG]    | Value: +3_1_Edgar Wright                                                                           |
[2022-05-26 02:08:54,226] [builder.py:749]            [INFO]     |                                                                                                    |
[2022-05-26 02:08:54,227] [builder.py:750]            [INFO]     | Validation Successful                                                                              |
[2022-05-26 02:08:54,227] [plex_meta_manager.py:447]  [INFO]     |                                                                                                    |
[2022-05-26 02:08:54,227] [plex_meta_manager.py:449]  [INFO]     |================================= Running Edgar Wright Collection ==================================|
[2022-05-26 02:08:54,227] [plex_meta_manager.py:455]  [INFO]     |                                                                                                    |
[2022-05-26 02:08:54,227] [plex_meta_manager.py:456]  [INFO]     | Smart Movie Filter                                                                                 |
                                                                 | Sort By: year.asc
                                                                 | Filter:
                                                                 |   Match all of the following:
                                                                 |     Director is Edgar Wright
[2022-05-26 02:08:54,228] [plex.py:812]               [DEBUG]    | /library/sections/1/all?type=1&sort=year&director=27505
[2022-05-26 02:08:54,402] [builder.py:2410]           [INFO]     | 
[2022-05-26 02:08:54,402] [builder.py:2411]           [INFO]     |=========================== Updating Details of Edgar Wright Collection ============================|
[2022-05-26 02:08:54,402] [builder.py:2412]           [INFO]     |                                                                                                    |
[2022-05-26 02:08:54,402] [builder.py:2418]           [INFO]     | Detail: tmdb_person will update Collection Summary                                                 |
[2022-05-26 02:08:54,403] [builder.py:2473]           [INFO]     | Collection Metadata Edits                                                                          |
                                                                 | 
[2022-05-26 02:08:56,621] [builder.py:2477]           [INFO]     | Details: have been updated
[2022-05-26 02:08:56,622] [builder.py:2480]           [INFO]     | 
[2022-05-26 02:08:56,622] [builder.py:2532]           [DEBUG]    | 1 posters found:
[2022-05-26 02:08:56,622] [builder.py:2534]           [DEBUG]    | Method: tmdb_person Poster: https://image.tmdb.org/t/p/original/dQzv5Ml2SkelS33hgl7E2oh0a9S.jpg
[2022-05-26 02:08:56,622] [builder.py:2601]           [INFO]     | No background collection detail or asset folder found
[2022-05-26 02:08:56,757] [library.py:141]            [INFO]     | Detail: tmdb_person updated poster to [URL] https://image.tmdb.org/t/p/original/dQzv5Ml2SkelS33hgl7E2oh0a9S.jpg
[2022-05-26 02:08:56,853] [plex_meta_manager.py:576]  [INFO]     | 
[2022-05-26 02:08:56,853] [plex_meta_manager.py:577]  [INFO]     |====================================================================================================|
[2022-05-26 02:08:56,854] [plex_meta_manager.py:577]  [INFO]     |                                  Finished Edgar Wright Collection                                  |
[2022-05-26 02:08:56,854] [plex_meta_manager.py:577]  [INFO]     |                                    Collection Run Time: 0:00:15                                    |
[2022-05-26 02:08:56,854] [plex_meta_manager.py:577]  [INFO]     |====================================================================================================|
