[2022-05-26 02:19:06,064] [plex_meta_manager.py:437]  [INFO]     |====================================================================================================|
[2022-05-26 02:19:06,065] [plex_meta_manager.py:437]  [INFO]     |                                Reddit Top 250 Collection in Movies                                 |
[2022-05-26 02:19:06,065] [plex_meta_manager.py:437]  [INFO]     |====================================================================================================|
[2022-05-26 02:19:06,066] [plex_meta_manager.py:438]  [INFO]     |                                                                                                    |
[2022-05-26 02:19:06,067] [plex_meta_manager.py:443]  [INFO]     |=============================== Validating Reddit Top 250 Attributes ===============================|
[2022-05-26 02:19:06,067] [builder.py:241]            [DEBUG]    |                                                                                                    |
[2022-05-26 02:19:06,068] [builder.py:242]            [DEBUG]    | Validating Method: template                                                                        |
[2022-05-26 02:19:06,068] [meta.py:109]               [DEBUG]    | Value: ordereddict([('name', 'charts'), ('poster', 'https://i.imgur.com/3MZW5au.png')])            |
[2022-05-26 02:19:06,069] [builder.py:359]            [DEBUG]    |                                                                                                    |
[2022-05-26 02:19:06,070] [builder.py:360]            [DEBUG]    | Validating Method: delete_not_scheduled                                                            |
[2022-05-26 02:19:06,070] [builder.py:361]            [DEBUG]    | Value: True                                                                                        |
[2022-05-26 02:19:06,071] [builder.py:402]            [DEBUG]    |                                                                                                    |
[2022-05-26 02:19:06,071] [builder.py:403]            [DEBUG]    | Validating Method: run_again                                                                       |
[2022-05-26 02:19:06,072] [builder.py:404]            [DEBUG]    | Value: True                                                                                        |
[2022-05-26 02:19:06,072] [builder.py:423]            [DEBUG]    |                                                                                                    |
[2022-05-26 02:19:06,072] [builder.py:424]            [DEBUG]    | Validating Method: sync_mode                                                                       |
[2022-05-26 02:19:06,073] [builder.py:428]            [DEBUG]    | Value: sync                                                                                        |
[2022-05-26 02:19:06,073] [builder.py:570]            [DEBUG]    |                                                                                                    |
[2022-05-26 02:19:06,074] [builder.py:571]            [DEBUG]    | Validating Method: collection_order                                                                |
[2022-05-26 02:19:06,074] [builder.py:572]            [DEBUG]    | Value: release                                                                                     |
[2022-05-26 02:19:06,075] [builder.py:588]            [DEBUG]    |                                                                                                    |
[2022-05-26 02:19:06,075] [builder.py:592]            [DEBUG]    | Validating Method: trakt_list                                                                      |
[2022-05-26 02:19:06,075] [builder.py:593]            [DEBUG]    | Value: ['https://trakt.tv/users/jaygreene/lists/reddit-top-250-2019-edition?sort=rank,asc']        |
[2022-05-26 02:19:06,222] [builder.py:588]            [DEBUG]    |                                                                                                    |
[2022-05-26 02:19:06,222] [builder.py:592]            [DEBUG]    | Validating Method: sort_title                                                                      |
[2022-05-26 02:19:06,223] [builder.py:593]            [DEBUG]    | Value: ++++++++Reddit Top 250                                                                      |
[2022-05-26 02:19:06,223] [builder.py:588]            [DEBUG]    |                                                                                                    |
[2022-05-26 02:19:06,223] [builder.py:592]            [DEBUG]    | Validating Method: url_poster                                                                      |
[2022-05-26 02:19:06,224] [builder.py:593]            [DEBUG]    | Value: https://i.imgur.com/3MZW5au.png                                                             |
[2022-05-26 02:19:06,224] [builder.py:588]            [DEBUG]    |                                                                                                    |
[2022-05-26 02:19:06,225] [builder.py:592]            [DEBUG]    | Validating Method: visible_home                                                                    |
[2022-05-26 02:19:06,225] [builder.py:593]            [DEBUG]    | Value: True                                                                                        |
[2022-05-26 02:19:06,225] [builder.py:588]            [DEBUG]    |                                                                                                    |
[2022-05-26 02:19:06,226] [builder.py:592]            [DEBUG]    | Validating Method: visible_shared                                                                  |
[2022-05-26 02:19:06,226] [builder.py:593]            [DEBUG]    | Value: True                                                                                        |
[2022-05-26 02:19:06,265] [plex.py:721]               [DEBUG]    |                                                                                                    |
[2022-05-26 02:19:06,266] [plex.py:724]               [DEBUG]    | Looking for: Reddit Top 250                                                                        |
[2022-05-26 02:19:06,266] [builder.py:749]            [INFO]     |                                                                                                    |
[2022-05-26 02:19:06,267] [builder.py:750]            [INFO]     | Validation Successful                                                                              |
[2022-05-26 02:19:06,267] [plex_meta_manager.py:447]  [INFO]     |                                                                                                    |
[2022-05-26 02:19:06,268] [plex_meta_manager.py:449]  [INFO]     |================================ Running Reddit Top 250 Collection =================================|
[2022-05-26 02:19:06,268] [plex_meta_manager.py:461]  [INFO]     |                                                                                                    |
[2022-05-26 02:19:06,269] [plex_meta_manager.py:462]  [INFO]     | Sync Mode: sync                                                                                    |
[2022-05-26 02:19:06,269] [plex_meta_manager.py:472]  [DEBUG]    |                                                                                                    |
[2022-05-26 02:19:06,269] [plex_meta_manager.py:473]  [DEBUG]    | Builder: trakt_list: https://trakt.tv/users/jaygreene/lists/reddit-top-250-2019-edition?sort=rank,asc |
[2022-05-26 02:19:06,270] [plex_meta_manager.py:474]  [INFO]     |                                                                                                    |
[2022-05-26 02:19:06,270] [trakt.py:393]              [INFO]     | Processing Trakt List: https://trakt.tv/users/jaygreene/lists/reddit-top-250-2019-edition?sort=rank,asc |
[2022-05-26 02:19:06,407] [builder.py:1424]           [DEBUG]    |                                                                                                    |
[2022-05-26 02:19:06,407] [builder.py:1425]           [DEBUG]    | 250 IDs Found: [(155, 'tmdb'), (120, 'tmdb'), (335984, 'tmdb'), (244786, 'tmdb'), (27205, 'tmdb'), (680, 'tmdb'), (76341, 'tmdb'), (6977, 'tmdb'), (122, 'tmdb'), (1891, 'tmdb'), (329865, 'tmdb'), (238, 'tmdb'), (62, 'tmdb'), (37799, 'tmdb'), (329, 'tmdb'), (348, 'tmdb'), (313369, 'tmdb'), (16869, 'tmdb'), (105, 'tmdb'), (1124, 'tmdb'), (7345, 'tmdb'), (157336, 'tmdb'), (275, 'tmdb'), (4638, 'tmdb'), (121, 'tmdb'), (278, 'tmdb'), (120467, 'tmdb'), (274, 'tmdb'), (85, 'tmdb'), (389, 'tmdb'), (78, 'tmdb'), (694, 'tmdb'), (37165, 'tmdb'), (11, 'tmdb'), (242582, 'tmdb'), (1422, 'tmdb'), (129, 'tmdb'), (9693, 'tmdb'), (807, 'tmdb'), (324857, 'tmdb'), (9806, 'tmdb'), (769, 'tmdb'), (550, 'tmdb'), (38, 'tmdb'), (106646, 'tmdb'), (77, 'tmdb'), (603, 'tmdb'), (10681, 'tmdb'), (115, 'tmdb'), (8587, 'tmdb'), (68718, 'tmdb'), (762, 'tmdb'), (280, 'tmdb'), (64690, 'tmdb'), (419430, 'tmdb'), (264660, 'tmdb'), (862, 'tmdb'), (1091, 'tmdb'), (152601, 'tmdb'), (424, 'tmdb'), (240, 'tmdb'), (28, 'tmdb'), (137, 'tmdb'), (679, 'tmdb'), (857, 'tmdb'), (1949, 'tmdb'), (562, 'tmdb'), (578, 'tmdb'), (13, 'tmdb'), (1018, 'tmdb'), (1417, 'tmdb'), (935, 'tmdb'), (747, 'tmdb'), (103, 'tmdb'), (2493, 'tmdb'), (24, 'tmdb'), (210577, 'tmdb'), (12, 'tmdb'), (8321, 'tmdb'), (489, 'tmdb'), (14160, 'tmdb'), (429, 'tmdb'), (194662, 'tmdb'), (500, 'tmdb'), (539, 'tmdb'), (185, 'tmdb'), (346648, 'tmdb'), (567, 'tmdb'), (289, 'tmdb'), (15, 'tmdb'), (813, 'tmdb'), (98, 'tmdb'), (10193, 'tmdb'), (600, 'tmdb'), (153, 'tmdb'), (346, 'tmdb'), (134, 'tmdb'), (947, 'tmdb'), (598, 'tmdb'), (510, 'tmdb'), (263115, 'tmdb'), (4995, 'tmdb'), (670, 'tmdb'), (14, 'tmdb'), (128, 'tmdb'), (376867, 'tmdb'), (22538, 'tmdb'), (17654, 'tmdb'), (829, 'tmdb'), (299536, 'tmdb'), (375262, 'tmdb'), (925, 'tmdb'), (146233, 'tmdb'), (391713, 'tmdb'), (339403, 'tmdb'), (2062, 'tmdb'), (426426, 'tmdb'), (334541, 'tmdb'), (137113, 'tmdb'), (832, 'tmdb'), (640, 'tmdb'), (284, 'tmdb'), (37247, 'tmdb'), (872, 'tmdb'), (10315, 'tmdb'), (76, 'tmdb'), (599, 'tmdb'), (22, 'tmdb'), (80, 'tmdb'), (300668, 'tmdb'), (9377, 'tmdb'), (3782, 'tmdb'), (1578, 'tmdb'), (548, 'tmdb'), (400617, 'tmdb'), (83666, 'tmdb'), (374720, 'tmdb'), (86829, 'tmdb'), (254320, 'tmdb'), (264644, 'tmdb'), (89, 'tmdb'), (490, 'tmdb'), (3175, 'tmdb'), (856, 'tmdb'), (620, 'tmdb'), (797, 'tmdb'), (585, 'tmdb'), (194, 'tmdb'), (310131, 'tmdb'), (492, 'tmdb'), (44214, 'tmdb'), (843, 'tmdb'), (2118, 'tmdb'), (398818, 'tmdb'), (68722, 'tmdb'), (150540, 'tmdb'), (11104, 'tmdb'), (673, 'tmdb'), (218, 'tmdb'), (793, 'tmdb'), (975, 'tmdb'), (279, 'tmdb'), (630, 'tmdb'), (19, 'tmdb'), (290098, 'tmdb'), (2108, 'tmdb'), (1092, 'tmdb'), (9552, 'tmdb'), (2757, 'tmdb'), (489925, 'tmdb'), (149, 'tmdb'), (399055, 'tmdb'), (5156, 'tmdb'), (213, 'tmdb'), (76203, 'tmdb'), (7446, 'tmdb'), (641, 'tmdb'), (1398, 'tmdb'), (11645, 'tmdb'), (558, 'tmdb'), (4512, 'tmdb'), (372058, 'tmdb'), (4935, 'tmdb'), (359940, 'tmdb'), (1726, 'tmdb'), (8392, 'tmdb'), (101, 'tmdb'), (8051, 'tmdb'), (245891, 'tmdb'), (895, 'tmdb'), (948, 'tmdb'), (345, 'tmdb'), (655, 'tmdb'), (8363, 'tmdb'), (627, 'tmdb'), (63, 'tmdb'), (11031, 'tmdb'), (458737, 'tmdb'), (583, 'tmdb'), (394117, 'tmdb'), (36557, 'tmdb'), (334, 'tmdb'), (272, 'tmdb'), (1585, 'tmdb'), (239, 'tmdb'), (3112, 'tmdb'), (914, 'tmdb'), (11072, 'tmdb'), (782, 'tmdb'), (353081, 'tmdb'), (780, 'tmdb'), (281957, 'tmdb'), (773, 'tmdb'), (33, 'tmdb'), (996, 'tmdb'), (18148, 'tmdb'), (422, 'tmdb'), (1542, 'tmdb'), (12477, 'tmdb'), (4960, 'tmdb'), (68, 'tmdb'), (493922, 'tmdb'), (85350, 'tmdb'), (593, 'tmdb'), (901, 'tmdb'), (8741, 'tmdb'), (73, 'tmdb'), (137106, 'tmdb'), (601, 'tmdb'), (246741, 'tmdb'), (59967, 'tmdb'), (333371, 'tmdb'), (119450, 'tmdb'), (17431, 'tmdb'), (252, 'tmdb'), (522, 'tmdb'), (290250, 'tmdb'), (13310, 'tmdb'), (597, 'tmdb'), (18, 'tmdb'), (949, 'tmdb'), (10191, 'tmdb'), (786, 'tmdb'), (25237, 'tmdb'), (614, 'tmdb'), (592, 'tmdb'), (961, 'tmdb'), (60243, 'tmdb'), (141, 'tmdb'), (582, 'tmdb')] |
[2022-05-26 02:19:06,408] [builder.py:1426]           [DEBUG]    |                                                                                                    |
[2022-05-26 02:19:27,891] [builder.py:1892]           [INFO]     |                                                                                                    |
[2022-05-26 02:19:27,891] [builder.py:1893]           [INFO]     |=============================== Adding to Reddit Top 250 Collection ================================|
[2022-05-26 02:19:27,892] [builder.py:1894]           [INFO]     |                                                                                                    |
[2022-05-26 02:19:27,892] [builder.py:1908]           [INFO]     |   1/231 | Reddit Top 250 Collection | + | The Dark Knight (2008)                                   |
[2022-05-26 02:19:28,006] [builder.py:1908]           [INFO]     |   2/231 | Reddit Top 250 Collection | + | The Lord of the Rings: The Fellowship of the Ring (2001) |
[2022-05-26 02:19:28,123] [builder.py:1908]           [INFO]     |   3/231 | Reddit Top 250 Collection | + | Blade Runner 2049 (2017)                                 |
[2022-05-26 02:19:28,205] [builder.py:1908]           [INFO]     |   4/231 | Reddit Top 250 Collection | + | Whiplash (2014)                                          |
[2022-05-26 02:19:28,283] [builder.py:1908]           [INFO]     |   5/231 | Reddit Top 250 Collection | + | Inception (2010)                                         |
[2022-05-26 02:19:28,359] [builder.py:1908]           [INFO]     |   6/231 | Reddit Top 250 Collection | + | Pulp Fiction (1994)                                      |
[2022-05-26 02:19:28,437] [builder.py:1908]           [INFO]     |   7/231 | Reddit Top 250 Collection | + | Mad Max: Fury Road (2015)                                |
[2022-05-26 02:19:28,513] [builder.py:1908]           [INFO]     |   8/231 | Reddit Top 250 Collection | + | No Country for Old Men (2007)                            |
[2022-05-26 02:19:28,608] [builder.py:1908]           [INFO]     |   9/231 | Reddit Top 250 Collection | + | The Lord of the Rings: The Return of the King (2003)     |
[2022-05-26 02:19:28,699] [builder.py:1908]           [INFO]     |  10/231 | Reddit Top 250 Collection | + | Star Wars: Episode V - The Empire Strikes Back (1980)    |
[2022-05-26 02:19:28,776] [builder.py:1908]           [INFO]     |  11/231 | Reddit Top 250 Collection | + | Arrival (2016)                                           |
[2022-05-26 02:19:28,853] [builder.py:1908]           [INFO]     |  12/231 | Reddit Top 250 Collection | + | The Godfather (1972)                                     |
[2022-05-26 02:19:28,929] [builder.py:1908]           [INFO]     |  13/231 | Reddit Top 250 Collection | + | 2001: A Space Odyssey (1968)                             |
[2022-05-26 02:19:29,023] [builder.py:1908]           [INFO]     |  14/231 | Reddit Top 250 Collection | + | The Social Network (2010)                                |
[2022-05-26 02:19:30,098] [builder.py:1908]           [INFO]     |  15/231 | Reddit Top 250 Collection | + | Jurassic Park (1993)                                     |
[2022-05-26 02:19:30,179] [builder.py:1908]           [INFO]     |  16/231 | Reddit Top 250 Collection | + | Alien (1979)                                             |
[2022-05-26 02:19:30,259] [builder.py:1908]           [INFO]     |  17/231 | Reddit Top 250 Collection | + | La La Land (2016)                                        |
[2022-05-26 02:19:30,337] [builder.py:1908]           [INFO]     |  18/231 | Reddit Top 250 Collection | + | Inglourious Basterds (2009)                              |
[2022-05-26 02:19:30,416] [builder.py:1908]           [INFO]     |  19/231 | Reddit Top 250 Collection | + | Back to the Future (1985)                                |
[2022-05-26 02:19:30,493] [builder.py:1908]           [INFO]     |  20/231 | Reddit Top 250 Collection | + | The Prestige (2006)                                      |
[2022-05-26 02:19:30,569] [builder.py:1908]           [INFO]     |  21/231 | Reddit Top 250 Collection | + | There Will Be Blood (2007)                               |
[2022-05-26 02:19:30,655] [builder.py:1908]           [INFO]     |  22/231 | Reddit Top 250 Collection | + | Interstellar (2014)                                      |
[2022-05-26 02:19:30,764] [builder.py:1908]           [INFO]     |  23/231 | Reddit Top 250 Collection | + | Fargo (1996)                                             |
[2022-05-26 02:19:30,866] [builder.py:1908]           [INFO]     |  24/231 | Reddit Top 250 Collection | + | Hot Fuzz (2007)                                          |
[2022-05-26 02:19:32,011] [builder.py:1908]           [INFO]     |  25/231 | Reddit Top 250 Collection | + | The Lord of the Rings: The Two Towers (2002)             |
[2022-05-26 02:19:32,097] [builder.py:1908]           [INFO]     |  26/231 | Reddit Top 250 Collection | + | The Shawshank Redemption (1994)                          |
[2022-05-26 02:19:32,205] [builder.py:1908]           [INFO]     |  27/231 | Reddit Top 250 Collection | + | The Grand Budapest Hotel (2014)                          |
[2022-05-26 02:19:32,288] [builder.py:1908]           [INFO]     |  28/231 | Reddit Top 250 Collection | + | The Silence of the Lambs (1991)                          |
[2022-05-26 02:19:32,371] [builder.py:1908]           [INFO]     |  29/231 | Reddit Top 250 Collection | + | Indiana Jones and the Raiders of the Lost Ark (1981)     |
[2022-05-26 02:19:32,455] [builder.py:1908]           [INFO]     |  30/231 | Reddit Top 250 Collection | + | 12 Angry Men (1957)                                      |
[2022-05-26 02:19:32,532] [builder.py:1908]           [INFO]     |  31/231 | Reddit Top 250 Collection | + | Blade Runner (1982)                                      |
[2022-05-26 02:19:32,610] [builder.py:1908]           [INFO]     |  32/231 | Reddit Top 250 Collection | + | The Shining (1980)                                       |
[2022-05-26 02:19:32,686] [builder.py:1908]           [INFO]     |  33/231 | Reddit Top 250 Collection | + | The Truman Show (1998)                                   |
[2022-05-26 02:19:32,778] [builder.py:1908]           [INFO]     |  34/231 | Reddit Top 250 Collection | + | Star Wars: Episode IV - A New Hope (1977)                |
[2022-05-26 02:19:32,866] [builder.py:1908]           [INFO]     |  35/231 | Reddit Top 250 Collection | + | Nightcrawler (2014)                                      |
[2022-05-26 02:19:34,022] [builder.py:1908]           [INFO]     |  36/231 | Reddit Top 250 Collection | + | The Departed (2006)                                      |
[2022-05-26 02:19:34,127] [builder.py:1908]           [INFO]     |  37/231 | Reddit Top 250 Collection | + | Spirited Away (2001)                                     |
[2022-05-26 02:19:34,216] [builder.py:1908]           [INFO]     |  38/231 | Reddit Top 250 Collection | + | Children of Men (2006)                                   |
[2022-05-26 02:19:34,299] [builder.py:1908]           [INFO]     |  39/231 | Reddit Top 250 Collection | + | Se7en (1995)                                             |
[2022-05-26 02:19:34,380] [builder.py:1908]           [INFO]     |  40/231 | Reddit Top 250 Collection | + | Spider-Man: Into the Spider-Verse (2018)                 |
[2022-05-26 02:19:34,458] [builder.py:1908]           [INFO]     |  41/231 | Reddit Top 250 Collection | + | The Incredibles (2004)                                   |
[2022-05-26 02:19:34,536] [builder.py:1908]           [INFO]     |  42/231 | Reddit Top 250 Collection | + | Goodfellas (1990)                                        |
[2022-05-26 02:19:34,622] [builder.py:1908]           [INFO]     |  43/231 | Reddit Top 250 Collection | + | Fight Club (1999)                                        |
[2022-05-26 02:19:34,700] [builder.py:1908]           [INFO]     |  44/231 | Reddit Top 250 Collection | + | Eternal Sunshine of the Spotless Mind (2004)             |
[2022-05-26 02:19:34,777] [builder.py:1908]           [INFO]     |  45/231 | Reddit Top 250 Collection | + | The Wolf of Wall Street (2013)                           |
[2022-05-26 02:19:34,855] [builder.py:1908]           [INFO]     |  46/231 | Reddit Top 250 Collection | + | Memento (2000)                                           |
[2022-05-26 02:19:34,938] [builder.py:1908]           [INFO]     |  47/231 | Reddit Top 250 Collection | + | The Matrix (1999)                                        |
[2022-05-26 02:19:35,020] [builder.py:1908]           [INFO]     |  48/231 | Reddit Top 250 Collection | + | WALL·E (2008)                                            |
[2022-05-26 02:19:35,105] [builder.py:1908]           [INFO]     |  49/231 | Reddit Top 250 Collection | + | The Big Lebowski (1998)                                  |
[2022-05-26 02:19:35,184] [builder.py:1908]           [INFO]     |  50/231 | Reddit Top 250 Collection | + | The Lion King (1994)                                     |
[2022-05-26 02:19:35,290] [builder.py:1908]           [INFO]     |  51/231 | Reddit Top 250 Collection | + | Django Unchained (2012)                                  |
[2022-05-26 02:19:35,395] [builder.py:1908]           [INFO]     |  52/231 | Reddit Top 250 Collection | + | Monty Python and the Holy Grail (1975)                   |
[2022-05-26 02:19:35,470] [builder.py:1908]           [INFO]     |  53/231 | Reddit Top 250 Collection | + | Terminator 2: Judgment Day (1991)                        |
[2022-05-26 02:19:35,570] [builder.py:1908]           [INFO]     |  54/231 | Reddit Top 250 Collection | + | Drive (2011)                                             |
[2022-05-26 02:19:36,682] [builder.py:1908]           [INFO]     |  55/231 | Reddit Top 250 Collection | + | Get Out (2017)                                           |
[2022-05-26 02:19:36,770] [builder.py:1908]           [INFO]     |  56/231 | Reddit Top 250 Collection | + | Ex Machina (2015)                                        |
[2022-05-26 02:19:36,845] [builder.py:1908]           [INFO]     |  57/231 | Reddit Top 250 Collection | + | Toy Story (1995)                                         |
[2022-05-26 02:19:36,921] [builder.py:1908]           [INFO]     |  58/231 | Reddit Top 250 Collection | + | The Thing (1982)                                         |
[2022-05-26 02:19:37,031] [builder.py:1908]           [INFO]     |  59/231 | Reddit Top 250 Collection | + | Her (2013)                                               |
[2022-05-26 02:19:37,155] [builder.py:1908]           [INFO]     |  60/231 | Reddit Top 250 Collection | + | Schindler's List (1993)                                  |
[2022-05-26 02:19:37,285] [builder.py:1908]           [INFO]     |  61/231 | Reddit Top 250 Collection | + | The Godfather: Part II (1974)                            |
[2022-05-26 02:19:37,402] [builder.py:1908]           [INFO]     |  62/231 | Reddit Top 250 Collection | + | Apocalypse Now (1979)                                    |
[2022-05-26 02:19:37,482] [builder.py:1908]           [INFO]     |  63/231 | Reddit Top 250 Collection | + | Groundhog Day (1993)                                     |
[2022-05-26 02:19:37,564] [builder.py:1908]           [INFO]     |  64/231 | Reddit Top 250 Collection | + | Aliens (1986)                                            |
[2022-05-26 02:19:37,648] [builder.py:1908]           [INFO]     |  65/231 | Reddit Top 250 Collection | + | Saving Private Ryan (1998)                               |
[2022-05-26 02:19:37,729] [builder.py:1908]           [INFO]     |  66/231 | Reddit Top 250 Collection | + | Zodiac (2007)                                            |
[2022-05-26 02:19:38,836] [builder.py:1908]           [INFO]     |  67/231 | Reddit Top 250 Collection | + | Die Hard (1988)                                          |
[2022-05-26 02:19:38,909] [builder.py:1908]           [INFO]     |  68/231 | Reddit Top 250 Collection | + | Jaws (1975)                                              |
[2022-05-26 02:19:38,986] [builder.py:1908]           [INFO]     |  69/231 | Reddit Top 250 Collection | + | Forrest Gump (1994)                                      |
[2022-05-26 02:19:39,061] [builder.py:1908]           [INFO]     |  70/231 | Reddit Top 250 Collection | + | Mulholland Drive (2001)                                  |
[2022-05-26 02:19:40,755] [builder.py:1908]           [INFO]     |  71/231 | Reddit Top 250 Collection | + | Pan's Labyrinth (2006)                                   |
[2022-05-26 02:19:40,851] [builder.py:1908]           [INFO]     |  72/231 | Reddit Top 250 Collection | + | Dr. Strangelove or: How I Learned to Stop Worrying and Love the Bomb (1964) |
[2022-05-26 02:19:41,009] [builder.py:1908]           [INFO]     |  73/231 | Reddit Top 250 Collection | + | Shaun of the Dead (2004)                                 |
[2022-05-26 02:19:42,504] [builder.py:1908]           [INFO]     |  74/231 | Reddit Top 250 Collection | + | Taxi Driver (1976)                                       |
[2022-05-26 02:19:42,607] [builder.py:1908]           [INFO]     |  75/231 | Reddit Top 250 Collection | + | The Princess Bride (1987)                                |
[2022-05-26 02:19:44,210] [builder.py:1908]           [INFO]     |  76/231 | Reddit Top 250 Collection | + | Kill Bill: Vol. 1 (2003)                                 |
[2022-05-26 02:19:44,328] [builder.py:1908]           [INFO]     |  77/231 | Reddit Top 250 Collection | + | Gone Girl (2014)                                         |
[2022-05-26 02:19:44,444] [builder.py:1908]           [INFO]     |  78/231 | Reddit Top 250 Collection | + | Finding Nemo (2003)                                      |
[2022-05-26 02:19:44,543] [builder.py:1908]           [INFO]     |  79/231 | Reddit Top 250 Collection | + | In Bruges (2008)                                         |
[2022-05-26 02:19:46,123] [builder.py:1908]           [INFO]     |  80/231 | Reddit Top 250 Collection | + | Good Will Hunting (1997)                                 |
[2022-05-26 02:19:46,219] [builder.py:1908]           [INFO]     |  81/231 | Reddit Top 250 Collection | + | Up (2009)                                                |
[2022-05-26 02:19:46,318] [builder.py:1908]           [INFO]     |  82/231 | Reddit Top 250 Collection | + | The Good, the Bad and the Ugly (1966)                    |
[2022-05-26 02:19:46,419] [builder.py:1908]           [INFO]     |  83/231 | Reddit Top 250 Collection | + | Birdman or (The Unexpected Virtue of Ignorance) (2014)   |
[2022-05-26 02:19:48,251] [builder.py:1908]           [INFO]     |  84/231 | Reddit Top 250 Collection | + | Reservoir Dogs (1992)                                    |
[2022-05-26 02:19:48,384] [builder.py:1908]           [INFO]     |  85/231 | Reddit Top 250 Collection | + | Psycho (1960)                                            |
[2022-05-26 02:19:48,516] [builder.py:1908]           [INFO]     |  86/231 | Reddit Top 250 Collection | + | A Clockwork Orange (1971)                                |
[2022-05-26 02:19:48,622] [builder.py:1908]           [INFO]     |  87/231 | Reddit Top 250 Collection | + | Paddington 2 (2017)                                      |
[2022-05-26 02:19:51,239] [builder.py:1908]           [INFO]     |  88/231 | Reddit Top 250 Collection | + | Rear Window (1954)                                       |
[2022-05-26 02:19:51,379] [builder.py:1908]           [INFO]     |  89/231 | Reddit Top 250 Collection | + | Casablanca (1942)                                        |
[2022-05-26 02:19:51,497] [builder.py:1908]           [INFO]     |  90/231 | Reddit Top 250 Collection | + | Citizen Kane (1941)                                      |
[2022-05-26 02:19:51,605] [builder.py:1908]           [INFO]     |  91/231 | Reddit Top 250 Collection | + | Airplane! (1980)                                         |
[2022-05-26 02:19:53,359] [builder.py:1908]           [INFO]     |  92/231 | Reddit Top 250 Collection | + | Gladiator (2000)                                         |
[2022-05-26 02:19:53,463] [builder.py:1908]           [INFO]     |  93/231 | Reddit Top 250 Collection | + | Toy Story 3 (2010)                                       |
[2022-05-26 02:19:53,564] [builder.py:1908]           [INFO]     |  94/231 | Reddit Top 250 Collection | + | Full Metal Jacket (1987)                                 |
[2022-05-26 02:19:53,691] [builder.py:1908]           [INFO]     |  95/231 | Reddit Top 250 Collection | + | Lost in Translation (2003)                               |
[2022-05-26 02:19:55,298] [builder.py:1908]           [INFO]     |  96/231 | Reddit Top 250 Collection | + | O Brother, Where Art Thou? (2000)                        |
[2022-05-26 02:19:56,958] [builder.py:1908]           [INFO]     |  97/231 | Reddit Top 250 Collection | + | Lawrence of Arabia (1962)                                |
[2022-05-26 02:19:57,056] [builder.py:1908]           [INFO]     |  98/231 | Reddit Top 250 Collection | + | City of God (2002)                                       |
[2022-05-26 02:19:57,171] [builder.py:1908]           [INFO]     |  99/231 | Reddit Top 250 Collection | + | One Flew Over the Cuckoo's Nest (1975)                   |
[2022-05-26 02:19:57,280] [builder.py:1908]           [INFO]     | 100/231 | Reddit Top 250 Collection | + | Logan (2017)                                             |
[2022-05-26 02:19:57,391] [builder.py:1908]           [INFO]     | 101/231 | Reddit Top 250 Collection | + | Boogie Nights (1997)                                     |
[2022-05-26 02:20:00,299] [builder.py:1908]           [INFO]     | 102/231 | Reddit Top 250 Collection | + | American Beauty (1999)                                   |
[2022-05-26 02:20:00,391] [builder.py:1908]           [INFO]     | 103/231 | Reddit Top 250 Collection | + | Princess Mononoke (1997)                                 |
[2022-05-26 02:20:00,505] [builder.py:1908]           [INFO]     | 104/231 | Reddit Top 250 Collection | + | Moonlight (2016)                                         |
[2022-05-26 02:20:00,659] [builder.py:1908]           [INFO]     | 105/231 | Reddit Top 250 Collection | + | Scott Pilgrim vs. the World (2010)                       |
[2022-05-26 02:20:02,824] [builder.py:1908]           [INFO]     | 106/231 | Reddit Top 250 Collection | + | District 9 (2009)                                        |
[2022-05-26 02:20:04,904] [builder.py:1908]           [INFO]     | 107/231 | Reddit Top 250 Collection | + | Chinatown (1974)                                         |
[2022-05-26 02:20:05,070] [builder.py:1908]           [INFO]     | 108/231 | Reddit Top 250 Collection | + | Avengers: Infinity War (2018)                            |
[2022-05-26 02:20:05,195] [builder.py:1908]           [INFO]     | 109/231 | Reddit Top 250 Collection | + | The Favourite (2018)                                     |
[2022-05-26 02:20:07,345] [builder.py:1908]           [INFO]     | 110/231 | Reddit Top 250 Collection | + | Do the Right Thing (1989)                                |
[2022-05-26 02:20:07,457] [builder.py:1908]           [INFO]     | 111/231 | Reddit Top 250 Collection | + | Prisoners (2013)                                         |
[2022-05-26 02:20:07,701] [builder.py:1908]           [INFO]     | 112/231 | Reddit Top 250 Collection | + | Lady Bird (2017)                                         |
[2022-05-26 02:20:09,668] [builder.py:1908]           [INFO]     | 113/231 | Reddit Top 250 Collection | + | Baby Driver (2017)                                       |
[2022-05-26 02:20:09,826] [builder.py:1908]           [INFO]     | 114/231 | Reddit Top 250 Collection | + | Ratatouille (2007)                                       |
[2022-05-26 02:20:09,979] [builder.py:1908]           [INFO]     | 115/231 | Reddit Top 250 Collection | + | Manchester by the Sea (2016)                             |
[2022-05-26 02:20:11,937] [builder.py:1908]           [INFO]     | 116/231 | Reddit Top 250 Collection | + | Edge of Tomorrow (2014)                                  |
[2022-05-26 02:20:12,052] [builder.py:1908]           [INFO]     | 117/231 | Reddit Top 250 Collection | + | Catch Me If You Can (2002)                               |
[2022-05-26 02:20:12,187] [builder.py:1908]           [INFO]     | 118/231 | Reddit Top 250 Collection | + | The Apartment (1960)                                     |
[2022-05-26 02:20:12,407] [builder.py:1908]           [INFO]     | 119/231 | Reddit Top 250 Collection | + | The Graduate (1967)                                      |
[2022-05-26 02:20:14,588] [builder.py:1908]           [INFO]     | 120/231 | Reddit Top 250 Collection | + | Singin' in the Rain (1952)                               |
[2022-05-26 02:20:14,745] [builder.py:1908]           [INFO]     | 121/231 | Reddit Top 250 Collection | + | Fantastic Mr. Fox (2009)                                 |
[2022-05-26 02:20:14,880] [builder.py:1908]           [INFO]     | 122/231 | Reddit Top 250 Collection | + | Before Sunrise (1995)                                    |
[2022-05-26 02:20:15,011] [builder.py:1908]           [INFO]     | 123/231 | Reddit Top 250 Collection | + | Sunset Blvd. (1950)                                      |
[2022-05-26 02:20:15,182] [builder.py:1908]           [INFO]     | 124/231 | Reddit Top 250 Collection | + | Pirates of the Caribbean: The Curse of the Black Pearl (2003) |
[2022-05-26 02:20:15,315] [builder.py:1908]           [INFO]     | 125/231 | Reddit Top 250 Collection | + | Before Sunset (2004)                                     |
[2022-05-26 02:20:15,448] [builder.py:1908]           [INFO]     | 126/231 | Reddit Top 250 Collection | + | Annihilation (2018)                                      |
[2022-05-26 02:20:17,656] [builder.py:1908]           [INFO]     | 127/231 | Reddit Top 250 Collection | + | Ferris Bueller's Day Off (1986)                          |
[2022-05-26 02:20:19,397] [builder.py:1908]           [INFO]     | 128/231 | Reddit Top 250 Collection | + | Raging Bull (1980)                                       |
[2022-05-26 02:20:19,528] [builder.py:1908]           [INFO]     | 129/231 | Reddit Top 250 Collection | + | Rashomon (1950)                                          |
[2022-05-26 02:20:19,647] [builder.py:1908]           [INFO]     | 130/231 | Reddit Top 250 Collection | + | Phantom Thread (2017)                                    |
[2022-05-26 02:20:20,931] [builder.py:1908]           [INFO]     | 131/231 | Reddit Top 250 Collection | + | Moonrise Kingdom (2012)                                  |
[2022-05-26 02:20:22,668] [builder.py:1908]           [INFO]     | 132/231 | Reddit Top 250 Collection | + | Dunkirk (2017)                                           |
[2022-05-26 02:20:22,773] [builder.py:1908]           [INFO]     | 133/231 | Reddit Top 250 Collection | + | Inside Llewyn Davis (2013)                               |
[2022-05-26 02:20:24,618] [builder.py:1908]           [INFO]     | 134/231 | Reddit Top 250 Collection | + | The Lobster (2015)                                       |
[2022-05-26 02:20:26,112] [builder.py:1908]           [INFO]     | 135/231 | Reddit Top 250 Collection | + | Room (2015)                                              |
[2022-05-26 02:20:26,187] [builder.py:1908]           [INFO]     | 136/231 | Reddit Top 250 Collection | + | Indiana Jones and the Last Crusade (1989)                |
[2022-05-26 02:20:26,263] [builder.py:1908]           [INFO]     | 137/231 | Reddit Top 250 Collection | + | Barry Lyndon (1975)                                      |
[2022-05-26 02:20:26,338] [builder.py:1908]           [INFO]     | 138/231 | Reddit Top 250 Collection | + | Who Framed Roger Rabbit (1988)                           |
[2022-05-26 02:20:28,553] [builder.py:1908]           [INFO]     | 139/231 | Reddit Top 250 Collection | + | Ghostbusters (1984)                                      |
[2022-05-26 02:20:29,973] [builder.py:1908]           [INFO]     | 140/231 | Reddit Top 250 Collection | + | Monsters, Inc. (2001)                                    |
[2022-05-26 02:20:30,053] [builder.py:1908]           [INFO]     | 141/231 | Reddit Top 250 Collection | + | The Witch (2015)                                         |
[2022-05-26 02:20:31,049] [builder.py:1908]           [INFO]     | 142/231 | Reddit Top 250 Collection | + | Being John Malkovich (1999)                              |
[2022-05-26 02:20:32,163] [builder.py:1908]           [INFO]     | 143/231 | Reddit Top 250 Collection | + | Black Swan (2010)                                        |
[2022-05-26 02:20:33,543] [builder.py:1908]           [INFO]     | 144/231 | Reddit Top 250 Collection | + | L.A. Confidential (1997)                                 |
[2022-05-26 02:20:33,679] [builder.py:1908]           [INFO]     | 145/231 | Reddit Top 250 Collection | + | Call Me by Your Name (2017)                              |
[2022-05-26 02:20:35,251] [builder.py:1908]           [INFO]     | 146/231 | Reddit Top 250 Collection | + | The Master (2012)                                        |
[2022-05-26 02:20:36,543] [builder.py:1908]           [INFO]     | 147/231 | Reddit Top 250 Collection | + | Inside Out (2015)                                        |
[2022-05-26 02:20:36,636] [builder.py:1908]           [INFO]     | 148/231 | Reddit Top 250 Collection | + | Harry Potter and the Prisoner of Azkaban (2004)          |
[2022-05-26 02:20:36,740] [builder.py:1908]           [INFO]     | 149/231 | Reddit Top 250 Collection | + | The Terminator (1984)                                    |
[2022-05-26 02:20:36,821] [builder.py:1908]           [INFO]     | 150/231 | Reddit Top 250 Collection | + | Blue Velvet (1986)                                       |
[2022-05-26 02:20:37,830] [builder.py:1908]           [INFO]     | 151/231 | Reddit Top 250 Collection | + | Paths of Glory (1957)                                    |
[2022-05-26 02:20:37,920] [builder.py:1908]           [INFO]     | 152/231 | Reddit Top 250 Collection | + | Amadeus (1984)                                           |
[2022-05-26 02:20:37,997] [builder.py:1908]           [INFO]     | 153/231 | Reddit Top 250 Collection | + | The Wizard of Oz (1939)                                  |
[2022-05-26 02:20:38,079] [builder.py:1908]           [INFO]     | 154/231 | Reddit Top 250 Collection | + | Metropolis (1927)                                        |
[2022-05-26 02:20:38,158] [builder.py:1908]           [INFO]     | 155/231 | Reddit Top 250 Collection | + | The Handmaiden (2016)                                    |
[2022-05-26 02:20:38,308] [builder.py:1908]           [INFO]     | 156/231 | Reddit Top 250 Collection | + | The Breakfast Club (1985)                                |
[2022-05-26 02:20:39,572] [builder.py:1908]           [INFO]     | 157/231 | Reddit Top 250 Collection | + | The Third Man (1949)                                     |
[2022-05-26 02:20:39,661] [builder.py:1908]           [INFO]     | 158/231 | Reddit Top 250 Collection | + | The Exorcist (1973)                                      |
[2022-05-26 02:20:39,778] [builder.py:1908]           [INFO]     | 159/231 | Reddit Top 250 Collection | + | Adaptation. (2002)                                       |
[2022-05-26 02:20:41,123] [builder.py:1908]           [INFO]     | 160/231 | Reddit Top 250 Collection | + | Eighth Grade (2018)                                      |
[2022-05-26 02:20:42,289] [builder.py:1908]           [INFO]     | 161/231 | Reddit Top 250 Collection | + | The Shape of Water (2017)                                |
[2022-05-26 02:20:42,370] [builder.py:1908]           [INFO]     | 162/231 | Reddit Top 250 Collection | + | North by Northwest (1959)                                |
[2022-05-26 02:20:42,457] [builder.py:1908]           [INFO]     | 163/231 | Reddit Top 250 Collection | + | 12 Years a Slave (2013)                                  |
[2022-05-26 02:20:42,544] [builder.py:1908]           [INFO]     | 164/231 | Reddit Top 250 Collection | + | Tropic Thunder (2008)                                    |
[2022-05-26 02:20:43,677] [builder.py:1908]           [INFO]     | 165/231 | Reddit Top 250 Collection | + | Requiem for a Dream (2000)                               |
[2022-05-26 02:20:43,751] [builder.py:1908]           [INFO]     | 166/231 | Reddit Top 250 Collection | + | Ran (1985)                                               |
[2022-05-26 02:20:43,830] [builder.py:1908]           [INFO]     | 167/231 | Reddit Top 250 Collection | + | Spider-Man 2 (2004)                                      |
[2022-05-26 02:20:43,911] [builder.py:1908]           [INFO]     | 168/231 | Reddit Top 250 Collection | + | The Assassination of Jesse James by the Coward Robert Ford (2007) |
[2022-05-26 02:20:45,440] [builder.py:1908]           [INFO]     | 169/231 | Reddit Top 250 Collection | + | Howl's Moving Castle (2004)                              |
[2022-05-26 02:20:45,515] [builder.py:1908]           [INFO]     | 170/231 | Reddit Top 250 Collection | + | Three Billboards Outside Ebbing, Missouri (2017)         |
[2022-05-26 02:20:45,598] [builder.py:1908]           [INFO]     | 171/231 | Reddit Top 250 Collection | + | Iron Man (2008)                                          |
[2022-05-26 02:20:45,676] [builder.py:1908]           [INFO]     | 172/231 | Reddit Top 250 Collection | + | My Neighbor Totoro (1988)                                |
[2022-05-26 02:20:45,752] [builder.py:1908]           [INFO]     | 173/231 | Reddit Top 250 Collection | + | Léon: The Professional (1994)                            |
[2022-05-26 02:20:45,828] [builder.py:1908]           [INFO]     | 174/231 | Reddit Top 250 Collection | + | Punch-Drunk Love (2002)                                  |
[2022-05-26 02:20:46,998] [builder.py:1908]           [INFO]     | 175/231 | Reddit Top 250 Collection | + | John Wick (2014)                                         |
[2022-05-26 02:20:47,072] [builder.py:1908]           [INFO]     | 176/231 | Reddit Top 250 Collection | + | Halloween (1978)                                         |
[2022-05-26 02:20:47,966] [builder.py:1908]           [INFO]     | 177/231 | Reddit Top 250 Collection | + | Eyes Wide Shut (1999)                                    |
[2022-05-26 02:20:49,309] [builder.py:1908]           [INFO]     | 178/231 | Reddit Top 250 Collection | + | Paris, Texas (1984)                                      |
[2022-05-26 02:20:49,437] [builder.py:1908]           [INFO]     | 179/231 | Reddit Top 250 Collection | + | Superbad (2007)                                          |
[2022-05-26 02:20:50,990] [builder.py:1908]           [INFO]     | 180/231 | Reddit Top 250 Collection | + | Trainspotting (1996)                                     |
[2022-05-26 02:20:51,094] [builder.py:1908]           [INFO]     | 181/231 | Reddit Top 250 Collection | + | 12 Monkeys (1995)                                        |
[2022-05-26 02:20:52,561] [builder.py:1908]           [INFO]     | 182/231 | Reddit Top 250 Collection | + | This Is Spinal Tap (1984)                                |
[2022-05-26 02:20:54,138] [builder.py:1908]           [INFO]     | 183/231 | Reddit Top 250 Collection | + | First Reformed (2017)                                    |
[2022-05-26 02:20:55,975] [builder.py:1908]           [INFO]     | 184/231 | Reddit Top 250 Collection | + | Life of Brian (1979)                                     |
[2022-05-26 02:20:56,119] [builder.py:1908]           [INFO]     | 185/231 | Reddit Top 250 Collection | + | The Florida Project (2017)                               |
[2022-05-26 02:20:57,707] [builder.py:1908]           [INFO]     | 186/231 | Reddit Top 250 Collection | + | Casino Royale (2006)                                     |
[2022-05-26 02:20:57,842] [builder.py:1908]           [INFO]     | 187/231 | Reddit Top 250 Collection | + | Magnolia (1999)                                          |
[2022-05-26 02:20:59,345] [builder.py:1908]           [INFO]     | 188/231 | Reddit Top 250 Collection | + | Batman Begins (2005)                                     |
[2022-05-26 02:20:59,490] [builder.py:1908]           [INFO]     | 189/231 | Reddit Top 250 Collection | + | It's a Wonderful Life (1946)                             |
[2022-05-26 02:20:59,652] [builder.py:1908]           [INFO]     | 190/231 | Reddit Top 250 Collection | + | Some Like It Hot (1959)                                  |
[2022-05-26 02:20:59,796] [builder.py:1908]           [INFO]     | 191/231 | Reddit Top 250 Collection | + | The Night of the Hunter (1955)                           |
[2022-05-26 02:20:59,948] [builder.py:1908]           [INFO]     | 192/231 | Reddit Top 250 Collection | + | The Great Dictator (1940)                                |
[2022-05-26 02:21:00,085] [builder.py:1908]           [INFO]     | 193/231 | Reddit Top 250 Collection | + | Blazing Saddles (1974)                                   |
[2022-05-26 02:21:01,478] [builder.py:1908]           [INFO]     | 194/231 | Reddit Top 250 Collection | + | Gattaca (1997)                                           |
[2022-05-26 02:21:02,888] [builder.py:1908]           [INFO]     | 195/231 | Reddit Top 250 Collection | + | Mission: Impossible - Fallout (2018)                     |
[2022-05-26 02:21:04,656] [builder.py:1908]           [INFO]     | 196/231 | Reddit Top 250 Collection | + | The Revenant (2015)                                      |
[2022-05-26 02:21:04,768] [builder.py:1908]           [INFO]     | 197/231 | Reddit Top 250 Collection | + | Little Miss Sunshine (2006)                              |
[2022-05-26 02:21:06,485] [builder.py:1908]           [INFO]     | 198/231 | Reddit Top 250 Collection | + | Unforgiven (1992)                                        |
[2022-05-26 02:21:06,604] [builder.py:1908]           [INFO]     | 199/231 | Reddit Top 250 Collection | + | Double Indemnity (1944)                                  |
[2022-05-26 02:21:06,722] [builder.py:1908]           [INFO]     | 200/231 | Reddit Top 250 Collection | + | 8½ (1963)                                                |
[2022-05-26 02:21:06,824] [builder.py:1908]           [INFO]     | 201/231 | Reddit Top 250 Collection | + | Office Space (1999)                                      |
[2022-05-26 02:21:07,821] [builder.py:1908]           [INFO]     | 202/231 | Reddit Top 250 Collection | + | Synecdoche, New York (2008)                              |
[2022-05-26 02:21:09,008] [builder.py:1908]           [INFO]     | 203/231 | Reddit Top 250 Collection | + | Brazil (1985)                                            |
