[2022-05-26 02:15:00,225] [plex_meta_manager.py:437]  [INFO]     |====================================================================================================|
[2022-05-26 02:15:00,225] [plex_meta_manager.py:437]  [INFO]     |                          Planet of the apes (Reboot) Collection in Movies                          |
[2022-05-26 02:15:00,225] [plex_meta_manager.py:437]  [INFO]     |====================================================================================================|
[2022-05-26 02:15:00,225] [plex_meta_manager.py:438]  [INFO]     |                                                                                                    |
[2022-05-26 02:15:00,226] [plex_meta_manager.py:443]  [INFO]     |======================== Validating Planet of the apes (Reboot) Attributes =========================|
[2022-05-26 02:15:00,226] [builder.py:241]            [DEBUG]    |                                                                                                    |
[2022-05-26 02:15:00,226] [builder.py:242]            [DEBUG]    | Validating Method: template                                                                        |
[2022-05-26 02:15:00,226] [meta.py:109]               [DEBUG]    | Value: ordereddict([('name', 'Franchise'), ('poster', 'https://theposterdb.com/api/assets/21735')]) |
[2022-05-26 02:15:00,227] [builder.py:359]            [DEBUG]    |                                                                                                    |
[2022-05-26 02:15:00,227] [builder.py:360]            [DEBUG]    | Validating Method: delete_not_scheduled                                                            |
[2022-05-26 02:15:00,228] [builder.py:361]            [DEBUG]    | Value: True                                                                                        |
[2022-05-26 02:15:00,228] [builder.py:402]            [DEBUG]    |                                                                                                    |
[2022-05-26 02:15:00,228] [builder.py:403]            [DEBUG]    | Validating Method: run_again                                                                       |
[2022-05-26 02:15:00,228] [builder.py:404]            [DEBUG]    | Value: True                                                                                        |
[2022-05-26 02:15:00,228] [builder.py:423]            [DEBUG]    |                                                                                                    |
[2022-05-26 02:15:00,229] [builder.py:424]            [DEBUG]    | Validating Method: sync_mode                                                                       |
[2022-05-26 02:15:00,229] [builder.py:428]            [DEBUG]    | Value: sync                                                                                        |
[2022-05-26 02:15:00,229] [builder.py:570]            [DEBUG]    |                                                                                                    |
[2022-05-26 02:15:00,229] [builder.py:571]            [DEBUG]    | Validating Method: collection_order                                                                |
[2022-05-26 02:15:00,229] [builder.py:572]            [DEBUG]    | Value: release                                                                                     |
[2022-05-26 02:15:00,229] [builder.py:588]            [DEBUG]    |                                                                                                    |
[2022-05-26 02:15:00,229] [builder.py:592]            [DEBUG]    | Validating Method: sort_title                                                                      |
[2022-05-26 02:15:00,230] [builder.py:593]            [DEBUG]    | Value: +++++PlanetOfTheApesReboot                                                                  |
[2022-05-26 02:15:00,230] [builder.py:588]            [DEBUG]    |                                                                                                    |
[2022-05-26 02:15:00,230] [builder.py:592]            [DEBUG]    | Validating Method: trakt_list                                                                      |
[2022-05-26 02:15:00,230] [builder.py:593]            [DEBUG]    | Value: ['https://trakt.tv/users/wdvhucb/lists/planet-of-the-apes-reboot?sort=rank,asc']            |
[2022-05-26 02:15:00,370] [builder.py:588]            [DEBUG]    |                                                                                                    |
[2022-05-26 02:15:00,370] [builder.py:592]            [DEBUG]    | Validating Method: summary                                                                         |
[2022-05-26 02:15:00,371] [builder.py:593]            [DEBUG]    | Value: Rick Jaffa & Amanda Silver's reboot/remake of the Planet of the Apes inspired by news articles on apes raised as humans and advances in genetics. Jaffa conceived an idea for a film about a genetically enhanced chimp raised in a human household. The film series focuses on a chimpanzee, Caesar who when given a substance designed to help the brain repair itself, gains advanced intelligence which leads to an ape uprising. |
[2022-05-26 02:15:00,371] [builder.py:588]            [DEBUG]    |                                                                                                    |
[2022-05-26 02:15:00,371] [builder.py:592]            [DEBUG]    | Validating Method: url_poster                                                                      |
[2022-05-26 02:15:00,371] [builder.py:593]            [DEBUG]    | Value: https://theposterdb.com/api/assets/21735                                                    |
[2022-05-26 02:15:00,372] [builder.py:588]            [DEBUG]    |                                                                                                    |
[2022-05-26 02:15:00,372] [builder.py:592]            [DEBUG]    | Validating Method: visible_home                                                                    |
[2022-05-26 02:15:00,372] [builder.py:593]            [DEBUG]    | Value: True                                                                                        |
[2022-05-26 02:15:00,372] [builder.py:588]            [DEBUG]    |                                                                                                    |
[2022-05-26 02:15:00,372] [builder.py:592]            [DEBUG]    | Validating Method: visible_shared                                                                  |
[2022-05-26 02:15:00,373] [builder.py:593]            [DEBUG]    | Value: True                                                                                        |
[2022-05-26 02:15:02,250] [builder.py:749]            [INFO]     |                                                                                                    |
[2022-05-26 02:15:02,250] [builder.py:750]            [INFO]     | Validation Successful                                                                              |
[2022-05-26 02:15:02,251] [plex_meta_manager.py:447]  [INFO]     |                                                                                                    |
[2022-05-26 02:15:02,251] [plex_meta_manager.py:449]  [INFO]     |========================== Running Planet of the apes (Reboot) Collection ==========================|
[2022-05-26 02:15:02,251] [plex_meta_manager.py:461]  [INFO]     |                                                                                                    |
[2022-05-26 02:15:02,251] [plex_meta_manager.py:462]  [INFO]     | Sync Mode: sync                                                                                    |
[2022-05-26 02:15:02,251] [plex_meta_manager.py:472]  [DEBUG]    |                                                                                                    |
[2022-05-26 02:15:02,252] [plex_meta_manager.py:473]  [DEBUG]    | Builder: trakt_list: https://trakt.tv/users/wdvhucb/lists/planet-of-the-apes-reboot?sort=rank,asc  |
[2022-05-26 02:15:02,252] [plex_meta_manager.py:474]  [INFO]     |                                                                                                    |
[2022-05-26 02:15:02,252] [trakt.py:393]              [INFO]     | Processing Trakt List: https://trakt.tv/users/wdvhucb/lists/planet-of-the-apes-reboot?sort=rank,asc |
[2022-05-26 02:15:02,366] [builder.py:1424]           [DEBUG]    |                                                                                                    |
[2022-05-26 02:15:02,366] [builder.py:1425]           [DEBUG]    | 3 IDs Found: [(61791, 'tmdb'), (119450, 'tmdb'), (281338, 'tmdb')]                                 |
[2022-05-26 02:15:02,366] [builder.py:1426]           [DEBUG]    |                                                                                                    |
[2022-05-26 02:15:02,629] [builder.py:1892]           [INFO]     |                                                                                                    |
[2022-05-26 02:15:02,630] [builder.py:1893]           [INFO]     |========================= Adding to Planet of the apes (Reboot) Collection =========================|
[2022-05-26 02:15:02,630] [builder.py:1894]           [INFO]     |                                                                                                    |
[2022-05-26 02:15:02,630] [builder.py:1908]           [INFO]     | 1/3 | Planet of the apes (Reboot) Collection | = | Rise of the Planet of the Apes (2011)           |
[2022-05-26 02:15:02,630] [builder.py:1908]           [INFO]     | 2/3 | Planet of the apes (Reboot) Collection | = | Dawn of the Planet of the Apes (2014)           |
[2022-05-26 02:15:02,631] [builder.py:1908]           [INFO]     | 3/3 | Planet of the apes (Reboot) Collection | = | War for the Planet of the Apes (2017)           |
[2022-05-26 02:15:02,631] [builder.py:1933]           [INFO]     |                                                                                                    |
[2022-05-26 02:15:02,631] [builder.py:1934]           [INFO]     | 3 Movies Processed                                                                                 |
[2022-05-26 02:15:02,671] [builder.py:2410]           [INFO]     |                                                                                                    |
[2022-05-26 02:15:02,671] [builder.py:2411]           [INFO]     |==================== Updating Details of Planet of the apes (Reboot) Collection ====================|
[2022-05-26 02:15:02,671] [builder.py:2412]           [INFO]     |                                                                                                    |
[2022-05-26 02:15:02,671] [builder.py:2418]           [INFO]     | Detail: summary will update Collection Summary                                                     |
[2022-05-26 02:15:02,672] [builder.py:2473]           [INFO]     | Collection Metadata Edits                                                                          |
                                                                 | 
[2022-05-26 02:15:03,109] [builder.py:2477]           [INFO]     | Details: have been updated
[2022-05-26 02:15:03,110] [builder.py:2480]           [INFO]     | 
[2022-05-26 02:15:03,147] [builder.py:2532]           [DEBUG]    | 1 posters found:
[2022-05-26 02:15:03,148] [builder.py:2534]           [DEBUG]    | Method: url_poster Poster: https://theposterdb.com/api/assets/21735
[2022-05-26 02:15:03,148] [builder.py:2601]           [INFO]     | No background collection detail or asset folder found
[2022-05-26 02:15:04,033] [library.py:141]            [INFO]     | Detail: url_poster updated poster to [URL] https://theposterdb.com/api/assets/21735
[2022-05-26 02:15:05,703] [plex_meta_manager.py:576]  [INFO]     | 
[2022-05-26 02:15:05,703] [plex_meta_manager.py:577]  [INFO]     |====================================================================================================|
[2022-05-26 02:15:05,703] [plex_meta_manager.py:577]  [INFO]     |                          Finished Planet of the apes (Reboot) Collection                           |
[2022-05-26 02:15:05,704] [plex_meta_manager.py:577]  [INFO]     |                                    Collection Run Time: 0:00:05                                    |
[2022-05-26 02:15:05,704] [plex_meta_manager.py:577]  [INFO]     |====================================================================================================|
