[2022-05-26 02:14:27,472] [plex_meta_manager.py:437]  [INFO]     |====================================================================================================|
[2022-05-26 02:14:27,473] [plex_meta_manager.py:437]  [INFO]     |                             DC Extended Universe Collection in Movies                              |
[2022-05-26 02:14:27,473] [plex_meta_manager.py:437]  [INFO]     |====================================================================================================|
[2022-05-26 02:14:27,473] [plex_meta_manager.py:438]  [INFO]     |                                                                                                    |
[2022-05-26 02:14:27,474] [plex_meta_manager.py:443]  [INFO]     |============================ Validating DC Extended Universe Attributes ============================|
[2022-05-26 02:14:27,474] [builder.py:241]            [DEBUG]    |                                                                                                    |
[2022-05-26 02:14:27,474] [builder.py:242]            [DEBUG]    | Validating Method: template                                                                        |
[2022-05-26 02:14:27,474] [meta.py:109]               [DEBUG]    | Value: ordereddict([('name', 'Franchise'), ('poster', 'https://theposterdb.com/api/assets/40928')]) |
[2022-05-26 02:14:27,475] [builder.py:359]            [DEBUG]    |                                                                                                    |
[2022-05-26 02:14:27,475] [builder.py:360]            [DEBUG]    | Validating Method: delete_not_scheduled                                                            |
[2022-05-26 02:14:27,475] [builder.py:361]            [DEBUG]    | Value: True                                                                                        |
[2022-05-26 02:14:27,476] [builder.py:402]            [DEBUG]    |                                                                                                    |
[2022-05-26 02:14:27,476] [builder.py:403]            [DEBUG]    | Validating Method: run_again                                                                       |
[2022-05-26 02:14:27,476] [builder.py:404]            [DEBUG]    | Value: True                                                                                        |
[2022-05-26 02:14:27,476] [builder.py:423]            [DEBUG]    |                                                                                                    |
[2022-05-26 02:14:27,476] [builder.py:424]            [DEBUG]    | Validating Method: sync_mode                                                                       |
[2022-05-26 02:14:27,477] [builder.py:428]            [DEBUG]    | Value: sync                                                                                        |
[2022-05-26 02:14:27,477] [builder.py:570]            [DEBUG]    |                                                                                                    |
[2022-05-26 02:14:27,477] [builder.py:571]            [DEBUG]    | Validating Method: collection_order                                                                |
[2022-05-26 02:14:27,477] [builder.py:572]            [DEBUG]    | Value: release                                                                                     |
[2022-05-26 02:14:27,477] [builder.py:588]            [DEBUG]    |                                                                                                    |
[2022-05-26 02:14:27,478] [builder.py:592]            [DEBUG]    | Validating Method: sort_title                                                                      |
[2022-05-26 02:14:27,478] [builder.py:593]            [DEBUG]    | Value: +++++DCEU                                                                                   |
[2022-05-26 02:14:27,478] [builder.py:588]            [DEBUG]    |                                                                                                    |
[2022-05-26 02:14:27,478] [builder.py:592]            [DEBUG]    | Validating Method: imdb_list                                                                       |
[2022-05-26 02:14:27,479] [builder.py:593]            [DEBUG]    | Value: ['https://www.imdb.com/list/ls062501894/']                                                  |
[2022-05-26 02:14:28,949] [builder.py:588]            [DEBUG]    |                                                                                                    |
[2022-05-26 02:14:28,950] [builder.py:592]            [DEBUG]    | Validating Method: summary                                                                         |
[2022-05-26 02:14:28,950] [builder.py:593]            [DEBUG]    | Value: The DC Extended Universe (DCEU) is an American media franchise and shared universe centered on a series of superhero films and television series produced by DC Films and distributed by Warner Bros. Pictures. |
[2022-05-26 02:14:28,951] [builder.py:588]            [DEBUG]    |                                                                                                    |
[2022-05-26 02:14:28,951] [builder.py:592]            [DEBUG]    | Validating Method: url_poster                                                                      |
[2022-05-26 02:14:28,951] [builder.py:593]            [DEBUG]    | Value: https://theposterdb.com/api/assets/40928                                                    |
[2022-05-26 02:14:28,951] [builder.py:588]            [DEBUG]    |                                                                                                    |
[2022-05-26 02:14:28,952] [builder.py:592]            [DEBUG]    | Validating Method: visible_home                                                                    |
[2022-05-26 02:14:28,952] [builder.py:593]            [DEBUG]    | Value: True                                                                                        |
[2022-05-26 02:14:28,952] [builder.py:588]            [DEBUG]    |                                                                                                    |
[2022-05-26 02:14:28,952] [builder.py:592]            [DEBUG]    | Validating Method: visible_shared                                                                  |
[2022-05-26 02:14:28,952] [builder.py:593]            [DEBUG]    | Value: True                                                                                        |
[2022-05-26 02:14:30,817] [builder.py:749]            [INFO]     |                                                                                                    |
[2022-05-26 02:14:30,817] [builder.py:750]            [INFO]     | Validation Successful                                                                              |
[2022-05-26 02:14:30,820] [plex_meta_manager.py:447]  [INFO]     |                                                                                                    |
[2022-05-26 02:14:30,820] [plex_meta_manager.py:449]  [INFO]     |============================= Running DC Extended Universe Collection ==============================|
[2022-05-26 02:14:30,820] [plex_meta_manager.py:461]  [INFO]     |                                                                                                    |
[2022-05-26 02:14:30,820] [plex_meta_manager.py:462]  [INFO]     | Sync Mode: sync                                                                                    |
[2022-05-26 02:14:30,821] [plex_meta_manager.py:472]  [DEBUG]    |                                                                                                    |
[2022-05-26 02:14:30,821] [plex_meta_manager.py:473]  [DEBUG]    | Builder: imdb_list: {'url': 'https://www.imdb.com/list/ls062501894/', 'limit': 0}                  |
[2022-05-26 02:14:30,821] [plex_meta_manager.py:474]  [INFO]     |                                                                                                    |
[2022-05-26 02:14:30,821] [imdb.py:176]               [INFO]     | Processing IMDb List: https://www.imdb.com/list/ls062501894/                                       |
[2022-05-26 02:14:35,534] [imdb.py:127]               [DEBUG]    | 31 IMDb IDs Found: ['tt0770828', 'tt2975590', 'tt1386697', 'tt0451279', 'tt0974015', 'tt1477834', 'tt0448115', 'tt7126948', 'tt4120636', 'tt1877830', 'tt6718412', 'tt6443346', 'tt0439572', 'tt5726658', 'tt5996672', 'tt6569988', 'tt6334354', 'tt6334364', 'tt7554008', 'tt4121026', 'tt7165358', 'tt1509745', 'tt5950044', 'tt7713068', 'tt9663764', 'tt6443346', 'tt5716028', 'tt7165358', 'tt9362930', 'tt8814476', 'tt9411946'] |
[2022-05-26 02:14:35,535] [builder.py:1424]           [DEBUG]    |                                                                                                    |
[2022-05-26 02:14:35,535] [builder.py:1425]           [DEBUG]    | 31 IDs Found: [('tt0770828', 'imdb'), ('tt2975590', 'imdb'), ('tt1386697', 'imdb'), ('tt0451279', 'imdb'), ('tt0974015', 'imdb'), ('tt1477834', 'imdb'), ('tt0448115', 'imdb'), ('tt7126948', 'imdb'), ('tt4120636', 'imdb'), ('tt1877830', 'imdb'), ('tt6718412', 'imdb'), ('tt6443346', 'imdb'), ('tt0439572', 'imdb'), ('tt5726658', 'imdb'), ('tt5996672', 'imdb'), ('tt6569988', 'imdb'), ('tt6334354', 'imdb'), ('tt6334364', 'imdb'), ('tt7554008', 'imdb'), ('tt4121026', 'imdb'), ('tt7165358', 'imdb'), ('tt1509745', 'imdb'), ('tt5950044', 'imdb'), ('tt7713068', 'imdb'), ('tt9663764', 'imdb'), ('tt6443346', 'imdb'), ('tt5716028', 'imdb'), ('tt7165358', 'imdb'), ('tt9362930', 'imdb'), ('tt8814476', 'imdb'), ('tt9411946', 'imdb')] |
[2022-05-26 02:14:35,536] [builder.py:1426]           [DEBUG]    |                                                                                                    |
[2022-05-26 02:14:36,879] [builder.py:1482]           [WARNING]  | Convert Error: No TVDb ID Found for TMDb ID: 102047                                                |
[2022-05-26 02:14:36,994] [builder.py:1482]           [WARNING]  | Convert Error: No TMDb ID Found for IMDb ID: tt7554008                                             |
[2022-05-26 02:14:37,009] [builder.py:1482]           [WARNING]  | Convert Error: No TMDb ID Found for IMDb ID: tt4121026                                             |
[2022-05-26 02:14:37,023] [builder.py:1482]           [WARNING]  | Convert Error: No TMDb ID Found for IMDb ID: tt7165358                                             |
[2022-05-26 02:14:37,038] [builder.py:1482]           [WARNING]  | Convert Error: No TMDb ID Found for IMDb ID: tt1509745                                             |
[2022-05-26 02:14:37,240] [builder.py:1482]           [WARNING]  | Convert Error: No TMDb ID Found for IMDb ID: tt7165358                                             |
[2022-05-26 02:14:37,296] [builder.py:1892]           [INFO]     |                                                                                                    |
[2022-05-26 02:14:37,297] [builder.py:1893]           [INFO]     |============================ Adding to DC Extended Universe Collection =============================|
[2022-05-26 02:14:37,297] [builder.py:1894]           [INFO]     |                                                                                                    |
[2022-05-26 02:14:37,298] [builder.py:1908]           [INFO]     |  1/11 | DC Extended Universe Collection | = | Man of Steel (2013)                                  |
[2022-05-26 02:14:37,298] [builder.py:1908]           [INFO]     |  2/11 | DC Extended Universe Collection | = | Batman v Superman: Dawn of Justice (2016)            |
[2022-05-26 02:14:37,298] [builder.py:1908]           [INFO]     |  3/11 | DC Extended Universe Collection | = | Suicide Squad (2016)                                 |
[2022-05-26 02:14:37,299] [builder.py:1908]           [INFO]     |  4/11 | DC Extended Universe Collection | = | Wonder Woman (2017)                                  |
[2022-05-26 02:14:37,299] [builder.py:1908]           [INFO]     |  5/11 | DC Extended Universe Collection | = | Justice League (2017)                                |
[2022-05-26 02:14:37,300] [builder.py:1908]           [INFO]     |  6/11 | DC Extended Universe Collection | = | Aquaman (2018)                                       |
[2022-05-26 02:14:37,300] [builder.py:1908]           [INFO]     |  7/11 | DC Extended Universe Collection | = | Shazam! (2019)                                       |
[2022-05-26 02:14:37,300] [builder.py:1908]           [INFO]     |  8/11 | DC Extended Universe Collection | = | Wonder Woman 1984 (2020)                             |
[2022-05-26 02:14:37,301] [builder.py:1908]           [INFO]     |  9/11 | DC Extended Universe Collection | = | The Batman (2022)                                    |
[2022-05-26 02:14:37,301] [builder.py:1908]           [INFO]     | 10/11 | DC Extended Universe Collection | = | The Suicide Squad (2021)                             |
[2022-05-26 02:14:37,302] [builder.py:1908]           [INFO]     | 11/11 | DC Extended Universe Collection | = | Birds of Prey (2020)                                 |
[2022-05-26 02:14:37,302] [builder.py:1933]           [INFO]     |                                                                                                    |
[2022-05-26 02:14:37,303] [builder.py:1934]           [INFO]     | 11 Movies Processed                                                                                |
[2022-05-26 02:14:37,303] [builder.py:2171]           [INFO]     |                                                                                                    |
[2022-05-26 02:14:37,303] [builder.py:2172]           [INFO]     |=============================== Missing Movies from Library: Movies ================================|
[2022-05-26 02:14:37,304] [builder.py:2173]           [INFO]     |                                                                                                    |
[2022-05-26 02:14:37,907] [builder.py:2185]           [INFO]     | DC Extended Universe Collection | ? | Green Lantern Corps (TMDb: 297797)                           |
[2022-05-26 02:14:38,173] [builder.py:2185]           [INFO]     | DC Extended Universe Collection | ? | Batgirl (TMDb: 784589)                                       |
[2022-05-26 02:14:38,403] [builder.py:2185]           [INFO]     | DC Extended Universe Collection | ? | Black Adam (2022) (TMDb: 436270)                             |
[2022-05-26 02:14:38,642] [builder.py:2185]           [INFO]     | DC Extended Universe Collection | ? | The Flash (2023) (TMDb: 298618)                              |
[2022-05-26 02:14:38,821] [builder.py:2185]           [INFO]     | DC Extended Universe Collection | ? | Gotham City Sirens (TMDb: 907396)                            |
[2022-05-26 02:14:39,009] [builder.py:2185]           [INFO]     | DC Extended Universe Collection | ? | Nightwing (TMDb: 865228)                                     |
[2022-05-26 02:14:39,214] [builder.py:2185]           [INFO]     | DC Extended Universe Collection | ? | Deadshot (TMDb: 612646)                                      |
[2022-05-26 02:14:39,392] [builder.py:2185]           [INFO]     | DC Extended Universe Collection | ? | Untitled Superman Project (TMDb: 800788)                     |
[2022-05-26 02:14:39,409] [builder.py:2185]           [INFO]     | DC Extended Universe Collection | ? | Aquaman and the Lost Kingdom (2023) (TMDb: 572802)           |
[2022-05-26 02:14:39,644] [builder.py:2185]           [INFO]     | DC Extended Universe Collection | ? | Booster Gold (TMDb: 510769)                                  |
[2022-05-26 02:14:39,935] [builder.py:2185]           [INFO]     | DC Extended Universe Collection | ? | Blue Beetle (2023) (TMDb: 565770)                            |
[2022-05-26 02:14:40,222] [builder.py:2185]           [INFO]     | DC Extended Universe Collection | ? | Supergirl (TMDb: 540858)                                     |
[2022-05-26 02:14:40,454] [builder.py:2185]           [INFO]     | DC Extended Universe Collection | ? | Plastic Man (TMDb: 772405)                                   |
[2022-05-26 02:14:40,454] [builder.py:2189]           [INFO]     |                                                                                                    |
[2022-05-26 02:14:40,455] [builder.py:2190]           [INFO]     | 13 Movies Missing                                                                                  |
[2022-05-26 02:14:40,509] [builder.py:2410]           [INFO]     |                                                                                                    |
[2022-05-26 02:14:40,509] [builder.py:2411]           [INFO]     |======================= Updating Details of DC Extended Universe Collection ========================|
[2022-05-26 02:14:40,509] [builder.py:2412]           [INFO]     |                                                                                                    |
[2022-05-26 02:14:40,509] [builder.py:2418]           [INFO]     | Detail: summary will update Collection Summary                                                     |
[2022-05-26 02:14:40,510] [builder.py:2473]           [INFO]     | Collection Metadata Edits                                                                          |
                                                                 | 
[2022-05-26 02:14:40,899] [builder.py:2477]           [INFO]     | Details: have been updated
[2022-05-26 02:14:40,899] [builder.py:2480]           [INFO]     | 
[2022-05-26 02:14:40,937] [builder.py:2532]           [DEBUG]    | 1 posters found:
[2022-05-26 02:14:40,937] [builder.py:2534]           [DEBUG]    | Method: url_poster Poster: https://theposterdb.com/api/assets/40928
[2022-05-26 02:14:40,937] [builder.py:2601]           [INFO]     | No background collection detail or asset folder found
[2022-05-26 02:14:41,790] [library.py:141]            [INFO]     | Detail: url_poster updated poster to [URL] https://theposterdb.com/api/assets/40928
[2022-05-26 02:14:43,716] [plex_meta_manager.py:576]  [INFO]     | 
[2022-05-26 02:14:43,717] [plex_meta_manager.py:577]  [INFO]     |====================================================================================================|
[2022-05-26 02:14:43,717] [plex_meta_manager.py:577]  [INFO]     |                              Finished DC Extended Universe Collection                              |
[2022-05-26 02:14:43,717] [plex_meta_manager.py:577]  [INFO]     |                                    Collection Run Time: 0:00:16                                    |
[2022-05-26 02:14:43,717] [plex_meta_manager.py:577]  [INFO]     |====================================================================================================|
