[2022-05-20 14:00:55,779] [plex_meta_manager.py:437]  [INFO]     |====================================================================================================|
[2022-05-20 14:00:55,780] [plex_meta_manager.py:437]  [INFO]     |                                   Adventure Collection in Movies                                   |
[2022-05-20 14:00:55,780] [plex_meta_manager.py:437]  [INFO]     |====================================================================================================|
[2022-05-20 14:00:55,781] [plex_meta_manager.py:438]  [INFO]     |                                                                                                    |
[2022-05-20 14:00:55,781] [plex_meta_manager.py:443]  [INFO]     |================================= Validating Adventure Attributes ==================================|
[2022-05-20 14:00:55,781] [builder.py:241]            [DEBUG]    |                                                                                                    |
[2022-05-20 14:00:55,782] [builder.py:242]            [DEBUG]    | Validating Method: template                                                                        |
[2022-05-20 14:00:55,782] [meta.py:109]               [DEBUG]    | Value: ordereddict([('name', 'Genre'), ('genre', 'Adventure'), ('poster', 'https://theposterdb.com/api/assets/52218')]) |
[2022-05-20 14:00:55,783] [builder.py:570]            [DEBUG]    |                                                                                                    |
[2022-05-20 14:00:55,783] [builder.py:571]            [DEBUG]    | Validating Method: collection_order                                                                |
[2022-05-20 14:00:55,784] [builder.py:572]            [DEBUG]    | Value: alpha                                                                                       |
[2022-05-20 14:00:55,784] [builder.py:588]            [DEBUG]    |                                                                                                    |
[2022-05-20 14:00:55,784] [builder.py:592]            [DEBUG]    | Validating Method: summary                                                                         |
[2022-05-20 14:00:55,785] [builder.py:593]            [DEBUG]    | Value: Adventure film is a genre that revolves around the conquests and explorations of a protagonist. The purpose of the conquest can be to retrieve a person or treasure, but often the main focus is simply the pursuit of the unknown. These films generally take place in exotic locations and play on historical myths. Adventure films incorporate suspenseful puzzles and intricate obstacles that the protagonist must overcome in order to achieve the end goal. |
[2022-05-20 14:00:55,785] [builder.py:588]            [DEBUG]    |                                                                                                    |
[2022-05-20 14:00:55,785] [builder.py:592]            [DEBUG]    | Validating Method: plex_search                                                                     |
[2022-05-20 14:00:55,786] [builder.py:593]            [DEBUG]    | Value: {'genre': 'Adventure'}                                                                      |
[2022-05-20 14:00:56,500] [builder.py:588]            [DEBUG]    |                                                                                                    |
[2022-05-20 14:00:56,510] [builder.py:592]            [DEBUG]    | Validating Method: url_poster                                                                      |
[2022-05-20 14:00:56,511] [builder.py:593]            [DEBUG]    | Value: https://theposterdb.com/api/assets/52218                                                    |
[2022-05-20 14:00:56,511] [builder.py:588]            [DEBUG]    |                                                                                                    |
[2022-05-20 14:00:56,511] [builder.py:592]            [DEBUG]    | Validating Method: sort_title                                                                      |
[2022-05-20 14:00:56,511] [builder.py:593]            [DEBUG]    | Value: +++++++_Adventure                                                                           |
