[2022-05-20 17:08:26,468] [plex_meta_manager.py:437]  [INFO]     |====================================================================================================|
[2022-05-20 17:08:26,468] [plex_meta_manager.py:437]  [INFO]     |                                TMDb Top Rated Collection in Movies                                 |
[2022-05-20 17:08:26,468] [plex_meta_manager.py:437]  [INFO]     |====================================================================================================|
[2022-05-20 17:08:26,469] [plex_meta_manager.py:438]  [INFO]     |                                                                                                    |
[2022-05-20 17:08:26,469] [plex_meta_manager.py:443]  [INFO]     |=============================== Validating TMDb Top Rated Attributes ===============================|
[2022-05-20 17:08:26,469] [builder.py:365]            [DEBUG]    |                                                                                                    |
[2022-05-20 17:08:26,470] [builder.py:366]            [DEBUG]    | Validating Method: schedule                                                                        |
[2022-05-20 17:08:26,470] [builder.py:370]            [DEBUG]    | Value: daily                                                                                       |
[2022-05-20 17:08:26,470] [builder.py:423]            [DEBUG]    |                                                                                                    |
[2022-05-20 17:08:26,470] [builder.py:424]            [DEBUG]    | Validating Method: sync_mode                                                                       |
[2022-05-20 17:08:26,470] [builder.py:428]            [DEBUG]    | Value: sync                                                                                        |
[2022-05-20 17:08:26,471] [builder.py:570]            [DEBUG]    |                                                                                                    |
[2022-05-20 17:08:26,471] [builder.py:571]            [DEBUG]    | Validating Method: collection_order                                                                |
[2022-05-20 17:08:26,471] [builder.py:572]            [DEBUG]    | Value: custom                                                                                      |
[2022-05-20 17:08:26,471] [builder.py:588]            [DEBUG]    |                                                                                                    |
[2022-05-20 17:08:26,472] [builder.py:592]            [DEBUG]    | Validating Method: tmdb_top_rated                                                                  |
[2022-05-20 17:08:26,472] [builder.py:593]            [DEBUG]    | Value: 30                                                                                          |
[2022-05-20 17:08:26,472] [builder.py:588]            [DEBUG]    |                                                                                                    |
[2022-05-20 17:08:26,472] [builder.py:592]            [DEBUG]    | Validating Method: collection_mode                                                                 |
[2022-05-20 17:08:26,472] [builder.py:593]            [DEBUG]    | Value: default                                                                                     |
[2022-05-20 17:08:26,473] [builder.py:588]            [DEBUG]    |                                                                                                    |
[2022-05-20 17:08:26,473] [builder.py:592]            [DEBUG]    | Validating Method: sort_title                                                                      |
[2022-05-20 17:08:26,473] [builder.py:593]            [DEBUG]    | Value: *101                                                                                        |
[2022-05-20 17:08:26,512] [plex.py:721]               [DEBUG]    |                                                                                                    |
[2022-05-20 17:08:26,513] [plex.py:724]               [DEBUG]    | Looking for: TMDb Top Rated                                                                        |
[2022-05-20 17:08:26,513] [builder.py:749]            [INFO]     |                                                                                                    |
[2022-05-20 17:08:26,513] [builder.py:750]            [INFO]     | Validation Successful                                                                              |
[2022-05-20 17:08:26,579] [plex_meta_manager.py:447]  [INFO]     |                                                                                                    |
[2022-05-20 17:08:26,580] [plex_meta_manager.py:449]  [INFO]     |================================ Running TMDb Top Rated Collection =================================|
[2022-05-20 17:08:26,580] [plex_meta_manager.py:461]  [INFO]     |                                                                                                    |
[2022-05-20 17:08:26,580] [plex_meta_manager.py:462]  [INFO]     | Sync Mode: sync                                                                                    |
[2022-05-20 17:08:26,580] [plex_meta_manager.py:472]  [DEBUG]    |                                                                                                    |
[2022-05-20 17:08:26,580] [plex_meta_manager.py:473]  [DEBUG]    | Builder: tmdb_top_rated: 30                                                                        |
[2022-05-20 17:08:26,580] [plex_meta_manager.py:474]  [INFO]     |                                                                                                    |
[2022-05-20 17:08:26,869] [tmdb.py:310]               [INFO]     | Processing TMDb Top Rated: 30 Movies                                                               |
[2022-05-20 17:08:26,870] [builder.py:1424]           [DEBUG]    |                                                                                                    |
[2022-05-20 17:08:26,870] [builder.py:1425]           [DEBUG]    | 30 IDs Found: [(278, 'tmdb'), (19404, 'tmdb'), (238, 'tmdb'), (545611, 'tmdb'), (424, 'tmdb'), (240, 'tmdb'), (667257, 'tmdb'), (372754, 'tmdb'), (129, 'tmdb'), (372058, 'tmdb'), (696374, 'tmdb'), (724089, 'tmdb'), (496243, 'tmdb'), (389, 'tmdb'), (497, 'tmdb'), (761053, 'tmdb'), (155, 'tmdb'), (680, 'tmdb'), (429, 'tmdb'), (122, 'tmdb'), (533514, 'tmdb'), (13, 'tmdb'), (730154, 'tmdb'), (11216, 'tmdb'), (652837, 'tmdb'), (346, 'tmdb'), (769, 'tmdb'), (637, 'tmdb'), (40096, 'tmdb'), (311, 'tmdb')] |
[2022-05-20 17:08:26,870] [builder.py:1426]           [DEBUG]    |                                                                                                    |
[2022-05-20 17:08:28,981] [builder.py:1892]           [INFO]     |                                                                                                    |
[2022-05-20 17:08:28,981] [builder.py:1893]           [INFO]     |=============================== Adding to TMDb Top Rated Collection ================================|
[2022-05-20 17:08:28,981] [builder.py:1894]           [INFO]     |                                                                                                    |
[2022-05-20 17:08:28,982] [builder.py:1908]           [INFO]     |  1/22 | TMDb Top Rated Collection | + | The Shawshank Redemption (1994)                            |
[2022-05-20 17:08:30,391] [builder.py:1908]           [INFO]     |  2/22 | TMDb Top Rated Collection | + | The Godfather (1972)                                       |
[2022-05-20 17:08:31,798] [builder.py:1908]           [INFO]     |  3/22 | TMDb Top Rated Collection | + | Everything Everywhere All at Once (2022)                   |
[2022-05-20 17:08:33,084] [builder.py:1908]           [INFO]     |  4/22 | TMDb Top Rated Collection | + | Schindler's List (1993)                                    |
[2022-05-20 17:08:34,589] [builder.py:1908]           [INFO]     |  5/22 | TMDb Top Rated Collection | + | The Godfather: Part II (1974)                              |
[2022-05-20 17:08:35,897] [builder.py:1908]           [INFO]     |  6/22 | TMDb Top Rated Collection | + | Dou kyu sei – Classmates (2016)                            |
[2022-05-20 17:08:38,640] [builder.py:1908]           [INFO]     |  7/22 | TMDb Top Rated Collection | + | Gabriel's Inferno: Part One (2020)                         |
[2022-05-20 17:08:41,197] [builder.py:1908]           [INFO]     |  8/22 | TMDb Top Rated Collection | + | Gabriel's Inferno: Part Two (2020)                         |
[2022-05-20 17:08:43,586] [builder.py:1908]           [INFO]     |  9/22 | TMDb Top Rated Collection | + | Parasite (2019)                                            |
[2022-05-20 17:08:44,966] [builder.py:1908]           [INFO]     | 10/22 | TMDb Top Rated Collection | + | 12 Angry Men (1957)                                        |
[2022-05-20 17:08:46,217] [builder.py:1908]           [INFO]     | 11/22 | TMDb Top Rated Collection | + | The Green Mile (1999)                                      |
[2022-05-20 17:08:47,410] [builder.py:1908]           [INFO]     | 12/22 | TMDb Top Rated Collection | + | The Dark Knight (2008)                                     |
[2022-05-20 17:08:48,631] [builder.py:1908]           [INFO]     | 13/22 | TMDb Top Rated Collection | + | Pulp Fiction (1994)                                        |
[2022-05-20 17:08:50,072] [builder.py:1908]           [INFO]     | 14/22 | TMDb Top Rated Collection | + | The Good, the Bad and the Ugly (1966)                      |
[2022-05-20 17:08:51,336] [builder.py:1908]           [INFO]     | 15/22 | TMDb Top Rated Collection | + | The Lord of the Rings: The Return of the King (2003)       |
[2022-05-20 17:08:52,847] [builder.py:1908]           [INFO]     | 16/22 | TMDb Top Rated Collection | + | Violet Evergarden: The Movie (2020)                        |
[2022-05-20 17:08:54,082] [builder.py:1908]           [INFO]     | 17/22 | TMDb Top Rated Collection | + | Forrest Gump (1994)                                        |
[2022-05-20 17:08:55,528] [builder.py:1908]           [INFO]     | 18/22 | TMDb Top Rated Collection | + | Cinema Paradiso (1988)                                     |
[2022-05-20 17:08:58,331] [builder.py:1908]           [INFO]     | 19/22 | TMDb Top Rated Collection | + | Josee, the Tiger and the Fish (2020)                       |
[2022-05-20 17:08:59,570] [builder.py:1908]           [INFO]     | 20/22 | TMDb Top Rated Collection | + | Goodfellas (1990)                                          |
[2022-05-20 17:09:01,007] [builder.py:1908]           [INFO]     | 21/22 | TMDb Top Rated Collection | + | Life Is Beautiful (1997)                                   |
[2022-05-20 17:09:02,217] [builder.py:1908]           [INFO]     | 22/22 | TMDb Top Rated Collection | + | Once Upon a Time in America (1984)                         |
[2022-05-20 17:09:03,342] [builder.py:1933]           [INFO]     |                                                                                                    |
[2022-05-20 17:09:03,342] [builder.py:1934]           [INFO]     | 22 Movies Processed                                                                                |
[2022-05-20 17:09:03,343] [builder.py:2171]           [INFO]     |                                                                                                    |
[2022-05-20 17:09:03,343] [builder.py:2172]           [INFO]     |=============================== Missing Movies from Library: Movies ================================|
[2022-05-20 17:09:03,343] [builder.py:2173]           [INFO]     |                                                                                                    |
[2022-05-20 17:09:03,777] [builder.py:2185]           [INFO]     | TMDb Top Rated Collection | ? | Dilwale Dulhania Le Jayenge (1995) (TMDb: 19404)                   |
[2022-05-20 17:09:04,087] [builder.py:2185]           [INFO]     | TMDb Top Rated Collection | ? | Impossible Things (2021) (TMDb: 667257)                            |
[2022-05-20 17:09:04,094] [builder.py:2185]           [INFO]     | TMDb Top Rated Collection | ? | Spirited Away (2001) (TMDb: 129)                                   |
[2022-05-20 17:09:04,099] [builder.py:2185]           [INFO]     | TMDb Top Rated Collection | ? | Your Name. (2016) (TMDb: 372058)                                   |
[2022-05-20 17:09:04,226] [builder.py:2185]           [INFO]     | TMDb Top Rated Collection | ? | Gabriel's Inferno: Part III (2020) (TMDb: 761053)                  |
[2022-05-20 17:09:04,603] [builder.py:2185]           [INFO]     | TMDb Top Rated Collection | ? | Your Eyes Tell (2020) (TMDb: 730154)                               |
[2022-05-20 17:09:04,611] [builder.py:2185]           [INFO]     | TMDb Top Rated Collection | ? | Seven Samurai (1954) (TMDb: 346)                                   |
[2022-05-20 17:09:05,078] [builder.py:2185]           [INFO]     | TMDb Top Rated Collection | ? | A Dog's Will (2000) (TMDb: 40096)                                  |
[2022-05-20 17:09:05,079] [builder.py:2189]           [INFO]     |                                                                                                    |
[2022-05-20 17:09:05,079] [builder.py:2190]           [INFO]     | 8 Movies Missing                                                                                   |
[2022-05-20 17:09:05,142] [builder.py:2410]           [INFO]     |                                                                                                    |
[2022-05-20 17:09:05,143] [builder.py:2411]           [INFO]     |========================== Updating Details of TMDb Top Rated Collection ===========================|
[2022-05-20 17:09:05,143] [builder.py:2412]           [INFO]     |                                                                                                    |
[2022-05-20 17:09:05,143] [builder.py:2473]           [INFO]     | Collection Metadata Edits                                                                          |
                                                                 | Sort Title | *101
                                                                 | 
[2022-05-20 17:09:05,513] [builder.py:2477]           [INFO]     | Details: have been updated
[2022-05-20 17:09:05,514] [builder.py:2480]           [INFO]     | 
[2022-05-20 17:09:07,044] [builder.py:2492]           [INFO]     | Collection Order | custom
[2022-05-20 17:09:07,044] [builder.py:2568]           [INFO]     | No poster collection detail or asset folder found
[2022-05-20 17:09:07,044] [builder.py:2601]           [INFO]     | No background collection detail or asset folder found
[2022-05-20 17:09:07,655] [builder.py:2612]           [INFO]     | 
[2022-05-20 17:09:07,655] [builder.py:2613]           [INFO]     |================================ Sorting TMDb Top Rated Collection =================================|
[2022-05-20 17:09:07,655] [builder.py:2614]           [INFO]     |                                                                                                    |
[2022-05-20 17:09:07,656] [builder.py:2630]           [INFO]     | Moving The Shawshank Redemption (1994) to the beginning                                            |
[2022-05-20 17:09:08,117] [builder.py:2630]           [INFO]     | Moving The Godfather (1972) after The Shawshank Redemption (1994)                                  |
[2022-05-20 17:09:08,620] [builder.py:2630]           [INFO]     | Moving Everything Everywhere All at Once (2022) after The Godfather (1972)                         |
[2022-05-20 17:09:09,091] [builder.py:2630]           [INFO]     | Moving Schindler's List (1993) after Everything Everywhere All at Once (2022)                      |
[2022-05-20 17:09:09,618] [builder.py:2630]           [INFO]     | Moving The Godfather: Part II (1974) after Schindler's List (1993)                                 |
[2022-05-20 17:09:10,286] [builder.py:2630]           [INFO]     | Moving Dou kyu sei – Classmates (2016) after The Godfather: Part II (1974)                         |
[2022-05-20 17:09:10,853] [builder.py:2630]           [INFO]     | Moving Gabriel's Inferno: Part One (2020) after Dou kyu sei – Classmates (2016)                    |
[2022-05-20 17:09:11,291] [builder.py:2630]           [INFO]     | Moving Gabriel's Inferno: Part Two (2020) after Gabriel's Inferno: Part One (2020)                 |
[2022-05-20 17:09:11,740] [builder.py:2630]           [INFO]     | Moving Parasite (2019) after Gabriel's Inferno: Part Two (2020)                                    |
[2022-05-20 17:09:12,198] [builder.py:2630]           [INFO]     | Moving 12 Angry Men (1957) after Parasite (2019)                                                   |
[2022-05-20 17:09:12,699] [builder.py:2630]           [INFO]     | Moving The Green Mile (1999) after 12 Angry Men (1957)                                             |
[2022-05-20 17:09:13,203] [builder.py:2630]           [INFO]     | Moving The Dark Knight (2008) after The Green Mile (1999)                                          |
[2022-05-20 17:09:13,687] [builder.py:2630]           [INFO]     | Moving Pulp Fiction (1994) after The Dark Knight (2008)                                            |
[2022-05-20 17:09:14,171] [builder.py:2630]           [INFO]     | Moving The Good, the Bad and the Ugly (1966) after Pulp Fiction (1994)                             |
[2022-05-20 17:09:14,676] [builder.py:2630]           [INFO]     | Moving The Lord of the Rings: The Return of the King (2003) after The Good, the Bad and the Ugly (1966) |
[2022-05-20 17:09:15,118] [builder.py:2630]           [INFO]     | Moving Violet Evergarden: The Movie (2020) after The Lord of the Rings: The Return of the King (2003) |
[2022-05-20 17:09:15,587] [builder.py:2630]           [INFO]     | Moving Forrest Gump (1994) after Violet Evergarden: The Movie (2020)                               |
[2022-05-20 17:09:16,095] [builder.py:2630]           [INFO]     | Moving Cinema Paradiso (1988) after Forrest Gump (1994)                                            |
[2022-05-20 17:09:16,560] [builder.py:2630]           [INFO]     | Moving Josee, the Tiger and the Fish (2020) after Cinema Paradiso (1988)                           |
[2022-05-20 17:09:17,028] [builder.py:2630]           [INFO]     | Moving Goodfellas (1990) after Josee, the Tiger and the Fish (2020)                                |
[2022-05-20 17:09:17,548] [builder.py:2630]           [INFO]     | Moving Life Is Beautiful (1997) after Goodfellas (1990)                                            |
[2022-05-20 17:09:18,002] [builder.py:2630]           [INFO]     | Moving Once Upon a Time in America (1984) after Life Is Beautiful (1997)                           |
[2022-05-20 17:09:18,905] [plex_meta_manager.py:576]  [INFO]     |                                                                                                    |
[2022-05-20 17:09:18,906] [plex_meta_manager.py:577]  [INFO]     |====================================================================================================|
[2022-05-20 17:09:18,906] [plex_meta_manager.py:577]  [INFO]     |                                 Finished TMDb Top Rated Collection                                 |
[2022-05-20 17:09:18,907] [plex_meta_manager.py:577]  [INFO]     |                                    Collection Run Time: 0:00:52                                    |
[2022-05-20 17:09:18,907] [plex_meta_manager.py:577]  [INFO]     |====================================================================================================|
