[2022-05-26 02:14:43,730] [plex_meta_manager.py:437]  [INFO]     |====================================================================================================|
[2022-05-26 02:14:43,731] [plex_meta_manager.py:437]  [INFO]     |                                 Hunger Games Collection in Movies                                  |
[2022-05-26 02:14:43,731] [plex_meta_manager.py:437]  [INFO]     |====================================================================================================|
[2022-05-26 02:14:43,731] [plex_meta_manager.py:438]  [INFO]     |                                                                                                    |
[2022-05-26 02:14:43,731] [plex_meta_manager.py:443]  [INFO]     |================================ Validating Hunger Games Attributes ================================|
[2022-05-26 02:14:43,732] [builder.py:241]            [DEBUG]    |                                                                                                    |
[2022-05-26 02:14:43,732] [builder.py:242]            [DEBUG]    | Validating Method: template                                                                        |
[2022-05-26 02:14:43,732] [meta.py:109]               [DEBUG]    | Value: ordereddict([('name', 'Franchise'), ('poster', 'https://theposterdb.com/api/assets/69294')]) |
[2022-05-26 02:14:43,733] [builder.py:359]            [DEBUG]    |                                                                                                    |
[2022-05-26 02:14:43,733] [builder.py:360]            [DEBUG]    | Validating Method: delete_not_scheduled                                                            |
[2022-05-26 02:14:43,733] [builder.py:361]            [DEBUG]    | Value: True                                                                                        |
[2022-05-26 02:14:43,733] [builder.py:402]            [DEBUG]    |                                                                                                    |
[2022-05-26 02:14:43,734] [builder.py:403]            [DEBUG]    | Validating Method: run_again                                                                       |
[2022-05-26 02:14:43,734] [builder.py:404]            [DEBUG]    | Value: True                                                                                        |
[2022-05-26 02:14:43,734] [builder.py:423]            [DEBUG]    |                                                                                                    |
[2022-05-26 02:14:43,734] [builder.py:424]            [DEBUG]    | Validating Method: sync_mode                                                                       |
[2022-05-26 02:14:43,734] [builder.py:428]            [DEBUG]    | Value: sync                                                                                        |
[2022-05-26 02:14:43,735] [builder.py:570]            [DEBUG]    |                                                                                                    |
[2022-05-26 02:14:43,735] [builder.py:571]            [DEBUG]    | Validating Method: collection_order                                                                |
[2022-05-26 02:14:43,735] [builder.py:572]            [DEBUG]    | Value: release                                                                                     |
[2022-05-26 02:14:43,735] [builder.py:588]            [DEBUG]    |                                                                                                    |
[2022-05-26 02:14:43,735] [builder.py:592]            [DEBUG]    | Validating Method: sort_title                                                                      |
[2022-05-26 02:14:43,735] [builder.py:593]            [DEBUG]    | Value: +++++HungerGames                                                                            |
[2022-05-26 02:14:43,736] [builder.py:588]            [DEBUG]    |                                                                                                    |
[2022-05-26 02:14:43,736] [builder.py:592]            [DEBUG]    | Validating Method: imdb_list                                                                       |
[2022-05-26 02:14:43,736] [builder.py:593]            [DEBUG]    | Value: ['https://www.imdb.com/list/ls069064647/']                                                  |
[2022-05-26 02:14:44,967] [builder.py:588]            [DEBUG]    |                                                                                                    |
[2022-05-26 02:14:44,968] [builder.py:592]            [DEBUG]    | Validating Method: summary                                                                         |
[2022-05-26 02:14:44,968] [builder.py:593]            [DEBUG]    | Value: A science fiction film series based on the novel of the same name by Suzanne Collins. The film series takes place in a dystopian post-apocalyptic future in the nation of Panem, featuring the protagonist, Katniss Everdeen. |
[2022-05-26 02:14:44,968] [builder.py:588]            [DEBUG]    |                                                                                                    |
[2022-05-26 02:14:44,969] [builder.py:592]            [DEBUG]    | Validating Method: url_poster                                                                      |
[2022-05-26 02:14:44,969] [builder.py:593]            [DEBUG]    | Value: https://theposterdb.com/api/assets/69294                                                    |
[2022-05-26 02:14:44,969] [builder.py:588]            [DEBUG]    |                                                                                                    |
[2022-05-26 02:14:44,969] [builder.py:592]            [DEBUG]    | Validating Method: visible_home                                                                    |
[2022-05-26 02:14:44,970] [builder.py:593]            [DEBUG]    | Value: True                                                                                        |
[2022-05-26 02:14:44,970] [builder.py:588]            [DEBUG]    |                                                                                                    |
[2022-05-26 02:14:44,970] [builder.py:592]            [DEBUG]    | Validating Method: visible_shared                                                                  |
[2022-05-26 02:14:44,970] [builder.py:593]            [DEBUG]    | Value: True                                                                                        |
[2022-05-26 02:14:46,775] [builder.py:749]            [INFO]     |                                                                                                    |
[2022-05-26 02:14:46,775] [builder.py:750]            [INFO]     | Validation Successful                                                                              |
[2022-05-26 02:14:46,775] [plex_meta_manager.py:447]  [INFO]     |                                                                                                    |
[2022-05-26 02:14:46,775] [plex_meta_manager.py:449]  [INFO]     |================================= Running Hunger Games Collection ==================================|
[2022-05-26 02:14:46,776] [plex_meta_manager.py:461]  [INFO]     |                                                                                                    |
[2022-05-26 02:14:46,776] [plex_meta_manager.py:462]  [INFO]     | Sync Mode: sync                                                                                    |
[2022-05-26 02:14:46,776] [plex_meta_manager.py:472]  [DEBUG]    |                                                                                                    |
[2022-05-26 02:14:46,776] [plex_meta_manager.py:473]  [DEBUG]    | Builder: imdb_list: {'url': 'https://www.imdb.com/list/ls069064647/', 'limit': 0}                  |
[2022-05-26 02:14:46,776] [plex_meta_manager.py:474]  [INFO]     |                                                                                                    |
[2022-05-26 02:14:46,777] [imdb.py:176]               [INFO]     | Processing IMDb List: https://www.imdb.com/list/ls069064647/                                       |
[2022-05-26 02:14:50,354] [imdb.py:127]               [DEBUG]    | 4 IMDb IDs Found: ['tt1392170', 'tt1951264', 'tt1951265', 'tt1951266']                             |
[2022-05-26 02:14:50,355] [builder.py:1424]           [DEBUG]    |                                                                                                    |
[2022-05-26 02:14:50,355] [builder.py:1425]           [DEBUG]    | 4 IDs Found: [('tt1392170', 'imdb'), ('tt1951264', 'imdb'), ('tt1951265', 'imdb'), ('tt1951266', 'imdb')] |
[2022-05-26 02:14:50,356] [builder.py:1426]           [DEBUG]    |                                                                                                    |
[2022-05-26 02:14:50,750] [builder.py:1892]           [INFO]     |                                                                                                    |
[2022-05-26 02:14:50,751] [builder.py:1893]           [INFO]     |================================ Adding to Hunger Games Collection =================================|
[2022-05-26 02:14:50,751] [builder.py:1894]           [INFO]     |                                                                                                    |
[2022-05-26 02:14:50,752] [builder.py:1908]           [INFO]     | 1/4 | Hunger Games Collection | = | The Hunger Games (2012)                                        |
[2022-05-26 02:14:50,752] [builder.py:1908]           [INFO]     | 2/4 | Hunger Games Collection | = | The Hunger Games: Catching Fire (2013)                         |
[2022-05-26 02:14:50,752] [builder.py:1908]           [INFO]     | 3/4 | Hunger Games Collection | = | The Hunger Games: Mockingjay - Part 1 (2014)                   |
[2022-05-26 02:14:50,753] [builder.py:1908]           [INFO]     | 4/4 | Hunger Games Collection | = | The Hunger Games: Mockingjay - Part 2 (2015)                   |
[2022-05-26 02:14:50,753] [builder.py:1933]           [INFO]     |                                                                                                    |
[2022-05-26 02:14:50,753] [builder.py:1934]           [INFO]     | 4 Movies Processed                                                                                 |
[2022-05-26 02:14:50,792] [builder.py:2410]           [INFO]     |                                                                                                    |
[2022-05-26 02:14:50,793] [builder.py:2411]           [INFO]     |=========================== Updating Details of Hunger Games Collection ============================|
[2022-05-26 02:14:50,793] [builder.py:2412]           [INFO]     |                                                                                                    |
[2022-05-26 02:14:50,793] [builder.py:2418]           [INFO]     | Detail: summary will update Collection Summary                                                     |
[2022-05-26 02:14:50,794] [builder.py:2473]           [INFO]     | Collection Metadata Edits                                                                          |
                                                                 | 
[2022-05-26 02:14:51,181] [builder.py:2477]           [INFO]     | Details: have been updated
[2022-05-26 02:14:51,182] [builder.py:2480]           [INFO]     | 
[2022-05-26 02:14:51,220] [builder.py:2532]           [DEBUG]    | 1 posters found:
[2022-05-26 02:14:51,220] [builder.py:2534]           [DEBUG]    | Method: url_poster Poster: https://theposterdb.com/api/assets/69294
[2022-05-26 02:14:51,220] [builder.py:2601]           [INFO]     | No background collection detail or asset folder found
[2022-05-26 02:14:52,223] [library.py:141]            [INFO]     | Detail: url_poster updated poster to [URL] https://theposterdb.com/api/assets/69294
[2022-05-26 02:14:54,141] [plex_meta_manager.py:576]  [INFO]     | 
[2022-05-26 02:14:54,141] [plex_meta_manager.py:577]  [INFO]     |====================================================================================================|
[2022-05-26 02:14:54,141] [plex_meta_manager.py:577]  [INFO]     |                                  Finished Hunger Games Collection                                  |
[2022-05-26 02:14:54,142] [plex_meta_manager.py:577]  [INFO]     |                                    Collection Run Time: 0:00:10                                    |
[2022-05-26 02:14:54,142] [plex_meta_manager.py:577]  [INFO]     |====================================================================================================|
