[2022-05-26 02:01:12,537] [plex_meta_manager.py:211]  [INFO]     |                                                                                                    |
[2022-05-26 02:01:12,537] [plex_meta_manager.py:212]  [INFO]     |====================================================================================================|
[2022-05-26 02:01:12,538] [plex_meta_manager.py:212]  [INFO]     |                                          TV Shows Library                                          |
[2022-05-26 02:01:12,538] [plex_meta_manager.py:212]  [INFO]     |====================================================================================================|
[2022-05-26 02:01:12,538] [plex_meta_manager.py:217]  [DEBUG]    |                                                                                                    |
[2022-05-26 02:01:12,538] [plex_meta_manager.py:218]  [DEBUG]    | Mapping Name: TV Shows                                                                             |
[2022-05-26 02:01:12,538] [plex_meta_manager.py:219]  [DEBUG]    | Folder Name: TV Shows                                                                              |
[2022-05-26 02:01:12,539] [plex_meta_manager.py:220]  [DEBUG]    | Missing Path: //config/TV Shows_missing.yml                                                        |
[2022-05-26 02:01:12,539] [plex_meta_manager.py:222]  [DEBUG]    | Asset Directory: //config/assets                                                                   |
[2022-05-26 02:01:12,539] [plex_meta_manager.py:223]  [DEBUG]    | Asset Folders: True                                                                                |
[2022-05-26 02:01:12,539] [plex_meta_manager.py:224]  [DEBUG]    | Create Asset Folders: False                                                                        |
[2022-05-26 02:01:12,539] [plex_meta_manager.py:225]  [DEBUG]    | Download URL Assets: False                                                                         |
[2022-05-26 02:01:12,540] [plex_meta_manager.py:226]  [DEBUG]    | Sync Mode: append                                                                                  |
[2022-05-26 02:01:12,540] [plex_meta_manager.py:227]  [DEBUG]    | Minimum Items: 1                                                                                   |
[2022-05-26 02:01:12,540] [plex_meta_manager.py:228]  [DEBUG]    | Delete Below Minimum: True                                                                         |
[2022-05-26 02:01:12,540] [plex_meta_manager.py:229]  [DEBUG]    | Delete Not Scheduled: False                                                                        |
[2022-05-26 02:01:12,540] [plex_meta_manager.py:230]  [DEBUG]    | Default Collection Order: None                                                                     |
[2022-05-26 02:01:12,541] [plex_meta_manager.py:231]  [DEBUG]    | Missing Only Released: False                                                                       |
[2022-05-26 02:01:12,541] [plex_meta_manager.py:232]  [DEBUG]    | Only Filter Missing: False                                                                         |
[2022-05-26 02:01:12,541] [plex_meta_manager.py:233]  [DEBUG]    | Show Unmanaged: True                                                                               |
[2022-05-26 02:01:12,541] [plex_meta_manager.py:234]  [DEBUG]    | Show Filtered: False                                                                               |
[2022-05-26 02:01:12,541] [plex_meta_manager.py:235]  [DEBUG]    | Show Missing: True                                                                                 |
[2022-05-26 02:01:12,542] [plex_meta_manager.py:236]  [DEBUG]    | Show Missing Assets: True                                                                          |
[2022-05-26 02:01:12,542] [plex_meta_manager.py:237]  [DEBUG]    | Save Missing: True                                                                                 |
[2022-05-26 02:01:12,542] [plex_meta_manager.py:238]  [DEBUG]    | Clean Bundles: False                                                                               |
[2022-05-26 02:01:12,542] [plex_meta_manager.py:239]  [DEBUG]    | Empty Trash: False                                                                                 |
[2022-05-26 02:01:12,542] [plex_meta_manager.py:240]  [DEBUG]    | Optimize: False                                                                                    |
[2022-05-26 02:01:12,542] [plex_meta_manager.py:241]  [DEBUG]    | Timeout: 60                                                                                        |
[2022-05-26 02:01:12,543] [plex_meta_manager.py:251]  [INFO]     |                                                                                                    |
[2022-05-26 02:01:12,543] [plex_meta_manager.py:252]  [INFO]     |===================================== Mapping TV Shows Library =====================================|
[2022-05-26 02:01:12,543] [plex_meta_manager.py:253]  [INFO]     |                                                                                                    |
[2022-05-26 02:01:12,543] [plex.py:476]               [INFO]     | Loading All Shows from Library: TV Shows                                                           |
[2022-05-26 02:01:54,606] [plex.py:485]               [INFO]     | Loaded 7039 Shows                                                                                  |
[2022-05-26 02:01:54,607] [library.py:246]            [INFO]     | Mapping Show Library: TV Shows                                                                     |
[2022-05-26 02:01:54,607] [library.py:247]            [INFO]     |                                                                                                    |
[2022-05-26 02:01:54,976] [convert.py:335]            [INFO]     | Mapping Error | plex://show/5d9c0825ba6eb9001fb9cecc           | Unable to convert TMDb ID: 60016 to TVDb ID for "1 vs 100" |
[2022-05-26 02:01:56,488] [convert.py:335]            [INFO]     | Mapping Error | plex://show/5d9c090d08fddd001f2a69d7           | Unable to convert TMDb ID: 82539 to TVDb ID for "Absolutely Ascot" |
[2022-05-26 02:01:56,794] [convert.py:335]            [INFO]     | Mapping Error | plex://show/61b8d98b0ee44b77503b62cd           | Unable to convert TMDb ID: 23985 to TVDb ID for "Acceptable TV" |
[2022-05-26 02:01:57,166] [convert.py:335]            [INFO]     | Mapping Error | plex://show/5fd4f9d63cd222002dd650bf           | Unable to convert TMDb ID: 114492 to TVDb ID for "Accused: Trial In The Outback" |
[2022-05-26 02:01:57,458] [convert.py:335]            [INFO]     | Mapping Error | plex://show/5d9c0904e264b7001fc4d9d4           | Unable to convert TMDb ID: 80392 to TVDb ID for "Adventurers: Masters of Time" |
[2022-05-26 02:01:58,837] [convert.py:335]            [INFO]     | Mapping Error | plex://show/5d9c08274eefaa001f5d6f75           | Unable to convert TMDb ID: 60138 to TVDb ID for "Alan Titchmarsh's Garden Secrets" |
[2022-05-26 02:01:59,207] [convert.py:335]            [INFO]     | Mapping Error | local://796673                                 | No match in Plex for "The Amazing Screw on Head" |
[2022-05-26 02:01:59,233] [convert.py:335]            [INFO]     | Mapping Error | plex://show/5e4d2537e5e5b5003c47ef1c           | Unable to convert TMDb ID: 99511 to TVDb ID for "America the Wild" |
[2022-05-26 02:02:00,304] [convert.py:335]            [INFO]     | Mapping Error | plex://show/5e4d253384a9580037628a95           | Unable to convert TMDb ID: 99435 to TVDb ID for "Andy's Aquatic Adventures" |
[2022-05-26 02:02:00,898] [convert.py:335]            [INFO]     | Mapping Error | plex://show/5fcd03971aa9c4002da09eaf           | Unable to convert TMDb ID: 114186 to TVDb ID for "Art of Persia" |
[2022-05-26 02:02:01,228] [convert.py:335]            [INFO]     | Mapping Error | plex://show/628518ab2a13217f9a8d6bbb           | Unable to convert TMDb ID: 202203 to TVDb ID for "The Ascent of Money (US)" |
[2022-05-26 02:02:01,553] [convert.py:335]            [INFO]     | Mapping Error | plex://show/5d9c08cb7b5c2e001e66185f           | Unable to convert TMDb ID: 70738 to TVDb ID for "Astro and the Space Mutts" |
[2022-05-26 02:02:02,145] [convert.py:335]            [INFO]     | Mapping Error | plex://show/5d9c09286c3e37001ecdc6aa           | Unable to convert TMDb ID: 88538 to TVDb ID for "Aussie Lobster Men" |
[2022-05-26 02:02:02,663] [convert.py:335]            [INFO]     | Mapping Error | plex://show/61f54f3c043de88e611f84ae           | Unable to convert TMDb ID: 156508 to TVDb ID for "Babble Bop!" |
[2022-05-26 02:02:02,962] [convert.py:335]            [INFO]     | Mapping Error | plex://show/61684b1e5db2d7cbb12e958e           | Unable to convert TMDb ID: 136264 to TVDb ID for "Bachelor in Paradise Canada" |
[2022-05-26 02:02:03,529] [convert.py:335]            [INFO]     | Mapping Error | plex://show/5d9c08f6705e7a001e6e773e           | Unable to convert TMDb ID: 77430 to TVDb ID for "The Bagel And Becky Show" |
[2022-05-26 02:02:04,128] [convert.py:335]            [INFO]     | Mapping Error | plex://show/605e0613f952830030e4f8eb           | Unable to convert TMDb ID: 121720 to TVDb ID for "Barbapapa: One Big Happy Family!" |
[2022-05-26 02:02:04,376] [convert.py:335]            [INFO]     | Mapping Error | plex://show/5d9c08fccb3ffa001f1b8949           | Unable to convert TMDb ID: 78839 to TVDb ID for "Barbie Dreamtopia" |
[2022-05-26 02:02:04,749] [convert.py:335]            [INFO]     | Mapping Error | plex://show/5d9c08d04eefaa001f5e3c6f           | Unable to convert TMDb ID: 71606 to TVDb ID for "Bat Pat" |
[2022-05-26 02:02:04,781] [convert.py:335]            [INFO]     | Mapping Error | plex://show/5d9c08cdba6eb9001fbaa78e           | Unable to convert TMDb ID: 71365 to TVDb ID for "Battlestar Galactica" |
[2022-05-26 02:02:04,831] [convert.py:335]            [INFO]     | Mapping Error | local://836705                                 | No match in Plex for "Battletoads" |
[2022-05-26 02:02:05,039] [convert.py:335]            [INFO]     | Mapping Error | plex://show/618fdb68255e4791afa46703           | Unable to convert TMDb ID: 138517 to TVDb ID for "The Beachbuds" |
[2022-05-26 02:02:06,179] [convert.py:335]            [INFO]     | Mapping Error | plex://show/61b0cce46bfb4feb484c9666           | Unable to convert TMDb ID: 83446 to TVDb ID for "The Bi Life" |
[2022-05-26 02:02:06,534] [convert.py:335]            [INFO]     | Mapping Error | plex://show/5f1b325f3a3996003e4bee34           | Unable to convert TMDb ID: 106377 to TVDb ID for "Bitz and Bob" |
[2022-05-26 02:02:06,535] [convert.py:335]            [INFO]     | Mapping Error | local://611636                                 | No match in Plex for "The Bizarre Pet Vets" |
[2022-05-26 02:02:06,946] [convert.py:335]            [INFO]     | Mapping Error | local://788470                                 | No match in Plex for "Blood and Oil" |
[2022-05-26 02:02:07,317] [convert.py:335]            [INFO]     | Mapping Error | plex://show/5d9c08152df347001e3aa515           | Unable to convert TMDb ID: 69620 to TVDb ID for "BoBoiBoy Galaxy" |
[2022-05-26 02:02:08,811] [convert.py:335]            [INFO]     | Mapping Error | plex://show/5d9c0900ffd9ef001e99ddf3           | Unable to convert TMDb ID: 79748 to TVDb ID for "Brainwashing Stacey" |
[2022-05-26 02:02:10,993] [convert.py:335]            [INFO]     | Mapping Error | plex://show/5ff628652b580a002d69fbfb           | Unable to convert TMDb ID: 116006 to TVDb ID for "The Cabins" |
[2022-05-26 02:02:11,179] [convert.py:335]            [INFO]     | Mapping Error | plex://show/5d9c082302391c001f5820c4           | Unable to convert TMDb ID: 56569 to TVDb ID for "Candid Camera" |
[2022-05-26 02:02:12,568] [convert.py:335]            [INFO]     | Mapping Error | plex://show/5d9c0906ba6eb9001fbae942           | Unable to convert TMDb ID: 80963 to TVDb ID for "Catfish: Trolls" |
[2022-05-26 02:02:13,484] [convert.py:335]            [INFO]     | Mapping Error | plex://show/5e9183e740ee6b00411e03d6           | Unable to convert TMDb ID: 101609 to TVDb ID for "Celebrity Ghost Stories" |
[2022-05-26 02:02:13,679] [convert.py:335]            [INFO]     | Mapping Error | plex://show/618a981a732e4d3afa308f47           | Unable to convert TMDb ID: 135684 to TVDb ID for "Celebrity Letters And Numbers" |
[2022-05-26 02:02:14,302] [convert.py:335]            [INFO]     | Mapping Error | plex://show/5f68d2a314a61300432a6aee           | Unable to convert TMDb ID: 110287 to TVDb ID for "Chaos in Court" |
[2022-05-26 02:02:14,306] [convert.py:335]            [INFO]     | Mapping Error | local://931615                                 | No match in Plex for "Cheer"      |
[2022-05-26 02:02:14,492] [convert.py:335]            [INFO]     | Mapping Error | plex://show/60ca229d646ee8002d7162f3           | Unable to convert TMDb ID: 127586 to TVDb ID for "Cheese: A Love Story" |
[2022-05-26 02:02:14,894] [convert.py:335]            [INFO]     | Mapping Error | plex://show/60ae73893b7c90002da1c3fa           | Unable to convert TMDb ID: 126385 to TVDb ID for "Chopped Next Gen" |
[2022-05-26 02:02:15,760] [convert.py:335]            [INFO]     | Mapping Error | plex://show/5d9c0816ffd9ef001e98c645           | Unable to convert TMDb ID: 64890 to TVDb ID for "Come Dine with Me New Zealand" |
[2022-05-26 02:02:17,385] [convert.py:335]            [INFO]     | Mapping Error | plex://show/5d9c08972df347001e3b552b           | Unable to convert TMDb ID: 4711 to TVDb ID for "Da Boom Crew" |
[2022-05-26 02:02:17,388] [convert.py:335]            [INFO]     | Mapping Error | local://616334                                 | No match in Plex for "Dana White Lookin' for a Fight" |
[2022-05-26 02:02:17,590] [convert.py:335]            [INFO]     | Mapping Error | plex://show/621193292152a640fb5db2d4           | Unable to convert TMDb ID: 157975 to TVDb ID for "Dark Mysteries Anjaan Kahaniyaan" |
[2022-05-26 02:02:17,736] [convert.py:335]            [INFO]     | Mapping Error | plex://show/604116998836a8002cd618ad           | Unable to convert TMDb ID: 119949 to TVDb ID for "Dating #NoFilter" |
[2022-05-26 02:02:18,526] [convert.py:335]            [INFO]     | Mapping Error | local://848698                                 | No match in Plex for "Diabolik Track of the Panther" |
[2022-05-26 02:02:19,063] [convert.py:335]            [INFO]     | Mapping Error | plex://show/60411697c82f3a002c096a50           | Unable to convert TMDb ID: 119923 to TVDb ID for "DNA Family Secrets" |
[2022-05-26 02:02:19,065] [convert.py:335]            [INFO]     | Mapping Error | local://270666                                 | No match in Plex for "Doctor Who the Evil of the Daleks" |
[2022-05-26 02:02:19,808] [convert.py:335]            [INFO]     | Mapping Error | plex://show/5f379e7d206bb300415da5ab           | Unable to convert TMDb ID: 107449 to TVDb ID for "Donkey Kong" |
[2022-05-26 02:02:20,478] [convert.py:335]            [INFO]     | Mapping Error | plex://show/5d9c08262df347001e3ac285           | Unable to convert TMDb ID: 54487 to TVDb ID for "Dork Hunters From Outer Space" |
[2022-05-26 02:02:20,873] [convert.py:335]            [INFO]     | Mapping Error | plex://show/5eb6b5ffd860e70041bfb75b           | Unable to convert TMDb ID: 102911 to TVDb ID for "Drug Lords: The Next Generation" |
[2022-05-26 02:02:21,064] [convert.py:335]            [INFO]     | Mapping Error | plex://show/60b3bd546bcb00002df9014a           | Unable to convert TMDb ID: 126598 to TVDb ID for "Eat Well For Less New Zealand" |
[2022-05-26 02:02:21,065] [convert.py:335]            [INFO]     | Mapping Error | local://891694                                 | No match in Plex for "Electromagnetic Girlfriend" |
[2022-05-26 02:02:21,947] [convert.py:335]            [INFO]     | Mapping Error | plex://show/5d9c08e63c3f87001f358518           | Unable to convert TMDb ID: 72338 to TVDb ID for "Emogenius" |
[2022-05-26 02:02:22,464] [convert.py:335]            [INFO]     | Mapping Error | plex://show/61b60495a6ce1dab35fb83bf           | Unable to convert TMDb ID: 123451 to TVDb ID for "Exposure" |
[2022-05-26 02:02:22,964] [convert.py:335]            [INFO]     | Mapping Error | plex://show/5d9c08ea46115600200add30           | Unable to convert TMDb ID: 75905 to TVDb ID for "Fantasy Patrol" |
[2022-05-26 02:02:23,449] [convert.py:335]            [INFO]     | Mapping Error | plex://show/5d9c08284eefaa001f5d7177           | Unable to convert TMDb ID: 14384 to TVDb ID for "Forgotten Toys" |
[2022-05-26 02:02:24,149] [convert.py:335]            [INFO]     | Mapping Error | plex://show/60652f093dc02a002c4ce6cb           | Unable to convert TMDb ID: 15534 to TVDb ID for "Fred's Head" |
[2022-05-26 02:02:25,167] [convert.py:335]            [INFO]     | Mapping Error | plex://show/5d9c086a46115600200aa0f2           | Unable to convert TMDb ID: 46784 to TVDb ID for "Game Changers" |
[2022-05-26 02:02:25,425] [convert.py:335]            [INFO]     | Mapping Error | local://809904                                 | No match in Plex for "Gazza"      |
[2022-05-26 02:02:25,476] [convert.py:335]            [INFO]     | Mapping Error | local://809948                                 | No match in Plex for "George Carlin's American Dream" |
[2022-05-26 02:02:26,347] [convert.py:335]            [INFO]     | Mapping Error | local://928795                                 | No match in Plex for "Grand Designs the Street" |
[2022-05-26 02:02:26,658] [convert.py:335]            [INFO]     | Mapping Error | plex://show/5d9d5af31cb9c4001faa1319           | Unable to convert TMDb ID: 80978 to TVDb ID for "The Grand Hustle" |
[2022-05-26 02:02:26,829] [convert.py:335]            [INFO]     | Mapping Error | plex://show/5e2be4599b65510036dfc476           | Unable to convert TMDb ID: 98213 to TVDb ID for "Grayson Perry: All Man" |
[2022-05-26 02:02:27,278] [convert.py:335]            [INFO]     | Mapping Error | local://947299                                 | No match in Plex for "The Green Planet" |
[2022-05-26 02:02:27,616] [convert.py:335]            [INFO]     | Mapping Error | plex://show/5d9c0803ffd9ef001e98aa14           | Unable to convert TMDb ID: 28524 to TVDb ID for "Grizzly Tales for Gruesome Kids" |
[2022-05-26 02:02:27,661] [convert.py:335]            [INFO]     | Mapping Error | local://857854                                 | No match in Plex for "Grizzy & the Lemmings" |
[2022-05-26 02:02:29,240] [convert.py:335]            [INFO]     | Mapping Error | plex://show/6239ef03f783af0be1242a60           | Unable to convert TMDb ID: 195684 to TVDb ID for "Have You Seen This Man?" |
[2022-05-26 02:02:29,506] [convert.py:335]            [INFO]     | Mapping Error | plex://show/606ef5b2ff5b43002ce05b15           | Unable to convert TMDb ID: 135979 to TVDb ID for "Here We Go" |
[2022-05-26 02:02:29,817] [convert.py:335]            [INFO]     | Mapping Error | plex://show/603e62eb64c91f002cc1d9c3           | Unable to convert TMDb ID: 119829 to TVDb ID for "HGTV House Party" |
[2022-05-26 02:02:29,847] [convert.py:335]            [INFO]     | Mapping Error | plex://show/5e160ecee0d3ae001ed0e6cc           | Unable to convert TMDb ID: 91497 to TVDb ID for "Hip Hop: The Songs That Shook America" |
[2022-05-26 02:02:30,563] [convert.py:335]            [INFO]     | Mapping Error | plex://show/62448968e47498f10a97eaae           | Unable to convert TMDb ID: 196272 to TVDb ID for "Holidaying with Jane McDonald: The Caribbean" |
[2022-05-26 02:02:30,772] [convert.py:335]            [INFO]     | Mapping Error | plex://show/5ea39563a880f7004094855b           | Unable to convert TMDb ID: 101904 to TVDb ID for "Holmes 911" |
[2022-05-26 02:02:31,119] [convert.py:335]            [INFO]     | Mapping Error | plex://show/5ed3f18d4c05550041a6b78d           | Unable to convert TMDb ID: 104047 to TVDb ID for "Hope in the Wild" |
[2022-05-26 02:02:32,767] [convert.py:335]            [INFO]     | Mapping Error | plex://show/5d9c090f705e7a001e6e9779           | Unable to convert TMDb ID: 83210 to TVDb ID for "Hustle In Brooklyn" |
[2022-05-26 02:02:32,771] [convert.py:335]            [INFO]     | Mapping Error | local://946421                                 | No match in Plex for "I Literally Just Told You" |
[2022-05-26 02:02:33,554] [convert.py:335]            [INFO]     | Mapping Error | plex://show/5d9c08504eefaa001f5da3c5           | Unable to convert TMDb ID: 62009 to TVDb ID for "The Ibiza Weekender" |
[2022-05-26 02:02:36,160] [convert.py:335]            [INFO]     | Mapping Error | plex://show/61ae1c9997e66cdcc94a92d6           | Unable to convert TMDb ID: 152478 to TVDb ID for "Into the Dark" |
[2022-05-26 02:02:37,159] [convert.py:335]            [INFO]     | Mapping Error | plex://show/6230ca2db886f0eb11e0cd49           | Unable to convert TMDb ID: 195060 to TVDb ID for "Jeremy Kyle Show: Death on Daytime" |
[2022-05-26 02:02:37,385] [convert.py:335]            [INFO]     | Mapping Error | plex://show/5e2be45c7054db003e5ec005           | Unable to convert TMDb ID: 98250 to TVDb ID for "Jo Frost On Britain's Killer Kids" |
[2022-05-26 02:02:37,710] [convert.py:335]            [INFO]     | Mapping Error | plex://show/61b221f5019f58c22546463f           | Unable to convert TMDb ID: 153170 to TVDb ID for "Johnny vs Amber" |
[2022-05-26 02:02:38,194] [convert.py:335]            [INFO]     | Mapping Error | plex://show/601d587a2102c7002c39d3de           | Unable to convert TMDb ID: 118167 to TVDb ID for "The Jumbo Jet: 50 Years in the Sky" |
[2022-05-26 02:02:38,871] [convert.py:335]            [INFO]     | Mapping Error | plex://show/5faaba207978cc002db72758           | Unable to convert TMDb ID: 112811 to TVDb ID for "Killer In Question" |
[2022-05-26 02:02:39,568] [convert.py:335]            [INFO]     | Mapping Error | plex://show/6113e8e1c69fd0002dd1ef2f           | Unable to convert TMDb ID: 130920 to TVDb ID for "Kitty is not a cat" |
[2022-05-26 02:02:39,820] [convert.py:335]            [INFO]     | Mapping Error | local://853402                                 | No match in Plex for "Lassie"     |
[2022-05-26 02:02:40,149] [convert.py:335]            [INFO]     | Mapping Error | plex://show/613236e442ad0602f8d7bc83           | Unable to convert TMDb ID: 132070 to TVDb ID for "The Last Leg of Tokyo 2020" |
[2022-05-26 02:02:40,153] [convert.py:335]            [INFO]     | Mapping Error | local://786485                                 | No match in Plex for "Leaving Neverland" |
[2022-05-26 02:02:40,910] [convert.py:335]            [INFO]     | Mapping Error | local://709471                                 | No match in Plex for "Lost Pyramids of the Aztecs" |
[2022-05-26 02:02:41,321] [convert.py:335]            [INFO]     | Mapping Error | plex://show/5d9c08042192ba001f305122           | Unable to convert TMDb ID: 63363 to TVDb ID for "Love It or List It, Too" |
[2022-05-26 02:02:42,215] [convert.py:335]            [INFO]     | Mapping Error | plex://show/5fca5e798ba5dc002d0f13d9           | Unable to convert TMDb ID: 114169 to TVDb ID for "Manhunt: Kill or Capture" |
[2022-05-26 02:02:42,216] [convert.py:335]            [INFO]     | Mapping Error | local://932688                                 | No match in Plex for "Mark of a Killer" |
[2022-05-26 02:02:42,240] [convert.py:335]            [INFO]     | Mapping Error | plex://show/5d9c08e6ffd9ef001e99bff1           | Unable to convert TMDb ID: 72438 to TVDb ID for "Marooned with Ed Stafford" |
[2022-05-26 02:02:43,402] [convert.py:335]            [INFO]     | Mapping Error | plex://show/62598a90f40b3b3d30016740           | Unable to convert TMDb ID: 197582 to TVDb ID for "Mary Berry's Fantastic Feasts" |
[2022-05-26 02:02:43,952] [convert.py:335]            [INFO]     | Mapping Error | plex://show/614f31de04d54032654c4c0b           | Unable to convert TMDb ID: 47075 to TVDb ID for "Masterclass" |
[2022-05-26 02:02:44,280] [convert.py:335]            [INFO]     | Mapping Error | plex://show/5f0d30a6340f27003e2af302           | Unable to convert TMDb ID: 105979 to TVDb ID for "Micky Flanagan: Thinking Aloud" |
[2022-05-26 02:02:44,483] [convert.py:335]            [INFO]     | Mapping Error | plex://show/6089896147669b002d75666a           | Unable to convert TMDb ID: 124303 to TVDb ID for "Misterjaw" |
[2022-05-26 02:02:44,997] [convert.py:335]            [INFO]     | Mapping Error | plex://show/6258432c79af9a286b4fb51a           | Unable to convert TMDb ID: 197496 to TVDb ID for "Moonshiners: American Spirit" |
[2022-05-26 02:02:46,359] [convert.py:335]            [INFO]     | Mapping Error | plex://show/61c49262f4afaba6e84cd5f1           | Unable to convert TMDb ID: 154006 to TVDb ID for "Moving for Love" |
[2022-05-26 02:02:47,059] [convert.py:335]            [INFO]     | Mapping Error | plex://show/60fae9b7987d8f002d580c27           | Unable to convert TMDb ID: 129627 to TVDb ID for "MP4orce" |
[2022-05-26 02:02:49,211] [convert.py:335]            [INFO]     | Mapping Error | plex://show/5e161c641c6e880037a02d92           | Unable to convert TMDb ID: 91346 to TVDb ID for "Nerds And Monsters" |
[2022-05-26 02:02:50,139] [convert.py:335]            [INFO]     | Mapping Error | plex://show/5f0720517bb95e004393802f           | Unable to convert TMDb ID: 105763 to TVDb ID for "The New York Times Presents" |
[2022-05-26 02:02:50,663] [convert.py:335]            [INFO]     | Mapping Error | plex://show/61b181886bfb4feb48515eaf           | Unable to convert TMDb ID: 134989 to TVDb ID for "Nova Jones" |
[2022-05-26 02:02:51,167] [convert.py:335]            [INFO]     | Mapping Error | plex://show/5d9c0832705e7a001e6d5746           | Unable to convert TMDb ID: 55735 to TVDb ID for "Off Their Rockers" |
[2022-05-26 02:02:51,698] [convert.py:335]            [INFO]     | Mapping Error | plex://show/5d9c091102391c001f594d8f           | Unable to convert TMDb ID: 83757 to TVDb ID for "Old People's Home for 4 Year Olds" |
[2022-05-26 02:02:52,179] [convert.py:335]            [INFO]     | Mapping Error | plex://show/6249b21f8cb405f173120c2b           | Unable to convert TMDb ID: 196608 to TVDb ID for "Open House: The Great Sex Experiment" |
[2022-05-26 02:02:52,541] [convert.py:335]            [INFO]     | Mapping Error | plex://show/62598a9269f7c47d97bac32b           | Unable to convert TMDb ID: 197599 to TVDb ID for "Our Changing Planet" |
[2022-05-26 02:02:52,543] [convert.py:335]            [INFO]     | Mapping Error | local://936433                                 | No match in Plex for "Our House"  |
[2022-05-26 02:02:52,959] [convert.py:335]            [INFO]     | Mapping Error | local://914542                                 | No match in Plex for "The Paper Chase" |
[2022-05-26 02:02:53,163] [convert.py:335]            [INFO]     | Mapping Error | plex://show/5e160d4ae0d3ae001ed0c934           | Unable to convert TMDb ID: 77335 to TVDb ID for "Paranormal Action Squad" |
[2022-05-26 02:02:53,190] [convert.py:335]            [INFO]     | Mapping Error | plex://show/6050e83e9164a1002cec1b93           | Unable to convert TMDb ID: 120927 to TVDb ID for "Paranormal Captured" |
[2022-05-26 02:02:53,713] [convert.py:335]            [INFO]     | Mapping Error | local://846498                                 | No match in Plex for "Pixar SparkShorts" |
[2022-05-26 02:02:54,548] [convert.py:335]            [INFO]     | Mapping Error | plex://show/6063f7e9d3b142002cb9501f           | Unable to convert TMDb ID: 122033 to TVDb ID for "Pizza Boys" |
[2022-05-26 02:02:55,298] [convert.py:335]            [INFO]     | Mapping Error | local://846260                                 | No match in Plex for "Popeye"     |
[2022-05-26 02:02:55,598] [convert.py:335]            [INFO]     | Mapping Error | plex://show/6285188d9993251d76896bc7           | Unable to convert TMDb ID: 19527 to TVDb ID for "Potato Head Kids" |
[2022-05-26 02:02:56,306] [convert.py:335]            [INFO]     | Mapping Error | plex://show/603fb47b5ad8d4002d76336f           | Unable to convert TMDb ID: 119854 to TVDb ID for "Prime Suspect: The Madeleine McCann Case" |
[2022-05-26 02:02:56,310] [convert.py:335]            [INFO]     | Mapping Error | local://846168                                 | No match in Plex for "Project G eeK eR" |
[2022-05-26 02:02:56,311] [convert.py:335]            [INFO]     | Mapping Error | local://942885                                 | No match in Plex for "Promised Land" |
[2022-05-26 02:02:56,727] [convert.py:335]            [INFO]     | Mapping Error | plex://show/61b8cd778bbe1b747b6f1785           | Unable to convert TMDb ID: 124331 to TVDb ID for "Rainbow High" |
[2022-05-26 02:02:56,932] [convert.py:335]            [INFO]     | Mapping Error | plex://show/5e160e7d4e7a9b001ec049bb           | Unable to convert TMDb ID: 94188 to TVDb ID for "The Rap Game UK" |
[2022-05-26 02:02:57,825] [convert.py:335]            [INFO]     | Mapping Error | plex://show/5d9c08042192ba001f3051ea           | Unable to convert TMDb ID: 28709 to TVDb ID for "Rehab: Party at the Hard Rock Hotel" |
[2022-05-26 02:02:58,147] [convert.py:335]            [INFO]     | Mapping Error | plex://show/5d9c08683c3f87001f34eb0c           | Unable to convert TMDb ID: 62656 to TVDb ID for "Reno Rumble" |
[2022-05-26 02:02:58,322] [convert.py:335]            [INFO]     | Mapping Error | plex://show/626411e88d64525af94bbd80           | Unable to convert TMDb ID: 198174 to TVDb ID for "The Repair Shop Australia" |
[2022-05-26 02:02:58,949] [convert.py:335]            [INFO]     | Mapping Error | plex://show/6001cad0f1095a002c405b14           | Unable to convert TMDb ID: 116648 to TVDb ID for "Rhod Gilbert's Growing Pains" |
[2022-05-26 02:02:59,469] [convert.py:335]            [INFO]     | Mapping Error | local://786493                                 | No match in Plex for "Ripley's Believe It or Not!" |
[2022-05-26 02:02:59,769] [convert.py:335]            [INFO]     | Mapping Error | plex://show/605a3d363a664d002c5be380           | Unable to convert TMDb ID: 121370 to TVDb ID for "Rock Solid Builds" |
[2022-05-26 02:03:00,031] [convert.py:335]            [INFO]     | Mapping Error | plex://show/626411e5b34323edda7e471a           | Unable to convert TMDb ID: 198159 to TVDb ID for "Ross Kemp: Shipwreck Treasure Hunter" |
[2022-05-26 02:03:00,484] [convert.py:335]            [INFO]     | Mapping Error | local://788930                                 | No match in Plex for "Save My Reno" |
[2022-05-26 02:03:00,679] [convert.py:335]            [INFO]     | Mapping Error | plex://show/608d8382c5609f002c10f12e           | Unable to convert TMDb ID: 124552 to TVDb ID for "Saved by a Stranger" |
[2022-05-26 02:03:01,036] [convert.py:335]            [INFO]     | Mapping Error | local://916741                                 | No match in Plex for "Scam 1992 the Harshad Mehta Story" |
[2022-05-26 02:03:01,468] [convert.py:335]            [INFO]     | Mapping Error | plex://show/5d9c0872ba6eb9001fba4824           | Refresh Metadata for "The Scooby-Doo Show" |
[2022-05-26 02:03:02,062] [convert.py:335]            [INFO]     | Mapping Error | plex://show/60a148d6d9cb00002c110267           | Unable to convert TMDb ID: 125585 to TVDb ID for "Secrets of the Krays" |
[2022-05-26 02:03:02,265] [convert.py:335]            [INFO]     | Mapping Error | plex://show/622cb1d6bb5f10f1819aef21           | Unable to convert TMDb ID: 194847 to TVDb ID for "Secrets of the Spies" |
[2022-05-26 02:03:02,453] [convert.py:335]            [INFO]     | Mapping Error | plex://show/6007041e6aaf8a002baac343           | Unable to convert TMDb ID: 116914 to TVDb ID for "Shut-Ins: Britain's Fattest People" |
[2022-05-26 02:03:02,503] [convert.py:335]            [INFO]     | Mapping Error | plex://show/5d9c0906170e24001f2aecbf           | Unable to convert TMDb ID: 80992 to TVDb ID for "The Single Wives" |
[2022-05-26 02:03:05,216] [convert.py:335]            [INFO]     | Mapping Error | plex://show/624c5d495cb7678a4a721038           | Unable to convert TMDb ID: 196835 to TVDb ID for "Super Dinosaur" |
[2022-05-26 02:03:05,631] [convert.py:335]            [INFO]     | Mapping Error | plex://show/625ed04fef56dab855f761cb           | Unable to convert TMDb ID: 197919 to TVDb ID for "Superman" |
[2022-05-26 02:03:06,501] [convert.py:335]            [INFO]     | Mapping Error | local://787613                                 | No match in Plex for "Terry Pratchett's Hogfather" |
[2022-05-26 02:03:07,223] [convert.py:335]            [INFO]     | Mapping Error | plex://show/5e165a4119f29500377bc142           | Unable to convert TMDb ID: 96528 to TVDb ID for "Tokyo Toni’s Finding Love ASAP" |
[2022-05-26 02:03:07,422] [convert.py:335]            [INFO]     | Mapping Error | plex://show/5e161681e0d3ae001ed1231b           | Unable to convert TMDb ID: 86001 to TVDb ID for "Tough Rides: China" |
[2022-05-26 02:03:08,522] [convert.py:335]            [INFO]     | Mapping Error | local://945117                                 | No match in Plex for "True Story With Ed and Randall" |
[2022-05-26 02:03:08,849] [convert.py:335]            [INFO]     | Mapping Error | plex://show/61b4bae0fe6a3a882bd80dbb           | Unable to convert TMDb ID: 124531 to TVDb ID for "Tucker Carlson Originals" |
[2022-05-26 02:03:09,181] [convert.py:335]            [INFO]     | Mapping Error | plex://show/5f7c9b1906ab500041b9bdf0           | Unable to convert TMDb ID: 111081 to TVDb ID for "UFC Fight Island: Declassified" |
[2022-05-26 02:03:09,347] [convert.py:335]            [INFO]     | Mapping Error | plex://show/5ec75f3c0a383300418fe6b9           | Unable to convert TMDb ID: 103304 to TVDb ID for "UFC Fightlore" |
[2022-05-26 02:03:09,577] [convert.py:335]            [INFO]     | Mapping Error | plex://show/5d9c0808705e7a001e6d0a36           | Unable to convert TMDb ID: 29303 to TVDb ID for "The Ultimate Book of Spells" |
[2022-05-26 02:03:11,252] [convert.py:335]            [INFO]     | Mapping Error | plex://show/603fb47e8fe672002c148604           | Unable to convert TMDb ID: 119889 to TVDb ID for "Unseamly: The Investigation of Peter Nygård" |
[2022-05-26 02:03:11,283] [convert.py:335]            [INFO]     | Mapping Error | plex://show/5e161eaa5abc9c003f1c9c48           | Unable to convert TMDb ID: 14141 to TVDb ID for "V" |
[2022-05-26 02:03:11,694] [convert.py:335]            [INFO]     | Mapping Error | local://855407                                 | No match in Plex for "Victor and Valentino" |
[2022-05-26 02:03:11,972] [convert.py:335]            [INFO]     | Mapping Error | plex://show/5d9c0824705e7a001e6d3d96           | Unable to convert TMDb ID: 59950 to TVDb ID for "Wakkaville" |
[2022-05-26 02:03:12,495] [convert.py:335]            [INFO]     | Mapping Error | plex://show/5e1612b64e7a9b001ec08103           | Unable to convert TMDb ID: 91963 to TVDb ID for "West Coast Customs" |
[2022-05-26 02:03:13,900] [convert.py:335]            [INFO]     | Mapping Error | local://821627                                 | No match in Plex for "Where's Huddles" |
[2022-05-26 02:03:14,692] [convert.py:335]            [INFO]     | Mapping Error | local://850289                                 | No match in Plex for "WildC a T S" |
[2022-05-26 02:03:15,094] [convert.py:335]            [INFO]     | Mapping Error | plex://show/62222b24013001902891daa7           | Unable to convert TMDb ID: 158863 to TVDb ID for "Wolf Joe" |
[2022-05-26 02:03:15,732] [convert.py:335]            [INFO]     | Mapping Error | plex://show/5f5b52b0db89f70042171270           | Unable to convert TMDb ID: 113309 to TVDb ID for "Wrench'D" |
[2022-05-26 02:03:16,173] [convert.py:335]            [INFO]     | Mapping Error | plex://show/5e1621ba054ab10036d2b60e           | Unable to convert TMDb ID: 94327 to TVDb ID for "WWE Wrestlemania Rewind" |
[2022-05-26 02:03:16,696] [convert.py:335]            [INFO]     | Mapping Error | plex://show/5e165a4010faa50040101de9           | Unable to convert TMDb ID: 152334 to TVDb ID for "Yakky Doodle" |
[2022-05-26 02:03:17,449] [library.py:261]            [INFO]     |                                                                                                    |
[2022-05-26 02:03:17,450] [library.py:262]            [INFO]     | Processed 7039 Shows                                                                               |
[2022-05-26 02:03:17,450] [operations.py:14]          [INFO]     |                                                                                                    |
[2022-05-26 02:03:17,451] [operations.py:15]          [INFO]     |====================================================================================================|
[2022-05-26 02:03:17,451] [operations.py:15]          [INFO]     |                                    TV Shows Library Operations                                     |
[2022-05-26 02:03:17,452] [operations.py:15]          [INFO]     |====================================================================================================|
[2022-05-26 02:03:17,452] [operations.py:16]          [INFO]     |                                                                                                    |
[2022-05-26 02:03:17,453] [operations.py:17]          [DEBUG]    | Assets For All: False                                                                              |
[2022-05-26 02:03:17,453] [operations.py:18]          [DEBUG]    | Delete Collections With Less: None                                                                 |
[2022-05-26 02:03:17,454] [operations.py:19]          [DEBUG]    | Delete Unmanaged Collections: False                                                                |
[2022-05-26 02:03:17,454] [operations.py:20]          [DEBUG]    | Mass Genre Update: None                                                                            |
[2022-05-26 02:03:17,454] [operations.py:21]          [DEBUG]    | Mass Audience Rating Update: None                                                                  |
[2022-05-26 02:03:17,455] [operations.py:22]          [DEBUG]    | Mass Critic Rating Update: None                                                                    |
[2022-05-26 02:03:17,455] [operations.py:23]          [DEBUG]    | Mass Content Rating Update: None                                                                   |
[2022-05-26 02:03:17,456] [operations.py:24]          [DEBUG]    | Mass Originally Available Update: None                                                             |
[2022-05-26 02:03:17,456] [operations.py:25]          [DEBUG]    | Mass IMDb Parental Labels: None                                                                    |
[2022-05-26 02:03:17,457] [operations.py:26]          [DEBUG]    | Mass Trakt Rating Update: False                                                                    |
[2022-05-26 02:03:17,457] [operations.py:27]          [DEBUG]    | Mass Collection Mode Update: None                                                                  |
[2022-05-26 02:03:17,457] [operations.py:28]          [DEBUG]    | Split Duplicates: False                                                                            |
[2022-05-26 02:03:17,458] [operations.py:29]          [DEBUG]    | Radarr Add All Existing: False                                                                     |
[2022-05-26 02:03:17,458] [operations.py:30]          [DEBUG]    | Radarr Remove by Tag: None                                                                         |
[2022-05-26 02:03:17,459] [operations.py:31]          [DEBUG]    | Sonarr Add All Existing: False                                                                     |
[2022-05-26 02:03:17,459] [operations.py:32]          [DEBUG]    | Sonarr Remove by Tag: None                                                                         |
[2022-05-26 02:03:17,459] [operations.py:33]          [DEBUG]    | Update Blank Track Titles: None                                                                    |
[2022-05-26 02:03:17,460] [operations.py:34]          [DEBUG]    | Update Remove Title Parentheses: None                                                              |
[2022-05-26 02:03:17,460] [operations.py:35]          [DEBUG]    | Genre Mapper: None                                                                                 |
[2022-05-26 02:03:17,461] [operations.py:36]          [DEBUG]    | Content Rating Mapper: None                                                                        |
[2022-05-26 02:03:17,461] [operations.py:37]          [DEBUG]    | Metadata Backup: None                                                                              |
[2022-05-26 02:03:17,461] [operations.py:38]          [DEBUG]    | Item Operation: False                                                                              |
[2022-05-26 02:03:17,462] [operations.py:39]          [DEBUG]    |                                                                                                    |
[2022-05-26 02:03:17,502] [operations.py:367]         [INFO]     |                                                                                                    |
[2022-05-26 02:03:17,503] [operations.py:368]         [INFO]     |============================ Unmanaged Collections in TV Shows Library =============================|
[2022-05-26 02:03:17,503] [operations.py:369]         [INFO]     |                                                                                                    |
[2022-05-26 02:03:17,503] [operations.py:371]         [INFO]     | Popular                                                                                            |
[2022-05-26 02:03:17,504] [operations.py:371]         [INFO]     | Top Rated                                                                                          |
[2022-05-26 02:03:17,504] [operations.py:371]         [INFO]     | Emmy Winners                                                                                       |
[2022-05-26 02:03:17,504] [operations.py:372]         [INFO]     |                                                                                                    |
[2022-05-26 02:03:17,505] [operations.py:373]         [INFO]     | 3 Unmanaged Collections                                                                            |
