[2022-05-26 02:15:49,540] [plex_meta_manager.py:437]  [INFO]     |====================================================================================================|
[2022-05-26 02:15:49,541] [plex_meta_manager.py:437]  [INFO]     |                                   Christmas Collection in Movies                                   |
[2022-05-26 02:15:49,541] [plex_meta_manager.py:437]  [INFO]     |====================================================================================================|
[2022-05-26 02:15:49,541] [plex_meta_manager.py:438]  [INFO]     |                                                                                                    |
[2022-05-26 02:15:49,541] [plex_meta_manager.py:443]  [INFO]     |================================= Validating Christmas Attributes ==================================|
[2022-05-26 02:15:49,541] [builder.py:241]            [DEBUG]    |                                                                                                    |
[2022-05-26 02:15:49,541] [builder.py:242]            [DEBUG]    | Validating Method: template                                                                        |
[2022-05-26 02:15:49,541] [meta.py:109]               [DEBUG]    | Value: ordereddict([('name', 'Holiday'), ('poster', 'https://theposterdb.com/api/assets/69443')])  |
[2022-05-26 02:15:49,542] [builder.py:359]            [DEBUG]    |                                                                                                    |
[2022-05-26 02:15:49,542] [builder.py:360]            [DEBUG]    | Validating Method: delete_not_scheduled                                                            |
[2022-05-26 02:15:49,542] [builder.py:361]            [DEBUG]    | Value: True                                                                                        |
[2022-05-26 02:15:49,542] [builder.py:365]            [DEBUG]    |                                                                                                    |
[2022-05-26 02:15:49,542] [builder.py:366]            [DEBUG]    | Validating Method: schedule                                                                        |
[2022-05-26 02:15:49,543] [builder.py:370]            [DEBUG]    | Value: range(12/01-12/31)                                                                          |
[2022-05-26 02:15:49,582] [plex.py:721]               [DEBUG]    |                                                                                                    |
[2022-05-26 02:15:49,582] [plex.py:724]               [DEBUG]    | Looking for: Christmas                                                                             |
[2022-05-26 02:15:49,582] [plex_meta_manager.py:562]  [INFO]     |                                                                                                    |
                                                                 | Scheduled between December 1st and December 31st
                                                                 | 
                                                                 | Collection Christmas not scheduled to run and could not be found to delete
[2022-05-26 02:15:49,583] [plex_meta_manager.py:576]  [INFO]     | 
[2022-05-26 02:15:49,583] [plex_meta_manager.py:577]  [INFO]     |====================================================================================================|
[2022-05-26 02:15:49,583] [plex_meta_manager.py:577]  [INFO]     |                                   Finished Christmas Collection                                    |
[2022-05-26 02:15:49,584] [plex_meta_manager.py:577]  [INFO]     |                                    Collection Run Time: 0:00:00                                    |
[2022-05-26 02:15:49,584] [plex_meta_manager.py:577]  [INFO]     |====================================================================================================|
