[2022-05-20 20:03:31,244] [plex_meta_manager.py:437]  [INFO]     |====================================================================================================|
[2022-05-20 20:03:31,245] [plex_meta_manager.py:437]  [INFO]     |                                Trakt Trending Collection in Movies                                 |
[2022-05-20 20:03:31,245] [plex_meta_manager.py:437]  [INFO]     |====================================================================================================|
[2022-05-20 20:03:31,245] [plex_meta_manager.py:438]  [INFO]     |                                                                                                    |
[2022-05-20 20:03:31,245] [plex_meta_manager.py:443]  [INFO]     |=============================== Validating Trakt Trending Attributes ===============================|
[2022-05-20 20:03:31,245] [builder.py:423]            [DEBUG]    |                                                                                                    |
[2022-05-20 20:03:31,246] [builder.py:424]            [DEBUG]    | Validating Method: sync_mode                                                                       |
[2022-05-20 20:03:31,246] [builder.py:428]            [DEBUG]    | Value: sync                                                                                        |
[2022-05-20 20:03:31,246] [builder.py:497]            [DEBUG]    |                                                                                                    |
[2022-05-20 20:03:31,246] [builder.py:498]            [DEBUG]    | Validating Method: smart_label                                                                     |
[2022-05-20 20:03:31,246] [builder.py:503]            [DEBUG]    | Value: year.desc                                                                                   |
[2022-05-20 20:03:31,866] [builder.py:588]            [DEBUG]    |                                                                                                    |
[2022-05-20 20:03:31,866] [builder.py:592]            [DEBUG]    | Validating Method: trakt_trending                                                                  |
[2022-05-20 20:03:31,866] [builder.py:593]            [DEBUG]    | Value: 50                                                                                          |
[2022-05-20 20:03:31,869] [plex_meta_manager.py:566]  [DEBUG]    | Traceback (most recent call last):                                                                 |
                                                                 |   File "//plex_meta_manager.py", line 445, in run_collection
                                                                 |     builder = CollectionBuilder(config, metadata, mapping_name, collection_attrs, library=library)
                                                                 |   File "/modules/builder.py", line 602, in __init__
                                                                 |     raise Failed(f"{self.Type} Error: {method_final} requires Trakt to be configured")
                                                                 | modules.util.Failed: Collection Error: trakt_trending requires Trakt to be configured
                                                                 | 
[2022-05-20 20:03:31,870] [plex_meta_manager.py:567]  [ERROR]    | Collection Error: trakt_trending requires Trakt to be configured
[2022-05-20 20:03:31,870] [plex_meta_manager.py:576]  [INFO]     | 
[2022-05-20 20:03:31,871] [plex_meta_manager.py:577]  [INFO]     |====================================================================================================|
[2022-05-20 20:03:31,871] [plex_meta_manager.py:577]  [INFO]     |                                 Finished Trakt Trending Collection                                 |
[2022-05-20 20:03:31,871] [plex_meta_manager.py:577]  [INFO]     |                                    Collection Run Time: 0:00:00                                    |
[2022-05-20 20:03:31,871] [plex_meta_manager.py:577]  [INFO]     |====================================================================================================|
