[2022-05-20 17:12:13,105] [plex_meta_manager.py:437]  [INFO]     |====================================================================================================|
[2022-05-20 17:12:13,105] [plex_meta_manager.py:437]  [INFO]     |                                 Pixar Shorts Collection in Movies                                  |
[2022-05-20 17:12:13,106] [plex_meta_manager.py:437]  [INFO]     |====================================================================================================|
[2022-05-20 17:12:13,106] [plex_meta_manager.py:438]  [INFO]     |                                                                                                    |
[2022-05-20 17:12:13,106] [plex_meta_manager.py:443]  [INFO]     |================================ Validating Pixar Shorts Attributes ================================|
[2022-05-20 17:12:13,107] [builder.py:365]            [DEBUG]    |                                                                                                    |
[2022-05-20 17:12:13,107] [builder.py:366]            [DEBUG]    | Validating Method: schedule                                                                        |
[2022-05-20 17:12:13,107] [builder.py:370]            [DEBUG]    | Value: weekly(friday)                                                                              |
[2022-05-20 17:12:13,107] [builder.py:423]            [DEBUG]    |                                                                                                    |
[2022-05-20 17:12:13,108] [builder.py:424]            [DEBUG]    | Validating Method: sync_mode                                                                       |
[2022-05-20 17:12:13,108] [builder.py:428]            [DEBUG]    | Value: sync                                                                                        |
[2022-05-20 17:12:13,109] [builder.py:570]            [DEBUG]    |                                                                                                    |
[2022-05-20 17:12:13,109] [builder.py:571]            [DEBUG]    | Validating Method: collection_order                                                                |
[2022-05-20 17:12:13,109] [builder.py:572]            [DEBUG]    | Value: release                                                                                     |
[2022-05-20 17:12:13,109] [builder.py:588]            [DEBUG]    |                                                                                                    |
[2022-05-20 17:12:13,110] [builder.py:592]            [DEBUG]    | Validating Method: imdb_list                                                                       |
[2022-05-20 17:12:13,110] [builder.py:593]            [DEBUG]    | Value: https://www.imdb.com/list/ls084018915                                                       |
[2022-05-20 17:12:14,868] [builder.py:588]            [DEBUG]    |                                                                                                    |
[2022-05-20 17:12:14,871] [builder.py:592]            [DEBUG]    | Validating Method: collection_mode                                                                 |
[2022-05-20 17:12:14,872] [builder.py:593]            [DEBUG]    | Value: default                                                                                     |
[2022-05-20 17:12:14,872] [builder.py:588]            [DEBUG]    |                                                                                                    |
[2022-05-20 17:12:14,872] [builder.py:592]            [DEBUG]    | Validating Method: sort_title                                                                      |
[2022-05-20 17:12:14,872] [builder.py:593]            [DEBUG]    | Value: *501                                                                                        |
[2022-05-20 17:12:14,909] [plex.py:721]               [DEBUG]    |                                                                                                    |
[2022-05-20 17:12:14,909] [plex.py:724]               [DEBUG]    | Looking for: Pixar Shorts                                                                          |
[2022-05-20 17:12:14,910] [builder.py:749]            [INFO]     |                                                                                                    |
[2022-05-20 17:12:14,910] [builder.py:750]            [INFO]     | Validation Successful                                                                              |
[2022-05-20 17:12:14,913] [plex_meta_manager.py:447]  [INFO]     |                                                                                                    |
[2022-05-20 17:12:14,913] [plex_meta_manager.py:449]  [INFO]     |================================= Running Pixar Shorts Collection ==================================|
[2022-05-20 17:12:14,913] [plex_meta_manager.py:461]  [INFO]     |                                                                                                    |
[2022-05-20 17:12:14,914] [plex_meta_manager.py:462]  [INFO]     | Sync Mode: sync                                                                                    |
[2022-05-20 17:12:14,914] [plex_meta_manager.py:472]  [DEBUG]    |                                                                                                    |
[2022-05-20 17:12:14,915] [plex_meta_manager.py:473]  [DEBUG]    | Builder: imdb_list: {'url': 'https://www.imdb.com/list/ls084018915', 'limit': 0}                   |
[2022-05-20 17:12:14,915] [plex_meta_manager.py:474]  [INFO]     |                                                                                                    |
[2022-05-20 17:12:14,915] [imdb.py:176]               [INFO]     | Processing IMDb List: https://www.imdb.com/list/ls084018915                                        |
[2022-05-20 17:12:20,078] [imdb.py:127]               [DEBUG]    | 44 IMDb IDs Found: ['tt0086855', 'tt0091455', 'tt0093832', 'tt0096273', 'tt0097674', 'tt0131409', 'tt0248808', 'tt0395479', 'tt0479113', 'tt0945571', 'tt1245104', 'tt1425244', 'tt1620446', 'tt1957945', 'tt2616880', 'tt3824386', 'tt4661600', 'tt5613056', 'tt6821222', 'tt6267732', 'tt8075496', 'tt0323250', 'tt0455565', 'tt0486141', 'tt0901686', 'tt1134859', 'tt1334585', 'tt1537759', 'tt1552624', 'tt2565938', 'tt3116154', 'tt4941804', 'tt6233934', 'tt7334642', 'tt8952294', 'tt10167262', 'tt13496400', 'tt1850374', 'tt2033372', 'tt2340678', 'tt1378122', 'tt2100093', 'tt2166364', 'tt3755844'] |
[2022-05-20 17:12:20,078] [builder.py:1424]           [DEBUG]    |                                                                                                    |
[2022-05-20 17:12:20,078] [builder.py:1425]           [DEBUG]    | 44 IDs Found: [('tt0086855', 'imdb'), ('tt0091455', 'imdb'), ('tt0093832', 'imdb'), ('tt0096273', 'imdb'), ('tt0097674', 'imdb'), ('tt0131409', 'imdb'), ('tt0248808', 'imdb'), ('tt0395479', 'imdb'), ('tt0479113', 'imdb'), ('tt0945571', 'imdb'), ('tt1245104', 'imdb'), ('tt1425244', 'imdb'), ('tt1620446', 'imdb'), ('tt1957945', 'imdb'), ('tt2616880', 'imdb'), ('tt3824386', 'imdb'), ('tt4661600', 'imdb'), ('tt5613056', 'imdb'), ('tt6821222', 'imdb'), ('tt6267732', 'imdb'), ('tt8075496', 'imdb'), ('tt0323250', 'imdb'), ('tt0455565', 'imdb'), ('tt0486141', 'imdb'), ('tt0901686', 'imdb'), ('tt1134859', 'imdb'), ('tt1334585', 'imdb'), ('tt1537759', 'imdb'), ('tt1552624', 'imdb'), ('tt2565938', 'imdb'), ('tt3116154', 'imdb'), ('tt4941804', 'imdb'), ('tt6233934', 'imdb'), ('tt7334642', 'imdb'), ('tt8952294', 'imdb'), ('tt10167262', 'imdb'), ('tt13496400', 'imdb'), ('tt1850374', 'imdb'), ('tt2033372', 'imdb'), ('tt2340678', 'imdb'), ('tt1378122', 'imdb'), ('tt2100093', 'imdb'), ('tt2166364', 'imdb'), ('tt3755844', 'imdb')] |
[2022-05-20 17:12:20,079] [builder.py:1426]           [DEBUG]    |                                                                                                    |
[2022-05-20 17:12:24,808] [builder.py:1892]           [INFO]     |                                                                                                    |
[2022-05-20 17:12:24,812] [builder.py:1893]           [INFO]     |================================ Adding to Pixar Shorts Collection =================================|
[2022-05-20 17:12:24,813] [builder.py:1894]           [INFO]     |                                                                                                    |
[2022-05-20 17:12:24,813] [builder.py:1908]           [INFO]     |  1/10 | Pixar Shorts Collection | + | Partly Cloudy (2009)                                         |
[2022-05-20 17:12:27,290] [builder.py:1908]           [INFO]     |  2/10 | Pixar Shorts Collection | + | Jack-Jack Attack (2005)                                      |
[2022-05-20 17:12:29,758] [builder.py:1908]           [INFO]     |  3/10 | Pixar Shorts Collection | + | Your Friend the Rat (2007)                                   |
[2022-05-20 17:12:32,261] [builder.py:1908]           [INFO]     |  4/10 | Pixar Shorts Collection | + | Burn-E (2008)                                                |
[2022-05-20 17:12:34,645] [builder.py:1908]           [INFO]     |  5/10 | Pixar Shorts Collection | + | Dug's Special Mission (2009)                                 |
[2022-05-20 17:12:36,975] [builder.py:1908]           [INFO]     |  6/10 | Pixar Shorts Collection | + | The Legend of Mor'du (2011)                                  |
[2022-05-20 17:12:39,443] [builder.py:1908]           [INFO]     |  7/10 | Pixar Shorts Collection | + | Party Central (2014)                                         |
[2022-05-20 17:12:42,129] [builder.py:1908]           [INFO]     |  8/10 | Pixar Shorts Collection | + | Riley's First Date? (2015)                                   |
[2022-05-20 17:12:44,517] [builder.py:1908]           [INFO]     |  9/10 | Pixar Shorts Collection | + | Toy Story Toons: Hawaiian Vacation (2011)                    |
[2022-05-20 17:12:47,315] [builder.py:1908]           [INFO]     | 10/10 | Pixar Shorts Collection | + | Toy Story Toons: Small Fry (2011)                            |
[2022-05-20 17:12:49,838] [builder.py:1933]           [INFO]     |                                                                                                    |
[2022-05-20 17:12:49,839] [builder.py:1934]           [INFO]     | 10 Movies Processed                                                                                |
[2022-05-20 17:12:49,839] [builder.py:2171]           [INFO]     |                                                                                                    |
[2022-05-20 17:12:49,839] [builder.py:2172]           [INFO]     |=============================== Missing Movies from Library: Movies ================================|
[2022-05-20 17:12:49,840] [builder.py:2173]           [INFO]     |                                                                                                    |
[2022-05-20 17:12:50,240] [builder.py:2185]           [INFO]     | Pixar Shorts Collection | ? | The Adventures of André and Wally B. (1984) (TMDb: 13924)            |
[2022-05-20 17:12:50,634] [builder.py:2185]           [INFO]     | Pixar Shorts Collection | ? | Luxo Jr. (1986) (TMDb: 13925)                                        |
[2022-05-20 17:12:51,010] [builder.py:2185]           [INFO]     | Pixar Shorts Collection | ? | Red's Dream (1987) (TMDb: 13926)                                     |
[2022-05-20 17:12:51,333] [builder.py:2185]           [INFO]     | Pixar Shorts Collection | ? | Tin Toy (1988) (TMDb: 13927)                                         |
[2022-05-20 17:12:51,770] [builder.py:2185]           [INFO]     | Pixar Shorts Collection | ? | Knick Knack (1989) (TMDb: 13928)                                     |
[2022-05-20 17:12:52,202] [builder.py:2185]           [INFO]     | Pixar Shorts Collection | ? | Geri's Game (1997) (TMDb: 13929)                                     |
[2022-05-20 17:12:52,565] [builder.py:2185]           [INFO]     | Pixar Shorts Collection | ? | For the Birds (2000) (TMDb: 13930)                                   |
[2022-05-20 17:12:52,904] [builder.py:2185]           [INFO]     | Pixar Shorts Collection | ? | Boundin' (2003) (TMDb: 13062)                                        |
[2022-05-20 17:12:53,334] [builder.py:2185]           [INFO]     | Pixar Shorts Collection | ? | One Man Band (2005) (TMDb: 13933)                                    |
[2022-05-20 17:12:53,743] [builder.py:2185]           [INFO]     | Pixar Shorts Collection | ? | Lifted (2006) (TMDb: 13060)                                          |
[2022-05-20 17:12:54,574] [builder.py:2185]           [INFO]     | Pixar Shorts Collection | ? | Presto (2008) (TMDb: 13042)                                          |
[2022-05-20 17:12:54,952] [builder.py:2185]           [INFO]     | Pixar Shorts Collection | ? | Day & Night (2010) (TMDb: 40619)                                     |
[2022-05-20 17:12:55,492] [builder.py:2185]           [INFO]     | Pixar Shorts Collection | ? | La luna (2012) (TMDb: 83564)                                         |
[2022-05-20 17:12:55,952] [builder.py:2185]           [INFO]     | Pixar Shorts Collection | ? | The Blue Umbrella (2013) (TMDb: 200481)                              |
[2022-05-20 17:12:56,374] [builder.py:2185]           [INFO]     | Pixar Shorts Collection | ? | Lava (2014) (TMDb: 286192)                                           |
[2022-05-20 17:12:56,725] [builder.py:2185]           [INFO]     | Pixar Shorts Collection | ? | Sanjay's Super Team (2015) (TMDb: 345637)                            |
[2022-05-20 17:12:57,129] [builder.py:2185]           [INFO]     | Pixar Shorts Collection | ? | Piper (2016) (TMDb: 399106)                                          |
[2022-05-20 17:12:57,417] [builder.py:2185]           [INFO]     | Pixar Shorts Collection | ? | Dante's Lunch (2017) (TMDb: 449621)                                  |
[2022-05-20 17:12:57,827] [builder.py:2185]           [INFO]     | Pixar Shorts Collection | ? | Lou (2017) (TMDb: 433471)                                            |
[2022-05-20 17:12:58,218] [builder.py:2185]           [INFO]     | Pixar Shorts Collection | ? | Bao (2018) (TMDb: 514754)                                            |
[2022-05-20 17:12:58,636] [builder.py:2185]           [INFO]     | Pixar Shorts Collection | ? | Mike's New Car (2002) (TMDb: 13931)                                  |
[2022-05-20 17:12:58,935] [builder.py:2185]           [INFO]     | Pixar Shorts Collection | ? | Mr. Incredible and Pals (2005) (TMDb: 55423)                         |
[2022-05-20 17:12:59,335] [builder.py:2185]           [INFO]     | Pixar Shorts Collection | ? | Mater and the Ghostlight (2006) (TMDb: 13934)                        |
[2022-05-20 17:12:59,721] [builder.py:2185]           [INFO]     | Pixar Shorts Collection | ? | George & A.J. (2009) (TMDb: 72962)                                   |
[2022-05-20 17:13:00,079] [builder.py:2185]           [INFO]     | Pixar Shorts Collection | ? | Marine Life Interviews (2017) (TMDb: 427004)                         |
[2022-05-20 17:13:00,464] [builder.py:2185]           [INFO]     | Pixar Shorts Collection | ? | Miss Fritter's Racing Skoool (2017) (TMDb: 483396)                   |
[2022-05-20 17:13:00,873] [builder.py:2185]           [INFO]     | Pixar Shorts Collection | ? | Auntie Edna (2018) (TMDb: 546728)                                    |
[2022-05-20 17:13:01,211] [builder.py:2185]           [INFO]     | Pixar Shorts Collection | ? | Lamp Life (2020) (TMDb: 594530)                                      |
[2022-05-20 17:13:01,841] [builder.py:2185]           [INFO]     | Pixar Shorts Collection | ? | Dory's Reef Cam (2020) (TMDb: 777350)                                |
[2022-05-20 17:13:02,332] [builder.py:2185]           [INFO]     | Pixar Shorts Collection | ? | Partysaurus Rex (2012) (TMDb: 130925)                                |
[2022-05-20 17:13:02,704] [builder.py:2185]           [INFO]     | Pixar Shorts Collection | ? | Mater the Greater (2008) (TMDb: 140967)                              |
[2022-05-20 17:13:03,352] [builder.py:2185]           [INFO]     | Pixar Shorts Collection | ? | Air Mater (2011) (TMDb: 145316)                                      |
[2022-05-20 17:13:03,778] [builder.py:2185]           [INFO]     | Pixar Shorts Collection | ? | Time Travel Mater (2012) (TMDb: 141528)                              |
[2022-05-20 17:13:04,202] [builder.py:2185]           [INFO]     | Pixar Shorts Collection | ? | The Radiator Springs 500½ (2014) (TMDb: 286189)                      |
[2022-05-20 17:13:04,203] [builder.py:2189]           [INFO]     |                                                                                                    |
[2022-05-20 17:13:04,203] [builder.py:2190]           [INFO]     | 34 Movies Missing                                                                                  |
[2022-05-20 17:13:04,290] [builder.py:2410]           [INFO]     |                                                                                                    |
[2022-05-20 17:13:04,290] [builder.py:2411]           [INFO]     |=========================== Updating Details of Pixar Shorts Collection ============================|
[2022-05-20 17:13:04,291] [builder.py:2412]           [INFO]     |                                                                                                    |
[2022-05-20 17:13:04,291] [builder.py:2473]           [INFO]     | Collection Metadata Edits                                                                          |
                                                                 | Sort Title | *501
                                                                 | 
[2022-05-20 17:13:04,724] [builder.py:2477]           [INFO]     | Details: have been updated
[2022-05-20 17:13:04,724] [builder.py:2480]           [INFO]     | 
[2022-05-20 17:13:04,724] [builder.py:2568]           [INFO]     | No poster collection detail or asset folder found
[2022-05-20 17:13:04,725] [builder.py:2601]           [INFO]     | No background collection detail or asset folder found
[2022-05-20 17:13:06,636] [plex_meta_manager.py:576]  [INFO]     | 
[2022-05-20 17:13:06,637] [plex_meta_manager.py:577]  [INFO]     |====================================================================================================|
[2022-05-20 17:13:06,637] [plex_meta_manager.py:577]  [INFO]     |                                  Finished Pixar Shorts Collection                                  |
[2022-05-20 17:13:06,637] [plex_meta_manager.py:577]  [INFO]     |                                    Collection Run Time: 0:00:53                                    |
[2022-05-20 17:13:06,637] [plex_meta_manager.py:577]  [INFO]     |====================================================================================================|
