[2022-05-20 17:09:18,908] [plex_meta_manager.py:437]  [INFO]     |====================================================================================================|
[2022-05-20 17:09:18,909] [plex_meta_manager.py:437]  [INFO]     |                               TMDb Most Popular Collection in Movies                               |
[2022-05-20 17:09:18,909] [plex_meta_manager.py:437]  [INFO]     |====================================================================================================|
[2022-05-20 17:09:18,910] [plex_meta_manager.py:438]  [INFO]     |                                                                                                    |
[2022-05-20 17:09:18,910] [plex_meta_manager.py:443]  [INFO]     |============================= Validating TMDb Most Popular Attributes ==============================|
[2022-05-20 17:09:18,911] [builder.py:365]            [DEBUG]    |                                                                                                    |
[2022-05-20 17:09:18,911] [builder.py:366]            [DEBUG]    | Validating Method: schedule                                                                        |
[2022-05-20 17:09:18,912] [builder.py:370]            [DEBUG]    | Value: daily                                                                                       |
[2022-05-20 17:09:18,912] [builder.py:423]            [DEBUG]    |                                                                                                    |
[2022-05-20 17:09:18,913] [builder.py:424]            [DEBUG]    | Validating Method: sync_mode                                                                       |
[2022-05-20 17:09:18,913] [builder.py:428]            [DEBUG]    | Value: sync                                                                                        |
[2022-05-20 17:09:18,914] [builder.py:570]            [DEBUG]    |                                                                                                    |
[2022-05-20 17:09:18,914] [builder.py:571]            [DEBUG]    | Validating Method: collection_order                                                                |
[2022-05-20 17:09:18,915] [builder.py:572]            [DEBUG]    | Value: custom                                                                                      |
[2022-05-20 17:09:18,915] [builder.py:588]            [DEBUG]    |                                                                                                    |
[2022-05-20 17:09:18,915] [builder.py:592]            [DEBUG]    | Validating Method: tmdb_popular                                                                    |
[2022-05-20 17:09:18,916] [builder.py:593]            [DEBUG]    | Value: 30                                                                                          |
[2022-05-20 17:09:18,916] [builder.py:588]            [DEBUG]    |                                                                                                    |
[2022-05-20 17:09:18,917] [builder.py:592]            [DEBUG]    | Validating Method: collection_mode                                                                 |
[2022-05-20 17:09:18,917] [builder.py:593]            [DEBUG]    | Value: default                                                                                     |
[2022-05-20 17:09:18,918] [builder.py:588]            [DEBUG]    |                                                                                                    |
[2022-05-20 17:09:18,918] [builder.py:592]            [DEBUG]    | Validating Method: sort_title                                                                      |
[2022-05-20 17:09:18,919] [builder.py:593]            [DEBUG]    | Value: *102                                                                                        |
[2022-05-20 17:09:18,957] [plex.py:721]               [DEBUG]    |                                                                                                    |
[2022-05-20 17:09:18,958] [plex.py:724]               [DEBUG]    | Looking for: TMDb Most Popular                                                                     |
[2022-05-20 17:09:18,958] [builder.py:749]            [INFO]     |                                                                                                    |
[2022-05-20 17:09:18,959] [builder.py:750]            [INFO]     | Validation Successful                                                                              |
[2022-05-20 17:09:18,962] [plex_meta_manager.py:447]  [INFO]     |                                                                                                    |
[2022-05-20 17:09:18,963] [plex_meta_manager.py:449]  [INFO]     |=============================== Running TMDb Most Popular Collection ===============================|
[2022-05-20 17:09:18,963] [plex_meta_manager.py:461]  [INFO]     |                                                                                                    |
[2022-05-20 17:09:18,964] [plex_meta_manager.py:462]  [INFO]     | Sync Mode: sync                                                                                    |
[2022-05-20 17:09:18,964] [plex_meta_manager.py:472]  [DEBUG]    |                                                                                                    |
[2022-05-20 17:09:18,965] [plex_meta_manager.py:473]  [DEBUG]    | Builder: tmdb_popular: 30                                                                          |
[2022-05-20 17:09:18,965] [plex_meta_manager.py:474]  [INFO]     |                                                                                                    |
[2022-05-20 17:09:19,279] [tmdb.py:310]               [INFO]     | Processing TMDb Popular: 30 Movies                                                                 |
[2022-05-20 17:09:19,280] [builder.py:1424]           [DEBUG]    |                                                                                                    |
[2022-05-20 17:09:19,280] [builder.py:1425]           [DEBUG]    | 30 IDs Found: [(752623, 'tmdb'), (675353, 'tmdb'), (639933, 'tmdb'), (526896, 'tmdb'), (836225, 'tmdb'), (335787, 'tmdb'), (414906, 'tmdb'), (634649, 'tmdb'), (453395, 'tmdb'), (629542, 'tmdb'), (628900, 'tmdb'), (785985, 'tmdb'), (508947, 'tmdb'), (406759, 'tmdb'), (763285, 'tmdb'), (893370, 'tmdb'), (883502, 'tmdb'), (799876, 'tmdb'), (284052, 'tmdb'), (829557, 'tmdb'), (606402, 'tmdb'), (568124, 'tmdb'), (951470, 'tmdb'), (294793, 'tmdb'), (585083, 'tmdb'), (696806, 'tmdb'), (845885, 'tmdb'), (774825, 'tmdb'), (338953, 'tmdb'), (919689, 'tmdb')] |
[2022-05-20 17:09:19,281] [builder.py:1426]           [DEBUG]    |                                                                                                    |
[2022-05-20 17:09:20,827] [builder.py:1892]           [INFO]     |                                                                                                    |
[2022-05-20 17:09:20,828] [builder.py:1893]           [INFO]     |============================== Adding to TMDb Most Popular Collection ==============================|
[2022-05-20 17:09:20,829] [builder.py:1894]           [INFO]     |                                                                                                    |
[2022-05-20 17:09:20,829] [builder.py:1908]           [INFO]     |  1/20 | TMDb Most Popular Collection | + | The Lost City (2022)                                    |
[2022-05-20 17:09:22,995] [builder.py:1908]           [INFO]     |  2/20 | TMDb Most Popular Collection | + | The Northman (2022)                                     |
[2022-05-20 17:09:25,234] [builder.py:1908]           [INFO]     |  3/20 | TMDb Most Popular Collection | + | Morbius (2022)                                          |
[2022-05-20 17:09:27,228] [builder.py:1908]           [INFO]     |  4/20 | TMDb Most Popular Collection | + | The Exorcism of God (2021)                              |
[2022-05-20 17:09:29,462] [builder.py:1908]           [INFO]     |  5/20 | TMDb Most Popular Collection | + | Uncharted (2022)                                        |
[2022-05-20 17:09:31,780] [builder.py:1908]           [INFO]     |  6/20 | TMDb Most Popular Collection | + | The Batman (2022)                                       |
[2022-05-20 17:09:34,251] [builder.py:1908]           [INFO]     |  7/20 | TMDb Most Popular Collection | + | Spider-Man: No Way Home (2021)                          |
[2022-05-20 17:09:35,692] [builder.py:1908]           [INFO]     |  8/20 | TMDb Most Popular Collection | + | The Contractor (2022)                                   |
[2022-05-20 17:09:37,938] [builder.py:1908]           [INFO]     |  9/20 | TMDb Most Popular Collection | + | Moonfall (2022)                                         |
[2022-05-20 17:09:40,561] [builder.py:1908]           [INFO]     | 10/20 | TMDb Most Popular Collection | + | Ambulance (2022)                                        |
[2022-05-20 17:09:42,876] [builder.py:1908]           [INFO]     | 11/20 | TMDb Most Popular Collection | + | Fortress: Sniper's Eye (2022)                           |
[2022-05-20 17:09:44,877] [builder.py:1908]           [INFO]     | 12/20 | TMDb Most Popular Collection | + | The Outfit (2022)                                       |
[2022-05-20 17:09:47,110] [builder.py:1908]           [INFO]     | 13/20 | TMDb Most Popular Collection | + | Doctor Strange (2016)                                   |
[2022-05-20 17:09:49,477] [builder.py:1908]           [INFO]     | 14/20 | TMDb Most Popular Collection | + | 365 Days: This Day (2022)                               |
[2022-05-20 17:09:51,941] [builder.py:1908]           [INFO]     | 15/20 | TMDb Most Popular Collection | + | Yaksha: Ruthless Operations (2022)                      |
[2022-05-20 17:09:53,959] [builder.py:1908]           [INFO]     | 16/20 | TMDb Most Popular Collection | + | Silverton Siege (2022)                                  |
[2022-05-20 17:09:56,191] [builder.py:1908]           [INFO]     | 17/20 | TMDb Most Popular Collection | + | All the Old Knives (2022)                               |
[2022-05-20 17:09:58,395] [builder.py:1908]           [INFO]     | 18/20 | TMDb Most Popular Collection | + | The Adam Project (2022)                                 |
[2022-05-20 17:10:00,793] [builder.py:1908]           [INFO]     | 19/20 | TMDb Most Popular Collection | + | Fantastic Beasts: The Secrets of Dumbledore (2022)      |
[2022-05-20 17:10:03,163] [builder.py:1908]           [INFO]     | 20/20 | TMDb Most Popular Collection | + | War of the Worlds: Annihilation (2021)                  |
[2022-05-20 17:10:05,504] [builder.py:1933]           [INFO]     |                                                                                                    |
[2022-05-20 17:10:05,504] [builder.py:1934]           [INFO]     | 20 Movies Processed                                                                                |
[2022-05-20 17:10:05,505] [builder.py:2171]           [INFO]     |                                                                                                    |
[2022-05-20 17:10:05,505] [builder.py:2172]           [INFO]     |=============================== Missing Movies from Library: Movies ================================|
[2022-05-20 17:10:05,505] [builder.py:2173]           [INFO]     |                                                                                                    |
[2022-05-20 17:10:05,615] [builder.py:2185]           [INFO]     | TMDb Most Popular Collection | ? | Sonic the Hedgehog 2 (2022) (TMDb: 675353)                      |
[2022-05-20 17:10:05,716] [builder.py:2185]           [INFO]     | TMDb Most Popular Collection | ? | Doctor Strange in the Multiverse of Madness (2022) (TMDb: 453395) |
[2022-05-20 17:10:06,390] [builder.py:2185]           [INFO]     | TMDb Most Popular Collection | ? | The Bad Guys (2022) (TMDb: 629542)                              |
[2022-05-20 17:10:06,497] [builder.py:2185]           [INFO]     | TMDb Most Popular Collection | ? | The Takedown (2022) (TMDb: 785985)                              |
[2022-05-20 17:10:07,059] [builder.py:2185]           [INFO]     | TMDb Most Popular Collection | ? | Turning Red (2022) (TMDb: 508947)                               |
[2022-05-20 17:10:07,445] [builder.py:2185]           [INFO]     | TMDb Most Popular Collection | ? | Virus:32 (2022) (TMDb: 893370)                                  |
[2022-05-20 17:10:07,974] [builder.py:2185]           [INFO]     | TMDb Most Popular Collection | ? | Encanto (2021) (TMDb: 568124)                                   |
[2022-05-20 17:10:08,081] [builder.py:2185]           [INFO]     | TMDb Most Popular Collection | ? | Hotel Transylvania: Transformania (2022) (TMDb: 585083)         |
[2022-05-20 17:10:08,429] [builder.py:2185]           [INFO]     | TMDb Most Popular Collection | ? | Dark Blood (2021) (TMDb: 845885)                                |
[2022-05-20 17:10:08,674] [builder.py:2185]           [INFO]     | TMDb Most Popular Collection | ? | The Ice Age Adventures of Buck Wild (2022) (TMDb: 774825)       |
[2022-05-20 17:10:08,675] [builder.py:2189]           [INFO]     |                                                                                                    |
[2022-05-20 17:10:08,675] [builder.py:2190]           [INFO]     | 10 Movies Missing                                                                                  |
[2022-05-20 17:10:08,735] [builder.py:2410]           [INFO]     |                                                                                                    |
[2022-05-20 17:10:08,736] [builder.py:2411]           [INFO]     |========================= Updating Details of TMDb Most Popular Collection =========================|
[2022-05-20 17:10:08,736] [builder.py:2412]           [INFO]     |                                                                                                    |
[2022-05-20 17:10:08,736] [builder.py:2473]           [INFO]     | Collection Metadata Edits                                                                          |
                                                                 | Sort Title | *102
                                                                 | 
[2022-05-20 17:10:09,119] [builder.py:2477]           [INFO]     | Details: have been updated
[2022-05-20 17:10:09,120] [builder.py:2480]           [INFO]     | 
[2022-05-20 17:10:10,682] [builder.py:2492]           [INFO]     | Collection Order | custom
[2022-05-20 17:10:10,683] [builder.py:2568]           [INFO]     | No poster collection detail or asset folder found
[2022-05-20 17:10:10,684] [builder.py:2601]           [INFO]     | No background collection detail or asset folder found
[2022-05-20 17:10:11,263] [builder.py:2612]           [INFO]     | 
[2022-05-20 17:10:11,264] [builder.py:2613]           [INFO]     |=============================== Sorting TMDb Most Popular Collection ===============================|
[2022-05-20 17:10:11,264] [builder.py:2614]           [INFO]     |                                                                                                    |
[2022-05-20 17:10:11,265] [builder.py:2630]           [INFO]     | Moving The Lost City (2022) to the beginning                                                       |
[2022-05-20 17:10:11,735] [builder.py:2630]           [INFO]     | Moving The Northman (2022) after The Lost City (2022)                                              |
[2022-05-20 17:10:12,167] [builder.py:2630]           [INFO]     | Moving Morbius (2022) after The Northman (2022)                                                    |
[2022-05-20 17:10:12,736] [builder.py:2630]           [INFO]     | Moving The Exorcism of God (2021) after Morbius (2022)                                             |
[2022-05-20 17:10:13,230] [builder.py:2630]           [INFO]     | Moving Uncharted (2022) after The Exorcism of God (2021)                                           |
[2022-05-20 17:10:13,681] [builder.py:2630]           [INFO]     | Moving The Batman (2022) after Uncharted (2022)                                                    |
[2022-05-20 17:10:14,173] [builder.py:2630]           [INFO]     | Moving Spider-Man: No Way Home (2021) after The Batman (2022)                                      |
[2022-05-20 17:10:14,611] [builder.py:2630]           [INFO]     | Moving The Contractor (2022) after Spider-Man: No Way Home (2021)                                  |
[2022-05-20 17:10:15,120] [builder.py:2630]           [INFO]     | Moving Moonfall (2022) after The Contractor (2022)                                                 |
[2022-05-20 17:10:15,664] [builder.py:2630]           [INFO]     | Moving Ambulance (2022) after Moonfall (2022)                                                      |
[2022-05-20 17:10:16,234] [builder.py:2630]           [INFO]     | Moving Fortress: Sniper's Eye (2022) after Ambulance (2022)                                        |
[2022-05-20 17:10:16,669] [builder.py:2630]           [INFO]     | Moving The Outfit (2022) after Fortress: Sniper's Eye (2022)                                       |
[2022-05-20 17:10:17,096] [builder.py:2630]           [INFO]     | Moving Doctor Strange (2016) after The Outfit (2022)                                               |
[2022-05-20 17:10:17,553] [builder.py:2630]           [INFO]     | Moving 365 Days: This Day (2022) after Doctor Strange (2016)                                       |
[2022-05-20 17:10:18,017] [builder.py:2630]           [INFO]     | Moving Yaksha: Ruthless Operations (2022) after 365 Days: This Day (2022)                          |
[2022-05-20 17:10:18,505] [builder.py:2630]           [INFO]     | Moving All the Old Knives (2022) after Silverton Siege (2022)                                      |
[2022-05-20 17:10:18,965] [builder.py:2630]           [INFO]     | Moving The Adam Project (2022) after All the Old Knives (2022)                                     |
[2022-05-20 17:10:19,451] [builder.py:2630]           [INFO]     | Moving Fantastic Beasts: The Secrets of Dumbledore (2022) after The Adam Project (2022)            |
[2022-05-20 17:10:20,077] [builder.py:2630]           [INFO]     | Moving War of the Worlds: Annihilation (2021) after Fantastic Beasts: The Secrets of Dumbledore (2022) |
[2022-05-20 17:10:20,991] [plex_meta_manager.py:576]  [INFO]     |                                                                                                    |
[2022-05-20 17:10:20,991] [plex_meta_manager.py:577]  [INFO]     |====================================================================================================|
[2022-05-20 17:10:20,991] [plex_meta_manager.py:577]  [INFO]     |                               Finished TMDb Most Popular Collection                                |
[2022-05-20 17:10:20,991] [plex_meta_manager.py:577]  [INFO]     |                                    Collection Run Time: 0:01:02                                    |
[2022-05-20 17:10:20,991] [plex_meta_manager.py:577]  [INFO]     |====================================================================================================|
