[2022-05-26 02:12:57,058] [plex_meta_manager.py:437]  [INFO]     |====================================================================================================|
[2022-05-26 02:12:57,058] [plex_meta_manager.py:437]  [INFO]     |                                 Indiana Jones Collection in Movies                                 |
[2022-05-26 02:12:57,059] [plex_meta_manager.py:437]  [INFO]     |====================================================================================================|
[2022-05-26 02:12:57,059] [plex_meta_manager.py:438]  [INFO]     |                                                                                                    |
[2022-05-26 02:12:57,059] [plex_meta_manager.py:443]  [INFO]     |=============================== Validating Indiana Jones Attributes ================================|
[2022-05-26 02:12:57,060] [builder.py:241]            [DEBUG]    |                                                                                                    |
[2022-05-26 02:12:57,060] [builder.py:242]            [DEBUG]    | Validating Method: template                                                                        |
[2022-05-26 02:12:57,060] [meta.py:109]               [DEBUG]    | Value: ordereddict([('name', 'Franchise'), ('poster', 'https://theposterdb.com/api/assets/105678')]) |
[2022-05-26 02:12:57,061] [builder.py:359]            [DEBUG]    |                                                                                                    |
[2022-05-26 02:12:57,061] [builder.py:360]            [DEBUG]    | Validating Method: delete_not_scheduled                                                            |
[2022-05-26 02:12:57,061] [builder.py:361]            [DEBUG]    | Value: True                                                                                        |
[2022-05-26 02:12:57,062] [builder.py:402]            [DEBUG]    |                                                                                                    |
[2022-05-26 02:12:57,062] [builder.py:403]            [DEBUG]    | Validating Method: run_again                                                                       |
[2022-05-26 02:12:57,062] [builder.py:404]            [DEBUG]    | Value: True                                                                                        |
[2022-05-26 02:12:57,062] [builder.py:423]            [DEBUG]    |                                                                                                    |
[2022-05-26 02:12:57,062] [builder.py:424]            [DEBUG]    | Validating Method: sync_mode                                                                       |
[2022-05-26 02:12:57,063] [builder.py:428]            [DEBUG]    | Value: sync                                                                                        |
[2022-05-26 02:12:57,063] [builder.py:570]            [DEBUG]    |                                                                                                    |
[2022-05-26 02:12:57,063] [builder.py:571]            [DEBUG]    | Validating Method: collection_order                                                                |
[2022-05-26 02:12:57,064] [builder.py:572]            [DEBUG]    | Value: release                                                                                     |
[2022-05-26 02:12:57,064] [builder.py:588]            [DEBUG]    |                                                                                                    |
[2022-05-26 02:12:57,064] [builder.py:592]            [DEBUG]    | Validating Method: sort_title                                                                      |
[2022-05-26 02:12:57,065] [builder.py:593]            [DEBUG]    | Value: +++++Iniana                                                                                 |
[2022-05-26 02:12:57,065] [builder.py:588]            [DEBUG]    |                                                                                                    |
[2022-05-26 02:12:57,065] [builder.py:592]            [DEBUG]    | Validating Method: imdb_list                                                                       |
[2022-05-26 02:12:57,066] [builder.py:593]            [DEBUG]    | Value: ['https://www.imdb.com/list/ls027779939/?sort=release_date,asc&st_dt=&mode=detail&page=1']  |
[2022-05-26 02:12:58,046] [builder.py:588]            [DEBUG]    |                                                                                                    |
[2022-05-26 02:12:58,047] [builder.py:592]            [DEBUG]    | Validating Method: summary                                                                         |
[2022-05-26 02:12:58,048] [builder.py:593]            [DEBUG]    | Value: The Adventure films series from the Director George Lucas and Steven Spielberg, starring Harrison Ford as the archaeologist Dr. Henry Walton "Indiana" Jones. |
[2022-05-26 02:12:58,048] [builder.py:588]            [DEBUG]    |                                                                                                    |
[2022-05-26 02:12:58,048] [builder.py:592]            [DEBUG]    | Validating Method: url_poster                                                                      |
[2022-05-26 02:12:58,049] [builder.py:593]            [DEBUG]    | Value: https://theposterdb.com/api/assets/105678                                                   |
[2022-05-26 02:12:58,049] [builder.py:588]            [DEBUG]    |                                                                                                    |
[2022-05-26 02:12:58,049] [builder.py:592]            [DEBUG]    | Validating Method: visible_home                                                                    |
[2022-05-26 02:12:58,049] [builder.py:593]            [DEBUG]    | Value: True                                                                                        |
[2022-05-26 02:12:58,050] [builder.py:588]            [DEBUG]    |                                                                                                    |
[2022-05-26 02:12:58,050] [builder.py:592]            [DEBUG]    | Validating Method: visible_shared                                                                  |
[2022-05-26 02:12:58,050] [builder.py:593]            [DEBUG]    | Value: True                                                                                        |
[2022-05-26 02:12:59,841] [builder.py:749]            [INFO]     |                                                                                                    |
[2022-05-26 02:12:59,841] [builder.py:750]            [INFO]     | Validation Successful                                                                              |
[2022-05-26 02:12:59,842] [plex_meta_manager.py:447]  [INFO]     |                                                                                                    |
[2022-05-26 02:12:59,842] [plex_meta_manager.py:449]  [INFO]     |================================= Running Indiana Jones Collection =================================|
[2022-05-26 02:12:59,842] [plex_meta_manager.py:461]  [INFO]     |                                                                                                    |
[2022-05-26 02:12:59,842] [plex_meta_manager.py:462]  [INFO]     | Sync Mode: sync                                                                                    |
[2022-05-26 02:12:59,843] [plex_meta_manager.py:472]  [DEBUG]    |                                                                                                    |
[2022-05-26 02:12:59,843] [plex_meta_manager.py:473]  [DEBUG]    | Builder: imdb_list: {'url': 'https://www.imdb.com/list/ls027779939/?sort=release_date,asc&st_dt=&mode=detail&page=1', 'limit': 0} |
[2022-05-26 02:12:59,843] [plex_meta_manager.py:474]  [INFO]     |                                                                                                    |
[2022-05-26 02:12:59,843] [imdb.py:176]               [INFO]     | Processing IMDb List: https://www.imdb.com/list/ls027779939/?sort=release_date,asc&st_dt=&mode=detail&page=1 |
[2022-05-26 02:13:03,515] [imdb.py:127]               [DEBUG]    | 4 IMDb IDs Found: ['tt0082971', 'tt0087469', 'tt0097576', 'tt0367882']                             |
[2022-05-26 02:13:03,515] [builder.py:1424]           [DEBUG]    |                                                                                                    |
[2022-05-26 02:13:03,516] [builder.py:1425]           [DEBUG]    | 4 IDs Found: [('tt0082971', 'imdb'), ('tt0087469', 'imdb'), ('tt0097576', 'imdb'), ('tt0367882', 'imdb')] |
[2022-05-26 02:13:03,516] [builder.py:1426]           [DEBUG]    |                                                                                                    |
[2022-05-26 02:13:03,887] [builder.py:1892]           [INFO]     |                                                                                                    |
[2022-05-26 02:13:03,888] [builder.py:1893]           [INFO]     |================================ Adding to Indiana Jones Collection ================================|
[2022-05-26 02:13:03,888] [builder.py:1894]           [INFO]     |                                                                                                    |
[2022-05-26 02:13:03,889] [builder.py:1908]           [INFO]     | 1/4 | Indiana Jones Collection | = | Indiana Jones and the Raiders of the Lost Ark (1981)          |
[2022-05-26 02:13:03,889] [builder.py:1908]           [INFO]     | 2/4 | Indiana Jones Collection | = | Indiana Jones and the Temple of Doom (1984)                   |
[2022-05-26 02:13:03,889] [builder.py:1908]           [INFO]     | 3/4 | Indiana Jones Collection | = | Indiana Jones and the Last Crusade (1989)                     |
[2022-05-26 02:13:03,890] [builder.py:1908]           [INFO]     | 4/4 | Indiana Jones Collection | = | Indiana Jones and the Kingdom of the Crystal Skull (2008)     |
[2022-05-26 02:13:03,890] [builder.py:1933]           [INFO]     |                                                                                                    |
[2022-05-26 02:13:03,890] [builder.py:1934]           [INFO]     | 4 Movies Processed                                                                                 |
[2022-05-26 02:13:03,929] [builder.py:2410]           [INFO]     |                                                                                                    |
[2022-05-26 02:13:03,930] [builder.py:2411]           [INFO]     |=========================== Updating Details of Indiana Jones Collection ===========================|
[2022-05-26 02:13:03,930] [builder.py:2412]           [INFO]     |                                                                                                    |
[2022-05-26 02:13:03,930] [builder.py:2418]           [INFO]     | Detail: summary will update Collection Summary                                                     |
[2022-05-26 02:13:03,931] [builder.py:2473]           [INFO]     | Collection Metadata Edits                                                                          |
                                                                 | 
[2022-05-26 02:13:04,332] [builder.py:2477]           [INFO]     | Details: have been updated
[2022-05-26 02:13:04,333] [builder.py:2480]           [INFO]     | 
[2022-05-26 02:13:04,374] [builder.py:2532]           [DEBUG]    | 1 posters found:
[2022-05-26 02:13:04,374] [builder.py:2534]           [DEBUG]    | Method: url_poster Poster: https://theposterdb.com/api/assets/105678
[2022-05-26 02:13:04,375] [builder.py:2601]           [INFO]     | No background collection detail or asset folder found
[2022-05-26 02:13:05,372] [library.py:141]            [INFO]     | Detail: url_poster updated poster to [URL] https://theposterdb.com/api/assets/105678
[2022-05-26 02:13:07,709] [plex_meta_manager.py:576]  [INFO]     | 
[2022-05-26 02:13:07,709] [plex_meta_manager.py:577]  [INFO]     |====================================================================================================|
[2022-05-26 02:13:07,710] [plex_meta_manager.py:577]  [INFO]     |                                 Finished Indiana Jones Collection                                  |
[2022-05-26 02:13:07,710] [plex_meta_manager.py:577]  [INFO]     |                                    Collection Run Time: 0:00:10                                    |
[2022-05-26 02:13:07,710] [plex_meta_manager.py:577]  [INFO]     |====================================================================================================|
