[2022-05-26 02:10:00,795] [plex_meta_manager.py:437]  [INFO]     |====================================================================================================|
[2022-05-26 02:10:00,795] [plex_meta_manager.py:437]  [INFO]     |                                 Taika Waititi Collection in Movies                                 |
[2022-05-26 02:10:00,795] [plex_meta_manager.py:437]  [INFO]     |====================================================================================================|
[2022-05-26 02:10:00,795] [plex_meta_manager.py:438]  [INFO]     |                                                                                                    |
[2022-05-26 02:10:00,795] [plex_meta_manager.py:443]  [INFO]     |=============================== Validating Taika Waititi Attributes ================================|
[2022-05-26 02:10:00,796] [builder.py:241]            [DEBUG]    |                                                                                                    |
[2022-05-26 02:10:00,796] [builder.py:242]            [DEBUG]    | Validating Method: template                                                                        |
[2022-05-26 02:10:00,796] [meta.py:109]               [DEBUG]    | Value: ordereddict([('name', 'Director'), ('person', 55934)])                                      |
[2022-05-26 02:10:00,796] [builder.py:459]            [DEBUG]    |                                                                                                    |
[2022-05-26 02:10:00,797] [builder.py:460]            [DEBUG]    | Validating Method: tmdb_person                                                                     |
[2022-05-26 02:10:00,797] [builder.py:464]            [DEBUG]    | Value: 55934                                                                                       |
[2022-05-26 02:10:00,811] [builder.py:1588]           [INFO]     |                                                                                                    |
[2022-05-26 02:10:00,811] [builder.py:1589]           [INFO]     | Validating Method: smart_filter                                                                    |
[2022-05-26 02:10:00,811] [builder.py:1595]           [DEBUG]    | Value: {'all': {'director': 'tmdb'}, 'sort_by': 'year.asc'}                                        |
[2022-05-26 02:10:15,864] [builder.py:588]            [DEBUG]    |                                                                                                    |
[2022-05-26 02:10:15,865] [builder.py:592]            [DEBUG]    | Validating Method: sort_title                                                                      |
[2022-05-26 02:10:15,865] [builder.py:593]            [DEBUG]    | Value: +3_1_Taika Waititi                                                                          |
[2022-05-26 02:10:16,015] [builder.py:749]            [INFO]     |                                                                                                    |
[2022-05-26 02:10:16,015] [builder.py:750]            [INFO]     | Validation Successful                                                                              |
[2022-05-26 02:10:16,015] [plex_meta_manager.py:447]  [INFO]     |                                                                                                    |
[2022-05-26 02:10:16,015] [plex_meta_manager.py:449]  [INFO]     |================================= Running Taika Waititi Collection =================================|
[2022-05-26 02:10:16,016] [plex_meta_manager.py:455]  [INFO]     |                                                                                                    |
[2022-05-26 02:10:16,016] [plex_meta_manager.py:456]  [INFO]     | Smart Movie Filter                                                                                 |
                                                                 | Sort By: year.asc
                                                                 | Filter:
                                                                 |   Match all of the following:
                                                                 |     Director is Taika Waititi
[2022-05-26 02:10:16,017] [plex.py:812]               [DEBUG]    | /library/sections/1/all?type=1&sort=year&director=41612
[2022-05-26 02:10:16,151] [builder.py:2410]           [INFO]     | 
[2022-05-26 02:10:16,151] [builder.py:2411]           [INFO]     |=========================== Updating Details of Taika Waititi Collection ===========================|
[2022-05-26 02:10:16,151] [builder.py:2412]           [INFO]     |                                                                                                    |
[2022-05-26 02:10:16,151] [builder.py:2418]           [INFO]     | Detail: tmdb_person will update Collection Summary                                                 |
[2022-05-26 02:10:16,151] [builder.py:2473]           [INFO]     | Collection Metadata Edits                                                                          |
                                                                 | 
[2022-05-26 02:10:17,929] [builder.py:2477]           [INFO]     | Details: have been updated
[2022-05-26 02:10:17,929] [builder.py:2480]           [INFO]     | 
[2022-05-26 02:10:17,929] [builder.py:2532]           [DEBUG]    | 1 posters found:
[2022-05-26 02:10:17,930] [builder.py:2534]           [DEBUG]    | Method: tmdb_person Poster: https://image.tmdb.org/t/p/original/zCLBXGo5BS2e27srDBa5WpRnKul.jpg
[2022-05-26 02:10:17,930] [builder.py:2601]           [INFO]     | No background collection detail or asset folder found
[2022-05-26 02:10:18,036] [library.py:141]            [INFO]     | Detail: tmdb_person updated poster to [URL] https://image.tmdb.org/t/p/original/zCLBXGo5BS2e27srDBa5WpRnKul.jpg
[2022-05-26 02:10:18,123] [plex_meta_manager.py:576]  [INFO]     | 
[2022-05-26 02:10:18,123] [plex_meta_manager.py:577]  [INFO]     |====================================================================================================|
[2022-05-26 02:10:18,124] [plex_meta_manager.py:577]  [INFO]     |                                 Finished Taika Waititi Collection                                  |
[2022-05-26 02:10:18,124] [plex_meta_manager.py:577]  [INFO]     |                                    Collection Run Time: 0:00:17                                    |
[2022-05-26 02:10:18,124] [plex_meta_manager.py:577]  [INFO]     |====================================================================================================|
