[2022-05-26 02:15:32,594] [plex_meta_manager.py:437]  [INFO]     |====================================================================================================|
[2022-05-26 02:15:32,594] [plex_meta_manager.py:437]  [INFO]     |                                  Dreamworks Collection in Movies                                   |
[2022-05-26 02:15:32,594] [plex_meta_manager.py:437]  [INFO]     |====================================================================================================|
[2022-05-26 02:15:32,594] [plex_meta_manager.py:438]  [INFO]     |                                                                                                    |
[2022-05-26 02:15:32,595] [plex_meta_manager.py:443]  [INFO]     |================================= Validating Dreamworks Attributes =================================|
[2022-05-26 02:15:32,595] [builder.py:241]            [DEBUG]    |                                                                                                    |
[2022-05-26 02:15:32,595] [builder.py:242]            [DEBUG]    | Validating Method: template                                                                        |
[2022-05-26 02:15:32,595] [meta.py:109]               [DEBUG]    | Value: ordereddict([('name', 'Studio'), ('poster', 'https://theposterdb.com/api/assets/57647')])   |
[2022-05-26 02:15:32,596] [builder.py:359]            [DEBUG]    |                                                                                                    |
[2022-05-26 02:15:32,596] [builder.py:360]            [DEBUG]    | Validating Method: delete_not_scheduled                                                            |
[2022-05-26 02:15:32,596] [builder.py:361]            [DEBUG]    | Value: True                                                                                        |
[2022-05-26 02:15:32,596] [builder.py:402]            [DEBUG]    |                                                                                                    |
[2022-05-26 02:15:32,597] [builder.py:403]            [DEBUG]    | Validating Method: run_again                                                                       |
[2022-05-26 02:15:32,597] [builder.py:404]            [DEBUG]    | Value: True                                                                                        |
[2022-05-26 02:15:32,597] [builder.py:423]            [DEBUG]    |                                                                                                    |
[2022-05-26 02:15:32,597] [builder.py:424]            [DEBUG]    | Validating Method: sync_mode                                                                       |
[2022-05-26 02:15:32,597] [builder.py:428]            [DEBUG]    | Value: sync                                                                                        |
[2022-05-26 02:15:32,597] [builder.py:570]            [DEBUG]    |                                                                                                    |
[2022-05-26 02:15:32,598] [builder.py:571]            [DEBUG]    | Validating Method: collection_order                                                                |
[2022-05-26 02:15:32,598] [builder.py:572]            [DEBUG]    | Value: release                                                                                     |
[2022-05-26 02:15:32,598] [builder.py:588]            [DEBUG]    |                                                                                                    |
[2022-05-26 02:15:32,598] [builder.py:592]            [DEBUG]    | Validating Method: sort_title                                                                      |
[2022-05-26 02:15:32,598] [builder.py:593]            [DEBUG]    | Value: +++++++Dreamworks                                                                           |
[2022-05-26 02:15:32,598] [builder.py:588]            [DEBUG]    |                                                                                                    |
[2022-05-26 02:15:32,599] [builder.py:592]            [DEBUG]    | Validating Method: imdb_list                                                                       |
[2022-05-26 02:15:32,599] [builder.py:593]            [DEBUG]    | Value: ['https://www.imdb.com/list/ls063182572/']                                                  |
[2022-05-26 02:15:34,534] [builder.py:588]            [DEBUG]    |                                                                                                    |
[2022-05-26 02:15:34,537] [builder.py:592]            [DEBUG]    | Validating Method: url_poster                                                                      |
[2022-05-26 02:15:34,538] [builder.py:593]            [DEBUG]    | Value: https://theposterdb.com/api/assets/57647                                                    |
[2022-05-26 02:15:34,538] [builder.py:588]            [DEBUG]    |                                                                                                    |
[2022-05-26 02:15:34,539] [builder.py:592]            [DEBUG]    | Validating Method: visible_home                                                                    |
[2022-05-26 02:15:34,539] [builder.py:593]            [DEBUG]    | Value: True                                                                                        |
[2022-05-26 02:15:34,539] [builder.py:588]            [DEBUG]    |                                                                                                    |
[2022-05-26 02:15:34,539] [builder.py:592]            [DEBUG]    | Validating Method: visible_shared                                                                  |
[2022-05-26 02:15:34,539] [builder.py:593]            [DEBUG]    | Value: True                                                                                        |
[2022-05-26 02:15:36,540] [builder.py:749]            [INFO]     |                                                                                                    |
[2022-05-26 02:15:36,540] [builder.py:750]            [INFO]     | Validation Successful                                                                              |
[2022-05-26 02:15:36,541] [plex_meta_manager.py:447]  [INFO]     |                                                                                                    |
[2022-05-26 02:15:36,541] [plex_meta_manager.py:449]  [INFO]     |================================== Running Dreamworks Collection ===================================|
[2022-05-26 02:15:36,541] [plex_meta_manager.py:461]  [INFO]     |                                                                                                    |
[2022-05-26 02:15:36,541] [plex_meta_manager.py:462]  [INFO]     | Sync Mode: sync                                                                                    |
[2022-05-26 02:15:36,541] [plex_meta_manager.py:472]  [DEBUG]    |                                                                                                    |
[2022-05-26 02:15:36,541] [plex_meta_manager.py:473]  [DEBUG]    | Builder: imdb_list: {'url': 'https://www.imdb.com/list/ls063182572/', 'limit': 0}                  |
[2022-05-26 02:15:36,542] [plex_meta_manager.py:474]  [INFO]     |                                                                                                    |
[2022-05-26 02:15:36,542] [imdb.py:176]               [INFO]     | Processing IMDb List: https://www.imdb.com/list/ls063182572/                                       |
[2022-05-26 02:15:42,250] [imdb.py:127]               [DEBUG]    | 44 IMDb IDs Found: ['tt0120587', 'tt0120794', 'tt0138749', 'tt0120630', 'tt0126029', 'tt0166813', 'tt0165982', 'tt0298148', 'tt0307453', 'tt0351283', 'tt0312004', 'tt0327084', 'tt0424095', 'tt0413267', 'tt0389790', 'tt0441773', 'tt0479952', 'tt0892782', 'tt0892769', 'tt0892791', 'tt1001526', 'tt1302011', 'tt0448694', 'tt1277953', 'tt1446192', 'tt0481499', 'tt1860353', 'tt0864835', 'tt1646971', 'tt1911658', 'tt2224026', 'tt2267968', 'tt1679335', 'tt3874544', 'tt2091256', 'tt2386490', 'tt6324278', 'tt6587640', 'tt2850386', 'tt11084896', 'tt6932874', 'tt8115900', 'tt3915174', 'tt14362112'] |
[2022-05-26 02:15:42,250] [builder.py:1424]           [DEBUG]    |                                                                                                    |
[2022-05-26 02:15:42,251] [builder.py:1425]           [DEBUG]    | 44 IDs Found: [('tt0120587', 'imdb'), ('tt0120794', 'imdb'), ('tt0138749', 'imdb'), ('tt0120630', 'imdb'), ('tt0126029', 'imdb'), ('tt0166813', 'imdb'), ('tt0165982', 'imdb'), ('tt0298148', 'imdb'), ('tt0307453', 'imdb'), ('tt0351283', 'imdb'), ('tt0312004', 'imdb'), ('tt0327084', 'imdb'), ('tt0424095', 'imdb'), ('tt0413267', 'imdb'), ('tt0389790', 'imdb'), ('tt0441773', 'imdb'), ('tt0479952', 'imdb'), ('tt0892782', 'imdb'), ('tt0892769', 'imdb'), ('tt0892791', 'imdb'), ('tt1001526', 'imdb'), ('tt1302011', 'imdb'), ('tt0448694', 'imdb'), ('tt1277953', 'imdb'), ('tt1446192', 'imdb'), ('tt0481499', 'imdb'), ('tt1860353', 'imdb'), ('tt0864835', 'imdb'), ('tt1646971', 'imdb'), ('tt1911658', 'imdb'), ('tt2224026', 'imdb'), ('tt2267968', 'imdb'), ('tt1679335', 'imdb'), ('tt3874544', 'imdb'), ('tt2091256', 'imdb'), ('tt2386490', 'imdb'), ('tt6324278', 'imdb'), ('tt6587640', 'imdb'), ('tt2850386', 'imdb'), ('tt11084896', 'imdb'), ('tt6932874', 'imdb'), ('tt8115900', 'imdb'), ('tt3915174', 'imdb'), ('tt14362112', 'imdb')] |
[2022-05-26 02:15:42,251] [builder.py:1426]           [DEBUG]    |                                                                                                    |
[2022-05-26 02:15:45,753] [builder.py:1892]           [INFO]     |                                                                                                    |
[2022-05-26 02:15:45,758] [builder.py:1893]           [INFO]     |================================= Adding to Dreamworks Collection ==================================|
[2022-05-26 02:15:45,758] [builder.py:1894]           [INFO]     |                                                                                                    |
[2022-05-26 02:15:45,758] [builder.py:1908]           [INFO]     |  1/42 | Dreamworks Collection | = | Antz (1998)                                                    |
[2022-05-26 02:15:45,759] [builder.py:1908]           [INFO]     |  2/42 | Dreamworks Collection | = | The Prince of Egypt (1998)                                     |
[2022-05-26 02:15:45,759] [builder.py:1908]           [INFO]     |  3/42 | Dreamworks Collection | = | The Road to El Dorado (2000)                                   |
[2022-05-26 02:15:45,759] [builder.py:1908]           [INFO]     |  4/42 | Dreamworks Collection | = | Chicken Run (2000)                                             |
[2022-05-26 02:15:45,759] [builder.py:1908]           [INFO]     |  5/42 | Dreamworks Collection | = | Shrek (2001)                                                   |
[2022-05-26 02:15:45,760] [builder.py:1908]           [INFO]     |  6/42 | Dreamworks Collection | = | Spirit: Stallion of the Cimarron (2002)                        |
[2022-05-26 02:15:45,760] [builder.py:1908]           [INFO]     |  7/42 | Dreamworks Collection | = | Sinbad: Legend of the Seven Seas (2003)                        |
[2022-05-26 02:15:45,760] [builder.py:1908]           [INFO]     |  8/42 | Dreamworks Collection | = | Shrek 2 (2004)                                                 |
[2022-05-26 02:15:45,761] [builder.py:1908]           [INFO]     |  9/42 | Dreamworks Collection | = | Shark Tale (2004)                                              |
[2022-05-26 02:15:45,761] [builder.py:1908]           [INFO]     | 10/42 | Dreamworks Collection | = | Madagascar (2005)                                              |
[2022-05-26 02:15:45,761] [builder.py:1908]           [INFO]     | 11/42 | Dreamworks Collection | = | Wallace & Gromit: The Curse of the Were-Rabbit (2005)          |
[2022-05-26 02:15:45,762] [builder.py:1908]           [INFO]     | 12/42 | Dreamworks Collection | = | Over the Hedge (2006)                                          |
[2022-05-26 02:15:45,762] [builder.py:1908]           [INFO]     | 13/42 | Dreamworks Collection | = | Flushed Away (2006)                                            |
[2022-05-26 02:15:45,763] [builder.py:1908]           [INFO]     | 14/42 | Dreamworks Collection | = | Shrek the Third (2007)                                         |
[2022-05-26 02:15:45,763] [builder.py:1908]           [INFO]     | 15/42 | Dreamworks Collection | = | Bee Movie (2007)                                               |
[2022-05-26 02:15:45,763] [builder.py:1908]           [INFO]     | 16/42 | Dreamworks Collection | = | Kung Fu Panda (2008)                                           |
[2022-05-26 02:15:45,764] [builder.py:1908]           [INFO]     | 17/42 | Dreamworks Collection | = | Madagascar: Escape 2 Africa (2008)                             |
[2022-05-26 02:15:45,764] [builder.py:1908]           [INFO]     | 18/42 | Dreamworks Collection | = | Monsters vs. Aliens (2009)                                     |
[2022-05-26 02:15:45,765] [builder.py:1908]           [INFO]     | 19/42 | Dreamworks Collection | = | How to Train Your Dragon (2010)                                |
[2022-05-26 02:15:45,765] [builder.py:1908]           [INFO]     | 20/42 | Dreamworks Collection | = | Shrek Forever After (2010)                                     |
[2022-05-26 02:15:45,766] [builder.py:1908]           [INFO]     | 21/42 | Dreamworks Collection | = | Megamind (2010)                                                |
[2022-05-26 02:15:45,766] [builder.py:1908]           [INFO]     | 22/42 | Dreamworks Collection | = | Kung Fu Panda 2 (2011)                                         |
[2022-05-26 02:15:45,767] [builder.py:1908]           [INFO]     | 23/42 | Dreamworks Collection | = | Puss in Boots (2011)                                           |
[2022-05-26 02:15:45,767] [builder.py:1908]           [INFO]     | 24/42 | Dreamworks Collection | = | Madagascar 3: Europe's Most Wanted (2012)                      |
[2022-05-26 02:15:45,768] [builder.py:1908]           [INFO]     | 25/42 | Dreamworks Collection | = | Rise of the Guardians (2012)                                   |
[2022-05-26 02:15:45,768] [builder.py:1908]           [INFO]     | 26/42 | Dreamworks Collection | = | The Croods (2013)                                              |
[2022-05-26 02:15:45,769] [builder.py:1908]           [INFO]     | 27/42 | Dreamworks Collection | = | Turbo (2013)                                                   |
[2022-05-26 02:15:45,769] [builder.py:1908]           [INFO]     | 28/42 | Dreamworks Collection | = | Mr. Peabody & Sherman (2014)                                   |
[2022-05-26 02:15:45,770] [builder.py:1908]           [INFO]     | 29/42 | Dreamworks Collection | = | How to Train Your Dragon 2 (2014)                              |
[2022-05-26 02:15:45,770] [builder.py:1908]           [INFO]     | 30/42 | Dreamworks Collection | = | Penguins of Madagascar (2014)                                  |
[2022-05-26 02:15:45,771] [builder.py:1908]           [INFO]     | 31/42 | Dreamworks Collection | = | Home (2015)                                                    |
[2022-05-26 02:15:45,772] [builder.py:1908]           [INFO]     | 32/42 | Dreamworks Collection | = | Kung Fu Panda 3 (2016)                                         |
[2022-05-26 02:15:45,772] [builder.py:1908]           [INFO]     | 33/42 | Dreamworks Collection | = | Trolls (2016)                                                  |
[2022-05-26 02:15:45,773] [builder.py:1908]           [INFO]     | 34/42 | Dreamworks Collection | = | The Boss Baby (2017)                                           |
[2022-05-26 02:15:45,773] [builder.py:1908]           [INFO]     | 35/42 | Dreamworks Collection | = | Captain Underpants: The First Epic Movie (2017)                |
[2022-05-26 02:15:45,774] [builder.py:1908]           [INFO]     | 36/42 | Dreamworks Collection | = | How to Train Your Dragon: The Hidden World (2019)              |
[2022-05-26 02:15:45,775] [builder.py:1908]           [INFO]     | 37/42 | Dreamworks Collection | = | Abominable (2019)                                              |
[2022-05-26 02:15:45,775] [builder.py:1908]           [INFO]     | 38/42 | Dreamworks Collection | = | Trolls 2: World Tour (2020)                                    |
[2022-05-26 02:15:45,776] [builder.py:1908]           [INFO]     | 39/42 | Dreamworks Collection | = | The Croods: A New Age (2020)                                   |
[2022-05-26 02:15:45,777] [builder.py:1908]           [INFO]     | 40/42 | Dreamworks Collection | = | Spirit Untamed (2021)                                          |
[2022-05-26 02:15:45,778] [builder.py:1908]           [INFO]     | 41/42 | Dreamworks Collection | = | The Boss Baby: Family Business (2021)                          |
[2022-05-26 02:15:45,778] [builder.py:1908]           [INFO]     | 42/42 | Dreamworks Collection | = | The Bad Guys (2022)                                            |
[2022-05-26 02:15:45,779] [builder.py:1933]           [INFO]     |                                                                                                    |
[2022-05-26 02:15:45,779] [builder.py:1934]           [INFO]     | 42 Movies Processed                                                                                |
[2022-05-26 02:15:45,779] [builder.py:2171]           [INFO]     |                                                                                                    |
[2022-05-26 02:15:45,779] [builder.py:2172]           [INFO]     |=============================== Missing Movies from Library: Movies ================================|
[2022-05-26 02:15:45,780] [builder.py:2173]           [INFO]     |                                                                                                    |
[2022-05-26 02:15:45,796] [builder.py:2185]           [INFO]     | Dreamworks Collection | ? | Puss in Boots: The Last Wish (2022) (TMDb: 315162)                     |
[2022-05-26 02:15:45,969] [builder.py:2185]           [INFO]     | Dreamworks Collection | ? | Trolls 3 (2023) (TMDb: 901362)                                         |
[2022-05-26 02:15:45,969] [builder.py:2189]           [INFO]     |                                                                                                    |
[2022-05-26 02:15:45,969] [builder.py:2190]           [INFO]     | 2 Movies Missing                                                                                   |
[2022-05-26 02:15:46,027] [builder.py:2410]           [INFO]     |                                                                                                    |
[2022-05-26 02:15:46,027] [builder.py:2411]           [INFO]     |============================ Updating Details of Dreamworks Collection =============================|
[2022-05-26 02:15:46,027] [builder.py:2412]           [INFO]     |                                                                                                    |
[2022-05-26 02:15:46,028] [builder.py:2473]           [INFO]     | Collection Metadata Edits                                                                          |
                                                                 | 
[2022-05-26 02:15:46,453] [builder.py:2477]           [INFO]     | Details: have been updated
[2022-05-26 02:15:46,453] [builder.py:2480]           [INFO]     | 
[2022-05-26 02:15:46,490] [builder.py:2532]           [DEBUG]    | 1 posters found:
[2022-05-26 02:15:46,490] [builder.py:2534]           [DEBUG]    | Method: url_poster Poster: https://theposterdb.com/api/assets/57647
[2022-05-26 02:15:46,491] [builder.py:2601]           [INFO]     | No background collection detail or asset folder found
[2022-05-26 02:15:47,526] [library.py:141]            [INFO]     | Detail: url_poster updated poster to [URL] https://theposterdb.com/api/assets/57647
[2022-05-26 02:15:49,535] [plex_meta_manager.py:576]  [INFO]     | 
[2022-05-26 02:15:49,536] [plex_meta_manager.py:577]  [INFO]     |====================================================================================================|
[2022-05-26 02:15:49,536] [plex_meta_manager.py:577]  [INFO]     |                                   Finished Dreamworks Collection                                   |
[2022-05-26 02:15:49,536] [plex_meta_manager.py:577]  [INFO]     |                                    Collection Run Time: 0:00:16                                    |
[2022-05-26 02:15:49,536] [plex_meta_manager.py:577]  [INFO]     |====================================================================================================|
