[2022-05-26 02:10:18,126] [plex_meta_manager.py:437]  [INFO]     |====================================================================================================|
[2022-05-26 02:10:18,126] [plex_meta_manager.py:437]  [INFO]     |                           Marvel Cinematic Universe Collection in Movies                           |
[2022-05-26 02:10:18,126] [plex_meta_manager.py:437]  [INFO]     |====================================================================================================|
[2022-05-26 02:10:18,126] [plex_meta_manager.py:438]  [INFO]     |                                                                                                    |
[2022-05-26 02:10:18,127] [plex_meta_manager.py:443]  [INFO]     |========================= Validating Marvel Cinematic Universe Attributes ==========================|
[2022-05-26 02:10:18,127] [builder.py:241]            [DEBUG]    |                                                                                                    |
[2022-05-26 02:10:18,127] [builder.py:242]            [DEBUG]    | Validating Method: template                                                                        |
[2022-05-26 02:10:18,127] [meta.py:109]               [DEBUG]    | Value: ordereddict([('name', 'Franchise'), ('poster', 'https://theposterdb.com/api/assets/162885')]) |
[2022-05-26 02:10:18,127] [builder.py:359]            [DEBUG]    |                                                                                                    |
[2022-05-26 02:10:18,128] [builder.py:360]            [DEBUG]    | Validating Method: delete_not_scheduled                                                            |
[2022-05-26 02:10:18,128] [builder.py:361]            [DEBUG]    | Value: True                                                                                        |
[2022-05-26 02:10:18,128] [builder.py:402]            [DEBUG]    |                                                                                                    |
[2022-05-26 02:10:18,128] [builder.py:403]            [DEBUG]    | Validating Method: run_again                                                                       |
[2022-05-26 02:10:18,128] [builder.py:404]            [DEBUG]    | Value: True                                                                                        |
[2022-05-26 02:10:18,128] [builder.py:423]            [DEBUG]    |                                                                                                    |
[2022-05-26 02:10:18,128] [builder.py:424]            [DEBUG]    | Validating Method: sync_mode                                                                       |
[2022-05-26 02:10:18,129] [builder.py:428]            [DEBUG]    | Value: sync                                                                                        |
[2022-05-26 02:10:18,129] [builder.py:570]            [DEBUG]    |                                                                                                    |
[2022-05-26 02:10:18,129] [builder.py:571]            [DEBUG]    | Validating Method: collection_order                                                                |
[2022-05-26 02:10:18,129] [builder.py:572]            [DEBUG]    | Value: release                                                                                     |
[2022-05-26 02:10:18,129] [builder.py:588]            [DEBUG]    |                                                                                                    |
[2022-05-26 02:10:18,129] [builder.py:592]            [DEBUG]    | Validating Method: sort_title                                                                      |
[2022-05-26 02:10:18,129] [builder.py:593]            [DEBUG]    | Value: +++++MCU                                                                                    |
[2022-05-26 02:10:18,130] [builder.py:588]            [DEBUG]    |                                                                                                    |
[2022-05-26 02:10:18,130] [builder.py:592]            [DEBUG]    | Validating Method: imdb_list                                                                       |
[2022-05-26 02:10:18,130] [builder.py:593]            [DEBUG]    | Value: ['https://www.imdb.com/list/ls039269245/']                                                  |
[2022-05-26 02:10:19,957] [builder.py:588]            [DEBUG]    |                                                                                                    |
[2022-05-26 02:10:19,959] [builder.py:592]            [DEBUG]    | Validating Method: summary                                                                         |
[2022-05-26 02:10:19,959] [builder.py:593]            [DEBUG]    | Value: An American media franchise and shared fictional universe that is centered on a series of superhero films, independently produced by Marvel Studios and based on characters that appear in publications by Marvel Comics. The franchise has expanded to include comic books, short films, and television series. |
[2022-05-26 02:10:19,959] [builder.py:588]            [DEBUG]    |                                                                                                    |
[2022-05-26 02:10:19,959] [builder.py:592]            [DEBUG]    | Validating Method: url_poster                                                                      |
[2022-05-26 02:10:19,960] [builder.py:593]            [DEBUG]    | Value: https://theposterdb.com/api/assets/162885                                                   |
[2022-05-26 02:10:19,960] [builder.py:588]            [DEBUG]    |                                                                                                    |
[2022-05-26 02:10:19,960] [builder.py:592]            [DEBUG]    | Validating Method: visible_home                                                                    |
[2022-05-26 02:10:19,960] [builder.py:593]            [DEBUG]    | Value: True                                                                                        |
[2022-05-26 02:10:19,960] [builder.py:588]            [DEBUG]    |                                                                                                    |
[2022-05-26 02:10:19,960] [builder.py:592]            [DEBUG]    | Validating Method: visible_shared                                                                  |
[2022-05-26 02:10:19,960] [builder.py:593]            [DEBUG]    | Value: True                                                                                        |
[2022-05-26 02:10:33,262] [builder.py:749]            [INFO]     |                                                                                                    |
[2022-05-26 02:10:33,263] [builder.py:750]            [INFO]     | Validation Successful                                                                              |
[2022-05-26 02:10:33,263] [plex_meta_manager.py:447]  [INFO]     |                                                                                                    |
[2022-05-26 02:10:33,263] [plex_meta_manager.py:449]  [INFO]     |=========================== Running Marvel Cinematic Universe Collection ===========================|
[2022-05-26 02:10:33,264] [plex_meta_manager.py:461]  [INFO]     |                                                                                                    |
[2022-05-26 02:10:33,264] [plex_meta_manager.py:462]  [INFO]     | Sync Mode: sync                                                                                    |
[2022-05-26 02:10:33,265] [plex_meta_manager.py:472]  [DEBUG]    |                                                                                                    |
[2022-05-26 02:10:33,265] [plex_meta_manager.py:473]  [DEBUG]    | Builder: imdb_list: {'url': 'https://www.imdb.com/list/ls039269245/', 'limit': 0}                  |
[2022-05-26 02:10:33,265] [plex_meta_manager.py:474]  [INFO]     |                                                                                                    |
[2022-05-26 02:10:33,266] [imdb.py:176]               [INFO]     | Processing IMDb List: https://www.imdb.com/list/ls039269245/                                       |
[2022-05-26 02:10:40,011] [imdb.py:127]               [DEBUG]    | 31 IMDb IDs Found: ['tt0371746', 'tt0800080', 'tt1228705', 'tt0800369', 'tt0458339', 'tt0848228', 'tt1300854', 'tt1981115', 'tt1843866', 'tt2015381', 'tt2395427', 'tt0478970', 'tt3498820', 'tt1211837', 'tt3896198', 'tt2250912', 'tt3501632', 'tt1825683', 'tt4154756', 'tt5095030', 'tt4154664', 'tt4154796', 'tt6320628', 'tt3480822', 'tt9032400', 'tt9376612', 'tt10872600', 'tt9419884', 'tt10648342', 'tt9114286', 'tt10676048'] |
[2022-05-26 02:10:40,011] [builder.py:1424]           [DEBUG]    |                                                                                                    |
[2022-05-26 02:10:40,012] [builder.py:1425]           [DEBUG]    | 31 IDs Found: [('tt0371746', 'imdb'), ('tt0800080', 'imdb'), ('tt1228705', 'imdb'), ('tt0800369', 'imdb'), ('tt0458339', 'imdb'), ('tt0848228', 'imdb'), ('tt1300854', 'imdb'), ('tt1981115', 'imdb'), ('tt1843866', 'imdb'), ('tt2015381', 'imdb'), ('tt2395427', 'imdb'), ('tt0478970', 'imdb'), ('tt3498820', 'imdb'), ('tt1211837', 'imdb'), ('tt3896198', 'imdb'), ('tt2250912', 'imdb'), ('tt3501632', 'imdb'), ('tt1825683', 'imdb'), ('tt4154756', 'imdb'), ('tt5095030', 'imdb'), ('tt4154664', 'imdb'), ('tt4154796', 'imdb'), ('tt6320628', 'imdb'), ('tt3480822', 'imdb'), ('tt9032400', 'imdb'), ('tt9376612', 'imdb'), ('tt10872600', 'imdb'), ('tt9419884', 'imdb'), ('tt10648342', 'imdb'), ('tt9114286', 'imdb'), ('tt10676048', 'imdb')] |
[2022-05-26 02:10:40,012] [builder.py:1426]           [DEBUG]    |                                                                                                    |
[2022-05-26 02:10:43,778] [builder.py:1892]           [INFO]     |                                                                                                    |
[2022-05-26 02:10:43,780] [builder.py:1893]           [INFO]     |========================== Adding to Marvel Cinematic Universe Collection ==========================|
[2022-05-26 02:10:43,781] [builder.py:1894]           [INFO]     |                                                                                                    |
[2022-05-26 02:10:43,781] [builder.py:1908]           [INFO]     |  1/27 | Marvel Cinematic Universe Collection | = | Iron Man (2008)                                 |
[2022-05-26 02:10:43,781] [builder.py:1908]           [INFO]     |  2/27 | Marvel Cinematic Universe Collection | = | The Incredible Hulk (2008)                      |
[2022-05-26 02:10:43,782] [builder.py:1908]           [INFO]     |  3/27 | Marvel Cinematic Universe Collection | = | Iron Man 2 (2010)                               |
[2022-05-26 02:10:43,782] [builder.py:1908]           [INFO]     |  4/27 | Marvel Cinematic Universe Collection | = | Thor (2011)                                     |
[2022-05-26 02:10:43,782] [builder.py:1908]           [INFO]     |  5/27 | Marvel Cinematic Universe Collection | = | Captain America: The First Avenger (2011)       |
[2022-05-26 02:10:43,782] [builder.py:1908]           [INFO]     |  6/27 | Marvel Cinematic Universe Collection | = | The Avengers (2012)                             |
[2022-05-26 02:10:43,783] [builder.py:1908]           [INFO]     |  7/27 | Marvel Cinematic Universe Collection | = | Iron Man 3 (2013)                               |
[2022-05-26 02:10:43,783] [builder.py:1908]           [INFO]     |  8/27 | Marvel Cinematic Universe Collection | = | Thor: The Dark World (2013)                     |
[2022-05-26 02:10:43,784] [builder.py:1908]           [INFO]     |  9/27 | Marvel Cinematic Universe Collection | = | Captain America: The Winter Soldier (2014)      |
[2022-05-26 02:10:43,784] [builder.py:1908]           [INFO]     | 10/27 | Marvel Cinematic Universe Collection | = | Guardians of the Galaxy (2014)                  |
[2022-05-26 02:10:43,785] [builder.py:1908]           [INFO]     | 11/27 | Marvel Cinematic Universe Collection | = | Avengers: Age of Ultron (2015)                  |
[2022-05-26 02:10:43,785] [builder.py:1908]           [INFO]     | 12/27 | Marvel Cinematic Universe Collection | = | Ant-Man (2015)                                  |
[2022-05-26 02:10:43,785] [builder.py:1908]           [INFO]     | 13/27 | Marvel Cinematic Universe Collection | = | Captain America: Civil War (2016)               |
[2022-05-26 02:10:43,786] [builder.py:1908]           [INFO]     | 14/27 | Marvel Cinematic Universe Collection | = | Doctor Strange (2016)                           |
[2022-05-26 02:10:43,786] [builder.py:1908]           [INFO]     | 15/27 | Marvel Cinematic Universe Collection | = | Guardians of the Galaxy Vol. 2 (2017)           |
[2022-05-26 02:10:43,787] [builder.py:1908]           [INFO]     | 16/27 | Marvel Cinematic Universe Collection | = | Spider-Man: Homecoming (2017)                   |
[2022-05-26 02:10:43,787] [builder.py:1908]           [INFO]     | 17/27 | Marvel Cinematic Universe Collection | = | Thor: Ragnarok (2017)                           |
[2022-05-26 02:10:43,788] [builder.py:1908]           [INFO]     | 18/27 | Marvel Cinematic Universe Collection | = | Black Panther (2018)                            |
[2022-05-26 02:10:43,788] [builder.py:1908]           [INFO]     | 19/27 | Marvel Cinematic Universe Collection | = | Avengers: Infinity War (2018)                   |
[2022-05-26 02:10:43,788] [builder.py:1908]           [INFO]     | 20/27 | Marvel Cinematic Universe Collection | = | Ant-Man and the Wasp (2018)                     |
[2022-05-26 02:10:43,789] [builder.py:1908]           [INFO]     | 21/27 | Marvel Cinematic Universe Collection | = | Captain Marvel (2019)                           |
[2022-05-26 02:10:43,789] [builder.py:1908]           [INFO]     | 22/27 | Marvel Cinematic Universe Collection | = | Avengers: Endgame (2019)                        |
[2022-05-26 02:10:43,790] [builder.py:1908]           [INFO]     | 23/27 | Marvel Cinematic Universe Collection | = | Spider-Man: Far from Home (2019)                |
[2022-05-26 02:10:43,790] [builder.py:1908]           [INFO]     | 24/27 | Marvel Cinematic Universe Collection | = | Black Widow (2021)                              |
[2022-05-26 02:10:43,790] [builder.py:1908]           [INFO]     | 25/27 | Marvel Cinematic Universe Collection | = | Eternals (2021)                                 |
[2022-05-26 02:10:43,791] [builder.py:1908]           [INFO]     | 26/27 | Marvel Cinematic Universe Collection | = | Shang-Chi and the Legend of the Ten Rings (2021) |
[2022-05-26 02:10:43,791] [builder.py:1908]           [INFO]     | 27/27 | Marvel Cinematic Universe Collection | = | Spider-Man: No Way Home (2021)                  |
[2022-05-26 02:10:43,792] [builder.py:1933]           [INFO]     |                                                                                                    |
[2022-05-26 02:10:43,792] [builder.py:1934]           [INFO]     | 27 Movies Processed                                                                                |
[2022-05-26 02:10:43,792] [builder.py:2171]           [INFO]     |                                                                                                    |
[2022-05-26 02:10:43,792] [builder.py:2172]           [INFO]     |=============================== Missing Movies from Library: Movies ================================|
[2022-05-26 02:10:43,793] [builder.py:2173]           [INFO]     |                                                                                                    |
[2022-05-26 02:10:43,809] [builder.py:2185]           [INFO]     | Marvel Cinematic Universe Collection | ? | Doctor Strange in the Multiverse of Madness (2022) (TMDb: 453395) |
[2022-05-26 02:10:43,827] [builder.py:2185]           [INFO]     | Marvel Cinematic Universe Collection | ? | Thor: Love and Thunder (2022) (TMDb: 616037)            |
[2022-05-26 02:10:43,844] [builder.py:2185]           [INFO]     | Marvel Cinematic Universe Collection | ? | Black Panther: Wakanda Forever (2022) (TMDb: 505642)    |
[2022-05-26 02:10:43,861] [builder.py:2185]           [INFO]     | Marvel Cinematic Universe Collection | ? | The Marvels (2023) (TMDb: 609681)                       |
[2022-05-26 02:10:43,861] [builder.py:2189]           [INFO]     |                                                                                                    |
[2022-05-26 02:10:43,862] [builder.py:2190]           [INFO]     | 4 Movies Missing                                                                                   |
[2022-05-26 02:10:43,910] [builder.py:2410]           [INFO]     |                                                                                                    |
[2022-05-26 02:10:43,911] [builder.py:2411]           [INFO]     |===================== Updating Details of Marvel Cinematic Universe Collection =====================|
[2022-05-26 02:10:43,911] [builder.py:2412]           [INFO]     |                                                                                                    |
[2022-05-26 02:10:43,912] [builder.py:2418]           [INFO]     | Detail: summary will update Collection Summary                                                     |
[2022-05-26 02:10:43,912] [builder.py:2473]           [INFO]     | Collection Metadata Edits                                                                          |
                                                                 | 
[2022-05-26 02:10:46,076] [builder.py:2477]           [INFO]     | Details: have been updated
[2022-05-26 02:10:46,077] [builder.py:2480]           [INFO]     | 
[2022-05-26 02:10:46,122] [builder.py:2532]           [DEBUG]    | 1 posters found:
[2022-05-26 02:10:46,122] [builder.py:2534]           [DEBUG]    | Method: url_poster Poster: https://theposterdb.com/api/assets/162885
[2022-05-26 02:10:46,123] [builder.py:2601]           [INFO]     | No background collection detail or asset folder found
[2022-05-26 02:10:47,995] [library.py:141]            [INFO]     | Detail: url_poster updated poster to [URL] https://theposterdb.com/api/assets/162885
[2022-05-26 02:10:58,418] [plex_meta_manager.py:576]  [INFO]     | 
[2022-05-26 02:10:58,419] [plex_meta_manager.py:577]  [INFO]     |====================================================================================================|
[2022-05-26 02:10:58,419] [plex_meta_manager.py:577]  [INFO]     |                           Finished Marvel Cinematic Universe Collection                            |
[2022-05-26 02:10:58,419] [plex_meta_manager.py:577]  [INFO]     |                                    Collection Run Time: 0:00:40                                    |
[2022-05-26 02:10:58,419] [plex_meta_manager.py:577]  [INFO]     |====================================================================================================|
