[2022-05-26 02:08:13,568] [plex_meta_manager.py:437]  [INFO]     |====================================================================================================|
[2022-05-26 02:08:13,568] [plex_meta_manager.py:437]  [INFO]     |                                 Bong Joon-Ho Collection in Movies                                  |
[2022-05-26 02:08:13,569] [plex_meta_manager.py:437]  [INFO]     |====================================================================================================|
[2022-05-26 02:08:13,569] [plex_meta_manager.py:438]  [INFO]     |                                                                                                    |
[2022-05-26 02:08:13,569] [plex_meta_manager.py:443]  [INFO]     |================================ Validating Bong Joon-Ho Attributes ================================|
[2022-05-26 02:08:13,569] [builder.py:241]            [DEBUG]    |                                                                                                    |
[2022-05-26 02:08:13,570] [builder.py:242]            [DEBUG]    | Validating Method: template                                                                        |
[2022-05-26 02:08:13,570] [meta.py:109]               [DEBUG]    | Value: ordereddict([('name', 'Director'), ('person', 21684)])                                      |
[2022-05-26 02:08:13,570] [builder.py:459]            [DEBUG]    |                                                                                                    |
[2022-05-26 02:08:13,570] [builder.py:460]            [DEBUG]    | Validating Method: tmdb_person                                                                     |
[2022-05-26 02:08:13,571] [builder.py:464]            [DEBUG]    | Value: 21684                                                                                       |
[2022-05-26 02:08:13,586] [builder.py:1588]           [INFO]     |                                                                                                    |
[2022-05-26 02:08:13,586] [builder.py:1589]           [INFO]     | Validating Method: smart_filter                                                                    |
[2022-05-26 02:08:13,586] [builder.py:1595]           [DEBUG]    | Value: {'all': {'director': 'tmdb'}, 'sort_by': 'year.asc'}                                        |
[2022-05-26 02:08:25,266] [builder.py:588]            [DEBUG]    |                                                                                                    |
[2022-05-26 02:08:25,267] [builder.py:592]            [DEBUG]    | Validating Method: sort_title                                                                      |
[2022-05-26 02:08:25,267] [builder.py:593]            [DEBUG]    | Value: +3_1_Bong Joon-Ho                                                                           |
[2022-05-26 02:08:25,368] [builder.py:749]            [INFO]     |                                                                                                    |
[2022-05-26 02:08:25,369] [builder.py:750]            [INFO]     | Validation Successful                                                                              |
[2022-05-26 02:08:25,369] [plex_meta_manager.py:447]  [INFO]     |                                                                                                    |
[2022-05-26 02:08:25,369] [plex_meta_manager.py:449]  [INFO]     |================================= Running Bong Joon-Ho Collection ==================================|
[2022-05-26 02:08:25,369] [plex_meta_manager.py:455]  [INFO]     |                                                                                                    |
[2022-05-26 02:08:25,370] [plex_meta_manager.py:456]  [INFO]     | Smart Movie Filter                                                                                 |
                                                                 | Sort By: year.asc
                                                                 | Filter:
                                                                 |   Match all of the following:
                                                                 |     Director is Bong Joon-ho
[2022-05-26 02:08:25,370] [plex.py:812]               [DEBUG]    | /library/sections/1/all?type=1&sort=year&director=131127
[2022-05-26 02:08:25,467] [builder.py:2410]           [INFO]     | 
[2022-05-26 02:08:25,468] [builder.py:2411]           [INFO]     |=========================== Updating Details of Bong Joon-Ho Collection ============================|
[2022-05-26 02:08:25,468] [builder.py:2412]           [INFO]     |                                                                                                    |
[2022-05-26 02:08:25,468] [builder.py:2418]           [INFO]     | Detail: tmdb_person will update Collection Summary                                                 |
[2022-05-26 02:08:25,469] [builder.py:2473]           [INFO]     | Collection Metadata Edits                                                                          |
                                                                 | 
[2022-05-26 02:08:28,582] [builder.py:2477]           [INFO]     | Details: have been updated
[2022-05-26 02:08:28,582] [builder.py:2480]           [INFO]     | 
[2022-05-26 02:08:28,582] [builder.py:2532]           [DEBUG]    | 1 posters found:
[2022-05-26 02:08:28,582] [builder.py:2534]           [DEBUG]    | Method: tmdb_person Poster: https://image.tmdb.org/t/p/original/tKLJBqbdH6HFj2QxLA5o8Zk7IVs.jpg
[2022-05-26 02:08:28,582] [builder.py:2601]           [INFO]     | No background collection detail or asset folder found
[2022-05-26 02:08:28,766] [library.py:141]            [INFO]     | Detail: tmdb_person updated poster to [URL] https://image.tmdb.org/t/p/original/tKLJBqbdH6HFj2QxLA5o8Zk7IVs.jpg
[2022-05-26 02:08:28,833] [plex_meta_manager.py:576]  [INFO]     | 
[2022-05-26 02:08:28,834] [plex_meta_manager.py:577]  [INFO]     |====================================================================================================|
[2022-05-26 02:08:28,834] [plex_meta_manager.py:577]  [INFO]     |                                  Finished Bong Joon-Ho Collection                                  |
[2022-05-26 02:08:28,834] [plex_meta_manager.py:577]  [INFO]     |                                    Collection Run Time: 0:00:15                                    |
[2022-05-26 02:08:28,834] [plex_meta_manager.py:577]  [INFO]     |====================================================================================================|
