[2022-05-26 02:12:45,811] [plex_meta_manager.py:437]  [INFO]     |====================================================================================================|
[2022-05-26 02:12:45,811] [plex_meta_manager.py:437]  [INFO]     |                              Back to the Future Collection in Movies                               |
[2022-05-26 02:12:45,811] [plex_meta_manager.py:437]  [INFO]     |====================================================================================================|
[2022-05-26 02:12:45,812] [plex_meta_manager.py:438]  [INFO]     |                                                                                                    |
[2022-05-26 02:12:45,812] [plex_meta_manager.py:443]  [INFO]     |============================= Validating Back to the Future Attributes =============================|
[2022-05-26 02:12:45,812] [builder.py:241]            [DEBUG]    |                                                                                                    |
[2022-05-26 02:12:45,812] [builder.py:242]            [DEBUG]    | Validating Method: template                                                                        |
[2022-05-26 02:12:45,813] [meta.py:109]               [DEBUG]    | Value: ordereddict([('name', 'Franchise'), ('poster', 'https://theposterdb.com/api/assets/63511')]) |
[2022-05-26 02:12:45,813] [builder.py:359]            [DEBUG]    |                                                                                                    |
[2022-05-26 02:12:45,813] [builder.py:360]            [DEBUG]    | Validating Method: delete_not_scheduled                                                            |
[2022-05-26 02:12:45,814] [builder.py:361]            [DEBUG]    | Value: True                                                                                        |
[2022-05-26 02:12:45,814] [builder.py:402]            [DEBUG]    |                                                                                                    |
[2022-05-26 02:12:45,814] [builder.py:403]            [DEBUG]    | Validating Method: run_again                                                                       |
[2022-05-26 02:12:45,814] [builder.py:404]            [DEBUG]    | Value: True                                                                                        |
[2022-05-26 02:12:45,814] [builder.py:423]            [DEBUG]    |                                                                                                    |
[2022-05-26 02:12:45,815] [builder.py:424]            [DEBUG]    | Validating Method: sync_mode                                                                       |
[2022-05-26 02:12:45,815] [builder.py:428]            [DEBUG]    | Value: sync                                                                                        |
[2022-05-26 02:12:45,815] [builder.py:570]            [DEBUG]    |                                                                                                    |
[2022-05-26 02:12:45,815] [builder.py:571]            [DEBUG]    | Validating Method: collection_order                                                                |
[2022-05-26 02:12:45,815] [builder.py:572]            [DEBUG]    | Value: release                                                                                     |
[2022-05-26 02:12:45,816] [builder.py:588]            [DEBUG]    |                                                                                                    |
[2022-05-26 02:12:45,816] [builder.py:592]            [DEBUG]    | Validating Method: sort_title                                                                      |
[2022-05-26 02:12:45,816] [builder.py:593]            [DEBUG]    | Value: +++++Back                                                                                   |
[2022-05-26 02:12:45,816] [builder.py:588]            [DEBUG]    |                                                                                                    |
[2022-05-26 02:12:45,816] [builder.py:592]            [DEBUG]    | Validating Method: imdb_list                                                                       |
[2022-05-26 02:12:45,817] [builder.py:593]            [DEBUG]    | Value: ['https://www.imdb.com/list/ls093597379/?sort=release_date,asc&st_dt=&mode=detail&page=1']  |
[2022-05-26 02:12:46,886] [builder.py:588]            [DEBUG]    |                                                                                                    |
[2022-05-26 02:12:46,886] [builder.py:592]            [DEBUG]    | Validating Method: summary                                                                         |
[2022-05-26 02:12:46,887] [builder.py:593]            [DEBUG]    | Value: Back to the Future is an American science fiction comedy franchise created by Robert Zemeckis and Bob Gale. The franchise follows the adventures of a high school student, Marty McFly, and an eccentric scientist, Dr. Emmett "Doc" Brown, as they use a DeLorean time machine to time travel to different periods in the history of the fictional town of Hill Valley, California. |
[2022-05-26 02:12:46,887] [builder.py:588]            [DEBUG]    |                                                                                                    |
[2022-05-26 02:12:46,887] [builder.py:592]            [DEBUG]    | Validating Method: url_poster                                                                      |
[2022-05-26 02:12:46,887] [builder.py:593]            [DEBUG]    | Value: https://theposterdb.com/api/assets/63511                                                    |
[2022-05-26 02:12:46,887] [builder.py:588]            [DEBUG]    |                                                                                                    |
[2022-05-26 02:12:46,888] [builder.py:592]            [DEBUG]    | Validating Method: visible_home                                                                    |
[2022-05-26 02:12:46,888] [builder.py:593]            [DEBUG]    | Value: True                                                                                        |
[2022-05-26 02:12:46,888] [builder.py:588]            [DEBUG]    |                                                                                                    |
[2022-05-26 02:12:46,888] [builder.py:592]            [DEBUG]    | Validating Method: visible_shared                                                                  |
[2022-05-26 02:12:46,888] [builder.py:593]            [DEBUG]    | Value: True                                                                                        |
[2022-05-26 02:12:49,180] [builder.py:749]            [INFO]     |                                                                                                    |
[2022-05-26 02:12:49,181] [builder.py:750]            [INFO]     | Validation Successful                                                                              |
[2022-05-26 02:12:49,181] [plex_meta_manager.py:447]  [INFO]     |                                                                                                    |
[2022-05-26 02:12:49,181] [plex_meta_manager.py:449]  [INFO]     |============================== Running Back to the Future Collection ===============================|
[2022-05-26 02:12:49,181] [plex_meta_manager.py:461]  [INFO]     |                                                                                                    |
[2022-05-26 02:12:49,182] [plex_meta_manager.py:462]  [INFO]     | Sync Mode: sync                                                                                    |
[2022-05-26 02:12:49,182] [plex_meta_manager.py:472]  [DEBUG]    |                                                                                                    |
[2022-05-26 02:12:49,182] [plex_meta_manager.py:473]  [DEBUG]    | Builder: imdb_list: {'url': 'https://www.imdb.com/list/ls093597379/?sort=release_date,asc&st_dt=&mode=detail&page=1', 'limit': 0} |
[2022-05-26 02:12:49,182] [plex_meta_manager.py:474]  [INFO]     |                                                                                                    |
[2022-05-26 02:12:49,182] [imdb.py:176]               [INFO]     | Processing IMDb List: https://www.imdb.com/list/ls093597379/?sort=release_date,asc&st_dt=&mode=detail&page=1 |
[2022-05-26 02:12:52,732] [imdb.py:127]               [DEBUG]    | 3 IMDb IDs Found: ['tt0088763', 'tt0096874', 'tt0099088']                                          |
[2022-05-26 02:12:52,732] [builder.py:1424]           [DEBUG]    |                                                                                                    |
[2022-05-26 02:12:52,733] [builder.py:1425]           [DEBUG]    | 3 IDs Found: [('tt0088763', 'imdb'), ('tt0096874', 'imdb'), ('tt0099088', 'imdb')]                 |
[2022-05-26 02:12:52,733] [builder.py:1426]           [DEBUG]    |                                                                                                    |
[2022-05-26 02:12:52,995] [builder.py:1892]           [INFO]     |                                                                                                    |
[2022-05-26 02:12:52,995] [builder.py:1893]           [INFO]     |============================= Adding to Back to the Future Collection ==============================|
[2022-05-26 02:12:52,996] [builder.py:1894]           [INFO]     |                                                                                                    |
[2022-05-26 02:12:52,996] [builder.py:1908]           [INFO]     | 1/3 | Back to the Future Collection | = | Back to the Future (1985)                                |
[2022-05-26 02:12:52,996] [builder.py:1908]           [INFO]     | 2/3 | Back to the Future Collection | = | Back to the Future Part II (1989)                        |
[2022-05-26 02:12:52,996] [builder.py:1908]           [INFO]     | 3/3 | Back to the Future Collection | = | Back to the Future Part III (1990)                       |
[2022-05-26 02:12:52,997] [builder.py:1933]           [INFO]     |                                                                                                    |
[2022-05-26 02:12:52,997] [builder.py:1934]           [INFO]     | 3 Movies Processed                                                                                 |
[2022-05-26 02:12:53,285] [builder.py:2410]           [INFO]     |                                                                                                    |
[2022-05-26 02:12:53,286] [builder.py:2411]           [INFO]     |======================== Updating Details of Back to the Future Collection =========================|
[2022-05-26 02:12:53,286] [builder.py:2412]           [INFO]     |                                                                                                    |
[2022-05-26 02:12:53,286] [builder.py:2418]           [INFO]     | Detail: summary will update Collection Summary                                                     |
[2022-05-26 02:12:53,287] [builder.py:2473]           [INFO]     | Collection Metadata Edits                                                                          |
                                                                 | 
[2022-05-26 02:12:53,880] [builder.py:2477]           [INFO]     | Details: have been updated
[2022-05-26 02:12:53,880] [builder.py:2480]           [INFO]     | 
[2022-05-26 02:12:53,916] [builder.py:2532]           [DEBUG]    | 1 posters found:
[2022-05-26 02:12:53,917] [builder.py:2534]           [DEBUG]    | Method: url_poster Poster: https://theposterdb.com/api/assets/63511
[2022-05-26 02:12:53,917] [builder.py:2601]           [INFO]     | No background collection detail or asset folder found
[2022-05-26 02:12:54,656] [library.py:141]            [INFO]     | Detail: url_poster updated poster to [URL] https://theposterdb.com/api/assets/63511
[2022-05-26 02:12:57,056] [plex_meta_manager.py:576]  [INFO]     | 
[2022-05-26 02:12:57,056] [plex_meta_manager.py:577]  [INFO]     |====================================================================================================|
[2022-05-26 02:12:57,056] [plex_meta_manager.py:577]  [INFO]     |                               Finished Back to the Future Collection                               |
[2022-05-26 02:12:57,057] [plex_meta_manager.py:577]  [INFO]     |                                    Collection Run Time: 0:00:11                                    |
[2022-05-26 02:12:57,057] [plex_meta_manager.py:577]  [INFO]     |====================================================================================================|
